reconf_parameter: yarn.resourcemanager.application-timeouts.monitor.interval-ms
component: ResourceManager
v1: 3000
v2: 300
testProject: yarn
unitTest: org.apache.hadoop.yarn.server.resourcemanager.applicationsmanager.TestAMRestart#testPreemptedAMRestartOnRMRestart[FAIR]
reconfPoint: 1
result: -1

Test vvMode=v1v2
Error: name org.apache.hadoop.yarn.server.resourcemanager.webapp.TestRMWebServicesCapacitySched#testPerUserResourcesXML cannot be found in the list
Error: cannot find testResult by test name org.apache.hadoop.yarn.server.resourcemanager.webapp.TestRMWebServicesCapacitySched#testPerUserResourcesXML
tr.result is 1

Test vvMode=v1v2
tr.result is 1

Test vvMode=v1v2
tr.result is 1

Test vvMode=v1v2
tr.result is 1

Test vvMode=v1v2
tr.result is 1

Test vvMode=v1v2
tr.result is 1

Test vvMode=v1v2
tr.result is 1

Test vvMode=v1v2
tr.result is 1

Test vvMode=v1v2
tr.result is 1

Test vvMode=v1v2
tr.result is 1

Test vvMode=v1v2
tr.result is 1

Test vvMode=v1v2
tr.result is -1
v1v2 test failed !!!
reconf_parameter: yarn.resourcemanager.application-timeouts.monitor.interval-ms
component: ResourceManager
v1: 3000
v2: 300
testProject: yarn
unitTest: org.apache.hadoop.yarn.server.resourcemanager.applicationsmanager.TestAMRestart#testPreemptedAMRestartOnRMRestart[FAIR]
reconfPoint: 1
result: -1
failureMessage: test timed out after 60000 milliseconds
stackTrace: java.lang.Exception: test timed out after 60000 milliseconds
	at java.lang.Thread.sleep(Native Method)
	at org.apache.hadoop.yarn.server.resourcemanager.MockRM.waitForState(MockRM.java:356)
	at org.apache.hadoop.yarn.server.resourcemanager.MockRM.waitForState(MockRM.java:320)
	at org.apache.hadoop.yarn.server.resourcemanager.MockRM.waitForState(MockRM.java:301)
	at org.apache.hadoop.yarn.server.resourcemanager.MockRM.sendAMLaunched(MockRM.java:1057)
	at org.apache.hadoop.yarn.server.resourcemanager.MockRM.launchAM(MockRM.java:1284)
	at org.apache.hadoop.yarn.server.resourcemanager.MockRM.launchAndRegisterAM(MockRM.java:1318)
	at org.apache.hadoop.yarn.server.resourcemanager.MockRM.waitForNewAMToLaunchAndRegister(MockRM.java:398)
	at org.apache.hadoop.yarn.server.resourcemanager.applicationsmanager.TestAMRestart.testPreemptedAMRestartOnRMRestart(TestAMRestart.java:622)
	at sun.reflect.NativeMethodAccessorImpl.invoke0(Native Method)
	at sun.reflect.NativeMethodAccessorImpl.invoke(NativeMethodAccessorImpl.java:62)
	at sun.reflect.DelegatingMethodAccessorImpl.invoke(DelegatingMethodAccessorImpl.java:43)
	at java.lang.reflect.Method.invoke(Method.java:498)
	at org.junit.runners.model.FrameworkMethod$1.runReflectiveCall(FrameworkMethod.java:47)
	at org.junit.internal.runners.model.ReflectiveCallable.run(ReflectiveCallable.java:12)
	at org.junit.runners.model.FrameworkMethod.invokeExplosively(FrameworkMethod.java:44)
	at org.junit.internal.runners.statements.InvokeMethod.evaluate(InvokeMethod.java:17)
	at org.junit.internal.runners.statements.FailOnTimeout$StatementThread.run(FailOnTimeout.java:74)



Test vvMode=v1v2
tr.result is -1
v1v2 test failed !!!
reconf_parameter: yarn.resourcemanager.application-timeouts.monitor.interval-ms
component: ResourceManager
v1: 3000
v2: 300
testProject: yarn
unitTest: org.apache.hadoop.yarn.server.resourcemanager.applicationsmanager.TestAMRestart#testPreemptedAMRestartOnRMRestart[FAIR]
reconfPoint: 1
result: -1
failureMessage: test timed out after 60000 milliseconds
stackTrace: java.lang.Exception: test timed out after 60000 milliseconds
	at java.lang.Thread.sleep(Native Method)
	at org.apache.hadoop.yarn.server.resourcemanager.MockRM.waitForState(MockRM.java:356)
	at org.apache.hadoop.yarn.server.resourcemanager.MockRM.waitForState(MockRM.java:320)
	at org.apache.hadoop.yarn.server.resourcemanager.MockRM.waitForState(MockRM.java:301)
	at org.apache.hadoop.yarn.server.resourcemanager.MockRM.sendAMLaunched(MockRM.java:1057)
	at org.apache.hadoop.yarn.server.resourcemanager.MockRM.launchAM(MockRM.java:1284)
	at org.apache.hadoop.yarn.server.resourcemanager.MockRM.launchAndRegisterAM(MockRM.java:1318)
	at org.apache.hadoop.yarn.server.resourcemanager.MockRM.waitForNewAMToLaunchAndRegister(MockRM.java:398)
	at org.apache.hadoop.yarn.server.resourcemanager.applicationsmanager.TestAMRestart.testPreemptedAMRestartOnRMRestart(TestAMRestart.java:622)
	at sun.reflect.NativeMethodAccessorImpl.invoke0(Native Method)
	at sun.reflect.NativeMethodAccessorImpl.invoke(NativeMethodAccessorImpl.java:62)
	at sun.reflect.DelegatingMethodAccessorImpl.invoke(DelegatingMethodAccessorImpl.java:43)
	at java.lang.reflect.Method.invoke(Method.java:498)
	at org.junit.runners.model.FrameworkMethod$1.runReflectiveCall(FrameworkMethod.java:47)
	at org.junit.internal.runners.model.ReflectiveCallable.run(ReflectiveCallable.java:12)
	at org.junit.runners.model.FrameworkMethod.invokeExplosively(FrameworkMethod.java:44)
	at org.junit.internal.runners.statements.InvokeMethod.evaluate(InvokeMethod.java:17)
	at org.junit.internal.runners.statements.FailOnTimeout$StatementThread.run(FailOnTimeout.java:74)



Test vvMode=v1v2
tr.result is 1

Test vvMode=v1v2
tr.result is 1

Test vvMode=v1v2
tr.result is 1

Test vvMode=v1v2
tr.result is 1

Test vvMode=v1v2
tr.result is -1
v1v2 test failed !!!
reconf_parameter: yarn.resourcemanager.application-timeouts.monitor.interval-ms
component: ResourceManager
v1: 3000
v2: 300
testProject: yarn
unitTest: org.apache.hadoop.yarn.server.resourcemanager.applicationsmanager.TestAMRestart#testPreemptedAMRestartOnRMRestart[FAIR]
reconfPoint: 1
result: -1
failureMessage: test timed out after 60000 milliseconds
stackTrace: java.lang.Exception: test timed out after 60000 milliseconds
	at java.lang.Thread.sleep(Native Method)
	at org.apache.hadoop.yarn.server.resourcemanager.MockRM.waitForState(MockRM.java:356)
	at org.apache.hadoop.yarn.server.resourcemanager.MockRM.waitForState(MockRM.java:320)
	at org.apache.hadoop.yarn.server.resourcemanager.MockRM.waitForState(MockRM.java:301)
	at org.apache.hadoop.yarn.server.resourcemanager.MockRM.sendAMLaunched(MockRM.java:1057)
	at org.apache.hadoop.yarn.server.resourcemanager.MockRM.launchAM(MockRM.java:1284)
	at org.apache.hadoop.yarn.server.resourcemanager.MockRM.launchAndRegisterAM(MockRM.java:1318)
	at org.apache.hadoop.yarn.server.resourcemanager.MockRM.waitForNewAMToLaunchAndRegister(MockRM.java:398)
	at org.apache.hadoop.yarn.server.resourcemanager.applicationsmanager.TestAMRestart.testPreemptedAMRestartOnRMRestart(TestAMRestart.java:622)
	at sun.reflect.NativeMethodAccessorImpl.invoke0(Native Method)
	at sun.reflect.NativeMethodAccessorImpl.invoke(NativeMethodAccessorImpl.java:62)
	at sun.reflect.DelegatingMethodAccessorImpl.invoke(DelegatingMethodAccessorImpl.java:43)
	at java.lang.reflect.Method.invoke(Method.java:498)
	at org.junit.runners.model.FrameworkMethod$1.runReflectiveCall(FrameworkMethod.java:47)
	at org.junit.internal.runners.model.ReflectiveCallable.run(ReflectiveCallable.java:12)
	at org.junit.runners.model.FrameworkMethod.invokeExplosively(FrameworkMethod.java:44)
	at org.junit.internal.runners.statements.InvokeMethod.evaluate(InvokeMethod.java:17)
	at org.junit.internal.runners.statements.FailOnTimeout$StatementThread.run(FailOnTimeout.java:74)



Test vvMode=v1v2
tr.result is 1

Test vvMode=v1v2
tr.result is 1

Test vvMode=v1v2
tr.result is 1

Test vvMode=v1v2
tr.result is 1

Test vvMode=v1v2
tr.result is 1

Test vvMode=v1v2
tr.result is 1

Test vvMode=v1v2
tr.result is 1

Test vvMode=v1v2
tr.result is 1

Test vvMode=v1v2
tr.result is 1

Test vvMode=v1v2
tr.result is 1

Test vvMode=v1v2
tr.result is 1

Test vvMode=v1v2
tr.result is 1

Test vvMode=v1v2
tr.result is 1

Test vvMode=v1v2
tr.result is 1

Test vvMode=v1v2
tr.result is 1

Test vvMode=v1v2
tr.result is 1

Test vvMode=v1v2
tr.result is 1

Test vvMode=v1v2
tr.result is 1

Test vvMode=v1v2
tr.result is 1

Test vvMode=v1v2
tr.result is 1

Test vvMode=v1v2
tr.result is 1

Test vvMode=v1v2
tr.result is 1

Test vvMode=v1v2
tr.result is 1

Test vvMode=v1v2
tr.result is 1

Test vvMode=v1v2
tr.result is 1

Test vvMode=v1v2
tr.result is 1

Test vvMode=v1v2
tr.result is 1

Test vvMode=v1v2
tr.result is 1

Test vvMode=v1v2
tr.result is 1

Test vvMode=v1v2
tr.result is 1

Test vvMode=v1v2
tr.result is 1

Test vvMode=v1v2
tr.result is 1

Test vvMode=v1v1
tr.result is 1

Test vvMode=v2v2
tr.result is 1

Test vvMode=v1v1
tr.result is 1

Test vvMode=v2v2
tr.result is 1

Test vvMode=v1v1
tr.result is 1

Test vvMode=v2v2
tr.result is 1

Test vvMode=v1v1
tr.result is 1

Test vvMode=v2v2
tr.result is 1

Test vvMode=v1v1
tr.result is 1

Test vvMode=v2v2
tr.result is 1

Test vvMode=v1v1
tr.result is 1

Test vvMode=v2v2
tr.result is 1

Test vvMode=v1v1
tr.result is 1

Test vvMode=v2v2
tr.result is 1

Test vvMode=v1v1
tr.result is 1

Test vvMode=v2v2
tr.result is 1

Test vvMode=v1v1
tr.result is 1

Test vvMode=v2v2
tr.result is 1

Test vvMode=v1v1
tr.result is 1

Test vvMode=v2v2
tr.result is 1

Test vvMode=v1v1
tr.result is 1

Test vvMode=v2v2
tr.result is 1

Test vvMode=v1v1
tr.result is 1

Test vvMode=v2v2
tr.result is 1

Test vvMode=v1v1
tr.result is 1

Test vvMode=v2v2
tr.result is 1

Test vvMode=v1v1
tr.result is 1

Test vvMode=v2v2
tr.result is 1

Test vvMode=v1v1
tr.result is 1

Test vvMode=v2v2
tr.result is 1

Test vvMode=v1v1
tr.result is 1

Test vvMode=v2v2
tr.result is 1

Test vvMode=v1v1
tr.result is 1

Test vvMode=v2v2
tr.result is 1

Test vvMode=v1v1
tr.result is 1

Test vvMode=v2v2
tr.result is 1

Test vvMode=v1v1
tr.result is 1

Test vvMode=v2v2
tr.result is 1

Test vvMode=v1v1
tr.result is 1

Test vvMode=v2v2
tr.result is 1

Test vvMode=v1v1
tr.result is 1

Test vvMode=v2v2
tr.result is 1

Test vvMode=v1v1
tr.result is 1

Test vvMode=v2v2
tr.result is 1

Test vvMode=v1v1
tr.result is 1

Test vvMode=v2v2
tr.result is 1

Test vvMode=v1v1
tr.result is 1

Test vvMode=v2v2
tr.result is 1

Test vvMode=v1v1
tr.result is 1

Test vvMode=v2v2
tr.result is 1

Test vvMode=v1v1
tr.result is 1

Test vvMode=v2v2
tr.result is 1

Test vvMode=v1v1
tr.result is 1

Test vvMode=v2v2
tr.result is 1

Test vvMode=v1v1
tr.result is 1

Test vvMode=v2v2
tr.result is 1

Test vvMode=v1v1
tr.result is 1

Test vvMode=v2v2
tr.result is 1

Test vvMode=v1v1
tr.result is 1

Test vvMode=v2v2
tr.result is 1

Test vvMode=v1v1
tr.result is 1

Test vvMode=v2v2
tr.result is 1

Test vvMode=v1v1
tr.result is 1

Test vvMode=v2v2
tr.result is 1

Test vvMode=v1v1
tr.result is 1

Test vvMode=v2v2
tr.result is 1

Test vvMode=v1v1
tr.result is 1

Test vvMode=v2v2
tr.result is 1

Test vvMode=v1v1
tr.result is 1

Test vvMode=v2v2
tr.result is 1

Test vvMode=v1v1
tr.result is 1

Test vvMode=v2v2
tr.result is 1

Test vvMode=v1v1
tr.result is 1

Test vvMode=v2v2
tr.result is 1

Test vvMode=v1v1
tr.result is 1

Test vvMode=v2v2
tr.result is 1

Test vvMode=v1v1
tr.result is 1

Test vvMode=v2v2
tr.result is 1

Test vvMode=v1v1
tr.result is 1

Test vvMode=v2v2
tr.result is 1

Test vvMode=v1v1
tr.result is 1

Test vvMode=v2v2
tr.result is 1

Test vvMode=v1v1
tr.result is 1

Test vvMode=v2v2
tr.result is 1

Test vvMode=v1v1
tr.result is 1

Test vvMode=v2v2
tr.result is 1

Test vvMode=v1v1
tr.result is 1

Test vvMode=v2v2
tr.result is 1

Test vvMode=v1v1
tr.result is 1

Test vvMode=v2v2
tr.result is 1

Test vvMode=v1v1
tr.result is 1

Test vvMode=v2v2
tr.result is 1

Test vvMode=v1v1
tr.result is 1

Test vvMode=v2v2
tr.result is 1

Test vvMode=v1v1
tr.result is 1

Test vvMode=v2v2
tr.result is 1

Test vvMode=v1v1
tr.result is 1

Test vvMode=v2v2
tr.result is 1

Test vvMode=v1v1
tr.result is 1

Test vvMode=v2v2
tr.result is 1
v1v2 failed with probability 3 out of 50
v1v1v2v2 failed with probability 0 out of 50
result: might be true error
Total execution time in seconds : 9093
