reconf_parameter: dfs.blockreport.incremental.intervalMsec
component: DataNode
v1: 100
v2: 0
testProject: hdfs
unitTest: org.apache.hadoop.hdfs.server.mover.TestMover#testMoverWithPinnedBlocks
reconfPoint: -2
result: -1

Test vvMode=v1v2
tr.result is 1

Test vvMode=v1v2
tr.result is 1

Test vvMode=v1v2
tr.result is 1

Test vvMode=v1v2
tr.result is 1

Test vvMode=v1v2
tr.result is 1

Test vvMode=v1v2
tr.result is -1
v1v2 test failed !!!
reconf_parameter: dfs.blockreport.incremental.intervalMsec
component: DataNode
v1: 100
v2: 0
testProject: hdfs
unitTest: org.apache.hadoop.hdfs.server.mover.TestMover#testMoverWithPinnedBlocks
reconfPoint: -2
result: -1
failureMessage: 
Unfinished stubbing detected here:
-> at org.apache.hadoop.hdfs.server.datanode.InternalDataNodeTestUtils.mockDatanodeBlkPinning(InternalDataNodeTestUtils.java:85)

E.g. thenReturn() may be missing.
Examples of correct stubbing:
    when(mock.isOk()).thenReturn(true);
    when(mock.isOk()).thenThrow(exception);
    doThrow(exception).when(mock).someVoidMethod();
Hints:
 1. missing thenReturn()
 2. although stubbed methods may return mocks, you cannot inline mock creation (mock()) call inside a thenReturn method (see issue 53)

stackTrace: org.mockito.exceptions.misusing.UnfinishedStubbingException: 
Unfinished stubbing detected here:
-> at org.apache.hadoop.hdfs.server.datanode.InternalDataNodeTestUtils.mockDatanodeBlkPinning(InternalDataNodeTestUtils.java:85)

E.g. thenReturn() may be missing.
Examples of correct stubbing:
    when(mock.isOk()).thenReturn(true);
    when(mock.isOk()).thenThrow(exception);
    doThrow(exception).when(mock).someVoidMethod();
Hints:
 1. missing thenReturn()
 2. although stubbed methods may return mocks, you cannot inline mock creation (mock()) call inside a thenReturn method (see issue 53)

	at org.apache.hadoop.hdfs.server.datanode.InternalDataNodeTestUtils.mockDatanodeBlkPinning(InternalDataNodeTestUtils.java:91)
	at org.apache.hadoop.hdfs.server.mover.TestMover.testMoverWithPinnedBlocks(TestMover.java:1075)
	at sun.reflect.NativeMethodAccessorImpl.invoke0(Native Method)
	at sun.reflect.NativeMethodAccessorImpl.invoke(NativeMethodAccessorImpl.java:62)
	at sun.reflect.DelegatingMethodAccessorImpl.invoke(DelegatingMethodAccessorImpl.java:43)
	at java.lang.reflect.Method.invoke(Method.java:498)
	at org.junit.runners.model.FrameworkMethod$1.runReflectiveCall(FrameworkMethod.java:47)
	at org.junit.internal.runners.model.ReflectiveCallable.run(ReflectiveCallable.java:12)
	at org.junit.runners.model.FrameworkMethod.invokeExplosively(FrameworkMethod.java:44)
	at org.junit.internal.runners.statements.InvokeMethod.evaluate(InvokeMethod.java:17)
	at org.junit.internal.runners.statements.FailOnTimeout$StatementThread.run(FailOnTimeout.java:74)



Test vvMode=v1v2
tr.result is 1

Test vvMode=v1v2
tr.result is 1

Test vvMode=v1v2
tr.result is 1

Test vvMode=v1v2
tr.result is 1

Test vvMode=v1v2
tr.result is 1

Test vvMode=v1v2
tr.result is 1

Test vvMode=v1v2
tr.result is 1

Test vvMode=v1v2
tr.result is 1

Test vvMode=v1v2
tr.result is -1
v1v2 test failed !!!
reconf_parameter: dfs.blockreport.incremental.intervalMsec
component: DataNode
v1: 100
v2: 0
testProject: hdfs
unitTest: org.apache.hadoop.hdfs.server.mover.TestMover#testMoverWithPinnedBlocks
reconfPoint: -2
result: -1
failureMessage: Movement should fail expected:<-2> but was:<0>
stackTrace: java.lang.AssertionError: Movement should fail expected:<-2> but was:<0>
	at org.junit.Assert.fail(Assert.java:88)
	at org.junit.Assert.failNotEquals(Assert.java:743)
	at org.junit.Assert.assertEquals(Assert.java:118)
	at org.junit.Assert.assertEquals(Assert.java:555)
	at org.apache.hadoop.hdfs.server.mover.TestMover.testMoverWithPinnedBlocks(TestMover.java:1084)
	at sun.reflect.NativeMethodAccessorImpl.invoke0(Native Method)
	at sun.reflect.NativeMethodAccessorImpl.invoke(NativeMethodAccessorImpl.java:62)
	at sun.reflect.DelegatingMethodAccessorImpl.invoke(DelegatingMethodAccessorImpl.java:43)
	at java.lang.reflect.Method.invoke(Method.java:498)
	at org.junit.runners.model.FrameworkMethod$1.runReflectiveCall(FrameworkMethod.java:47)
	at org.junit.internal.runners.model.ReflectiveCallable.run(ReflectiveCallable.java:12)
	at org.junit.runners.model.FrameworkMethod.invokeExplosively(FrameworkMethod.java:44)
	at org.junit.internal.runners.statements.InvokeMethod.evaluate(InvokeMethod.java:17)
	at org.junit.internal.runners.statements.FailOnTimeout$StatementThread.run(FailOnTimeout.java:74)



Test vvMode=v1v2
tr.result is 1

Test vvMode=v1v2
tr.result is 1

Test vvMode=v1v2
tr.result is 1

Test vvMode=v1v2
tr.result is 1

Test vvMode=v1v2
tr.result is 1

Test vvMode=v1v2
tr.result is -1
v1v2 test failed !!!
reconf_parameter: dfs.blockreport.incremental.intervalMsec
component: DataNode
v1: 100
v2: 0
testProject: hdfs
unitTest: org.apache.hadoop.hdfs.server.mover.TestMover#testMoverWithPinnedBlocks
reconfPoint: -2
result: -1
failureMessage: 
Unfinished stubbing detected here:
-> at org.apache.hadoop.hdfs.server.datanode.InternalDataNodeTestUtils.mockDatanodeBlkPinning(InternalDataNodeTestUtils.java:85)

E.g. thenReturn() may be missing.
Examples of correct stubbing:
    when(mock.isOk()).thenReturn(true);
    when(mock.isOk()).thenThrow(exception);
    doThrow(exception).when(mock).someVoidMethod();
Hints:
 1. missing thenReturn()
 2. although stubbed methods may return mocks, you cannot inline mock creation (mock()) call inside a thenReturn method (see issue 53)

stackTrace: org.mockito.exceptions.misusing.UnfinishedStubbingException: 
Unfinished stubbing detected here:
-> at org.apache.hadoop.hdfs.server.datanode.InternalDataNodeTestUtils.mockDatanodeBlkPinning(InternalDataNodeTestUtils.java:85)

E.g. thenReturn() may be missing.
Examples of correct stubbing:
    when(mock.isOk()).thenReturn(true);
    when(mock.isOk()).thenThrow(exception);
    doThrow(exception).when(mock).someVoidMethod();
Hints:
 1. missing thenReturn()
 2. although stubbed methods may return mocks, you cannot inline mock creation (mock()) call inside a thenReturn method (see issue 53)

	at org.apache.hadoop.hdfs.server.datanode.InternalDataNodeTestUtils.mockDatanodeBlkPinning(InternalDataNodeTestUtils.java:91)
	at org.apache.hadoop.hdfs.server.mover.TestMover.testMoverWithPinnedBlocks(TestMover.java:1075)
	at sun.reflect.NativeMethodAccessorImpl.invoke0(Native Method)
	at sun.reflect.NativeMethodAccessorImpl.invoke(NativeMethodAccessorImpl.java:62)
	at sun.reflect.DelegatingMethodAccessorImpl.invoke(DelegatingMethodAccessorImpl.java:43)
	at java.lang.reflect.Method.invoke(Method.java:498)
	at org.junit.runners.model.FrameworkMethod$1.runReflectiveCall(FrameworkMethod.java:47)
	at org.junit.internal.runners.model.ReflectiveCallable.run(ReflectiveCallable.java:12)
	at org.junit.runners.model.FrameworkMethod.invokeExplosively(FrameworkMethod.java:44)
	at org.junit.internal.runners.statements.InvokeMethod.evaluate(InvokeMethod.java:17)
	at org.junit.internal.runners.statements.FailOnTimeout$StatementThread.run(FailOnTimeout.java:74)



Test vvMode=v1v2
tr.result is 1

Test vvMode=v1v2
tr.result is -1
v1v2 test failed !!!
reconf_parameter: dfs.blockreport.incremental.intervalMsec
component: DataNode
v1: 100
v2: 0
testProject: hdfs
unitTest: org.apache.hadoop.hdfs.server.mover.TestMover#testMoverWithPinnedBlocks
reconfPoint: -2
result: -1
failureMessage: 
Unfinished stubbing detected here:
-> at org.apache.hadoop.hdfs.server.datanode.InternalDataNodeTestUtils.mockDatanodeBlkPinning(InternalDataNodeTestUtils.java:85)

E.g. thenReturn() may be missing.
Examples of correct stubbing:
    when(mock.isOk()).thenReturn(true);
    when(mock.isOk()).thenThrow(exception);
    doThrow(exception).when(mock).someVoidMethod();
Hints:
 1. missing thenReturn()
 2. although stubbed methods may return mocks, you cannot inline mock creation (mock()) call inside a thenReturn method (see issue 53)

stackTrace: org.mockito.exceptions.misusing.UnfinishedStubbingException: 
Unfinished stubbing detected here:
-> at org.apache.hadoop.hdfs.server.datanode.InternalDataNodeTestUtils.mockDatanodeBlkPinning(InternalDataNodeTestUtils.java:85)

E.g. thenReturn() may be missing.
Examples of correct stubbing:
    when(mock.isOk()).thenReturn(true);
    when(mock.isOk()).thenThrow(exception);
    doThrow(exception).when(mock).someVoidMethod();
Hints:
 1. missing thenReturn()
 2. although stubbed methods may return mocks, you cannot inline mock creation (mock()) call inside a thenReturn method (see issue 53)

	at org.apache.hadoop.hdfs.server.datanode.InternalDataNodeTestUtils.mockDatanodeBlkPinning(InternalDataNodeTestUtils.java:91)
	at org.apache.hadoop.hdfs.server.mover.TestMover.testMoverWithPinnedBlocks(TestMover.java:1075)
	at sun.reflect.NativeMethodAccessorImpl.invoke0(Native Method)
	at sun.reflect.NativeMethodAccessorImpl.invoke(NativeMethodAccessorImpl.java:62)
	at sun.reflect.DelegatingMethodAccessorImpl.invoke(DelegatingMethodAccessorImpl.java:43)
	at java.lang.reflect.Method.invoke(Method.java:498)
	at org.junit.runners.model.FrameworkMethod$1.runReflectiveCall(FrameworkMethod.java:47)
	at org.junit.internal.runners.model.ReflectiveCallable.run(ReflectiveCallable.java:12)
	at org.junit.runners.model.FrameworkMethod.invokeExplosively(FrameworkMethod.java:44)
	at org.junit.internal.runners.statements.InvokeMethod.evaluate(InvokeMethod.java:17)
	at org.junit.internal.runners.statements.FailOnTimeout$StatementThread.run(FailOnTimeout.java:74)



Test vvMode=v1v2
tr.result is 1

Test vvMode=v1v2
tr.result is 1

Test vvMode=v1v2
tr.result is 1

Test vvMode=v1v2
tr.result is -1
v1v2 test failed !!!
reconf_parameter: dfs.blockreport.incremental.intervalMsec
component: DataNode
v1: 100
v2: 0
testProject: hdfs
unitTest: org.apache.hadoop.hdfs.server.mover.TestMover#testMoverWithPinnedBlocks
reconfPoint: -2
result: -1
failureMessage: null
stackTrace: java.lang.NullPointerException
	at java.util.LinkedList$ListItr.next(LinkedList.java:893)
	at org.mockito.internal.stubbing.InvocationContainerImpl.findAnswerFor(InvocationContainerImpl.java:71)
	at org.mockito.internal.MockHandler.handle(MockHandler.java:93)
	at org.mockito.internal.creation.MethodInterceptorFilter.intercept(MethodInterceptorFilter.java:47)
	at org.apache.hadoop.hdfs.server.datanode.fsdataset.impl.FsDatasetImpl$$EnhancerByMockitoWithCGLIB$$27b03e7d.shutdown(<generated>)
	at org.apache.hadoop.hdfs.server.datanode.DataNode.shutdown(DataNode.java:2177)
	at org.apache.hadoop.hdfs.MiniDFSCluster.shutdownDataNode(MiniDFSCluster.java:2099)
	at org.apache.hadoop.hdfs.MiniDFSCluster.shutdownDataNodes(MiniDFSCluster.java:2089)
	at org.apache.hadoop.hdfs.MiniDFSCluster.shutdown(MiniDFSCluster.java:2068)
	at org.apache.hadoop.hdfs.MiniDFSCluster.shutdown(MiniDFSCluster.java:2042)
	at org.apache.hadoop.hdfs.MiniDFSCluster.shutdown(MiniDFSCluster.java:2035)
	at org.apache.hadoop.hdfs.server.mover.TestMover.testMoverWithPinnedBlocks(TestMover.java:1087)
	at sun.reflect.NativeMethodAccessorImpl.invoke0(Native Method)
	at sun.reflect.NativeMethodAccessorImpl.invoke(NativeMethodAccessorImpl.java:62)
	at sun.reflect.DelegatingMethodAccessorImpl.invoke(DelegatingMethodAccessorImpl.java:43)
	at java.lang.reflect.Method.invoke(Method.java:498)
	at org.junit.runners.model.FrameworkMethod$1.runReflectiveCall(FrameworkMethod.java:47)
	at org.junit.internal.runners.model.ReflectiveCallable.run(ReflectiveCallable.java:12)
	at org.junit.runners.model.FrameworkMethod.invokeExplosively(FrameworkMethod.java:44)
	at org.junit.internal.runners.statements.InvokeMethod.evaluate(InvokeMethod.java:17)
	at org.junit.internal.runners.statements.FailOnTimeout$StatementThread.run(FailOnTimeout.java:74)



Test vvMode=v1v2
tr.result is 1

Test vvMode=v1v2
tr.result is -1
v1v2 test failed !!!
reconf_parameter: dfs.blockreport.incremental.intervalMsec
component: DataNode
v1: 100
v2: 0
testProject: hdfs
unitTest: org.apache.hadoop.hdfs.server.mover.TestMover#testMoverWithPinnedBlocks
reconfPoint: -2
result: -1
failureMessage: Movement should fail expected:<-2> but was:<0>
stackTrace: java.lang.AssertionError: Movement should fail expected:<-2> but was:<0>
	at org.junit.Assert.fail(Assert.java:88)
	at org.junit.Assert.failNotEquals(Assert.java:743)
	at org.junit.Assert.assertEquals(Assert.java:118)
	at org.junit.Assert.assertEquals(Assert.java:555)
	at org.apache.hadoop.hdfs.server.mover.TestMover.testMoverWithPinnedBlocks(TestMover.java:1084)
	at sun.reflect.NativeMethodAccessorImpl.invoke0(Native Method)
	at sun.reflect.NativeMethodAccessorImpl.invoke(NativeMethodAccessorImpl.java:62)
	at sun.reflect.DelegatingMethodAccessorImpl.invoke(DelegatingMethodAccessorImpl.java:43)
	at java.lang.reflect.Method.invoke(Method.java:498)
	at org.junit.runners.model.FrameworkMethod$1.runReflectiveCall(FrameworkMethod.java:47)
	at org.junit.internal.runners.model.ReflectiveCallable.run(ReflectiveCallable.java:12)
	at org.junit.runners.model.FrameworkMethod.invokeExplosively(FrameworkMethod.java:44)
	at org.junit.internal.runners.statements.InvokeMethod.evaluate(InvokeMethod.java:17)
	at org.junit.internal.runners.statements.FailOnTimeout$StatementThread.run(FailOnTimeout.java:74)



Test vvMode=v1v2
tr.result is 1

Test vvMode=v1v2
tr.result is -1
v1v2 test failed !!!
reconf_parameter: dfs.blockreport.incremental.intervalMsec
component: DataNode
v1: 100
v2: 0
testProject: hdfs
unitTest: org.apache.hadoop.hdfs.server.mover.TestMover#testMoverWithPinnedBlocks
reconfPoint: -2
result: -1
failureMessage: null
stackTrace: java.lang.NullPointerException
	at java.util.LinkedList$ListItr.next(LinkedList.java:893)
	at org.mockito.internal.stubbing.InvocationContainerImpl.findAnswerFor(InvocationContainerImpl.java:71)
	at org.mockito.internal.MockHandler.handle(MockHandler.java:93)
	at org.mockito.internal.creation.MethodInterceptorFilter.intercept(MethodInterceptorFilter.java:47)
	at org.apache.hadoop.hdfs.server.datanode.fsdataset.impl.FsDatasetImpl$$EnhancerByMockitoWithCGLIB$$1e039a4f.shutdown(<generated>)
	at org.apache.hadoop.hdfs.server.datanode.DataNode.shutdown(DataNode.java:2177)
	at org.apache.hadoop.hdfs.MiniDFSCluster.shutdownDataNode(MiniDFSCluster.java:2099)
	at org.apache.hadoop.hdfs.MiniDFSCluster.shutdownDataNodes(MiniDFSCluster.java:2089)
	at org.apache.hadoop.hdfs.MiniDFSCluster.shutdown(MiniDFSCluster.java:2068)
	at org.apache.hadoop.hdfs.MiniDFSCluster.shutdown(MiniDFSCluster.java:2042)
	at org.apache.hadoop.hdfs.MiniDFSCluster.shutdown(MiniDFSCluster.java:2035)
	at org.apache.hadoop.hdfs.server.mover.TestMover.testMoverWithPinnedBlocks(TestMover.java:1087)
	at sun.reflect.NativeMethodAccessorImpl.invoke0(Native Method)
	at sun.reflect.NativeMethodAccessorImpl.invoke(NativeMethodAccessorImpl.java:62)
	at sun.reflect.DelegatingMethodAccessorImpl.invoke(DelegatingMethodAccessorImpl.java:43)
	at java.lang.reflect.Method.invoke(Method.java:498)
	at org.junit.runners.model.FrameworkMethod$1.runReflectiveCall(FrameworkMethod.java:47)
	at org.junit.internal.runners.model.ReflectiveCallable.run(ReflectiveCallable.java:12)
	at org.junit.runners.model.FrameworkMethod.invokeExplosively(FrameworkMethod.java:44)
	at org.junit.internal.runners.statements.InvokeMethod.evaluate(InvokeMethod.java:17)
	at org.junit.internal.runners.statements.FailOnTimeout$StatementThread.run(FailOnTimeout.java:74)



Test vvMode=v1v2
tr.result is 1

Test vvMode=v1v2
tr.result is 1

Test vvMode=v1v2
tr.result is 1

Test vvMode=v1v2
tr.result is 1

Test vvMode=v1v2
tr.result is 1

Test vvMode=v1v2
tr.result is 1

Test vvMode=v1v2
tr.result is 1

Test vvMode=v1v2
tr.result is 1

Test vvMode=v1v2
tr.result is 1

Test vvMode=v1v2
tr.result is 1

Test vvMode=v1v2
tr.result is 1

Test vvMode=v1v2
tr.result is 1

Test vvMode=v1v2
tr.result is 1

Test vvMode=v1v2
tr.result is -1
v1v2 test failed !!!
reconf_parameter: dfs.blockreport.incremental.intervalMsec
component: DataNode
v1: 100
v2: 0
testProject: hdfs
unitTest: org.apache.hadoop.hdfs.server.mover.TestMover#testMoverWithPinnedBlocks
reconfPoint: -2
result: -1
failureMessage: null
stackTrace: java.lang.NullPointerException
	at java.util.LinkedList$ListItr.next(LinkedList.java:893)
	at org.mockito.internal.stubbing.InvocationContainerImpl.findAnswerFor(InvocationContainerImpl.java:71)
	at org.mockito.internal.MockHandler.handle(MockHandler.java:93)
	at org.mockito.internal.creation.MethodInterceptorFilter.intercept(MethodInterceptorFilter.java:47)
	at org.apache.hadoop.hdfs.server.datanode.fsdataset.impl.FsDatasetImpl$$EnhancerByMockitoWithCGLIB$$1e039a4f.shutdown(<generated>)
	at org.apache.hadoop.hdfs.server.datanode.DataNode.shutdown(DataNode.java:2177)
	at org.apache.hadoop.hdfs.MiniDFSCluster.shutdownDataNode(MiniDFSCluster.java:2099)
	at org.apache.hadoop.hdfs.MiniDFSCluster.shutdownDataNodes(MiniDFSCluster.java:2089)
	at org.apache.hadoop.hdfs.MiniDFSCluster.shutdown(MiniDFSCluster.java:2068)
	at org.apache.hadoop.hdfs.MiniDFSCluster.shutdown(MiniDFSCluster.java:2042)
	at org.apache.hadoop.hdfs.MiniDFSCluster.shutdown(MiniDFSCluster.java:2035)
	at org.apache.hadoop.hdfs.server.mover.TestMover.testMoverWithPinnedBlocks(TestMover.java:1087)
	at sun.reflect.NativeMethodAccessorImpl.invoke0(Native Method)
	at sun.reflect.NativeMethodAccessorImpl.invoke(NativeMethodAccessorImpl.java:62)
	at sun.reflect.DelegatingMethodAccessorImpl.invoke(DelegatingMethodAccessorImpl.java:43)
	at java.lang.reflect.Method.invoke(Method.java:498)
	at org.junit.runners.model.FrameworkMethod$1.runReflectiveCall(FrameworkMethod.java:47)
	at org.junit.internal.runners.model.ReflectiveCallable.run(ReflectiveCallable.java:12)
	at org.junit.runners.model.FrameworkMethod.invokeExplosively(FrameworkMethod.java:44)
	at org.junit.internal.runners.statements.InvokeMethod.evaluate(InvokeMethod.java:17)
	at org.junit.internal.runners.statements.FailOnTimeout$StatementThread.run(FailOnTimeout.java:74)



Test vvMode=v1v2
tr.result is 1

Test vvMode=v1v2
tr.result is 1

Test vvMode=v1v2
tr.result is -1
v1v2 test failed !!!
reconf_parameter: dfs.blockreport.incremental.intervalMsec
component: DataNode
v1: 100
v2: 0
testProject: hdfs
unitTest: org.apache.hadoop.hdfs.server.mover.TestMover#testMoverWithPinnedBlocks
reconfPoint: -2
result: -1
failureMessage: Movement should fail expected:<-2> but was:<0>
stackTrace: java.lang.AssertionError: Movement should fail expected:<-2> but was:<0>
	at org.junit.Assert.fail(Assert.java:88)
	at org.junit.Assert.failNotEquals(Assert.java:743)
	at org.junit.Assert.assertEquals(Assert.java:118)
	at org.junit.Assert.assertEquals(Assert.java:555)
	at org.apache.hadoop.hdfs.server.mover.TestMover.testMoverWithPinnedBlocks(TestMover.java:1084)
	at sun.reflect.NativeMethodAccessorImpl.invoke0(Native Method)
	at sun.reflect.NativeMethodAccessorImpl.invoke(NativeMethodAccessorImpl.java:62)
	at sun.reflect.DelegatingMethodAccessorImpl.invoke(DelegatingMethodAccessorImpl.java:43)
	at java.lang.reflect.Method.invoke(Method.java:498)
	at org.junit.runners.model.FrameworkMethod$1.runReflectiveCall(FrameworkMethod.java:47)
	at org.junit.internal.runners.model.ReflectiveCallable.run(ReflectiveCallable.java:12)
	at org.junit.runners.model.FrameworkMethod.invokeExplosively(FrameworkMethod.java:44)
	at org.junit.internal.runners.statements.InvokeMethod.evaluate(InvokeMethod.java:17)
	at org.junit.internal.runners.statements.FailOnTimeout$StatementThread.run(FailOnTimeout.java:74)



Test vvMode=v1v2
tr.result is 1

Test vvMode=v1v2
tr.result is 1

Test vvMode=v1v1
tr.result is 1

Test vvMode=v2v2
tr.result is 1

Test vvMode=v1v1
tr.result is 1

Test vvMode=v2v2
tr.result is 1

Test vvMode=v1v1
tr.result is 1

Test vvMode=v2v2
tr.result is 1

Test vvMode=v1v1
tr.result is -1

Test vvMode=v2v2
tr.result is 1
v1v1 or v2v2 test failed !!!
reconf_parameter: dfs.blockreport.incremental.intervalMsec
component: DataNode
v1: 100
v2: 0
testProject: hdfs
unitTest: org.apache.hadoop.hdfs.server.mover.TestMover#testMoverWithPinnedBlocks
reconfPoint: -2
result: -1
failureMessage: Movement should fail expected:<-2> but was:<0>
stackTrace: java.lang.AssertionError: Movement should fail expected:<-2> but was:<0>
	at org.junit.Assert.fail(Assert.java:88)
	at org.junit.Assert.failNotEquals(Assert.java:743)
	at org.junit.Assert.assertEquals(Assert.java:118)
	at org.junit.Assert.assertEquals(Assert.java:555)
	at org.apache.hadoop.hdfs.server.mover.TestMover.testMoverWithPinnedBlocks(TestMover.java:1084)
	at sun.reflect.NativeMethodAccessorImpl.invoke0(Native Method)
	at sun.reflect.NativeMethodAccessorImpl.invoke(NativeMethodAccessorImpl.java:62)
	at sun.reflect.DelegatingMethodAccessorImpl.invoke(DelegatingMethodAccessorImpl.java:43)
	at java.lang.reflect.Method.invoke(Method.java:498)
	at org.junit.runners.model.FrameworkMethod$1.runReflectiveCall(FrameworkMethod.java:47)
	at org.junit.internal.runners.model.ReflectiveCallable.run(ReflectiveCallable.java:12)
	at org.junit.runners.model.FrameworkMethod.invokeExplosively(FrameworkMethod.java:44)
	at org.junit.internal.runners.statements.InvokeMethod.evaluate(InvokeMethod.java:17)
	at org.junit.internal.runners.statements.FailOnTimeout$StatementThread.run(FailOnTimeout.java:74)



Test vvMode=v1v1
tr.result is -1

Test vvMode=v2v2
tr.result is 1
v1v1 or v2v2 test failed !!!
reconf_parameter: dfs.blockreport.incremental.intervalMsec
component: DataNode
v1: 100
v2: 0
testProject: hdfs
unitTest: org.apache.hadoop.hdfs.server.mover.TestMover#testMoverWithPinnedBlocks
reconfPoint: -2
result: -1
failureMessage: null
stackTrace: java.lang.NullPointerException
	at java.util.LinkedList$ListItr.next(LinkedList.java:893)
	at org.mockito.internal.stubbing.InvocationContainerImpl.findAnswerFor(InvocationContainerImpl.java:71)
	at org.mockito.internal.MockHandler.handle(MockHandler.java:93)
	at org.mockito.internal.creation.MethodInterceptorFilter.intercept(MethodInterceptorFilter.java:47)
	at org.apache.hadoop.hdfs.server.datanode.fsdataset.impl.FsDatasetImpl$$EnhancerByMockitoWithCGLIB$$996f928f.shutdown(<generated>)
	at org.apache.hadoop.hdfs.server.datanode.DataNode.shutdown(DataNode.java:2177)
	at org.apache.hadoop.hdfs.MiniDFSCluster.shutdownDataNode(MiniDFSCluster.java:2099)
	at org.apache.hadoop.hdfs.MiniDFSCluster.shutdownDataNodes(MiniDFSCluster.java:2089)
	at org.apache.hadoop.hdfs.MiniDFSCluster.shutdown(MiniDFSCluster.java:2068)
	at org.apache.hadoop.hdfs.MiniDFSCluster.shutdown(MiniDFSCluster.java:2042)
	at org.apache.hadoop.hdfs.MiniDFSCluster.shutdown(MiniDFSCluster.java:2035)
	at org.apache.hadoop.hdfs.server.mover.TestMover.testMoverWithPinnedBlocks(TestMover.java:1087)
	at sun.reflect.NativeMethodAccessorImpl.invoke0(Native Method)
	at sun.reflect.NativeMethodAccessorImpl.invoke(NativeMethodAccessorImpl.java:62)
	at sun.reflect.DelegatingMethodAccessorImpl.invoke(DelegatingMethodAccessorImpl.java:43)
	at java.lang.reflect.Method.invoke(Method.java:498)
	at org.junit.runners.model.FrameworkMethod$1.runReflectiveCall(FrameworkMethod.java:47)
	at org.junit.internal.runners.model.ReflectiveCallable.run(ReflectiveCallable.java:12)
	at org.junit.runners.model.FrameworkMethod.invokeExplosively(FrameworkMethod.java:44)
	at org.junit.internal.runners.statements.InvokeMethod.evaluate(InvokeMethod.java:17)
	at org.junit.internal.runners.statements.FailOnTimeout$StatementThread.run(FailOnTimeout.java:74)



Test vvMode=v1v1
tr.result is 1

Test vvMode=v2v2
tr.result is 1

Test vvMode=v1v1
tr.result is 1

Test vvMode=v2v2
tr.result is 1

Test vvMode=v1v1
tr.result is 1

Test vvMode=v2v2
tr.result is 1

Test vvMode=v1v1
tr.result is 1

Test vvMode=v2v2
tr.result is 1

Test vvMode=v1v1
tr.result is 1

Test vvMode=v2v2
tr.result is 1

Test vvMode=v1v1
tr.result is 1

Test vvMode=v2v2
tr.result is 1

Test vvMode=v1v1
tr.result is -1

Test vvMode=v2v2
tr.result is 1
v1v1 or v2v2 test failed !!!
reconf_parameter: dfs.blockreport.incremental.intervalMsec
component: DataNode
v1: 100
v2: 0
testProject: hdfs
unitTest: org.apache.hadoop.hdfs.server.mover.TestMover#testMoverWithPinnedBlocks
reconfPoint: -2
result: -1
failureMessage: Movement should fail expected:<-2> but was:<0>
stackTrace: java.lang.AssertionError: Movement should fail expected:<-2> but was:<0>
	at org.junit.Assert.fail(Assert.java:88)
	at org.junit.Assert.failNotEquals(Assert.java:743)
	at org.junit.Assert.assertEquals(Assert.java:118)
	at org.junit.Assert.assertEquals(Assert.java:555)
	at org.apache.hadoop.hdfs.server.mover.TestMover.testMoverWithPinnedBlocks(TestMover.java:1084)
	at sun.reflect.NativeMethodAccessorImpl.invoke0(Native Method)
	at sun.reflect.NativeMethodAccessorImpl.invoke(NativeMethodAccessorImpl.java:62)
	at sun.reflect.DelegatingMethodAccessorImpl.invoke(DelegatingMethodAccessorImpl.java:43)
	at java.lang.reflect.Method.invoke(Method.java:498)
	at org.junit.runners.model.FrameworkMethod$1.runReflectiveCall(FrameworkMethod.java:47)
	at org.junit.internal.runners.model.ReflectiveCallable.run(ReflectiveCallable.java:12)
	at org.junit.runners.model.FrameworkMethod.invokeExplosively(FrameworkMethod.java:44)
	at org.junit.internal.runners.statements.InvokeMethod.evaluate(InvokeMethod.java:17)
	at org.junit.internal.runners.statements.FailOnTimeout$StatementThread.run(FailOnTimeout.java:74)



Test vvMode=v1v1
tr.result is 1

Test vvMode=v2v2
tr.result is 1

Test vvMode=v1v1
tr.result is 1

Test vvMode=v2v2
tr.result is 1

Test vvMode=v1v1
tr.result is -1

Test vvMode=v2v2
tr.result is 1
v1v1 or v2v2 test failed !!!
reconf_parameter: dfs.blockreport.incremental.intervalMsec
component: DataNode
v1: 100
v2: 0
testProject: hdfs
unitTest: org.apache.hadoop.hdfs.server.mover.TestMover#testMoverWithPinnedBlocks
reconfPoint: -2
result: -1
failureMessage: 
Unfinished stubbing detected here:
-> at org.apache.hadoop.hdfs.server.datanode.InternalDataNodeTestUtils.mockDatanodeBlkPinning(InternalDataNodeTestUtils.java:85)

E.g. thenReturn() may be missing.
Examples of correct stubbing:
    when(mock.isOk()).thenReturn(true);
    when(mock.isOk()).thenThrow(exception);
    doThrow(exception).when(mock).someVoidMethod();
Hints:
 1. missing thenReturn()
 2. although stubbed methods may return mocks, you cannot inline mock creation (mock()) call inside a thenReturn method (see issue 53)

stackTrace: org.mockito.exceptions.misusing.UnfinishedStubbingException: 
Unfinished stubbing detected here:
-> at org.apache.hadoop.hdfs.server.datanode.InternalDataNodeTestUtils.mockDatanodeBlkPinning(InternalDataNodeTestUtils.java:85)

E.g. thenReturn() may be missing.
Examples of correct stubbing:
    when(mock.isOk()).thenReturn(true);
    when(mock.isOk()).thenThrow(exception);
    doThrow(exception).when(mock).someVoidMethod();
Hints:
 1. missing thenReturn()
 2. although stubbed methods may return mocks, you cannot inline mock creation (mock()) call inside a thenReturn method (see issue 53)

	at org.apache.hadoop.hdfs.server.datanode.InternalDataNodeTestUtils.mockDatanodeBlkPinning(InternalDataNodeTestUtils.java:91)
	at org.apache.hadoop.hdfs.server.mover.TestMover.testMoverWithPinnedBlocks(TestMover.java:1075)
	at sun.reflect.NativeMethodAccessorImpl.invoke0(Native Method)
	at sun.reflect.NativeMethodAccessorImpl.invoke(NativeMethodAccessorImpl.java:62)
	at sun.reflect.DelegatingMethodAccessorImpl.invoke(DelegatingMethodAccessorImpl.java:43)
	at java.lang.reflect.Method.invoke(Method.java:498)
	at org.junit.runners.model.FrameworkMethod$1.runReflectiveCall(FrameworkMethod.java:47)
	at org.junit.internal.runners.model.ReflectiveCallable.run(ReflectiveCallable.java:12)
	at org.junit.runners.model.FrameworkMethod.invokeExplosively(FrameworkMethod.java:44)
	at org.junit.internal.runners.statements.InvokeMethod.evaluate(InvokeMethod.java:17)
	at org.junit.internal.runners.statements.FailOnTimeout$StatementThread.run(FailOnTimeout.java:74)



Test vvMode=v1v1
tr.result is 1

Test vvMode=v2v2
tr.result is 1

Test vvMode=v1v1
tr.result is 1

Test vvMode=v2v2
tr.result is 1

Test vvMode=v1v1
tr.result is 1

Test vvMode=v2v2
tr.result is 1

Test vvMode=v1v1
tr.result is 1

Test vvMode=v2v2
tr.result is 1

Test vvMode=v1v1
tr.result is 1

Test vvMode=v2v2
tr.result is 1

Test vvMode=v1v1
tr.result is 1

Test vvMode=v2v2
tr.result is 1

Test vvMode=v1v1
tr.result is 1

Test vvMode=v2v2
tr.result is 1

Test vvMode=v1v1
tr.result is -1

Test vvMode=v2v2
tr.result is 1
v1v1 or v2v2 test failed !!!
reconf_parameter: dfs.blockreport.incremental.intervalMsec
component: DataNode
v1: 100
v2: 0
testProject: hdfs
unitTest: org.apache.hadoop.hdfs.server.mover.TestMover#testMoverWithPinnedBlocks
reconfPoint: -2
result: -1
failureMessage: 
Unfinished stubbing detected here:
-> at org.apache.hadoop.hdfs.server.datanode.InternalDataNodeTestUtils.mockDatanodeBlkPinning(InternalDataNodeTestUtils.java:85)

E.g. thenReturn() may be missing.
Examples of correct stubbing:
    when(mock.isOk()).thenReturn(true);
    when(mock.isOk()).thenThrow(exception);
    doThrow(exception).when(mock).someVoidMethod();
Hints:
 1. missing thenReturn()
 2. although stubbed methods may return mocks, you cannot inline mock creation (mock()) call inside a thenReturn method (see issue 53)

stackTrace: org.mockito.exceptions.misusing.UnfinishedStubbingException: 
Unfinished stubbing detected here:
-> at org.apache.hadoop.hdfs.server.datanode.InternalDataNodeTestUtils.mockDatanodeBlkPinning(InternalDataNodeTestUtils.java:85)

E.g. thenReturn() may be missing.
Examples of correct stubbing:
    when(mock.isOk()).thenReturn(true);
    when(mock.isOk()).thenThrow(exception);
    doThrow(exception).when(mock).someVoidMethod();
Hints:
 1. missing thenReturn()
 2. although stubbed methods may return mocks, you cannot inline mock creation (mock()) call inside a thenReturn method (see issue 53)

	at org.apache.hadoop.hdfs.server.datanode.InternalDataNodeTestUtils.mockDatanodeBlkPinning(InternalDataNodeTestUtils.java:91)
	at org.apache.hadoop.hdfs.server.mover.TestMover.testMoverWithPinnedBlocks(TestMover.java:1075)
	at sun.reflect.NativeMethodAccessorImpl.invoke0(Native Method)
	at sun.reflect.NativeMethodAccessorImpl.invoke(NativeMethodAccessorImpl.java:62)
	at sun.reflect.DelegatingMethodAccessorImpl.invoke(DelegatingMethodAccessorImpl.java:43)
	at java.lang.reflect.Method.invoke(Method.java:498)
	at org.junit.runners.model.FrameworkMethod$1.runReflectiveCall(FrameworkMethod.java:47)
	at org.junit.internal.runners.model.ReflectiveCallable.run(ReflectiveCallable.java:12)
	at org.junit.runners.model.FrameworkMethod.invokeExplosively(FrameworkMethod.java:44)
	at org.junit.internal.runners.statements.InvokeMethod.evaluate(InvokeMethod.java:17)
	at org.junit.internal.runners.statements.FailOnTimeout$StatementThread.run(FailOnTimeout.java:74)



Test vvMode=v1v1
tr.result is -1

Test vvMode=v2v2
tr.result is 1
v1v1 or v2v2 test failed !!!
reconf_parameter: dfs.blockreport.incremental.intervalMsec
component: DataNode
v1: 100
v2: 0
testProject: hdfs
unitTest: org.apache.hadoop.hdfs.server.mover.TestMover#testMoverWithPinnedBlocks
reconfPoint: -2
result: -1
failureMessage: 
Unfinished stubbing detected here:
-> at org.apache.hadoop.hdfs.server.datanode.InternalDataNodeTestUtils.mockDatanodeBlkPinning(InternalDataNodeTestUtils.java:85)

E.g. thenReturn() may be missing.
Examples of correct stubbing:
    when(mock.isOk()).thenReturn(true);
    when(mock.isOk()).thenThrow(exception);
    doThrow(exception).when(mock).someVoidMethod();
Hints:
 1. missing thenReturn()
 2. although stubbed methods may return mocks, you cannot inline mock creation (mock()) call inside a thenReturn method (see issue 53)

stackTrace: org.mockito.exceptions.misusing.UnfinishedStubbingException: 
Unfinished stubbing detected here:
-> at org.apache.hadoop.hdfs.server.datanode.InternalDataNodeTestUtils.mockDatanodeBlkPinning(InternalDataNodeTestUtils.java:85)

E.g. thenReturn() may be missing.
Examples of correct stubbing:
    when(mock.isOk()).thenReturn(true);
    when(mock.isOk()).thenThrow(exception);
    doThrow(exception).when(mock).someVoidMethod();
Hints:
 1. missing thenReturn()
 2. although stubbed methods may return mocks, you cannot inline mock creation (mock()) call inside a thenReturn method (see issue 53)

	at org.apache.hadoop.hdfs.server.datanode.InternalDataNodeTestUtils.mockDatanodeBlkPinning(InternalDataNodeTestUtils.java:91)
	at org.apache.hadoop.hdfs.server.mover.TestMover.testMoverWithPinnedBlocks(TestMover.java:1075)
	at sun.reflect.NativeMethodAccessorImpl.invoke0(Native Method)
	at sun.reflect.NativeMethodAccessorImpl.invoke(NativeMethodAccessorImpl.java:62)
	at sun.reflect.DelegatingMethodAccessorImpl.invoke(DelegatingMethodAccessorImpl.java:43)
	at java.lang.reflect.Method.invoke(Method.java:498)
	at org.junit.runners.model.FrameworkMethod$1.runReflectiveCall(FrameworkMethod.java:47)
	at org.junit.internal.runners.model.ReflectiveCallable.run(ReflectiveCallable.java:12)
	at org.junit.runners.model.FrameworkMethod.invokeExplosively(FrameworkMethod.java:44)
	at org.junit.internal.runners.statements.InvokeMethod.evaluate(InvokeMethod.java:17)
	at org.junit.internal.runners.statements.FailOnTimeout$StatementThread.run(FailOnTimeout.java:74)



Test vvMode=v1v1
tr.result is 1

Test vvMode=v2v2
tr.result is 1

Test vvMode=v1v1
tr.result is -1

Test vvMode=v2v2
tr.result is 1
v1v1 or v2v2 test failed !!!
reconf_parameter: dfs.blockreport.incremental.intervalMsec
component: DataNode
v1: 100
v2: 0
testProject: hdfs
unitTest: org.apache.hadoop.hdfs.server.mover.TestMover#testMoverWithPinnedBlocks
reconfPoint: -2
result: -1
failureMessage: 
Unfinished stubbing detected here:
-> at org.apache.hadoop.hdfs.server.datanode.InternalDataNodeTestUtils.mockDatanodeBlkPinning(InternalDataNodeTestUtils.java:85)

E.g. thenReturn() may be missing.
Examples of correct stubbing:
    when(mock.isOk()).thenReturn(true);
    when(mock.isOk()).thenThrow(exception);
    doThrow(exception).when(mock).someVoidMethod();
Hints:
 1. missing thenReturn()
 2. although stubbed methods may return mocks, you cannot inline mock creation (mock()) call inside a thenReturn method (see issue 53)

stackTrace: org.mockito.exceptions.misusing.UnfinishedStubbingException: 
Unfinished stubbing detected here:
-> at org.apache.hadoop.hdfs.server.datanode.InternalDataNodeTestUtils.mockDatanodeBlkPinning(InternalDataNodeTestUtils.java:85)

E.g. thenReturn() may be missing.
Examples of correct stubbing:
    when(mock.isOk()).thenReturn(true);
    when(mock.isOk()).thenThrow(exception);
    doThrow(exception).when(mock).someVoidMethod();
Hints:
 1. missing thenReturn()
 2. although stubbed methods may return mocks, you cannot inline mock creation (mock()) call inside a thenReturn method (see issue 53)

	at org.apache.hadoop.hdfs.server.datanode.InternalDataNodeTestUtils.mockDatanodeBlkPinning(InternalDataNodeTestUtils.java:91)
	at org.apache.hadoop.hdfs.server.mover.TestMover.testMoverWithPinnedBlocks(TestMover.java:1075)
	at sun.reflect.NativeMethodAccessorImpl.invoke0(Native Method)
	at sun.reflect.NativeMethodAccessorImpl.invoke(NativeMethodAccessorImpl.java:62)
	at sun.reflect.DelegatingMethodAccessorImpl.invoke(DelegatingMethodAccessorImpl.java:43)
	at java.lang.reflect.Method.invoke(Method.java:498)
	at org.junit.runners.model.FrameworkMethod$1.runReflectiveCall(FrameworkMethod.java:47)
	at org.junit.internal.runners.model.ReflectiveCallable.run(ReflectiveCallable.java:12)
	at org.junit.runners.model.FrameworkMethod.invokeExplosively(FrameworkMethod.java:44)
	at org.junit.internal.runners.statements.InvokeMethod.evaluate(InvokeMethod.java:17)
	at org.junit.internal.runners.statements.FailOnTimeout$StatementThread.run(FailOnTimeout.java:74)



Test vvMode=v1v1
tr.result is 1

Test vvMode=v2v2
tr.result is 1

Test vvMode=v1v1
tr.result is 1

Test vvMode=v2v2
tr.result is 1

Test vvMode=v1v1
tr.result is 1

Test vvMode=v2v2
tr.result is 1

Test vvMode=v1v1
tr.result is 1

Test vvMode=v2v2
tr.result is 1

Test vvMode=v1v1
tr.result is 1

Test vvMode=v2v2
tr.result is 1

Test vvMode=v1v1
tr.result is 1

Test vvMode=v2v2
tr.result is 1

Test vvMode=v1v1
tr.result is 1

Test vvMode=v2v2
tr.result is 1

Test vvMode=v1v1
tr.result is 1

Test vvMode=v2v2
tr.result is 1

Test vvMode=v1v1
tr.result is 1

Test vvMode=v2v2
tr.result is 1

Test vvMode=v1v1
tr.result is 1

Test vvMode=v2v2
tr.result is 1

Test vvMode=v1v1
tr.result is 1

Test vvMode=v2v2
tr.result is 1

Test vvMode=v1v1
tr.result is 1

Test vvMode=v2v2
tr.result is 1

Test vvMode=v1v1
tr.result is 1

Test vvMode=v2v2
tr.result is 1

Test vvMode=v1v1
tr.result is 1

Test vvMode=v2v2
tr.result is 1

Test vvMode=v1v1
tr.result is 1

Test vvMode=v2v2
tr.result is 1

Test vvMode=v1v1
tr.result is 1

Test vvMode=v2v2
tr.result is 1

Test vvMode=v1v1
tr.result is 1

Test vvMode=v2v2
tr.result is 1

Test vvMode=v1v1
tr.result is 1

Test vvMode=v2v2
tr.result is 1

Test vvMode=v1v1
tr.result is 1

Test vvMode=v2v2
tr.result is 1

Test vvMode=v1v1
tr.result is 1

Test vvMode=v2v2
tr.result is 1

Test vvMode=v1v1
tr.result is 1

Test vvMode=v2v2
tr.result is 1

Test vvMode=v1v1
tr.result is 1

Test vvMode=v2v2
tr.result is 1

Test vvMode=v1v1
tr.result is 1

Test vvMode=v2v2
tr.result is 1

Test vvMode=v1v1
tr.result is 1

Test vvMode=v2v2
tr.result is 1
v1v2 failed with probability 9 out of 50
v1v1v2v2 failed with probability 7 out of 50
result: might be true error
Total execution time in seconds : 5865
