reconf_parameter: dfs.heartbeat.interval
component: DataNode
v1: 1
v2: 3s
testProject: hdfs
unitTest: org.apache.hadoop.hdfs.server.namenode.ha.TestDNFencingWithReplication#testFencingStress
reconfPoint: -2
result: -1

Test vvMode=v1v2
tr.result is 1

Test vvMode=v1v2
tr.result is 1

Test vvMode=v1v2
tr.result is 1

Test vvMode=v1v2
tr.result is 1

Test vvMode=v1v2
tr.result is 1

Test vvMode=v1v2
tr.result is -1
v1v2 test failed !!!
reconf_parameter: dfs.heartbeat.interval
component: DataNode
v1: 1
v2: 3s
testProject: hdfs
unitTest: org.apache.hadoop.hdfs.server.namenode.ha.TestDNFencingWithReplication#testFencingStress
reconfPoint: -2
result: -1
failureMessage: Deferred
stackTrace: java.lang.RuntimeException: Deferred
	at org.apache.hadoop.test.MultithreadedTestUtil$TestContext.checkException(MultithreadedTestUtil.java:130)
	at org.apache.hadoop.test.MultithreadedTestUtil$TestContext.stop(MultithreadedTestUtil.java:166)
	at org.apache.hadoop.hdfs.server.namenode.ha.TestDNFencingWithReplication.testFencingStress(TestDNFencingWithReplication.java:141)
	at sun.reflect.NativeMethodAccessorImpl.invoke0(Native Method)
	at sun.reflect.NativeMethodAccessorImpl.invoke(NativeMethodAccessorImpl.java:62)
	at sun.reflect.DelegatingMethodAccessorImpl.invoke(DelegatingMethodAccessorImpl.java:43)
	at java.lang.reflect.Method.invoke(Method.java:498)
	at org.junit.runners.model.FrameworkMethod$1.runReflectiveCall(FrameworkMethod.java:47)
	at org.junit.internal.runners.model.ReflectiveCallable.run(ReflectiveCallable.java:12)
	at org.junit.runners.model.FrameworkMethod.invokeExplosively(FrameworkMethod.java:44)
	at org.junit.internal.runners.statements.InvokeMethod.evaluate(InvokeMethod.java:17)
	at org.junit.runners.ParentRunner.runLeaf(ParentRunner.java:271)
	at org.junit.runners.BlockJUnit4ClassRunner.runChild(BlockJUnit4ClassRunner.java:70)
	at org.junit.runners.BlockJUnit4ClassRunner.runChild(BlockJUnit4ClassRunner.java:50)
	at org.junit.runners.ParentRunner$3.run(ParentRunner.java:238)
	at org.junit.runners.ParentRunner$1.schedule(ParentRunner.java:63)
	at org.junit.runners.ParentRunner.runChildren(ParentRunner.java:236)
	at org.junit.runners.ParentRunner.access$000(ParentRunner.java:53)
	at org.junit.runners.ParentRunner$2.evaluate(ParentRunner.java:229)
	at org.junit.runners.ParentRunner.run(ParentRunner.java:309)
	at org.apache.maven.surefire.junit4.JUnit4Provider.execute(JUnit4Provider.java:365)
	at org.apache.maven.surefire.junit4.JUnit4Provider.executeWithRerun(JUnit4Provider.java:273)
	at org.apache.maven.surefire.junit4.JUnit4Provider.executeTestSet(JUnit4Provider.java:238)
	at org.apache.maven.surefire.junit4.JUnit4Provider.invoke(JUnit4Provider.java:159)
	at org.apache.maven.surefire.booter.ForkedBooter.invokeProviderInSameClassLoader(ForkedBooter.java:384)
	at org.apache.maven.surefire.booter.ForkedBooter.runSuitesInProcess(ForkedBooter.java:345)
	at org.apache.maven.surefire.booter.ForkedBooter.execute(ForkedBooter.java:126)
	at org.apache.maven.surefire.booter.ForkedBooter.main(ForkedBooter.java:418)
Caused by: java.io.IOException: Timed out waiting for 2 replicas on path /test-16
	at org.apache.hadoop.hdfs.server.namenode.ha.TestDNFencingWithReplication$ReplicationToggler.waitForReplicas(TestDNFencingWithReplication.java:97)
	at org.apache.hadoop.hdfs.server.namenode.ha.TestDNFencingWithReplication$ReplicationToggler.doAnAction(TestDNFencingWithReplication.java:78)
	at org.apache.hadoop.test.MultithreadedTestUtil$RepeatingTestThread.doWork(MultithreadedTestUtil.java:222)
	at org.apache.hadoop.test.MultithreadedTestUtil$TestingThread.run(MultithreadedTestUtil.java:189)



Test vvMode=v1v2
tr.result is -1
v1v2 test failed !!!
reconf_parameter: dfs.heartbeat.interval
component: DataNode
v1: 1
v2: 3s
testProject: hdfs
unitTest: org.apache.hadoop.hdfs.server.namenode.ha.TestDNFencingWithReplication#testFencingStress
reconfPoint: -2
result: -1
failureMessage: Deferred
stackTrace: java.lang.RuntimeException: Deferred
	at org.apache.hadoop.test.MultithreadedTestUtil$TestContext.checkException(MultithreadedTestUtil.java:130)
	at org.apache.hadoop.test.MultithreadedTestUtil$TestContext.stop(MultithreadedTestUtil.java:166)
	at org.apache.hadoop.hdfs.server.namenode.ha.TestDNFencingWithReplication.testFencingStress(TestDNFencingWithReplication.java:141)
	at sun.reflect.NativeMethodAccessorImpl.invoke0(Native Method)
	at sun.reflect.NativeMethodAccessorImpl.invoke(NativeMethodAccessorImpl.java:62)
	at sun.reflect.DelegatingMethodAccessorImpl.invoke(DelegatingMethodAccessorImpl.java:43)
	at java.lang.reflect.Method.invoke(Method.java:498)
	at org.junit.runners.model.FrameworkMethod$1.runReflectiveCall(FrameworkMethod.java:47)
	at org.junit.internal.runners.model.ReflectiveCallable.run(ReflectiveCallable.java:12)
	at org.junit.runners.model.FrameworkMethod.invokeExplosively(FrameworkMethod.java:44)
	at org.junit.internal.runners.statements.InvokeMethod.evaluate(InvokeMethod.java:17)
	at org.junit.runners.ParentRunner.runLeaf(ParentRunner.java:271)
	at org.junit.runners.BlockJUnit4ClassRunner.runChild(BlockJUnit4ClassRunner.java:70)
	at org.junit.runners.BlockJUnit4ClassRunner.runChild(BlockJUnit4ClassRunner.java:50)
	at org.junit.runners.ParentRunner$3.run(ParentRunner.java:238)
	at org.junit.runners.ParentRunner$1.schedule(ParentRunner.java:63)
	at org.junit.runners.ParentRunner.runChildren(ParentRunner.java:236)
	at org.junit.runners.ParentRunner.access$000(ParentRunner.java:53)
	at org.junit.runners.ParentRunner$2.evaluate(ParentRunner.java:229)
	at org.junit.runners.ParentRunner.run(ParentRunner.java:309)
	at org.apache.maven.surefire.junit4.JUnit4Provider.execute(JUnit4Provider.java:365)
	at org.apache.maven.surefire.junit4.JUnit4Provider.executeWithRerun(JUnit4Provider.java:273)
	at org.apache.maven.surefire.junit4.JUnit4Provider.executeTestSet(JUnit4Provider.java:238)
	at org.apache.maven.surefire.junit4.JUnit4Provider.invoke(JUnit4Provider.java:159)
	at org.apache.maven.surefire.booter.ForkedBooter.invokeProviderInSameClassLoader(ForkedBooter.java:384)
	at org.apache.maven.surefire.booter.ForkedBooter.runSuitesInProcess(ForkedBooter.java:345)
	at org.apache.maven.surefire.booter.ForkedBooter.execute(ForkedBooter.java:126)
	at org.apache.maven.surefire.booter.ForkedBooter.main(ForkedBooter.java:418)
Caused by: java.io.IOException: Timed out waiting for 2 replicas on path /test-19
	at org.apache.hadoop.hdfs.server.namenode.ha.TestDNFencingWithReplication$ReplicationToggler.waitForReplicas(TestDNFencingWithReplication.java:97)
	at org.apache.hadoop.hdfs.server.namenode.ha.TestDNFencingWithReplication$ReplicationToggler.doAnAction(TestDNFencingWithReplication.java:78)
	at org.apache.hadoop.test.MultithreadedTestUtil$RepeatingTestThread.doWork(MultithreadedTestUtil.java:222)
	at org.apache.hadoop.test.MultithreadedTestUtil$TestingThread.run(MultithreadedTestUtil.java:189)



Test vvMode=v1v2
tr.result is 1

Test vvMode=v1v2
tr.result is 1

Test vvMode=v1v2
tr.result is 1

Test vvMode=v1v2
tr.result is 1

Test vvMode=v1v2
tr.result is 1

Test vvMode=v1v2
tr.result is 1

Test vvMode=v1v2
tr.result is -1
v1v2 test failed !!!
reconf_parameter: dfs.heartbeat.interval
component: DataNode
v1: 1
v2: 3s
testProject: hdfs
unitTest: org.apache.hadoop.hdfs.server.namenode.ha.TestDNFencingWithReplication#testFencingStress
reconfPoint: -2
result: -1
failureMessage: Deferred
stackTrace: java.lang.RuntimeException: Deferred
	at org.apache.hadoop.test.MultithreadedTestUtil$TestContext.checkException(MultithreadedTestUtil.java:130)
	at org.apache.hadoop.test.MultithreadedTestUtil$TestContext.stop(MultithreadedTestUtil.java:166)
	at org.apache.hadoop.hdfs.server.namenode.ha.TestDNFencingWithReplication.testFencingStress(TestDNFencingWithReplication.java:141)
	at sun.reflect.NativeMethodAccessorImpl.invoke0(Native Method)
	at sun.reflect.NativeMethodAccessorImpl.invoke(NativeMethodAccessorImpl.java:62)
	at sun.reflect.DelegatingMethodAccessorImpl.invoke(DelegatingMethodAccessorImpl.java:43)
	at java.lang.reflect.Method.invoke(Method.java:498)
	at org.junit.runners.model.FrameworkMethod$1.runReflectiveCall(FrameworkMethod.java:47)
	at org.junit.internal.runners.model.ReflectiveCallable.run(ReflectiveCallable.java:12)
	at org.junit.runners.model.FrameworkMethod.invokeExplosively(FrameworkMethod.java:44)
	at org.junit.internal.runners.statements.InvokeMethod.evaluate(InvokeMethod.java:17)
	at org.junit.runners.ParentRunner.runLeaf(ParentRunner.java:271)
	at org.junit.runners.BlockJUnit4ClassRunner.runChild(BlockJUnit4ClassRunner.java:70)
	at org.junit.runners.BlockJUnit4ClassRunner.runChild(BlockJUnit4ClassRunner.java:50)
	at org.junit.runners.ParentRunner$3.run(ParentRunner.java:238)
	at org.junit.runners.ParentRunner$1.schedule(ParentRunner.java:63)
	at org.junit.runners.ParentRunner.runChildren(ParentRunner.java:236)
	at org.junit.runners.ParentRunner.access$000(ParentRunner.java:53)
	at org.junit.runners.ParentRunner$2.evaluate(ParentRunner.java:229)
	at org.junit.runners.ParentRunner.run(ParentRunner.java:309)
	at org.apache.maven.surefire.junit4.JUnit4Provider.execute(JUnit4Provider.java:365)
	at org.apache.maven.surefire.junit4.JUnit4Provider.executeWithRerun(JUnit4Provider.java:273)
	at org.apache.maven.surefire.junit4.JUnit4Provider.executeTestSet(JUnit4Provider.java:238)
	at org.apache.maven.surefire.junit4.JUnit4Provider.invoke(JUnit4Provider.java:159)
	at org.apache.maven.surefire.booter.ForkedBooter.invokeProviderInSameClassLoader(ForkedBooter.java:384)
	at org.apache.maven.surefire.booter.ForkedBooter.runSuitesInProcess(ForkedBooter.java:345)
	at org.apache.maven.surefire.booter.ForkedBooter.execute(ForkedBooter.java:126)
	at org.apache.maven.surefire.booter.ForkedBooter.main(ForkedBooter.java:418)
Caused by: java.io.IOException: Timed out waiting for 2 replicas on path /test-17
	at org.apache.hadoop.hdfs.server.namenode.ha.TestDNFencingWithReplication$ReplicationToggler.waitForReplicas(TestDNFencingWithReplication.java:97)
	at org.apache.hadoop.hdfs.server.namenode.ha.TestDNFencingWithReplication$ReplicationToggler.doAnAction(TestDNFencingWithReplication.java:78)
	at org.apache.hadoop.test.MultithreadedTestUtil$RepeatingTestThread.doWork(MultithreadedTestUtil.java:222)
	at org.apache.hadoop.test.MultithreadedTestUtil$TestingThread.run(MultithreadedTestUtil.java:189)



Test vvMode=v1v2
tr.result is 1

Test vvMode=v1v2
tr.result is 1

Test vvMode=v1v2
tr.result is 1

Test vvMode=v1v2
tr.result is 1

Test vvMode=v1v2
tr.result is 1

Test vvMode=v1v2
tr.result is -1
v1v2 test failed !!!
reconf_parameter: dfs.heartbeat.interval
component: DataNode
v1: 1
v2: 3s
testProject: hdfs
unitTest: org.apache.hadoop.hdfs.server.namenode.ha.TestDNFencingWithReplication#testFencingStress
reconfPoint: -2
result: -1
failureMessage: Deferred
stackTrace: java.lang.RuntimeException: Deferred
	at org.apache.hadoop.test.MultithreadedTestUtil$TestContext.checkException(MultithreadedTestUtil.java:130)
	at org.apache.hadoop.test.MultithreadedTestUtil$TestContext.stop(MultithreadedTestUtil.java:166)
	at org.apache.hadoop.hdfs.server.namenode.ha.TestDNFencingWithReplication.testFencingStress(TestDNFencingWithReplication.java:141)
	at sun.reflect.NativeMethodAccessorImpl.invoke0(Native Method)
	at sun.reflect.NativeMethodAccessorImpl.invoke(NativeMethodAccessorImpl.java:62)
	at sun.reflect.DelegatingMethodAccessorImpl.invoke(DelegatingMethodAccessorImpl.java:43)
	at java.lang.reflect.Method.invoke(Method.java:498)
	at org.junit.runners.model.FrameworkMethod$1.runReflectiveCall(FrameworkMethod.java:47)
	at org.junit.internal.runners.model.ReflectiveCallable.run(ReflectiveCallable.java:12)
	at org.junit.runners.model.FrameworkMethod.invokeExplosively(FrameworkMethod.java:44)
	at org.junit.internal.runners.statements.InvokeMethod.evaluate(InvokeMethod.java:17)
	at org.junit.runners.ParentRunner.runLeaf(ParentRunner.java:271)
	at org.junit.runners.BlockJUnit4ClassRunner.runChild(BlockJUnit4ClassRunner.java:70)
	at org.junit.runners.BlockJUnit4ClassRunner.runChild(BlockJUnit4ClassRunner.java:50)
	at org.junit.runners.ParentRunner$3.run(ParentRunner.java:238)
	at org.junit.runners.ParentRunner$1.schedule(ParentRunner.java:63)
	at org.junit.runners.ParentRunner.runChildren(ParentRunner.java:236)
	at org.junit.runners.ParentRunner.access$000(ParentRunner.java:53)
	at org.junit.runners.ParentRunner$2.evaluate(ParentRunner.java:229)
	at org.junit.runners.ParentRunner.run(ParentRunner.java:309)
	at org.apache.maven.surefire.junit4.JUnit4Provider.execute(JUnit4Provider.java:365)
	at org.apache.maven.surefire.junit4.JUnit4Provider.executeWithRerun(JUnit4Provider.java:273)
	at org.apache.maven.surefire.junit4.JUnit4Provider.executeTestSet(JUnit4Provider.java:238)
	at org.apache.maven.surefire.junit4.JUnit4Provider.invoke(JUnit4Provider.java:159)
	at org.apache.maven.surefire.booter.ForkedBooter.invokeProviderInSameClassLoader(ForkedBooter.java:384)
	at org.apache.maven.surefire.booter.ForkedBooter.runSuitesInProcess(ForkedBooter.java:345)
	at org.apache.maven.surefire.booter.ForkedBooter.execute(ForkedBooter.java:126)
	at org.apache.maven.surefire.booter.ForkedBooter.main(ForkedBooter.java:418)
Caused by: java.io.IOException: Timed out waiting for 2 replicas on path /test-17
	at org.apache.hadoop.hdfs.server.namenode.ha.TestDNFencingWithReplication$ReplicationToggler.waitForReplicas(TestDNFencingWithReplication.java:97)
	at org.apache.hadoop.hdfs.server.namenode.ha.TestDNFencingWithReplication$ReplicationToggler.doAnAction(TestDNFencingWithReplication.java:78)
	at org.apache.hadoop.test.MultithreadedTestUtil$RepeatingTestThread.doWork(MultithreadedTestUtil.java:222)
	at org.apache.hadoop.test.MultithreadedTestUtil$TestingThread.run(MultithreadedTestUtil.java:189)



Test vvMode=v1v2
tr.result is -1
v1v2 test failed !!!
reconf_parameter: dfs.heartbeat.interval
component: DataNode
v1: 1
v2: 3s
testProject: hdfs
unitTest: org.apache.hadoop.hdfs.server.namenode.ha.TestDNFencingWithReplication#testFencingStress
reconfPoint: -2
result: -1
failureMessage: Deferred
stackTrace: java.lang.RuntimeException: Deferred
	at org.apache.hadoop.test.MultithreadedTestUtil$TestContext.checkException(MultithreadedTestUtil.java:130)
	at org.apache.hadoop.test.MultithreadedTestUtil$TestContext.stop(MultithreadedTestUtil.java:166)
	at org.apache.hadoop.hdfs.server.namenode.ha.TestDNFencingWithReplication.testFencingStress(TestDNFencingWithReplication.java:141)
	at sun.reflect.NativeMethodAccessorImpl.invoke0(Native Method)
	at sun.reflect.NativeMethodAccessorImpl.invoke(NativeMethodAccessorImpl.java:62)
	at sun.reflect.DelegatingMethodAccessorImpl.invoke(DelegatingMethodAccessorImpl.java:43)
	at java.lang.reflect.Method.invoke(Method.java:498)
	at org.junit.runners.model.FrameworkMethod$1.runReflectiveCall(FrameworkMethod.java:47)
	at org.junit.internal.runners.model.ReflectiveCallable.run(ReflectiveCallable.java:12)
	at org.junit.runners.model.FrameworkMethod.invokeExplosively(FrameworkMethod.java:44)
	at org.junit.internal.runners.statements.InvokeMethod.evaluate(InvokeMethod.java:17)
	at org.junit.runners.ParentRunner.runLeaf(ParentRunner.java:271)
	at org.junit.runners.BlockJUnit4ClassRunner.runChild(BlockJUnit4ClassRunner.java:70)
	at org.junit.runners.BlockJUnit4ClassRunner.runChild(BlockJUnit4ClassRunner.java:50)
	at org.junit.runners.ParentRunner$3.run(ParentRunner.java:238)
	at org.junit.runners.ParentRunner$1.schedule(ParentRunner.java:63)
	at org.junit.runners.ParentRunner.runChildren(ParentRunner.java:236)
	at org.junit.runners.ParentRunner.access$000(ParentRunner.java:53)
	at org.junit.runners.ParentRunner$2.evaluate(ParentRunner.java:229)
	at org.junit.runners.ParentRunner.run(ParentRunner.java:309)
	at org.apache.maven.surefire.junit4.JUnit4Provider.execute(JUnit4Provider.java:365)
	at org.apache.maven.surefire.junit4.JUnit4Provider.executeWithRerun(JUnit4Provider.java:273)
	at org.apache.maven.surefire.junit4.JUnit4Provider.executeTestSet(JUnit4Provider.java:238)
	at org.apache.maven.surefire.junit4.JUnit4Provider.invoke(JUnit4Provider.java:159)
	at org.apache.maven.surefire.booter.ForkedBooter.invokeProviderInSameClassLoader(ForkedBooter.java:384)
	at org.apache.maven.surefire.booter.ForkedBooter.runSuitesInProcess(ForkedBooter.java:345)
	at org.apache.maven.surefire.booter.ForkedBooter.execute(ForkedBooter.java:126)
	at org.apache.maven.surefire.booter.ForkedBooter.main(ForkedBooter.java:418)
Caused by: java.io.IOException: Timed out waiting for 2 replicas on path /test-19
	at org.apache.hadoop.hdfs.server.namenode.ha.TestDNFencingWithReplication$ReplicationToggler.waitForReplicas(TestDNFencingWithReplication.java:97)
	at org.apache.hadoop.hdfs.server.namenode.ha.TestDNFencingWithReplication$ReplicationToggler.doAnAction(TestDNFencingWithReplication.java:78)
	at org.apache.hadoop.test.MultithreadedTestUtil$RepeatingTestThread.doWork(MultithreadedTestUtil.java:222)
	at org.apache.hadoop.test.MultithreadedTestUtil$TestingThread.run(MultithreadedTestUtil.java:189)



Test vvMode=v1v2
tr.result is 1

Test vvMode=v1v2
tr.result is 1

Test vvMode=v1v2
tr.result is 1

Test vvMode=v1v2
tr.result is -1
v1v2 test failed !!!
reconf_parameter: dfs.heartbeat.interval
component: DataNode
v1: 1
v2: 3s
testProject: hdfs
unitTest: org.apache.hadoop.hdfs.server.namenode.ha.TestDNFencingWithReplication#testFencingStress
reconfPoint: -2
result: -1
failureMessage: Deferred
stackTrace: java.lang.RuntimeException: Deferred
	at org.apache.hadoop.test.MultithreadedTestUtil$TestContext.checkException(MultithreadedTestUtil.java:130)
	at org.apache.hadoop.test.MultithreadedTestUtil$TestContext.stop(MultithreadedTestUtil.java:166)
	at org.apache.hadoop.hdfs.server.namenode.ha.TestDNFencingWithReplication.testFencingStress(TestDNFencingWithReplication.java:141)
	at sun.reflect.NativeMethodAccessorImpl.invoke0(Native Method)
	at sun.reflect.NativeMethodAccessorImpl.invoke(NativeMethodAccessorImpl.java:62)
	at sun.reflect.DelegatingMethodAccessorImpl.invoke(DelegatingMethodAccessorImpl.java:43)
	at java.lang.reflect.Method.invoke(Method.java:498)
	at org.junit.runners.model.FrameworkMethod$1.runReflectiveCall(FrameworkMethod.java:47)
	at org.junit.internal.runners.model.ReflectiveCallable.run(ReflectiveCallable.java:12)
	at org.junit.runners.model.FrameworkMethod.invokeExplosively(FrameworkMethod.java:44)
	at org.junit.internal.runners.statements.InvokeMethod.evaluate(InvokeMethod.java:17)
	at org.junit.runners.ParentRunner.runLeaf(ParentRunner.java:271)
	at org.junit.runners.BlockJUnit4ClassRunner.runChild(BlockJUnit4ClassRunner.java:70)
	at org.junit.runners.BlockJUnit4ClassRunner.runChild(BlockJUnit4ClassRunner.java:50)
	at org.junit.runners.ParentRunner$3.run(ParentRunner.java:238)
	at org.junit.runners.ParentRunner$1.schedule(ParentRunner.java:63)
	at org.junit.runners.ParentRunner.runChildren(ParentRunner.java:236)
	at org.junit.runners.ParentRunner.access$000(ParentRunner.java:53)
	at org.junit.runners.ParentRunner$2.evaluate(ParentRunner.java:229)
	at org.junit.runners.ParentRunner.run(ParentRunner.java:309)
	at org.apache.maven.surefire.junit4.JUnit4Provider.execute(JUnit4Provider.java:365)
	at org.apache.maven.surefire.junit4.JUnit4Provider.executeWithRerun(JUnit4Provider.java:273)
	at org.apache.maven.surefire.junit4.JUnit4Provider.executeTestSet(JUnit4Provider.java:238)
	at org.apache.maven.surefire.junit4.JUnit4Provider.invoke(JUnit4Provider.java:159)
	at org.apache.maven.surefire.booter.ForkedBooter.invokeProviderInSameClassLoader(ForkedBooter.java:384)
	at org.apache.maven.surefire.booter.ForkedBooter.runSuitesInProcess(ForkedBooter.java:345)
	at org.apache.maven.surefire.booter.ForkedBooter.execute(ForkedBooter.java:126)
	at org.apache.maven.surefire.booter.ForkedBooter.main(ForkedBooter.java:418)
Caused by: java.io.IOException: Timed out waiting for 2 replicas on path /test-18
	at org.apache.hadoop.hdfs.server.namenode.ha.TestDNFencingWithReplication$ReplicationToggler.waitForReplicas(TestDNFencingWithReplication.java:97)
	at org.apache.hadoop.hdfs.server.namenode.ha.TestDNFencingWithReplication$ReplicationToggler.doAnAction(TestDNFencingWithReplication.java:78)
	at org.apache.hadoop.test.MultithreadedTestUtil$RepeatingTestThread.doWork(MultithreadedTestUtil.java:222)
	at org.apache.hadoop.test.MultithreadedTestUtil$TestingThread.run(MultithreadedTestUtil.java:189)



Test vvMode=v1v2
tr.result is 1

Test vvMode=v1v2
tr.result is -1
v1v2 test failed !!!
reconf_parameter: dfs.heartbeat.interval
component: DataNode
v1: 1
v2: 3s
testProject: hdfs
unitTest: org.apache.hadoop.hdfs.server.namenode.ha.TestDNFencingWithReplication#testFencingStress
reconfPoint: -2
result: -1
failureMessage: Deferred
stackTrace: java.lang.RuntimeException: Deferred
	at org.apache.hadoop.test.MultithreadedTestUtil$TestContext.checkException(MultithreadedTestUtil.java:130)
	at org.apache.hadoop.test.MultithreadedTestUtil$TestContext.stop(MultithreadedTestUtil.java:166)
	at org.apache.hadoop.hdfs.server.namenode.ha.TestDNFencingWithReplication.testFencingStress(TestDNFencingWithReplication.java:141)
	at sun.reflect.NativeMethodAccessorImpl.invoke0(Native Method)
	at sun.reflect.NativeMethodAccessorImpl.invoke(NativeMethodAccessorImpl.java:62)
	at sun.reflect.DelegatingMethodAccessorImpl.invoke(DelegatingMethodAccessorImpl.java:43)
	at java.lang.reflect.Method.invoke(Method.java:498)
	at org.junit.runners.model.FrameworkMethod$1.runReflectiveCall(FrameworkMethod.java:47)
	at org.junit.internal.runners.model.ReflectiveCallable.run(ReflectiveCallable.java:12)
	at org.junit.runners.model.FrameworkMethod.invokeExplosively(FrameworkMethod.java:44)
	at org.junit.internal.runners.statements.InvokeMethod.evaluate(InvokeMethod.java:17)
	at org.junit.runners.ParentRunner.runLeaf(ParentRunner.java:271)
	at org.junit.runners.BlockJUnit4ClassRunner.runChild(BlockJUnit4ClassRunner.java:70)
	at org.junit.runners.BlockJUnit4ClassRunner.runChild(BlockJUnit4ClassRunner.java:50)
	at org.junit.runners.ParentRunner$3.run(ParentRunner.java:238)
	at org.junit.runners.ParentRunner$1.schedule(ParentRunner.java:63)
	at org.junit.runners.ParentRunner.runChildren(ParentRunner.java:236)
	at org.junit.runners.ParentRunner.access$000(ParentRunner.java:53)
	at org.junit.runners.ParentRunner$2.evaluate(ParentRunner.java:229)
	at org.junit.runners.ParentRunner.run(ParentRunner.java:309)
	at org.apache.maven.surefire.junit4.JUnit4Provider.execute(JUnit4Provider.java:365)
	at org.apache.maven.surefire.junit4.JUnit4Provider.executeWithRerun(JUnit4Provider.java:273)
	at org.apache.maven.surefire.junit4.JUnit4Provider.executeTestSet(JUnit4Provider.java:238)
	at org.apache.maven.surefire.junit4.JUnit4Provider.invoke(JUnit4Provider.java:159)
	at org.apache.maven.surefire.booter.ForkedBooter.invokeProviderInSameClassLoader(ForkedBooter.java:384)
	at org.apache.maven.surefire.booter.ForkedBooter.runSuitesInProcess(ForkedBooter.java:345)
	at org.apache.maven.surefire.booter.ForkedBooter.execute(ForkedBooter.java:126)
	at org.apache.maven.surefire.booter.ForkedBooter.main(ForkedBooter.java:418)
Caused by: java.io.IOException: Timed out waiting for 2 replicas on path /test-18
	at org.apache.hadoop.hdfs.server.namenode.ha.TestDNFencingWithReplication$ReplicationToggler.waitForReplicas(TestDNFencingWithReplication.java:97)
	at org.apache.hadoop.hdfs.server.namenode.ha.TestDNFencingWithReplication$ReplicationToggler.doAnAction(TestDNFencingWithReplication.java:78)
	at org.apache.hadoop.test.MultithreadedTestUtil$RepeatingTestThread.doWork(MultithreadedTestUtil.java:222)
	at org.apache.hadoop.test.MultithreadedTestUtil$TestingThread.run(MultithreadedTestUtil.java:189)



Test vvMode=v1v2
tr.result is -1
v1v2 test failed !!!
reconf_parameter: dfs.heartbeat.interval
component: DataNode
v1: 1
v2: 3s
testProject: hdfs
unitTest: org.apache.hadoop.hdfs.server.namenode.ha.TestDNFencingWithReplication#testFencingStress
reconfPoint: -2
result: -1
failureMessage: Deferred
stackTrace: java.lang.RuntimeException: Deferred
	at org.apache.hadoop.test.MultithreadedTestUtil$TestContext.checkException(MultithreadedTestUtil.java:130)
	at org.apache.hadoop.test.MultithreadedTestUtil$TestContext.stop(MultithreadedTestUtil.java:166)
	at org.apache.hadoop.hdfs.server.namenode.ha.TestDNFencingWithReplication.testFencingStress(TestDNFencingWithReplication.java:141)
	at sun.reflect.NativeMethodAccessorImpl.invoke0(Native Method)
	at sun.reflect.NativeMethodAccessorImpl.invoke(NativeMethodAccessorImpl.java:62)
	at sun.reflect.DelegatingMethodAccessorImpl.invoke(DelegatingMethodAccessorImpl.java:43)
	at java.lang.reflect.Method.invoke(Method.java:498)
	at org.junit.runners.model.FrameworkMethod$1.runReflectiveCall(FrameworkMethod.java:47)
	at org.junit.internal.runners.model.ReflectiveCallable.run(ReflectiveCallable.java:12)
	at org.junit.runners.model.FrameworkMethod.invokeExplosively(FrameworkMethod.java:44)
	at org.junit.internal.runners.statements.InvokeMethod.evaluate(InvokeMethod.java:17)
	at org.junit.runners.ParentRunner.runLeaf(ParentRunner.java:271)
	at org.junit.runners.BlockJUnit4ClassRunner.runChild(BlockJUnit4ClassRunner.java:70)
	at org.junit.runners.BlockJUnit4ClassRunner.runChild(BlockJUnit4ClassRunner.java:50)
	at org.junit.runners.ParentRunner$3.run(ParentRunner.java:238)
	at org.junit.runners.ParentRunner$1.schedule(ParentRunner.java:63)
	at org.junit.runners.ParentRunner.runChildren(ParentRunner.java:236)
	at org.junit.runners.ParentRunner.access$000(ParentRunner.java:53)
	at org.junit.runners.ParentRunner$2.evaluate(ParentRunner.java:229)
	at org.junit.runners.ParentRunner.run(ParentRunner.java:309)
	at org.apache.maven.surefire.junit4.JUnit4Provider.execute(JUnit4Provider.java:365)
	at org.apache.maven.surefire.junit4.JUnit4Provider.executeWithRerun(JUnit4Provider.java:273)
	at org.apache.maven.surefire.junit4.JUnit4Provider.executeTestSet(JUnit4Provider.java:238)
	at org.apache.maven.surefire.junit4.JUnit4Provider.invoke(JUnit4Provider.java:159)
	at org.apache.maven.surefire.booter.ForkedBooter.invokeProviderInSameClassLoader(ForkedBooter.java:384)
	at org.apache.maven.surefire.booter.ForkedBooter.runSuitesInProcess(ForkedBooter.java:345)
	at org.apache.maven.surefire.booter.ForkedBooter.execute(ForkedBooter.java:126)
	at org.apache.maven.surefire.booter.ForkedBooter.main(ForkedBooter.java:418)
Caused by: java.io.IOException: Timed out waiting for 2 replicas on path /test-19
	at org.apache.hadoop.hdfs.server.namenode.ha.TestDNFencingWithReplication$ReplicationToggler.waitForReplicas(TestDNFencingWithReplication.java:97)
	at org.apache.hadoop.hdfs.server.namenode.ha.TestDNFencingWithReplication$ReplicationToggler.doAnAction(TestDNFencingWithReplication.java:78)
	at org.apache.hadoop.test.MultithreadedTestUtil$RepeatingTestThread.doWork(MultithreadedTestUtil.java:222)
	at org.apache.hadoop.test.MultithreadedTestUtil$TestingThread.run(MultithreadedTestUtil.java:189)



Test vvMode=v1v2
tr.result is 1

Test vvMode=v1v2
tr.result is 1

Test vvMode=v1v2
tr.result is -1
v1v2 test failed !!!
reconf_parameter: dfs.heartbeat.interval
component: DataNode
v1: 1
v2: 3s
testProject: hdfs
unitTest: org.apache.hadoop.hdfs.server.namenode.ha.TestDNFencingWithReplication#testFencingStress
reconfPoint: -2
result: -1
failureMessage: Deferred
stackTrace: java.lang.RuntimeException: Deferred
	at org.apache.hadoop.test.MultithreadedTestUtil$TestContext.checkException(MultithreadedTestUtil.java:130)
	at org.apache.hadoop.test.MultithreadedTestUtil$TestContext.stop(MultithreadedTestUtil.java:166)
	at org.apache.hadoop.hdfs.server.namenode.ha.TestDNFencingWithReplication.testFencingStress(TestDNFencingWithReplication.java:141)
	at sun.reflect.NativeMethodAccessorImpl.invoke0(Native Method)
	at sun.reflect.NativeMethodAccessorImpl.invoke(NativeMethodAccessorImpl.java:62)
	at sun.reflect.DelegatingMethodAccessorImpl.invoke(DelegatingMethodAccessorImpl.java:43)
	at java.lang.reflect.Method.invoke(Method.java:498)
	at org.junit.runners.model.FrameworkMethod$1.runReflectiveCall(FrameworkMethod.java:47)
	at org.junit.internal.runners.model.ReflectiveCallable.run(ReflectiveCallable.java:12)
	at org.junit.runners.model.FrameworkMethod.invokeExplosively(FrameworkMethod.java:44)
	at org.junit.internal.runners.statements.InvokeMethod.evaluate(InvokeMethod.java:17)
	at org.junit.runners.ParentRunner.runLeaf(ParentRunner.java:271)
	at org.junit.runners.BlockJUnit4ClassRunner.runChild(BlockJUnit4ClassRunner.java:70)
	at org.junit.runners.BlockJUnit4ClassRunner.runChild(BlockJUnit4ClassRunner.java:50)
	at org.junit.runners.ParentRunner$3.run(ParentRunner.java:238)
	at org.junit.runners.ParentRunner$1.schedule(ParentRunner.java:63)
	at org.junit.runners.ParentRunner.runChildren(ParentRunner.java:236)
	at org.junit.runners.ParentRunner.access$000(ParentRunner.java:53)
	at org.junit.runners.ParentRunner$2.evaluate(ParentRunner.java:229)
	at org.junit.runners.ParentRunner.run(ParentRunner.java:309)
	at org.apache.maven.surefire.junit4.JUnit4Provider.execute(JUnit4Provider.java:365)
	at org.apache.maven.surefire.junit4.JUnit4Provider.executeWithRerun(JUnit4Provider.java:273)
	at org.apache.maven.surefire.junit4.JUnit4Provider.executeTestSet(JUnit4Provider.java:238)
	at org.apache.maven.surefire.junit4.JUnit4Provider.invoke(JUnit4Provider.java:159)
	at org.apache.maven.surefire.booter.ForkedBooter.invokeProviderInSameClassLoader(ForkedBooter.java:384)
	at org.apache.maven.surefire.booter.ForkedBooter.runSuitesInProcess(ForkedBooter.java:345)
	at org.apache.maven.surefire.booter.ForkedBooter.execute(ForkedBooter.java:126)
	at org.apache.maven.surefire.booter.ForkedBooter.main(ForkedBooter.java:418)
Caused by: java.io.IOException: Timed out waiting for 2 replicas on path /test-17
	at org.apache.hadoop.hdfs.server.namenode.ha.TestDNFencingWithReplication$ReplicationToggler.waitForReplicas(TestDNFencingWithReplication.java:97)
	at org.apache.hadoop.hdfs.server.namenode.ha.TestDNFencingWithReplication$ReplicationToggler.doAnAction(TestDNFencingWithReplication.java:78)
	at org.apache.hadoop.test.MultithreadedTestUtil$RepeatingTestThread.doWork(MultithreadedTestUtil.java:222)
	at org.apache.hadoop.test.MultithreadedTestUtil$TestingThread.run(MultithreadedTestUtil.java:189)



Test vvMode=v1v2
tr.result is 1

Test vvMode=v1v2
tr.result is 1

Test vvMode=v1v2
tr.result is 1

Test vvMode=v1v2
tr.result is 1

Test vvMode=v1v2
tr.result is -1
v1v2 test failed !!!
reconf_parameter: dfs.heartbeat.interval
component: DataNode
v1: 1
v2: 3s
testProject: hdfs
unitTest: org.apache.hadoop.hdfs.server.namenode.ha.TestDNFencingWithReplication#testFencingStress
reconfPoint: -2
result: -1
failureMessage: Deferred
stackTrace: java.lang.RuntimeException: Deferred
	at org.apache.hadoop.test.MultithreadedTestUtil$TestContext.checkException(MultithreadedTestUtil.java:130)
	at org.apache.hadoop.test.MultithreadedTestUtil$TestContext.stop(MultithreadedTestUtil.java:166)
	at org.apache.hadoop.hdfs.server.namenode.ha.TestDNFencingWithReplication.testFencingStress(TestDNFencingWithReplication.java:141)
	at sun.reflect.NativeMethodAccessorImpl.invoke0(Native Method)
	at sun.reflect.NativeMethodAccessorImpl.invoke(NativeMethodAccessorImpl.java:62)
	at sun.reflect.DelegatingMethodAccessorImpl.invoke(DelegatingMethodAccessorImpl.java:43)
	at java.lang.reflect.Method.invoke(Method.java:498)
	at org.junit.runners.model.FrameworkMethod$1.runReflectiveCall(FrameworkMethod.java:47)
	at org.junit.internal.runners.model.ReflectiveCallable.run(ReflectiveCallable.java:12)
	at org.junit.runners.model.FrameworkMethod.invokeExplosively(FrameworkMethod.java:44)
	at org.junit.internal.runners.statements.InvokeMethod.evaluate(InvokeMethod.java:17)
	at org.junit.runners.ParentRunner.runLeaf(ParentRunner.java:271)
	at org.junit.runners.BlockJUnit4ClassRunner.runChild(BlockJUnit4ClassRunner.java:70)
	at org.junit.runners.BlockJUnit4ClassRunner.runChild(BlockJUnit4ClassRunner.java:50)
	at org.junit.runners.ParentRunner$3.run(ParentRunner.java:238)
	at org.junit.runners.ParentRunner$1.schedule(ParentRunner.java:63)
	at org.junit.runners.ParentRunner.runChildren(ParentRunner.java:236)
	at org.junit.runners.ParentRunner.access$000(ParentRunner.java:53)
	at org.junit.runners.ParentRunner$2.evaluate(ParentRunner.java:229)
	at org.junit.runners.ParentRunner.run(ParentRunner.java:309)
	at org.apache.maven.surefire.junit4.JUnit4Provider.execute(JUnit4Provider.java:365)
	at org.apache.maven.surefire.junit4.JUnit4Provider.executeWithRerun(JUnit4Provider.java:273)
	at org.apache.maven.surefire.junit4.JUnit4Provider.executeTestSet(JUnit4Provider.java:238)
	at org.apache.maven.surefire.junit4.JUnit4Provider.invoke(JUnit4Provider.java:159)
	at org.apache.maven.surefire.booter.ForkedBooter.invokeProviderInSameClassLoader(ForkedBooter.java:384)
	at org.apache.maven.surefire.booter.ForkedBooter.runSuitesInProcess(ForkedBooter.java:345)
	at org.apache.maven.surefire.booter.ForkedBooter.execute(ForkedBooter.java:126)
	at org.apache.maven.surefire.booter.ForkedBooter.main(ForkedBooter.java:418)
Caused by: java.io.IOException: Timed out waiting for 2 replicas on path /test-18
	at org.apache.hadoop.hdfs.server.namenode.ha.TestDNFencingWithReplication$ReplicationToggler.waitForReplicas(TestDNFencingWithReplication.java:97)
	at org.apache.hadoop.hdfs.server.namenode.ha.TestDNFencingWithReplication$ReplicationToggler.doAnAction(TestDNFencingWithReplication.java:78)
	at org.apache.hadoop.test.MultithreadedTestUtil$RepeatingTestThread.doWork(MultithreadedTestUtil.java:222)
	at org.apache.hadoop.test.MultithreadedTestUtil$TestingThread.run(MultithreadedTestUtil.java:189)



Test vvMode=v1v2
tr.result is 1

Test vvMode=v1v2
tr.result is 1

Test vvMode=v1v2
tr.result is 1

Test vvMode=v1v2
tr.result is 1

Test vvMode=v1v2
tr.result is 1

Test vvMode=v1v2
tr.result is 1

Test vvMode=v1v2
tr.result is 1

Test vvMode=v1v2
tr.result is -1
v1v2 test failed !!!
reconf_parameter: dfs.heartbeat.interval
component: DataNode
v1: 1
v2: 3s
testProject: hdfs
unitTest: org.apache.hadoop.hdfs.server.namenode.ha.TestDNFencingWithReplication#testFencingStress
reconfPoint: -2
result: -1
failureMessage: Deferred
stackTrace: java.lang.RuntimeException: Deferred
	at org.apache.hadoop.test.MultithreadedTestUtil$TestContext.checkException(MultithreadedTestUtil.java:130)
	at org.apache.hadoop.test.MultithreadedTestUtil$TestContext.stop(MultithreadedTestUtil.java:166)
	at org.apache.hadoop.hdfs.server.namenode.ha.TestDNFencingWithReplication.testFencingStress(TestDNFencingWithReplication.java:141)
	at sun.reflect.NativeMethodAccessorImpl.invoke0(Native Method)
	at sun.reflect.NativeMethodAccessorImpl.invoke(NativeMethodAccessorImpl.java:62)
	at sun.reflect.DelegatingMethodAccessorImpl.invoke(DelegatingMethodAccessorImpl.java:43)
	at java.lang.reflect.Method.invoke(Method.java:498)
	at org.junit.runners.model.FrameworkMethod$1.runReflectiveCall(FrameworkMethod.java:47)
	at org.junit.internal.runners.model.ReflectiveCallable.run(ReflectiveCallable.java:12)
	at org.junit.runners.model.FrameworkMethod.invokeExplosively(FrameworkMethod.java:44)
	at org.junit.internal.runners.statements.InvokeMethod.evaluate(InvokeMethod.java:17)
	at org.junit.runners.ParentRunner.runLeaf(ParentRunner.java:271)
	at org.junit.runners.BlockJUnit4ClassRunner.runChild(BlockJUnit4ClassRunner.java:70)
	at org.junit.runners.BlockJUnit4ClassRunner.runChild(BlockJUnit4ClassRunner.java:50)
	at org.junit.runners.ParentRunner$3.run(ParentRunner.java:238)
	at org.junit.runners.ParentRunner$1.schedule(ParentRunner.java:63)
	at org.junit.runners.ParentRunner.runChildren(ParentRunner.java:236)
	at org.junit.runners.ParentRunner.access$000(ParentRunner.java:53)
	at org.junit.runners.ParentRunner$2.evaluate(ParentRunner.java:229)
	at org.junit.runners.ParentRunner.run(ParentRunner.java:309)
	at org.apache.maven.surefire.junit4.JUnit4Provider.execute(JUnit4Provider.java:365)
	at org.apache.maven.surefire.junit4.JUnit4Provider.executeWithRerun(JUnit4Provider.java:273)
	at org.apache.maven.surefire.junit4.JUnit4Provider.executeTestSet(JUnit4Provider.java:238)
	at org.apache.maven.surefire.junit4.JUnit4Provider.invoke(JUnit4Provider.java:159)
	at org.apache.maven.surefire.booter.ForkedBooter.invokeProviderInSameClassLoader(ForkedBooter.java:384)
	at org.apache.maven.surefire.booter.ForkedBooter.runSuitesInProcess(ForkedBooter.java:345)
	at org.apache.maven.surefire.booter.ForkedBooter.execute(ForkedBooter.java:126)
	at org.apache.maven.surefire.booter.ForkedBooter.main(ForkedBooter.java:418)
Caused by: java.io.IOException: Timed out waiting for 2 replicas on path /test-17
	at org.apache.hadoop.hdfs.server.namenode.ha.TestDNFencingWithReplication$ReplicationToggler.waitForReplicas(TestDNFencingWithReplication.java:97)
	at org.apache.hadoop.hdfs.server.namenode.ha.TestDNFencingWithReplication$ReplicationToggler.doAnAction(TestDNFencingWithReplication.java:78)
	at org.apache.hadoop.test.MultithreadedTestUtil$RepeatingTestThread.doWork(MultithreadedTestUtil.java:222)
	at org.apache.hadoop.test.MultithreadedTestUtil$TestingThread.run(MultithreadedTestUtil.java:189)



Test vvMode=v1v2
tr.result is -1
v1v2 test failed !!!
reconf_parameter: dfs.heartbeat.interval
component: DataNode
v1: 1
v2: 3s
testProject: hdfs
unitTest: org.apache.hadoop.hdfs.server.namenode.ha.TestDNFencingWithReplication#testFencingStress
reconfPoint: -2
result: -1
failureMessage: Deferred
stackTrace: java.lang.RuntimeException: Deferred
	at org.apache.hadoop.test.MultithreadedTestUtil$TestContext.checkException(MultithreadedTestUtil.java:130)
	at org.apache.hadoop.test.MultithreadedTestUtil$TestContext.stop(MultithreadedTestUtil.java:166)
	at org.apache.hadoop.hdfs.server.namenode.ha.TestDNFencingWithReplication.testFencingStress(TestDNFencingWithReplication.java:141)
	at sun.reflect.NativeMethodAccessorImpl.invoke0(Native Method)
	at sun.reflect.NativeMethodAccessorImpl.invoke(NativeMethodAccessorImpl.java:62)
	at sun.reflect.DelegatingMethodAccessorImpl.invoke(DelegatingMethodAccessorImpl.java:43)
	at java.lang.reflect.Method.invoke(Method.java:498)
	at org.junit.runners.model.FrameworkMethod$1.runReflectiveCall(FrameworkMethod.java:47)
	at org.junit.internal.runners.model.ReflectiveCallable.run(ReflectiveCallable.java:12)
	at org.junit.runners.model.FrameworkMethod.invokeExplosively(FrameworkMethod.java:44)
	at org.junit.internal.runners.statements.InvokeMethod.evaluate(InvokeMethod.java:17)
	at org.junit.runners.ParentRunner.runLeaf(ParentRunner.java:271)
	at org.junit.runners.BlockJUnit4ClassRunner.runChild(BlockJUnit4ClassRunner.java:70)
	at org.junit.runners.BlockJUnit4ClassRunner.runChild(BlockJUnit4ClassRunner.java:50)
	at org.junit.runners.ParentRunner$3.run(ParentRunner.java:238)
	at org.junit.runners.ParentRunner$1.schedule(ParentRunner.java:63)
	at org.junit.runners.ParentRunner.runChildren(ParentRunner.java:236)
	at org.junit.runners.ParentRunner.access$000(ParentRunner.java:53)
	at org.junit.runners.ParentRunner$2.evaluate(ParentRunner.java:229)
	at org.junit.runners.ParentRunner.run(ParentRunner.java:309)
	at org.apache.maven.surefire.junit4.JUnit4Provider.execute(JUnit4Provider.java:365)
	at org.apache.maven.surefire.junit4.JUnit4Provider.executeWithRerun(JUnit4Provider.java:273)
	at org.apache.maven.surefire.junit4.JUnit4Provider.executeTestSet(JUnit4Provider.java:238)
	at org.apache.maven.surefire.junit4.JUnit4Provider.invoke(JUnit4Provider.java:159)
	at org.apache.maven.surefire.booter.ForkedBooter.invokeProviderInSameClassLoader(ForkedBooter.java:384)
	at org.apache.maven.surefire.booter.ForkedBooter.runSuitesInProcess(ForkedBooter.java:345)
	at org.apache.maven.surefire.booter.ForkedBooter.execute(ForkedBooter.java:126)
	at org.apache.maven.surefire.booter.ForkedBooter.main(ForkedBooter.java:418)
Caused by: java.io.IOException: Timed out waiting for 2 replicas on path /test-15
	at org.apache.hadoop.hdfs.server.namenode.ha.TestDNFencingWithReplication$ReplicationToggler.waitForReplicas(TestDNFencingWithReplication.java:97)
	at org.apache.hadoop.hdfs.server.namenode.ha.TestDNFencingWithReplication$ReplicationToggler.doAnAction(TestDNFencingWithReplication.java:78)
	at org.apache.hadoop.test.MultithreadedTestUtil$RepeatingTestThread.doWork(MultithreadedTestUtil.java:222)
	at org.apache.hadoop.test.MultithreadedTestUtil$TestingThread.run(MultithreadedTestUtil.java:189)



Test vvMode=v1v2
tr.result is -1
v1v2 test failed !!!
reconf_parameter: dfs.heartbeat.interval
component: DataNode
v1: 1
v2: 3s
testProject: hdfs
unitTest: org.apache.hadoop.hdfs.server.namenode.ha.TestDNFencingWithReplication#testFencingStress
reconfPoint: -2
result: -1
failureMessage: Deferred
stackTrace: java.lang.RuntimeException: Deferred
	at org.apache.hadoop.test.MultithreadedTestUtil$TestContext.checkException(MultithreadedTestUtil.java:130)
	at org.apache.hadoop.test.MultithreadedTestUtil$TestContext.stop(MultithreadedTestUtil.java:166)
	at org.apache.hadoop.hdfs.server.namenode.ha.TestDNFencingWithReplication.testFencingStress(TestDNFencingWithReplication.java:141)
	at sun.reflect.NativeMethodAccessorImpl.invoke0(Native Method)
	at sun.reflect.NativeMethodAccessorImpl.invoke(NativeMethodAccessorImpl.java:62)
	at sun.reflect.DelegatingMethodAccessorImpl.invoke(DelegatingMethodAccessorImpl.java:43)
	at java.lang.reflect.Method.invoke(Method.java:498)
	at org.junit.runners.model.FrameworkMethod$1.runReflectiveCall(FrameworkMethod.java:47)
	at org.junit.internal.runners.model.ReflectiveCallable.run(ReflectiveCallable.java:12)
	at org.junit.runners.model.FrameworkMethod.invokeExplosively(FrameworkMethod.java:44)
	at org.junit.internal.runners.statements.InvokeMethod.evaluate(InvokeMethod.java:17)
	at org.junit.runners.ParentRunner.runLeaf(ParentRunner.java:271)
	at org.junit.runners.BlockJUnit4ClassRunner.runChild(BlockJUnit4ClassRunner.java:70)
	at org.junit.runners.BlockJUnit4ClassRunner.runChild(BlockJUnit4ClassRunner.java:50)
	at org.junit.runners.ParentRunner$3.run(ParentRunner.java:238)
	at org.junit.runners.ParentRunner$1.schedule(ParentRunner.java:63)
	at org.junit.runners.ParentRunner.runChildren(ParentRunner.java:236)
	at org.junit.runners.ParentRunner.access$000(ParentRunner.java:53)
	at org.junit.runners.ParentRunner$2.evaluate(ParentRunner.java:229)
	at org.junit.runners.ParentRunner.run(ParentRunner.java:309)
	at org.apache.maven.surefire.junit4.JUnit4Provider.execute(JUnit4Provider.java:365)
	at org.apache.maven.surefire.junit4.JUnit4Provider.executeWithRerun(JUnit4Provider.java:273)
	at org.apache.maven.surefire.junit4.JUnit4Provider.executeTestSet(JUnit4Provider.java:238)
	at org.apache.maven.surefire.junit4.JUnit4Provider.invoke(JUnit4Provider.java:159)
	at org.apache.maven.surefire.booter.ForkedBooter.invokeProviderInSameClassLoader(ForkedBooter.java:384)
	at org.apache.maven.surefire.booter.ForkedBooter.runSuitesInProcess(ForkedBooter.java:345)
	at org.apache.maven.surefire.booter.ForkedBooter.execute(ForkedBooter.java:126)
	at org.apache.maven.surefire.booter.ForkedBooter.main(ForkedBooter.java:418)
Caused by: java.io.IOException: Timed out waiting for 2 replicas on path /test-16
	at org.apache.hadoop.hdfs.server.namenode.ha.TestDNFencingWithReplication$ReplicationToggler.waitForReplicas(TestDNFencingWithReplication.java:97)
	at org.apache.hadoop.hdfs.server.namenode.ha.TestDNFencingWithReplication$ReplicationToggler.doAnAction(TestDNFencingWithReplication.java:78)
	at org.apache.hadoop.test.MultithreadedTestUtil$RepeatingTestThread.doWork(MultithreadedTestUtil.java:222)
	at org.apache.hadoop.test.MultithreadedTestUtil$TestingThread.run(MultithreadedTestUtil.java:189)



Test vvMode=v1v2
tr.result is 1

Test vvMode=v1v2
tr.result is -1
v1v2 test failed !!!
reconf_parameter: dfs.heartbeat.interval
component: DataNode
v1: 1
v2: 3s
testProject: hdfs
unitTest: org.apache.hadoop.hdfs.server.namenode.ha.TestDNFencingWithReplication#testFencingStress
reconfPoint: -2
result: -1
failureMessage: Deferred
stackTrace: java.lang.RuntimeException: Deferred
	at org.apache.hadoop.test.MultithreadedTestUtil$TestContext.checkException(MultithreadedTestUtil.java:130)
	at org.apache.hadoop.test.MultithreadedTestUtil$TestContext.stop(MultithreadedTestUtil.java:166)
	at org.apache.hadoop.hdfs.server.namenode.ha.TestDNFencingWithReplication.testFencingStress(TestDNFencingWithReplication.java:141)
	at sun.reflect.NativeMethodAccessorImpl.invoke0(Native Method)
	at sun.reflect.NativeMethodAccessorImpl.invoke(NativeMethodAccessorImpl.java:62)
	at sun.reflect.DelegatingMethodAccessorImpl.invoke(DelegatingMethodAccessorImpl.java:43)
	at java.lang.reflect.Method.invoke(Method.java:498)
	at org.junit.runners.model.FrameworkMethod$1.runReflectiveCall(FrameworkMethod.java:47)
	at org.junit.internal.runners.model.ReflectiveCallable.run(ReflectiveCallable.java:12)
	at org.junit.runners.model.FrameworkMethod.invokeExplosively(FrameworkMethod.java:44)
	at org.junit.internal.runners.statements.InvokeMethod.evaluate(InvokeMethod.java:17)
	at org.junit.runners.ParentRunner.runLeaf(ParentRunner.java:271)
	at org.junit.runners.BlockJUnit4ClassRunner.runChild(BlockJUnit4ClassRunner.java:70)
	at org.junit.runners.BlockJUnit4ClassRunner.runChild(BlockJUnit4ClassRunner.java:50)
	at org.junit.runners.ParentRunner$3.run(ParentRunner.java:238)
	at org.junit.runners.ParentRunner$1.schedule(ParentRunner.java:63)
	at org.junit.runners.ParentRunner.runChildren(ParentRunner.java:236)
	at org.junit.runners.ParentRunner.access$000(ParentRunner.java:53)
	at org.junit.runners.ParentRunner$2.evaluate(ParentRunner.java:229)
	at org.junit.runners.ParentRunner.run(ParentRunner.java:309)
	at org.apache.maven.surefire.junit4.JUnit4Provider.execute(JUnit4Provider.java:365)
	at org.apache.maven.surefire.junit4.JUnit4Provider.executeWithRerun(JUnit4Provider.java:273)
	at org.apache.maven.surefire.junit4.JUnit4Provider.executeTestSet(JUnit4Provider.java:238)
	at org.apache.maven.surefire.junit4.JUnit4Provider.invoke(JUnit4Provider.java:159)
	at org.apache.maven.surefire.booter.ForkedBooter.invokeProviderInSameClassLoader(ForkedBooter.java:384)
	at org.apache.maven.surefire.booter.ForkedBooter.runSuitesInProcess(ForkedBooter.java:345)
	at org.apache.maven.surefire.booter.ForkedBooter.execute(ForkedBooter.java:126)
	at org.apache.maven.surefire.booter.ForkedBooter.main(ForkedBooter.java:418)
Caused by: java.io.IOException: Timed out waiting for 2 replicas on path /test-14
	at org.apache.hadoop.hdfs.server.namenode.ha.TestDNFencingWithReplication$ReplicationToggler.waitForReplicas(TestDNFencingWithReplication.java:97)
	at org.apache.hadoop.hdfs.server.namenode.ha.TestDNFencingWithReplication$ReplicationToggler.doAnAction(TestDNFencingWithReplication.java:78)
	at org.apache.hadoop.test.MultithreadedTestUtil$RepeatingTestThread.doWork(MultithreadedTestUtil.java:222)
	at org.apache.hadoop.test.MultithreadedTestUtil$TestingThread.run(MultithreadedTestUtil.java:189)



Test vvMode=v1v2
tr.result is 1

Test vvMode=v1v2
tr.result is -1
v1v2 test failed !!!
reconf_parameter: dfs.heartbeat.interval
component: DataNode
v1: 1
v2: 3s
testProject: hdfs
unitTest: org.apache.hadoop.hdfs.server.namenode.ha.TestDNFencingWithReplication#testFencingStress
reconfPoint: -2
result: -1
failureMessage: Deferred
stackTrace: java.lang.RuntimeException: Deferred
	at org.apache.hadoop.test.MultithreadedTestUtil$TestContext.checkException(MultithreadedTestUtil.java:130)
	at org.apache.hadoop.test.MultithreadedTestUtil$TestContext.stop(MultithreadedTestUtil.java:166)
	at org.apache.hadoop.hdfs.server.namenode.ha.TestDNFencingWithReplication.testFencingStress(TestDNFencingWithReplication.java:141)
	at sun.reflect.NativeMethodAccessorImpl.invoke0(Native Method)
	at sun.reflect.NativeMethodAccessorImpl.invoke(NativeMethodAccessorImpl.java:62)
	at sun.reflect.DelegatingMethodAccessorImpl.invoke(DelegatingMethodAccessorImpl.java:43)
	at java.lang.reflect.Method.invoke(Method.java:498)
	at org.junit.runners.model.FrameworkMethod$1.runReflectiveCall(FrameworkMethod.java:47)
	at org.junit.internal.runners.model.ReflectiveCallable.run(ReflectiveCallable.java:12)
	at org.junit.runners.model.FrameworkMethod.invokeExplosively(FrameworkMethod.java:44)
	at org.junit.internal.runners.statements.InvokeMethod.evaluate(InvokeMethod.java:17)
	at org.junit.runners.ParentRunner.runLeaf(ParentRunner.java:271)
	at org.junit.runners.BlockJUnit4ClassRunner.runChild(BlockJUnit4ClassRunner.java:70)
	at org.junit.runners.BlockJUnit4ClassRunner.runChild(BlockJUnit4ClassRunner.java:50)
	at org.junit.runners.ParentRunner$3.run(ParentRunner.java:238)
	at org.junit.runners.ParentRunner$1.schedule(ParentRunner.java:63)
	at org.junit.runners.ParentRunner.runChildren(ParentRunner.java:236)
	at org.junit.runners.ParentRunner.access$000(ParentRunner.java:53)
	at org.junit.runners.ParentRunner$2.evaluate(ParentRunner.java:229)
	at org.junit.runners.ParentRunner.run(ParentRunner.java:309)
	at org.apache.maven.surefire.junit4.JUnit4Provider.execute(JUnit4Provider.java:365)
	at org.apache.maven.surefire.junit4.JUnit4Provider.executeWithRerun(JUnit4Provider.java:273)
	at org.apache.maven.surefire.junit4.JUnit4Provider.executeTestSet(JUnit4Provider.java:238)
	at org.apache.maven.surefire.junit4.JUnit4Provider.invoke(JUnit4Provider.java:159)
	at org.apache.maven.surefire.booter.ForkedBooter.invokeProviderInSameClassLoader(ForkedBooter.java:384)
	at org.apache.maven.surefire.booter.ForkedBooter.runSuitesInProcess(ForkedBooter.java:345)
	at org.apache.maven.surefire.booter.ForkedBooter.execute(ForkedBooter.java:126)
	at org.apache.maven.surefire.booter.ForkedBooter.main(ForkedBooter.java:418)
Caused by: java.io.IOException: Timed out waiting for 2 replicas on path /test-19
	at org.apache.hadoop.hdfs.server.namenode.ha.TestDNFencingWithReplication$ReplicationToggler.waitForReplicas(TestDNFencingWithReplication.java:97)
	at org.apache.hadoop.hdfs.server.namenode.ha.TestDNFencingWithReplication$ReplicationToggler.doAnAction(TestDNFencingWithReplication.java:78)
	at org.apache.hadoop.test.MultithreadedTestUtil$RepeatingTestThread.doWork(MultithreadedTestUtil.java:222)
	at org.apache.hadoop.test.MultithreadedTestUtil$TestingThread.run(MultithreadedTestUtil.java:189)



Test vvMode=v1v1
tr.result is 1

Test vvMode=v2v2
tr.result is 1

Test vvMode=v1v1
tr.result is 1

Test vvMode=v2v2
tr.result is 1

Test vvMode=v1v1
tr.result is 1

Test vvMode=v2v2
tr.result is -1
v1v1 or v2v2 test failed !!!
reconf_parameter: dfs.heartbeat.interval
component: DataNode
v1: 1
v2: 3s
testProject: hdfs
unitTest: org.apache.hadoop.hdfs.server.namenode.ha.TestDNFencingWithReplication#testFencingStress
reconfPoint: -2
result: -1
failureMessage: Deferred
stackTrace: java.lang.RuntimeException: Deferred
	at org.apache.hadoop.test.MultithreadedTestUtil$TestContext.checkException(MultithreadedTestUtil.java:130)
	at org.apache.hadoop.test.MultithreadedTestUtil$TestContext.stop(MultithreadedTestUtil.java:166)
	at org.apache.hadoop.hdfs.server.namenode.ha.TestDNFencingWithReplication.testFencingStress(TestDNFencingWithReplication.java:141)
	at sun.reflect.NativeMethodAccessorImpl.invoke0(Native Method)
	at sun.reflect.NativeMethodAccessorImpl.invoke(NativeMethodAccessorImpl.java:62)
	at sun.reflect.DelegatingMethodAccessorImpl.invoke(DelegatingMethodAccessorImpl.java:43)
	at java.lang.reflect.Method.invoke(Method.java:498)
	at org.junit.runners.model.FrameworkMethod$1.runReflectiveCall(FrameworkMethod.java:47)
	at org.junit.internal.runners.model.ReflectiveCallable.run(ReflectiveCallable.java:12)
	at org.junit.runners.model.FrameworkMethod.invokeExplosively(FrameworkMethod.java:44)
	at org.junit.internal.runners.statements.InvokeMethod.evaluate(InvokeMethod.java:17)
	at org.junit.runners.ParentRunner.runLeaf(ParentRunner.java:271)
	at org.junit.runners.BlockJUnit4ClassRunner.runChild(BlockJUnit4ClassRunner.java:70)
	at org.junit.runners.BlockJUnit4ClassRunner.runChild(BlockJUnit4ClassRunner.java:50)
	at org.junit.runners.ParentRunner$3.run(ParentRunner.java:238)
	at org.junit.runners.ParentRunner$1.schedule(ParentRunner.java:63)
	at org.junit.runners.ParentRunner.runChildren(ParentRunner.java:236)
	at org.junit.runners.ParentRunner.access$000(ParentRunner.java:53)
	at org.junit.runners.ParentRunner$2.evaluate(ParentRunner.java:229)
	at org.junit.runners.ParentRunner.run(ParentRunner.java:309)
	at org.apache.maven.surefire.junit4.JUnit4Provider.execute(JUnit4Provider.java:365)
	at org.apache.maven.surefire.junit4.JUnit4Provider.executeWithRerun(JUnit4Provider.java:273)
	at org.apache.maven.surefire.junit4.JUnit4Provider.executeTestSet(JUnit4Provider.java:238)
	at org.apache.maven.surefire.junit4.JUnit4Provider.invoke(JUnit4Provider.java:159)
	at org.apache.maven.surefire.booter.ForkedBooter.invokeProviderInSameClassLoader(ForkedBooter.java:384)
	at org.apache.maven.surefire.booter.ForkedBooter.runSuitesInProcess(ForkedBooter.java:345)
	at org.apache.maven.surefire.booter.ForkedBooter.execute(ForkedBooter.java:126)
	at org.apache.maven.surefire.booter.ForkedBooter.main(ForkedBooter.java:418)
Caused by: java.io.IOException: Timed out waiting for 2 replicas on path /test-18
	at org.apache.hadoop.hdfs.server.namenode.ha.TestDNFencingWithReplication$ReplicationToggler.waitForReplicas(TestDNFencingWithReplication.java:97)
	at org.apache.hadoop.hdfs.server.namenode.ha.TestDNFencingWithReplication$ReplicationToggler.doAnAction(TestDNFencingWithReplication.java:78)
	at org.apache.hadoop.test.MultithreadedTestUtil$RepeatingTestThread.doWork(MultithreadedTestUtil.java:222)
	at org.apache.hadoop.test.MultithreadedTestUtil$TestingThread.run(MultithreadedTestUtil.java:189)



Test vvMode=v1v1
tr.result is 1

Test vvMode=v2v2
tr.result is 1

Test vvMode=v1v1
tr.result is 1

Test vvMode=v2v2
tr.result is 1

Test vvMode=v1v1
tr.result is 1

Test vvMode=v2v2
tr.result is 1

Test vvMode=v1v1
tr.result is 1

Test vvMode=v2v2
tr.result is 1

Test vvMode=v1v1
tr.result is 1

Test vvMode=v2v2
tr.result is 1

Test vvMode=v1v1
tr.result is 1

Test vvMode=v2v2
tr.result is 1

Test vvMode=v1v1
tr.result is 1

Test vvMode=v2v2
tr.result is 1

Test vvMode=v1v1
tr.result is 1

Test vvMode=v2v2
tr.result is -1
v1v1 or v2v2 test failed !!!
reconf_parameter: dfs.heartbeat.interval
component: DataNode
v1: 1
v2: 3s
testProject: hdfs
unitTest: org.apache.hadoop.hdfs.server.namenode.ha.TestDNFencingWithReplication#testFencingStress
reconfPoint: -2
result: -1
failureMessage: Deferred
stackTrace: java.lang.RuntimeException: Deferred
	at org.apache.hadoop.test.MultithreadedTestUtil$TestContext.checkException(MultithreadedTestUtil.java:130)
	at org.apache.hadoop.test.MultithreadedTestUtil$TestContext.stop(MultithreadedTestUtil.java:166)
	at org.apache.hadoop.hdfs.server.namenode.ha.TestDNFencingWithReplication.testFencingStress(TestDNFencingWithReplication.java:141)
	at sun.reflect.NativeMethodAccessorImpl.invoke0(Native Method)
	at sun.reflect.NativeMethodAccessorImpl.invoke(NativeMethodAccessorImpl.java:62)
	at sun.reflect.DelegatingMethodAccessorImpl.invoke(DelegatingMethodAccessorImpl.java:43)
	at java.lang.reflect.Method.invoke(Method.java:498)
	at org.junit.runners.model.FrameworkMethod$1.runReflectiveCall(FrameworkMethod.java:47)
	at org.junit.internal.runners.model.ReflectiveCallable.run(ReflectiveCallable.java:12)
	at org.junit.runners.model.FrameworkMethod.invokeExplosively(FrameworkMethod.java:44)
	at org.junit.internal.runners.statements.InvokeMethod.evaluate(InvokeMethod.java:17)
	at org.junit.runners.ParentRunner.runLeaf(ParentRunner.java:271)
	at org.junit.runners.BlockJUnit4ClassRunner.runChild(BlockJUnit4ClassRunner.java:70)
	at org.junit.runners.BlockJUnit4ClassRunner.runChild(BlockJUnit4ClassRunner.java:50)
	at org.junit.runners.ParentRunner$3.run(ParentRunner.java:238)
	at org.junit.runners.ParentRunner$1.schedule(ParentRunner.java:63)
	at org.junit.runners.ParentRunner.runChildren(ParentRunner.java:236)
	at org.junit.runners.ParentRunner.access$000(ParentRunner.java:53)
	at org.junit.runners.ParentRunner$2.evaluate(ParentRunner.java:229)
	at org.junit.runners.ParentRunner.run(ParentRunner.java:309)
	at org.apache.maven.surefire.junit4.JUnit4Provider.execute(JUnit4Provider.java:365)
	at org.apache.maven.surefire.junit4.JUnit4Provider.executeWithRerun(JUnit4Provider.java:273)
	at org.apache.maven.surefire.junit4.JUnit4Provider.executeTestSet(JUnit4Provider.java:238)
	at org.apache.maven.surefire.junit4.JUnit4Provider.invoke(JUnit4Provider.java:159)
	at org.apache.maven.surefire.booter.ForkedBooter.invokeProviderInSameClassLoader(ForkedBooter.java:384)
	at org.apache.maven.surefire.booter.ForkedBooter.runSuitesInProcess(ForkedBooter.java:345)
	at org.apache.maven.surefire.booter.ForkedBooter.execute(ForkedBooter.java:126)
	at org.apache.maven.surefire.booter.ForkedBooter.main(ForkedBooter.java:418)
Caused by: java.io.IOException: Timed out waiting for 2 replicas on path /test-19
	at org.apache.hadoop.hdfs.server.namenode.ha.TestDNFencingWithReplication$ReplicationToggler.waitForReplicas(TestDNFencingWithReplication.java:97)
	at org.apache.hadoop.hdfs.server.namenode.ha.TestDNFencingWithReplication$ReplicationToggler.doAnAction(TestDNFencingWithReplication.java:78)
	at org.apache.hadoop.test.MultithreadedTestUtil$RepeatingTestThread.doWork(MultithreadedTestUtil.java:222)
	at org.apache.hadoop.test.MultithreadedTestUtil$TestingThread.run(MultithreadedTestUtil.java:189)



Test vvMode=v1v1
tr.result is 1

Test vvMode=v2v2
tr.result is 1

Test vvMode=v1v1
tr.result is 1

Test vvMode=v2v2
tr.result is 1

Test vvMode=v1v1
tr.result is 1

Test vvMode=v2v2
tr.result is -1
v1v1 or v2v2 test failed !!!
reconf_parameter: dfs.heartbeat.interval
component: DataNode
v1: 1
v2: 3s
testProject: hdfs
unitTest: org.apache.hadoop.hdfs.server.namenode.ha.TestDNFencingWithReplication#testFencingStress
reconfPoint: -2
result: -1
failureMessage: Deferred
stackTrace: java.lang.RuntimeException: Deferred
	at org.apache.hadoop.test.MultithreadedTestUtil$TestContext.checkException(MultithreadedTestUtil.java:130)
	at org.apache.hadoop.test.MultithreadedTestUtil$TestContext.stop(MultithreadedTestUtil.java:166)
	at org.apache.hadoop.hdfs.server.namenode.ha.TestDNFencingWithReplication.testFencingStress(TestDNFencingWithReplication.java:141)
	at sun.reflect.NativeMethodAccessorImpl.invoke0(Native Method)
	at sun.reflect.NativeMethodAccessorImpl.invoke(NativeMethodAccessorImpl.java:62)
	at sun.reflect.DelegatingMethodAccessorImpl.invoke(DelegatingMethodAccessorImpl.java:43)
	at java.lang.reflect.Method.invoke(Method.java:498)
	at org.junit.runners.model.FrameworkMethod$1.runReflectiveCall(FrameworkMethod.java:47)
	at org.junit.internal.runners.model.ReflectiveCallable.run(ReflectiveCallable.java:12)
	at org.junit.runners.model.FrameworkMethod.invokeExplosively(FrameworkMethod.java:44)
	at org.junit.internal.runners.statements.InvokeMethod.evaluate(InvokeMethod.java:17)
	at org.junit.runners.ParentRunner.runLeaf(ParentRunner.java:271)
	at org.junit.runners.BlockJUnit4ClassRunner.runChild(BlockJUnit4ClassRunner.java:70)
	at org.junit.runners.BlockJUnit4ClassRunner.runChild(BlockJUnit4ClassRunner.java:50)
	at org.junit.runners.ParentRunner$3.run(ParentRunner.java:238)
	at org.junit.runners.ParentRunner$1.schedule(ParentRunner.java:63)
	at org.junit.runners.ParentRunner.runChildren(ParentRunner.java:236)
	at org.junit.runners.ParentRunner.access$000(ParentRunner.java:53)
	at org.junit.runners.ParentRunner$2.evaluate(ParentRunner.java:229)
	at org.junit.runners.ParentRunner.run(ParentRunner.java:309)
	at org.apache.maven.surefire.junit4.JUnit4Provider.execute(JUnit4Provider.java:365)
	at org.apache.maven.surefire.junit4.JUnit4Provider.executeWithRerun(JUnit4Provider.java:273)
	at org.apache.maven.surefire.junit4.JUnit4Provider.executeTestSet(JUnit4Provider.java:238)
	at org.apache.maven.surefire.junit4.JUnit4Provider.invoke(JUnit4Provider.java:159)
	at org.apache.maven.surefire.booter.ForkedBooter.invokeProviderInSameClassLoader(ForkedBooter.java:384)
	at org.apache.maven.surefire.booter.ForkedBooter.runSuitesInProcess(ForkedBooter.java:345)
	at org.apache.maven.surefire.booter.ForkedBooter.execute(ForkedBooter.java:126)
	at org.apache.maven.surefire.booter.ForkedBooter.main(ForkedBooter.java:418)
Caused by: java.io.IOException: Timed out waiting for 2 replicas on path /test-18
	at org.apache.hadoop.hdfs.server.namenode.ha.TestDNFencingWithReplication$ReplicationToggler.waitForReplicas(TestDNFencingWithReplication.java:97)
	at org.apache.hadoop.hdfs.server.namenode.ha.TestDNFencingWithReplication$ReplicationToggler.doAnAction(TestDNFencingWithReplication.java:78)
	at org.apache.hadoop.test.MultithreadedTestUtil$RepeatingTestThread.doWork(MultithreadedTestUtil.java:222)
	at org.apache.hadoop.test.MultithreadedTestUtil$TestingThread.run(MultithreadedTestUtil.java:189)



Test vvMode=v1v1
tr.result is 1

Test vvMode=v2v2
tr.result is 1

Test vvMode=v1v1
tr.result is 1

Test vvMode=v2v2
tr.result is 1

Test vvMode=v1v1
tr.result is 1

Test vvMode=v2v2
tr.result is -1
v1v1 or v2v2 test failed !!!
reconf_parameter: dfs.heartbeat.interval
component: DataNode
v1: 1
v2: 3s
testProject: hdfs
unitTest: org.apache.hadoop.hdfs.server.namenode.ha.TestDNFencingWithReplication#testFencingStress
reconfPoint: -2
result: -1
failureMessage: Deferred
stackTrace: java.lang.RuntimeException: Deferred
	at org.apache.hadoop.test.MultithreadedTestUtil$TestContext.checkException(MultithreadedTestUtil.java:130)
	at org.apache.hadoop.test.MultithreadedTestUtil$TestContext.stop(MultithreadedTestUtil.java:166)
	at org.apache.hadoop.hdfs.server.namenode.ha.TestDNFencingWithReplication.testFencingStress(TestDNFencingWithReplication.java:141)
	at sun.reflect.NativeMethodAccessorImpl.invoke0(Native Method)
	at sun.reflect.NativeMethodAccessorImpl.invoke(NativeMethodAccessorImpl.java:62)
	at sun.reflect.DelegatingMethodAccessorImpl.invoke(DelegatingMethodAccessorImpl.java:43)
	at java.lang.reflect.Method.invoke(Method.java:498)
	at org.junit.runners.model.FrameworkMethod$1.runReflectiveCall(FrameworkMethod.java:47)
	at org.junit.internal.runners.model.ReflectiveCallable.run(ReflectiveCallable.java:12)
	at org.junit.runners.model.FrameworkMethod.invokeExplosively(FrameworkMethod.java:44)
	at org.junit.internal.runners.statements.InvokeMethod.evaluate(InvokeMethod.java:17)
	at org.junit.runners.ParentRunner.runLeaf(ParentRunner.java:271)
	at org.junit.runners.BlockJUnit4ClassRunner.runChild(BlockJUnit4ClassRunner.java:70)
	at org.junit.runners.BlockJUnit4ClassRunner.runChild(BlockJUnit4ClassRunner.java:50)
	at org.junit.runners.ParentRunner$3.run(ParentRunner.java:238)
	at org.junit.runners.ParentRunner$1.schedule(ParentRunner.java:63)
	at org.junit.runners.ParentRunner.runChildren(ParentRunner.java:236)
	at org.junit.runners.ParentRunner.access$000(ParentRunner.java:53)
	at org.junit.runners.ParentRunner$2.evaluate(ParentRunner.java:229)
	at org.junit.runners.ParentRunner.run(ParentRunner.java:309)
	at org.apache.maven.surefire.junit4.JUnit4Provider.execute(JUnit4Provider.java:365)
	at org.apache.maven.surefire.junit4.JUnit4Provider.executeWithRerun(JUnit4Provider.java:273)
	at org.apache.maven.surefire.junit4.JUnit4Provider.executeTestSet(JUnit4Provider.java:238)
	at org.apache.maven.surefire.junit4.JUnit4Provider.invoke(JUnit4Provider.java:159)
	at org.apache.maven.surefire.booter.ForkedBooter.invokeProviderInSameClassLoader(ForkedBooter.java:384)
	at org.apache.maven.surefire.booter.ForkedBooter.runSuitesInProcess(ForkedBooter.java:345)
	at org.apache.maven.surefire.booter.ForkedBooter.execute(ForkedBooter.java:126)
	at org.apache.maven.surefire.booter.ForkedBooter.main(ForkedBooter.java:418)
Caused by: java.io.IOException: Timed out waiting for 2 replicas on path /test-19
	at org.apache.hadoop.hdfs.server.namenode.ha.TestDNFencingWithReplication$ReplicationToggler.waitForReplicas(TestDNFencingWithReplication.java:97)
	at org.apache.hadoop.hdfs.server.namenode.ha.TestDNFencingWithReplication$ReplicationToggler.doAnAction(TestDNFencingWithReplication.java:78)
	at org.apache.hadoop.test.MultithreadedTestUtil$RepeatingTestThread.doWork(MultithreadedTestUtil.java:222)
	at org.apache.hadoop.test.MultithreadedTestUtil$TestingThread.run(MultithreadedTestUtil.java:189)



Test vvMode=v1v1
tr.result is 1

Test vvMode=v2v2
tr.result is -1
v1v1 or v2v2 test failed !!!
reconf_parameter: dfs.heartbeat.interval
component: DataNode
v1: 1
v2: 3s
testProject: hdfs
unitTest: org.apache.hadoop.hdfs.server.namenode.ha.TestDNFencingWithReplication#testFencingStress
reconfPoint: -2
result: -1
failureMessage: Deferred
stackTrace: java.lang.RuntimeException: Deferred
	at org.apache.hadoop.test.MultithreadedTestUtil$TestContext.checkException(MultithreadedTestUtil.java:130)
	at org.apache.hadoop.test.MultithreadedTestUtil$TestContext.stop(MultithreadedTestUtil.java:166)
	at org.apache.hadoop.hdfs.server.namenode.ha.TestDNFencingWithReplication.testFencingStress(TestDNFencingWithReplication.java:141)
	at sun.reflect.NativeMethodAccessorImpl.invoke0(Native Method)
	at sun.reflect.NativeMethodAccessorImpl.invoke(NativeMethodAccessorImpl.java:62)
	at sun.reflect.DelegatingMethodAccessorImpl.invoke(DelegatingMethodAccessorImpl.java:43)
	at java.lang.reflect.Method.invoke(Method.java:498)
	at org.junit.runners.model.FrameworkMethod$1.runReflectiveCall(FrameworkMethod.java:47)
	at org.junit.internal.runners.model.ReflectiveCallable.run(ReflectiveCallable.java:12)
	at org.junit.runners.model.FrameworkMethod.invokeExplosively(FrameworkMethod.java:44)
	at org.junit.internal.runners.statements.InvokeMethod.evaluate(InvokeMethod.java:17)
	at org.junit.runners.ParentRunner.runLeaf(ParentRunner.java:271)
	at org.junit.runners.BlockJUnit4ClassRunner.runChild(BlockJUnit4ClassRunner.java:70)
	at org.junit.runners.BlockJUnit4ClassRunner.runChild(BlockJUnit4ClassRunner.java:50)
	at org.junit.runners.ParentRunner$3.run(ParentRunner.java:238)
	at org.junit.runners.ParentRunner$1.schedule(ParentRunner.java:63)
	at org.junit.runners.ParentRunner.runChildren(ParentRunner.java:236)
	at org.junit.runners.ParentRunner.access$000(ParentRunner.java:53)
	at org.junit.runners.ParentRunner$2.evaluate(ParentRunner.java:229)
	at org.junit.runners.ParentRunner.run(ParentRunner.java:309)
	at org.apache.maven.surefire.junit4.JUnit4Provider.execute(JUnit4Provider.java:365)
	at org.apache.maven.surefire.junit4.JUnit4Provider.executeWithRerun(JUnit4Provider.java:273)
	at org.apache.maven.surefire.junit4.JUnit4Provider.executeTestSet(JUnit4Provider.java:238)
	at org.apache.maven.surefire.junit4.JUnit4Provider.invoke(JUnit4Provider.java:159)
	at org.apache.maven.surefire.booter.ForkedBooter.invokeProviderInSameClassLoader(ForkedBooter.java:384)
	at org.apache.maven.surefire.booter.ForkedBooter.runSuitesInProcess(ForkedBooter.java:345)
	at org.apache.maven.surefire.booter.ForkedBooter.execute(ForkedBooter.java:126)
	at org.apache.maven.surefire.booter.ForkedBooter.main(ForkedBooter.java:418)
Caused by: java.io.IOException: Timed out waiting for 2 replicas on path /test-18
	at org.apache.hadoop.hdfs.server.namenode.ha.TestDNFencingWithReplication$ReplicationToggler.waitForReplicas(TestDNFencingWithReplication.java:97)
	at org.apache.hadoop.hdfs.server.namenode.ha.TestDNFencingWithReplication$ReplicationToggler.doAnAction(TestDNFencingWithReplication.java:78)
	at org.apache.hadoop.test.MultithreadedTestUtil$RepeatingTestThread.doWork(MultithreadedTestUtil.java:222)
	at org.apache.hadoop.test.MultithreadedTestUtil$TestingThread.run(MultithreadedTestUtil.java:189)



Test vvMode=v1v1
tr.result is 1

Test vvMode=v2v2
tr.result is 1

Test vvMode=v1v1
tr.result is 1

Test vvMode=v2v2
tr.result is 1

Test vvMode=v1v1
tr.result is 1

Test vvMode=v2v2
tr.result is -1
v1v1 or v2v2 test failed !!!
reconf_parameter: dfs.heartbeat.interval
component: DataNode
v1: 1
v2: 3s
testProject: hdfs
unitTest: org.apache.hadoop.hdfs.server.namenode.ha.TestDNFencingWithReplication#testFencingStress
reconfPoint: -2
result: -1
failureMessage: Deferred
stackTrace: java.lang.RuntimeException: Deferred
	at org.apache.hadoop.test.MultithreadedTestUtil$TestContext.checkException(MultithreadedTestUtil.java:130)
	at org.apache.hadoop.test.MultithreadedTestUtil$TestContext.stop(MultithreadedTestUtil.java:166)
	at org.apache.hadoop.hdfs.server.namenode.ha.TestDNFencingWithReplication.testFencingStress(TestDNFencingWithReplication.java:141)
	at sun.reflect.NativeMethodAccessorImpl.invoke0(Native Method)
	at sun.reflect.NativeMethodAccessorImpl.invoke(NativeMethodAccessorImpl.java:62)
	at sun.reflect.DelegatingMethodAccessorImpl.invoke(DelegatingMethodAccessorImpl.java:43)
	at java.lang.reflect.Method.invoke(Method.java:498)
	at org.junit.runners.model.FrameworkMethod$1.runReflectiveCall(FrameworkMethod.java:47)
	at org.junit.internal.runners.model.ReflectiveCallable.run(ReflectiveCallable.java:12)
	at org.junit.runners.model.FrameworkMethod.invokeExplosively(FrameworkMethod.java:44)
	at org.junit.internal.runners.statements.InvokeMethod.evaluate(InvokeMethod.java:17)
	at org.junit.runners.ParentRunner.runLeaf(ParentRunner.java:271)
	at org.junit.runners.BlockJUnit4ClassRunner.runChild(BlockJUnit4ClassRunner.java:70)
	at org.junit.runners.BlockJUnit4ClassRunner.runChild(BlockJUnit4ClassRunner.java:50)
	at org.junit.runners.ParentRunner$3.run(ParentRunner.java:238)
	at org.junit.runners.ParentRunner$1.schedule(ParentRunner.java:63)
	at org.junit.runners.ParentRunner.runChildren(ParentRunner.java:236)
	at org.junit.runners.ParentRunner.access$000(ParentRunner.java:53)
	at org.junit.runners.ParentRunner$2.evaluate(ParentRunner.java:229)
	at org.junit.runners.ParentRunner.run(ParentRunner.java:309)
	at org.apache.maven.surefire.junit4.JUnit4Provider.execute(JUnit4Provider.java:365)
	at org.apache.maven.surefire.junit4.JUnit4Provider.executeWithRerun(JUnit4Provider.java:273)
	at org.apache.maven.surefire.junit4.JUnit4Provider.executeTestSet(JUnit4Provider.java:238)
	at org.apache.maven.surefire.junit4.JUnit4Provider.invoke(JUnit4Provider.java:159)
	at org.apache.maven.surefire.booter.ForkedBooter.invokeProviderInSameClassLoader(ForkedBooter.java:384)
	at org.apache.maven.surefire.booter.ForkedBooter.runSuitesInProcess(ForkedBooter.java:345)
	at org.apache.maven.surefire.booter.ForkedBooter.execute(ForkedBooter.java:126)
	at org.apache.maven.surefire.booter.ForkedBooter.main(ForkedBooter.java:418)
Caused by: java.io.IOException: Timed out waiting for 2 replicas on path /test-19
	at org.apache.hadoop.hdfs.server.namenode.ha.TestDNFencingWithReplication$ReplicationToggler.waitForReplicas(TestDNFencingWithReplication.java:97)
	at org.apache.hadoop.hdfs.server.namenode.ha.TestDNFencingWithReplication$ReplicationToggler.doAnAction(TestDNFencingWithReplication.java:78)
	at org.apache.hadoop.test.MultithreadedTestUtil$RepeatingTestThread.doWork(MultithreadedTestUtil.java:222)
	at org.apache.hadoop.test.MultithreadedTestUtil$TestingThread.run(MultithreadedTestUtil.java:189)



Test vvMode=v1v1
tr.result is 1

Test vvMode=v2v2
tr.result is 1

Test vvMode=v1v1
tr.result is 1

Test vvMode=v2v2
tr.result is -1
v1v1 or v2v2 test failed !!!
reconf_parameter: dfs.heartbeat.interval
component: DataNode
v1: 1
v2: 3s
testProject: hdfs
unitTest: org.apache.hadoop.hdfs.server.namenode.ha.TestDNFencingWithReplication#testFencingStress
reconfPoint: -2
result: -1
failureMessage: Deferred
stackTrace: java.lang.RuntimeException: Deferred
	at org.apache.hadoop.test.MultithreadedTestUtil$TestContext.checkException(MultithreadedTestUtil.java:130)
	at org.apache.hadoop.test.MultithreadedTestUtil$TestContext.stop(MultithreadedTestUtil.java:166)
	at org.apache.hadoop.hdfs.server.namenode.ha.TestDNFencingWithReplication.testFencingStress(TestDNFencingWithReplication.java:141)
	at sun.reflect.NativeMethodAccessorImpl.invoke0(Native Method)
	at sun.reflect.NativeMethodAccessorImpl.invoke(NativeMethodAccessorImpl.java:62)
	at sun.reflect.DelegatingMethodAccessorImpl.invoke(DelegatingMethodAccessorImpl.java:43)
	at java.lang.reflect.Method.invoke(Method.java:498)
	at org.junit.runners.model.FrameworkMethod$1.runReflectiveCall(FrameworkMethod.java:47)
	at org.junit.internal.runners.model.ReflectiveCallable.run(ReflectiveCallable.java:12)
	at org.junit.runners.model.FrameworkMethod.invokeExplosively(FrameworkMethod.java:44)
	at org.junit.internal.runners.statements.InvokeMethod.evaluate(InvokeMethod.java:17)
	at org.junit.runners.ParentRunner.runLeaf(ParentRunner.java:271)
	at org.junit.runners.BlockJUnit4ClassRunner.runChild(BlockJUnit4ClassRunner.java:70)
	at org.junit.runners.BlockJUnit4ClassRunner.runChild(BlockJUnit4ClassRunner.java:50)
	at org.junit.runners.ParentRunner$3.run(ParentRunner.java:238)
	at org.junit.runners.ParentRunner$1.schedule(ParentRunner.java:63)
	at org.junit.runners.ParentRunner.runChildren(ParentRunner.java:236)
	at org.junit.runners.ParentRunner.access$000(ParentRunner.java:53)
	at org.junit.runners.ParentRunner$2.evaluate(ParentRunner.java:229)
	at org.junit.runners.ParentRunner.run(ParentRunner.java:309)
	at org.apache.maven.surefire.junit4.JUnit4Provider.execute(JUnit4Provider.java:365)
	at org.apache.maven.surefire.junit4.JUnit4Provider.executeWithRerun(JUnit4Provider.java:273)
	at org.apache.maven.surefire.junit4.JUnit4Provider.executeTestSet(JUnit4Provider.java:238)
	at org.apache.maven.surefire.junit4.JUnit4Provider.invoke(JUnit4Provider.java:159)
	at org.apache.maven.surefire.booter.ForkedBooter.invokeProviderInSameClassLoader(ForkedBooter.java:384)
	at org.apache.maven.surefire.booter.ForkedBooter.runSuitesInProcess(ForkedBooter.java:345)
	at org.apache.maven.surefire.booter.ForkedBooter.execute(ForkedBooter.java:126)
	at org.apache.maven.surefire.booter.ForkedBooter.main(ForkedBooter.java:418)
Caused by: java.io.IOException: Timed out waiting for 2 replicas on path /test-19
	at org.apache.hadoop.hdfs.server.namenode.ha.TestDNFencingWithReplication$ReplicationToggler.waitForReplicas(TestDNFencingWithReplication.java:97)
	at org.apache.hadoop.hdfs.server.namenode.ha.TestDNFencingWithReplication$ReplicationToggler.doAnAction(TestDNFencingWithReplication.java:78)
	at org.apache.hadoop.test.MultithreadedTestUtil$RepeatingTestThread.doWork(MultithreadedTestUtil.java:222)
	at org.apache.hadoop.test.MultithreadedTestUtil$TestingThread.run(MultithreadedTestUtil.java:189)



Test vvMode=v1v1
tr.result is 1

Test vvMode=v2v2
tr.result is 1

Test vvMode=v1v1
tr.result is 1

Test vvMode=v2v2
tr.result is 1

Test vvMode=v1v1
tr.result is 1

Test vvMode=v2v2
tr.result is 1

Test vvMode=v1v1
tr.result is 1

Test vvMode=v2v2
tr.result is 1

Test vvMode=v1v1
tr.result is 1

Test vvMode=v2v2
tr.result is 1

Test vvMode=v1v1
tr.result is 1

Test vvMode=v2v2
tr.result is 1

Test vvMode=v1v1
tr.result is 1

Test vvMode=v2v2
tr.result is 1

Test vvMode=v1v1
tr.result is 1

Test vvMode=v2v2
tr.result is -1
v1v1 or v2v2 test failed !!!
reconf_parameter: dfs.heartbeat.interval
component: DataNode
v1: 1
v2: 3s
testProject: hdfs
unitTest: org.apache.hadoop.hdfs.server.namenode.ha.TestDNFencingWithReplication#testFencingStress
reconfPoint: -2
result: -1
failureMessage: Deferred
stackTrace: java.lang.RuntimeException: Deferred
	at org.apache.hadoop.test.MultithreadedTestUtil$TestContext.checkException(MultithreadedTestUtil.java:130)
	at org.apache.hadoop.test.MultithreadedTestUtil$TestContext.stop(MultithreadedTestUtil.java:166)
	at org.apache.hadoop.hdfs.server.namenode.ha.TestDNFencingWithReplication.testFencingStress(TestDNFencingWithReplication.java:141)
	at sun.reflect.NativeMethodAccessorImpl.invoke0(Native Method)
	at sun.reflect.NativeMethodAccessorImpl.invoke(NativeMethodAccessorImpl.java:62)
	at sun.reflect.DelegatingMethodAccessorImpl.invoke(DelegatingMethodAccessorImpl.java:43)
	at java.lang.reflect.Method.invoke(Method.java:498)
	at org.junit.runners.model.FrameworkMethod$1.runReflectiveCall(FrameworkMethod.java:47)
	at org.junit.internal.runners.model.ReflectiveCallable.run(ReflectiveCallable.java:12)
	at org.junit.runners.model.FrameworkMethod.invokeExplosively(FrameworkMethod.java:44)
	at org.junit.internal.runners.statements.InvokeMethod.evaluate(InvokeMethod.java:17)
	at org.junit.runners.ParentRunner.runLeaf(ParentRunner.java:271)
	at org.junit.runners.BlockJUnit4ClassRunner.runChild(BlockJUnit4ClassRunner.java:70)
	at org.junit.runners.BlockJUnit4ClassRunner.runChild(BlockJUnit4ClassRunner.java:50)
	at org.junit.runners.ParentRunner$3.run(ParentRunner.java:238)
	at org.junit.runners.ParentRunner$1.schedule(ParentRunner.java:63)
	at org.junit.runners.ParentRunner.runChildren(ParentRunner.java:236)
	at org.junit.runners.ParentRunner.access$000(ParentRunner.java:53)
	at org.junit.runners.ParentRunner$2.evaluate(ParentRunner.java:229)
	at org.junit.runners.ParentRunner.run(ParentRunner.java:309)
	at org.apache.maven.surefire.junit4.JUnit4Provider.execute(JUnit4Provider.java:365)
	at org.apache.maven.surefire.junit4.JUnit4Provider.executeWithRerun(JUnit4Provider.java:273)
	at org.apache.maven.surefire.junit4.JUnit4Provider.executeTestSet(JUnit4Provider.java:238)
	at org.apache.maven.surefire.junit4.JUnit4Provider.invoke(JUnit4Provider.java:159)
	at org.apache.maven.surefire.booter.ForkedBooter.invokeProviderInSameClassLoader(ForkedBooter.java:384)
	at org.apache.maven.surefire.booter.ForkedBooter.runSuitesInProcess(ForkedBooter.java:345)
	at org.apache.maven.surefire.booter.ForkedBooter.execute(ForkedBooter.java:126)
	at org.apache.maven.surefire.booter.ForkedBooter.main(ForkedBooter.java:418)
Caused by: java.io.IOException: Timed out waiting for 2 replicas on path /test-19
	at org.apache.hadoop.hdfs.server.namenode.ha.TestDNFencingWithReplication$ReplicationToggler.waitForReplicas(TestDNFencingWithReplication.java:97)
	at org.apache.hadoop.hdfs.server.namenode.ha.TestDNFencingWithReplication$ReplicationToggler.doAnAction(TestDNFencingWithReplication.java:78)
	at org.apache.hadoop.test.MultithreadedTestUtil$RepeatingTestThread.doWork(MultithreadedTestUtil.java:222)
	at org.apache.hadoop.test.MultithreadedTestUtil$TestingThread.run(MultithreadedTestUtil.java:189)



Test vvMode=v1v1
tr.result is 1

Test vvMode=v2v2
tr.result is 1

Test vvMode=v1v1
tr.result is 1

Test vvMode=v2v2
tr.result is 1

Test vvMode=v1v1
tr.result is 1

Test vvMode=v2v2
tr.result is -1
v1v1 or v2v2 test failed !!!
reconf_parameter: dfs.heartbeat.interval
component: DataNode
v1: 1
v2: 3s
testProject: hdfs
unitTest: org.apache.hadoop.hdfs.server.namenode.ha.TestDNFencingWithReplication#testFencingStress
reconfPoint: -2
result: -1
failureMessage: Deferred
stackTrace: java.lang.RuntimeException: Deferred
	at org.apache.hadoop.test.MultithreadedTestUtil$TestContext.checkException(MultithreadedTestUtil.java:130)
	at org.apache.hadoop.test.MultithreadedTestUtil$TestContext.stop(MultithreadedTestUtil.java:166)
	at org.apache.hadoop.hdfs.server.namenode.ha.TestDNFencingWithReplication.testFencingStress(TestDNFencingWithReplication.java:141)
	at sun.reflect.NativeMethodAccessorImpl.invoke0(Native Method)
	at sun.reflect.NativeMethodAccessorImpl.invoke(NativeMethodAccessorImpl.java:62)
	at sun.reflect.DelegatingMethodAccessorImpl.invoke(DelegatingMethodAccessorImpl.java:43)
	at java.lang.reflect.Method.invoke(Method.java:498)
	at org.junit.runners.model.FrameworkMethod$1.runReflectiveCall(FrameworkMethod.java:47)
	at org.junit.internal.runners.model.ReflectiveCallable.run(ReflectiveCallable.java:12)
	at org.junit.runners.model.FrameworkMethod.invokeExplosively(FrameworkMethod.java:44)
	at org.junit.internal.runners.statements.InvokeMethod.evaluate(InvokeMethod.java:17)
	at org.junit.runners.ParentRunner.runLeaf(ParentRunner.java:271)
	at org.junit.runners.BlockJUnit4ClassRunner.runChild(BlockJUnit4ClassRunner.java:70)
	at org.junit.runners.BlockJUnit4ClassRunner.runChild(BlockJUnit4ClassRunner.java:50)
	at org.junit.runners.ParentRunner$3.run(ParentRunner.java:238)
	at org.junit.runners.ParentRunner$1.schedule(ParentRunner.java:63)
	at org.junit.runners.ParentRunner.runChildren(ParentRunner.java:236)
	at org.junit.runners.ParentRunner.access$000(ParentRunner.java:53)
	at org.junit.runners.ParentRunner$2.evaluate(ParentRunner.java:229)
	at org.junit.runners.ParentRunner.run(ParentRunner.java:309)
	at org.apache.maven.surefire.junit4.JUnit4Provider.execute(JUnit4Provider.java:365)
	at org.apache.maven.surefire.junit4.JUnit4Provider.executeWithRerun(JUnit4Provider.java:273)
	at org.apache.maven.surefire.junit4.JUnit4Provider.executeTestSet(JUnit4Provider.java:238)
	at org.apache.maven.surefire.junit4.JUnit4Provider.invoke(JUnit4Provider.java:159)
	at org.apache.maven.surefire.booter.ForkedBooter.invokeProviderInSameClassLoader(ForkedBooter.java:384)
	at org.apache.maven.surefire.booter.ForkedBooter.runSuitesInProcess(ForkedBooter.java:345)
	at org.apache.maven.surefire.booter.ForkedBooter.execute(ForkedBooter.java:126)
	at org.apache.maven.surefire.booter.ForkedBooter.main(ForkedBooter.java:418)
Caused by: java.io.IOException: Timed out waiting for 2 replicas on path /test-19
	at org.apache.hadoop.hdfs.server.namenode.ha.TestDNFencingWithReplication$ReplicationToggler.waitForReplicas(TestDNFencingWithReplication.java:97)
	at org.apache.hadoop.hdfs.server.namenode.ha.TestDNFencingWithReplication$ReplicationToggler.doAnAction(TestDNFencingWithReplication.java:78)
	at org.apache.hadoop.test.MultithreadedTestUtil$RepeatingTestThread.doWork(MultithreadedTestUtil.java:222)
	at org.apache.hadoop.test.MultithreadedTestUtil$TestingThread.run(MultithreadedTestUtil.java:189)



Test vvMode=v1v1
tr.result is 1

Test vvMode=v2v2
tr.result is 1

Test vvMode=v1v1
tr.result is 1

Test vvMode=v2v2
tr.result is -1
v1v1 or v2v2 test failed !!!
reconf_parameter: dfs.heartbeat.interval
component: DataNode
v1: 1
v2: 3s
testProject: hdfs
unitTest: org.apache.hadoop.hdfs.server.namenode.ha.TestDNFencingWithReplication#testFencingStress
reconfPoint: -2
result: -1
failureMessage: Deferred
stackTrace: java.lang.RuntimeException: Deferred
	at org.apache.hadoop.test.MultithreadedTestUtil$TestContext.checkException(MultithreadedTestUtil.java:130)
	at org.apache.hadoop.test.MultithreadedTestUtil$TestContext.stop(MultithreadedTestUtil.java:166)
	at org.apache.hadoop.hdfs.server.namenode.ha.TestDNFencingWithReplication.testFencingStress(TestDNFencingWithReplication.java:141)
	at sun.reflect.NativeMethodAccessorImpl.invoke0(Native Method)
	at sun.reflect.NativeMethodAccessorImpl.invoke(NativeMethodAccessorImpl.java:62)
	at sun.reflect.DelegatingMethodAccessorImpl.invoke(DelegatingMethodAccessorImpl.java:43)
	at java.lang.reflect.Method.invoke(Method.java:498)
	at org.junit.runners.model.FrameworkMethod$1.runReflectiveCall(FrameworkMethod.java:47)
	at org.junit.internal.runners.model.ReflectiveCallable.run(ReflectiveCallable.java:12)
	at org.junit.runners.model.FrameworkMethod.invokeExplosively(FrameworkMethod.java:44)
	at org.junit.internal.runners.statements.InvokeMethod.evaluate(InvokeMethod.java:17)
	at org.junit.runners.ParentRunner.runLeaf(ParentRunner.java:271)
	at org.junit.runners.BlockJUnit4ClassRunner.runChild(BlockJUnit4ClassRunner.java:70)
	at org.junit.runners.BlockJUnit4ClassRunner.runChild(BlockJUnit4ClassRunner.java:50)
	at org.junit.runners.ParentRunner$3.run(ParentRunner.java:238)
	at org.junit.runners.ParentRunner$1.schedule(ParentRunner.java:63)
	at org.junit.runners.ParentRunner.runChildren(ParentRunner.java:236)
	at org.junit.runners.ParentRunner.access$000(ParentRunner.java:53)
	at org.junit.runners.ParentRunner$2.evaluate(ParentRunner.java:229)
	at org.junit.runners.ParentRunner.run(ParentRunner.java:309)
	at org.apache.maven.surefire.junit4.JUnit4Provider.execute(JUnit4Provider.java:365)
	at org.apache.maven.surefire.junit4.JUnit4Provider.executeWithRerun(JUnit4Provider.java:273)
	at org.apache.maven.surefire.junit4.JUnit4Provider.executeTestSet(JUnit4Provider.java:238)
	at org.apache.maven.surefire.junit4.JUnit4Provider.invoke(JUnit4Provider.java:159)
	at org.apache.maven.surefire.booter.ForkedBooter.invokeProviderInSameClassLoader(ForkedBooter.java:384)
	at org.apache.maven.surefire.booter.ForkedBooter.runSuitesInProcess(ForkedBooter.java:345)
	at org.apache.maven.surefire.booter.ForkedBooter.execute(ForkedBooter.java:126)
	at org.apache.maven.surefire.booter.ForkedBooter.main(ForkedBooter.java:418)
Caused by: java.io.IOException: Timed out waiting for 2 replicas on path /test-19
	at org.apache.hadoop.hdfs.server.namenode.ha.TestDNFencingWithReplication$ReplicationToggler.waitForReplicas(TestDNFencingWithReplication.java:97)
	at org.apache.hadoop.hdfs.server.namenode.ha.TestDNFencingWithReplication$ReplicationToggler.doAnAction(TestDNFencingWithReplication.java:78)
	at org.apache.hadoop.test.MultithreadedTestUtil$RepeatingTestThread.doWork(MultithreadedTestUtil.java:222)
	at org.apache.hadoop.test.MultithreadedTestUtil$TestingThread.run(MultithreadedTestUtil.java:189)



Test vvMode=v1v1
tr.result is 1

Test vvMode=v2v2
tr.result is 1

Test vvMode=v1v1
tr.result is 1

Test vvMode=v2v2
tr.result is 1

Test vvMode=v1v1
tr.result is 1

Test vvMode=v2v2
tr.result is 1

Test vvMode=v1v1
tr.result is 1

Test vvMode=v2v2
tr.result is 1

Test vvMode=v1v1
tr.result is 1

Test vvMode=v2v2
tr.result is -1
v1v1 or v2v2 test failed !!!
reconf_parameter: dfs.heartbeat.interval
component: DataNode
v1: 1
v2: 3s
testProject: hdfs
unitTest: org.apache.hadoop.hdfs.server.namenode.ha.TestDNFencingWithReplication#testFencingStress
reconfPoint: -2
result: -1
failureMessage: Deferred
stackTrace: java.lang.RuntimeException: Deferred
	at org.apache.hadoop.test.MultithreadedTestUtil$TestContext.checkException(MultithreadedTestUtil.java:130)
	at org.apache.hadoop.test.MultithreadedTestUtil$TestContext.stop(MultithreadedTestUtil.java:166)
	at org.apache.hadoop.hdfs.server.namenode.ha.TestDNFencingWithReplication.testFencingStress(TestDNFencingWithReplication.java:141)
	at sun.reflect.NativeMethodAccessorImpl.invoke0(Native Method)
	at sun.reflect.NativeMethodAccessorImpl.invoke(NativeMethodAccessorImpl.java:62)
	at sun.reflect.DelegatingMethodAccessorImpl.invoke(DelegatingMethodAccessorImpl.java:43)
	at java.lang.reflect.Method.invoke(Method.java:498)
	at org.junit.runners.model.FrameworkMethod$1.runReflectiveCall(FrameworkMethod.java:47)
	at org.junit.internal.runners.model.ReflectiveCallable.run(ReflectiveCallable.java:12)
	at org.junit.runners.model.FrameworkMethod.invokeExplosively(FrameworkMethod.java:44)
	at org.junit.internal.runners.statements.InvokeMethod.evaluate(InvokeMethod.java:17)
	at org.junit.runners.ParentRunner.runLeaf(ParentRunner.java:271)
	at org.junit.runners.BlockJUnit4ClassRunner.runChild(BlockJUnit4ClassRunner.java:70)
	at org.junit.runners.BlockJUnit4ClassRunner.runChild(BlockJUnit4ClassRunner.java:50)
	at org.junit.runners.ParentRunner$3.run(ParentRunner.java:238)
	at org.junit.runners.ParentRunner$1.schedule(ParentRunner.java:63)
	at org.junit.runners.ParentRunner.runChildren(ParentRunner.java:236)
	at org.junit.runners.ParentRunner.access$000(ParentRunner.java:53)
	at org.junit.runners.ParentRunner$2.evaluate(ParentRunner.java:229)
	at org.junit.runners.ParentRunner.run(ParentRunner.java:309)
	at org.apache.maven.surefire.junit4.JUnit4Provider.execute(JUnit4Provider.java:365)
	at org.apache.maven.surefire.junit4.JUnit4Provider.executeWithRerun(JUnit4Provider.java:273)
	at org.apache.maven.surefire.junit4.JUnit4Provider.executeTestSet(JUnit4Provider.java:238)
	at org.apache.maven.surefire.junit4.JUnit4Provider.invoke(JUnit4Provider.java:159)
	at org.apache.maven.surefire.booter.ForkedBooter.invokeProviderInSameClassLoader(ForkedBooter.java:384)
	at org.apache.maven.surefire.booter.ForkedBooter.runSuitesInProcess(ForkedBooter.java:345)
	at org.apache.maven.surefire.booter.ForkedBooter.execute(ForkedBooter.java:126)
	at org.apache.maven.surefire.booter.ForkedBooter.main(ForkedBooter.java:418)
Caused by: java.io.IOException: Timed out waiting for 2 replicas on path /test-18
	at org.apache.hadoop.hdfs.server.namenode.ha.TestDNFencingWithReplication$ReplicationToggler.waitForReplicas(TestDNFencingWithReplication.java:97)
	at org.apache.hadoop.hdfs.server.namenode.ha.TestDNFencingWithReplication$ReplicationToggler.doAnAction(TestDNFencingWithReplication.java:78)
	at org.apache.hadoop.test.MultithreadedTestUtil$RepeatingTestThread.doWork(MultithreadedTestUtil.java:222)
	at org.apache.hadoop.test.MultithreadedTestUtil$TestingThread.run(MultithreadedTestUtil.java:189)



Test vvMode=v1v1
tr.result is 1

Test vvMode=v2v2
tr.result is 1

Test vvMode=v1v1
tr.result is 1

Test vvMode=v2v2
tr.result is 1

Test vvMode=v1v1
tr.result is 1

Test vvMode=v2v2
tr.result is 1

Test vvMode=v1v1
tr.result is 1

Test vvMode=v2v2
tr.result is -1
v1v1 or v2v2 test failed !!!
reconf_parameter: dfs.heartbeat.interval
component: DataNode
v1: 1
v2: 3s
testProject: hdfs
unitTest: org.apache.hadoop.hdfs.server.namenode.ha.TestDNFencingWithReplication#testFencingStress
reconfPoint: -2
result: -1
failureMessage: Deferred
stackTrace: java.lang.RuntimeException: Deferred
	at org.apache.hadoop.test.MultithreadedTestUtil$TestContext.checkException(MultithreadedTestUtil.java:130)
	at org.apache.hadoop.test.MultithreadedTestUtil$TestContext.stop(MultithreadedTestUtil.java:166)
	at org.apache.hadoop.hdfs.server.namenode.ha.TestDNFencingWithReplication.testFencingStress(TestDNFencingWithReplication.java:141)
	at sun.reflect.NativeMethodAccessorImpl.invoke0(Native Method)
	at sun.reflect.NativeMethodAccessorImpl.invoke(NativeMethodAccessorImpl.java:62)
	at sun.reflect.DelegatingMethodAccessorImpl.invoke(DelegatingMethodAccessorImpl.java:43)
	at java.lang.reflect.Method.invoke(Method.java:498)
	at org.junit.runners.model.FrameworkMethod$1.runReflectiveCall(FrameworkMethod.java:47)
	at org.junit.internal.runners.model.ReflectiveCallable.run(ReflectiveCallable.java:12)
	at org.junit.runners.model.FrameworkMethod.invokeExplosively(FrameworkMethod.java:44)
	at org.junit.internal.runners.statements.InvokeMethod.evaluate(InvokeMethod.java:17)
	at org.junit.runners.ParentRunner.runLeaf(ParentRunner.java:271)
	at org.junit.runners.BlockJUnit4ClassRunner.runChild(BlockJUnit4ClassRunner.java:70)
	at org.junit.runners.BlockJUnit4ClassRunner.runChild(BlockJUnit4ClassRunner.java:50)
	at org.junit.runners.ParentRunner$3.run(ParentRunner.java:238)
	at org.junit.runners.ParentRunner$1.schedule(ParentRunner.java:63)
	at org.junit.runners.ParentRunner.runChildren(ParentRunner.java:236)
	at org.junit.runners.ParentRunner.access$000(ParentRunner.java:53)
	at org.junit.runners.ParentRunner$2.evaluate(ParentRunner.java:229)
	at org.junit.runners.ParentRunner.run(ParentRunner.java:309)
	at org.apache.maven.surefire.junit4.JUnit4Provider.execute(JUnit4Provider.java:365)
	at org.apache.maven.surefire.junit4.JUnit4Provider.executeWithRerun(JUnit4Provider.java:273)
	at org.apache.maven.surefire.junit4.JUnit4Provider.executeTestSet(JUnit4Provider.java:238)
	at org.apache.maven.surefire.junit4.JUnit4Provider.invoke(JUnit4Provider.java:159)
	at org.apache.maven.surefire.booter.ForkedBooter.invokeProviderInSameClassLoader(ForkedBooter.java:384)
	at org.apache.maven.surefire.booter.ForkedBooter.runSuitesInProcess(ForkedBooter.java:345)
	at org.apache.maven.surefire.booter.ForkedBooter.execute(ForkedBooter.java:126)
	at org.apache.maven.surefire.booter.ForkedBooter.main(ForkedBooter.java:418)
Caused by: java.io.IOException: Timed out waiting for 2 replicas on path /test-19
	at org.apache.hadoop.hdfs.server.namenode.ha.TestDNFencingWithReplication$ReplicationToggler.waitForReplicas(TestDNFencingWithReplication.java:97)
	at org.apache.hadoop.hdfs.server.namenode.ha.TestDNFencingWithReplication$ReplicationToggler.doAnAction(TestDNFencingWithReplication.java:78)
	at org.apache.hadoop.test.MultithreadedTestUtil$RepeatingTestThread.doWork(MultithreadedTestUtil.java:222)
	at org.apache.hadoop.test.MultithreadedTestUtil$TestingThread.run(MultithreadedTestUtil.java:189)



Test vvMode=v1v1
tr.result is 1

Test vvMode=v2v2
tr.result is 1

Test vvMode=v1v1
tr.result is 1

Test vvMode=v2v2
tr.result is 1

Test vvMode=v1v1
tr.result is 1

Test vvMode=v2v2
tr.result is 1

Test vvMode=v1v1
tr.result is 1

Test vvMode=v2v2
tr.result is 1

Test vvMode=v1v1
tr.result is 1

Test vvMode=v2v2
tr.result is 1
v1v2 failed with probability 15 out of 50
v1v1v2v2 failed with probability 12 out of 50
result: might be true error
Total execution time in seconds : 15889
