reconf_parameter: dfs.namenode.redundancy.interval.seconds
component: NameNode
v1: 3s
v2: 3000
testProject: hdfs
unitTest: org.apache.hadoop.hdfs.server.namenode.TestFileTruncate#testCopyOnTruncateWithDataNodesRestart
reconfPoint: 1
result: -1

Test vvMode=v1v2
tr.result is 1

Test vvMode=v1v2
tr.result is 1

Test vvMode=v1v2
tr.result is 1

Test vvMode=v1v2
tr.result is 1

Test vvMode=v1v2
tr.result is -1
v1v2 test failed !!!
reconf_parameter: dfs.namenode.redundancy.interval.seconds
component: NameNode
v1: 3s
v2: 3000
testProject: hdfs
unitTest: org.apache.hadoop.hdfs.server.namenode.TestFileTruncate#testCopyOnTruncateWithDataNodesRestart
reconfPoint: 1
result: -1
failureMessage: Timed out waiting for /test/testCopyOnTruncateWithDataNodesRestart to reach 3 replicas
stackTrace: java.util.concurrent.TimeoutException: Timed out waiting for /test/testCopyOnTruncateWithDataNodesRestart to reach 3 replicas
	at org.apache.hadoop.hdfs.DFSTestUtil.waitReplication(DFSTestUtil.java:803)
	at org.apache.hadoop.hdfs.server.namenode.TestFileTruncate.testCopyOnTruncateWithDataNodesRestart(TestFileTruncate.java:752)
	at sun.reflect.NativeMethodAccessorImpl.invoke0(Native Method)
	at sun.reflect.NativeMethodAccessorImpl.invoke(NativeMethodAccessorImpl.java:62)
	at sun.reflect.DelegatingMethodAccessorImpl.invoke(DelegatingMethodAccessorImpl.java:43)
	at java.lang.reflect.Method.invoke(Method.java:498)
	at org.junit.runners.model.FrameworkMethod$1.runReflectiveCall(FrameworkMethod.java:47)
	at org.junit.internal.runners.model.ReflectiveCallable.run(ReflectiveCallable.java:12)
	at org.junit.runners.model.FrameworkMethod.invokeExplosively(FrameworkMethod.java:44)
	at org.junit.internal.runners.statements.InvokeMethod.evaluate(InvokeMethod.java:17)
	at org.junit.internal.runners.statements.FailOnTimeout$StatementThread.run(FailOnTimeout.java:74)



Test vvMode=v1v2
tr.result is -1
v1v2 test failed !!!
reconf_parameter: dfs.namenode.redundancy.interval.seconds
component: NameNode
v1: 3s
v2: 3000
testProject: hdfs
unitTest: org.apache.hadoop.hdfs.server.namenode.TestFileTruncate#testCopyOnTruncateWithDataNodesRestart
reconfPoint: 1
result: -1
failureMessage: Timed out waiting for /test/testCopyOnTruncateWithDataNodesRestart to reach 3 replicas
stackTrace: java.util.concurrent.TimeoutException: Timed out waiting for /test/testCopyOnTruncateWithDataNodesRestart to reach 3 replicas
	at org.apache.hadoop.hdfs.DFSTestUtil.waitReplication(DFSTestUtil.java:803)
	at org.apache.hadoop.hdfs.server.namenode.TestFileTruncate.testCopyOnTruncateWithDataNodesRestart(TestFileTruncate.java:752)
	at sun.reflect.NativeMethodAccessorImpl.invoke0(Native Method)
	at sun.reflect.NativeMethodAccessorImpl.invoke(NativeMethodAccessorImpl.java:62)
	at sun.reflect.DelegatingMethodAccessorImpl.invoke(DelegatingMethodAccessorImpl.java:43)
	at java.lang.reflect.Method.invoke(Method.java:498)
	at org.junit.runners.model.FrameworkMethod$1.runReflectiveCall(FrameworkMethod.java:47)
	at org.junit.internal.runners.model.ReflectiveCallable.run(ReflectiveCallable.java:12)
	at org.junit.runners.model.FrameworkMethod.invokeExplosively(FrameworkMethod.java:44)
	at org.junit.internal.runners.statements.InvokeMethod.evaluate(InvokeMethod.java:17)
	at org.junit.internal.runners.statements.FailOnTimeout$StatementThread.run(FailOnTimeout.java:74)



Test vvMode=v1v2
tr.result is 1

Test vvMode=v1v2
tr.result is 1

Test vvMode=v1v2
tr.result is 1

Test vvMode=v1v2
tr.result is 1

Test vvMode=v1v2
tr.result is 1

Test vvMode=v1v2
tr.result is -1
v1v2 test failed !!!
reconf_parameter: dfs.namenode.redundancy.interval.seconds
component: NameNode
v1: 3s
v2: 3000
testProject: hdfs
unitTest: org.apache.hadoop.hdfs.server.namenode.TestFileTruncate#testCopyOnTruncateWithDataNodesRestart
reconfPoint: 1
result: -1
failureMessage: Timed out waiting for /test/testCopyOnTruncateWithDataNodesRestart to reach 3 replicas
stackTrace: java.util.concurrent.TimeoutException: Timed out waiting for /test/testCopyOnTruncateWithDataNodesRestart to reach 3 replicas
	at org.apache.hadoop.hdfs.DFSTestUtil.waitReplication(DFSTestUtil.java:803)
	at org.apache.hadoop.hdfs.server.namenode.TestFileTruncate.testCopyOnTruncateWithDataNodesRestart(TestFileTruncate.java:752)
	at sun.reflect.NativeMethodAccessorImpl.invoke0(Native Method)
	at sun.reflect.NativeMethodAccessorImpl.invoke(NativeMethodAccessorImpl.java:62)
	at sun.reflect.DelegatingMethodAccessorImpl.invoke(DelegatingMethodAccessorImpl.java:43)
	at java.lang.reflect.Method.invoke(Method.java:498)
	at org.junit.runners.model.FrameworkMethod$1.runReflectiveCall(FrameworkMethod.java:47)
	at org.junit.internal.runners.model.ReflectiveCallable.run(ReflectiveCallable.java:12)
	at org.junit.runners.model.FrameworkMethod.invokeExplosively(FrameworkMethod.java:44)
	at org.junit.internal.runners.statements.InvokeMethod.evaluate(InvokeMethod.java:17)
	at org.junit.internal.runners.statements.FailOnTimeout$StatementThread.run(FailOnTimeout.java:74)



Test vvMode=v1v2
tr.result is 1

Test vvMode=v1v2
tr.result is 1

Test vvMode=v1v2
tr.result is -1
v1v2 test failed !!!
reconf_parameter: dfs.namenode.redundancy.interval.seconds
component: NameNode
v1: 3s
v2: 3000
testProject: hdfs
unitTest: org.apache.hadoop.hdfs.server.namenode.TestFileTruncate#testCopyOnTruncateWithDataNodesRestart
reconfPoint: 1
result: -1
failureMessage: Timed out waiting for /test/testCopyOnTruncateWithDataNodesRestart to reach 3 replicas
stackTrace: java.util.concurrent.TimeoutException: Timed out waiting for /test/testCopyOnTruncateWithDataNodesRestart to reach 3 replicas
	at org.apache.hadoop.hdfs.DFSTestUtil.waitReplication(DFSTestUtil.java:803)
	at org.apache.hadoop.hdfs.server.namenode.TestFileTruncate.testCopyOnTruncateWithDataNodesRestart(TestFileTruncate.java:752)
	at sun.reflect.NativeMethodAccessorImpl.invoke0(Native Method)
	at sun.reflect.NativeMethodAccessorImpl.invoke(NativeMethodAccessorImpl.java:62)
	at sun.reflect.DelegatingMethodAccessorImpl.invoke(DelegatingMethodAccessorImpl.java:43)
	at java.lang.reflect.Method.invoke(Method.java:498)
	at org.junit.runners.model.FrameworkMethod$1.runReflectiveCall(FrameworkMethod.java:47)
	at org.junit.internal.runners.model.ReflectiveCallable.run(ReflectiveCallable.java:12)
	at org.junit.runners.model.FrameworkMethod.invokeExplosively(FrameworkMethod.java:44)
	at org.junit.internal.runners.statements.InvokeMethod.evaluate(InvokeMethod.java:17)
	at org.junit.internal.runners.statements.FailOnTimeout$StatementThread.run(FailOnTimeout.java:74)



Test vvMode=v1v2
tr.result is -1
v1v2 test failed !!!
reconf_parameter: dfs.namenode.redundancy.interval.seconds
component: NameNode
v1: 3s
v2: 3000
testProject: hdfs
unitTest: org.apache.hadoop.hdfs.server.namenode.TestFileTruncate#testCopyOnTruncateWithDataNodesRestart
reconfPoint: 1
result: -1
failureMessage: Timed out waiting for /test/testCopyOnTruncateWithDataNodesRestart to reach 3 replicas
stackTrace: java.util.concurrent.TimeoutException: Timed out waiting for /test/testCopyOnTruncateWithDataNodesRestart to reach 3 replicas
	at org.apache.hadoop.hdfs.DFSTestUtil.waitReplication(DFSTestUtil.java:803)
	at org.apache.hadoop.hdfs.server.namenode.TestFileTruncate.testCopyOnTruncateWithDataNodesRestart(TestFileTruncate.java:752)
	at sun.reflect.NativeMethodAccessorImpl.invoke0(Native Method)
	at sun.reflect.NativeMethodAccessorImpl.invoke(NativeMethodAccessorImpl.java:62)
	at sun.reflect.DelegatingMethodAccessorImpl.invoke(DelegatingMethodAccessorImpl.java:43)
	at java.lang.reflect.Method.invoke(Method.java:498)
	at org.junit.runners.model.FrameworkMethod$1.runReflectiveCall(FrameworkMethod.java:47)
	at org.junit.internal.runners.model.ReflectiveCallable.run(ReflectiveCallable.java:12)
	at org.junit.runners.model.FrameworkMethod.invokeExplosively(FrameworkMethod.java:44)
	at org.junit.internal.runners.statements.InvokeMethod.evaluate(InvokeMethod.java:17)
	at org.junit.internal.runners.statements.FailOnTimeout$StatementThread.run(FailOnTimeout.java:74)



Test vvMode=v1v2
tr.result is 1

Test vvMode=v1v2
tr.result is 1

Test vvMode=v1v2
tr.result is -1
v1v2 test failed !!!
reconf_parameter: dfs.namenode.redundancy.interval.seconds
component: NameNode
v1: 3s
v2: 3000
testProject: hdfs
unitTest: org.apache.hadoop.hdfs.server.namenode.TestFileTruncate#testCopyOnTruncateWithDataNodesRestart
reconfPoint: 1
result: -1
failureMessage: Timed out waiting for /test/testCopyOnTruncateWithDataNodesRestart to reach 3 replicas
stackTrace: java.util.concurrent.TimeoutException: Timed out waiting for /test/testCopyOnTruncateWithDataNodesRestart to reach 3 replicas
	at org.apache.hadoop.hdfs.DFSTestUtil.waitReplication(DFSTestUtil.java:803)
	at org.apache.hadoop.hdfs.server.namenode.TestFileTruncate.testCopyOnTruncateWithDataNodesRestart(TestFileTruncate.java:752)
	at sun.reflect.NativeMethodAccessorImpl.invoke0(Native Method)
	at sun.reflect.NativeMethodAccessorImpl.invoke(NativeMethodAccessorImpl.java:62)
	at sun.reflect.DelegatingMethodAccessorImpl.invoke(DelegatingMethodAccessorImpl.java:43)
	at java.lang.reflect.Method.invoke(Method.java:498)
	at org.junit.runners.model.FrameworkMethod$1.runReflectiveCall(FrameworkMethod.java:47)
	at org.junit.internal.runners.model.ReflectiveCallable.run(ReflectiveCallable.java:12)
	at org.junit.runners.model.FrameworkMethod.invokeExplosively(FrameworkMethod.java:44)
	at org.junit.internal.runners.statements.InvokeMethod.evaluate(InvokeMethod.java:17)
	at org.junit.internal.runners.statements.FailOnTimeout$StatementThread.run(FailOnTimeout.java:74)



Test vvMode=v1v2
tr.result is -1
v1v2 test failed !!!
reconf_parameter: dfs.namenode.redundancy.interval.seconds
component: NameNode
v1: 3s
v2: 3000
testProject: hdfs
unitTest: org.apache.hadoop.hdfs.server.namenode.TestFileTruncate#testCopyOnTruncateWithDataNodesRestart
reconfPoint: 1
result: -1
failureMessage: Timed out waiting for /test/testCopyOnTruncateWithDataNodesRestart to reach 3 replicas
stackTrace: java.util.concurrent.TimeoutException: Timed out waiting for /test/testCopyOnTruncateWithDataNodesRestart to reach 3 replicas
	at org.apache.hadoop.hdfs.DFSTestUtil.waitReplication(DFSTestUtil.java:803)
	at org.apache.hadoop.hdfs.server.namenode.TestFileTruncate.testCopyOnTruncateWithDataNodesRestart(TestFileTruncate.java:752)
	at sun.reflect.NativeMethodAccessorImpl.invoke0(Native Method)
	at sun.reflect.NativeMethodAccessorImpl.invoke(NativeMethodAccessorImpl.java:62)
	at sun.reflect.DelegatingMethodAccessorImpl.invoke(DelegatingMethodAccessorImpl.java:43)
	at java.lang.reflect.Method.invoke(Method.java:498)
	at org.junit.runners.model.FrameworkMethod$1.runReflectiveCall(FrameworkMethod.java:47)
	at org.junit.internal.runners.model.ReflectiveCallable.run(ReflectiveCallable.java:12)
	at org.junit.runners.model.FrameworkMethod.invokeExplosively(FrameworkMethod.java:44)
	at org.junit.internal.runners.statements.InvokeMethod.evaluate(InvokeMethod.java:17)
	at org.junit.internal.runners.statements.FailOnTimeout$StatementThread.run(FailOnTimeout.java:74)



Test vvMode=v1v2
tr.result is -1
v1v2 test failed !!!
reconf_parameter: dfs.namenode.redundancy.interval.seconds
component: NameNode
v1: 3s
v2: 3000
testProject: hdfs
unitTest: org.apache.hadoop.hdfs.server.namenode.TestFileTruncate#testCopyOnTruncateWithDataNodesRestart
reconfPoint: 1
result: -1
failureMessage: Timed out waiting for /test/testCopyOnTruncateWithDataNodesRestart to reach 3 replicas
stackTrace: java.util.concurrent.TimeoutException: Timed out waiting for /test/testCopyOnTruncateWithDataNodesRestart to reach 3 replicas
	at org.apache.hadoop.hdfs.DFSTestUtil.waitReplication(DFSTestUtil.java:803)
	at org.apache.hadoop.hdfs.server.namenode.TestFileTruncate.testCopyOnTruncateWithDataNodesRestart(TestFileTruncate.java:752)
	at sun.reflect.NativeMethodAccessorImpl.invoke0(Native Method)
	at sun.reflect.NativeMethodAccessorImpl.invoke(NativeMethodAccessorImpl.java:62)
	at sun.reflect.DelegatingMethodAccessorImpl.invoke(DelegatingMethodAccessorImpl.java:43)
	at java.lang.reflect.Method.invoke(Method.java:498)
	at org.junit.runners.model.FrameworkMethod$1.runReflectiveCall(FrameworkMethod.java:47)
	at org.junit.internal.runners.model.ReflectiveCallable.run(ReflectiveCallable.java:12)
	at org.junit.runners.model.FrameworkMethod.invokeExplosively(FrameworkMethod.java:44)
	at org.junit.internal.runners.statements.InvokeMethod.evaluate(InvokeMethod.java:17)
	at org.junit.internal.runners.statements.FailOnTimeout$StatementThread.run(FailOnTimeout.java:74)



Test vvMode=v1v2
tr.result is 1

Test vvMode=v1v2
tr.result is -1
v1v2 test failed !!!
reconf_parameter: dfs.namenode.redundancy.interval.seconds
component: NameNode
v1: 3s
v2: 3000
testProject: hdfs
unitTest: org.apache.hadoop.hdfs.server.namenode.TestFileTruncate#testCopyOnTruncateWithDataNodesRestart
reconfPoint: 1
result: -1
failureMessage: Timed out waiting for /test/testCopyOnTruncateWithDataNodesRestart to reach 3 replicas
stackTrace: java.util.concurrent.TimeoutException: Timed out waiting for /test/testCopyOnTruncateWithDataNodesRestart to reach 3 replicas
	at org.apache.hadoop.hdfs.DFSTestUtil.waitReplication(DFSTestUtil.java:803)
	at org.apache.hadoop.hdfs.server.namenode.TestFileTruncate.testCopyOnTruncateWithDataNodesRestart(TestFileTruncate.java:752)
	at sun.reflect.NativeMethodAccessorImpl.invoke0(Native Method)
	at sun.reflect.NativeMethodAccessorImpl.invoke(NativeMethodAccessorImpl.java:62)
	at sun.reflect.DelegatingMethodAccessorImpl.invoke(DelegatingMethodAccessorImpl.java:43)
	at java.lang.reflect.Method.invoke(Method.java:498)
	at org.junit.runners.model.FrameworkMethod$1.runReflectiveCall(FrameworkMethod.java:47)
	at org.junit.internal.runners.model.ReflectiveCallable.run(ReflectiveCallable.java:12)
	at org.junit.runners.model.FrameworkMethod.invokeExplosively(FrameworkMethod.java:44)
	at org.junit.internal.runners.statements.InvokeMethod.evaluate(InvokeMethod.java:17)
	at org.junit.internal.runners.statements.FailOnTimeout$StatementThread.run(FailOnTimeout.java:74)



Test vvMode=v1v2
tr.result is 1

Test vvMode=v1v2
tr.result is 1

Test vvMode=v1v2
tr.result is 1

Test vvMode=v1v2
tr.result is 1

Test vvMode=v1v2
tr.result is 1

Test vvMode=v1v2
tr.result is -1
v1v2 test failed !!!
reconf_parameter: dfs.namenode.redundancy.interval.seconds
component: NameNode
v1: 3s
v2: 3000
testProject: hdfs
unitTest: org.apache.hadoop.hdfs.server.namenode.TestFileTruncate#testCopyOnTruncateWithDataNodesRestart
reconfPoint: 1
result: -1
failureMessage: Timed out waiting for /test/testCopyOnTruncateWithDataNodesRestart to reach 3 replicas
stackTrace: java.util.concurrent.TimeoutException: Timed out waiting for /test/testCopyOnTruncateWithDataNodesRestart to reach 3 replicas
	at org.apache.hadoop.hdfs.DFSTestUtil.waitReplication(DFSTestUtil.java:803)
	at org.apache.hadoop.hdfs.server.namenode.TestFileTruncate.testCopyOnTruncateWithDataNodesRestart(TestFileTruncate.java:752)
	at sun.reflect.NativeMethodAccessorImpl.invoke0(Native Method)
	at sun.reflect.NativeMethodAccessorImpl.invoke(NativeMethodAccessorImpl.java:62)
	at sun.reflect.DelegatingMethodAccessorImpl.invoke(DelegatingMethodAccessorImpl.java:43)
	at java.lang.reflect.Method.invoke(Method.java:498)
	at org.junit.runners.model.FrameworkMethod$1.runReflectiveCall(FrameworkMethod.java:47)
	at org.junit.internal.runners.model.ReflectiveCallable.run(ReflectiveCallable.java:12)
	at org.junit.runners.model.FrameworkMethod.invokeExplosively(FrameworkMethod.java:44)
	at org.junit.internal.runners.statements.InvokeMethod.evaluate(InvokeMethod.java:17)
	at org.junit.internal.runners.statements.FailOnTimeout$StatementThread.run(FailOnTimeout.java:74)



Test vvMode=v1v2
tr.result is 1

Test vvMode=v1v2
tr.result is 1

Test vvMode=v1v2
tr.result is 1

Test vvMode=v1v2
tr.result is 1

Test vvMode=v1v2
tr.result is 1

Test vvMode=v1v2
tr.result is 1

Test vvMode=v1v2
tr.result is 1

Test vvMode=v1v2
tr.result is -1
v1v2 test failed !!!
reconf_parameter: dfs.namenode.redundancy.interval.seconds
component: NameNode
v1: 3s
v2: 3000
testProject: hdfs
unitTest: org.apache.hadoop.hdfs.server.namenode.TestFileTruncate#testCopyOnTruncateWithDataNodesRestart
reconfPoint: 1
result: -1
failureMessage: Timed out waiting for /test/testCopyOnTruncateWithDataNodesRestart to reach 3 replicas
stackTrace: java.util.concurrent.TimeoutException: Timed out waiting for /test/testCopyOnTruncateWithDataNodesRestart to reach 3 replicas
	at org.apache.hadoop.hdfs.DFSTestUtil.waitReplication(DFSTestUtil.java:803)
	at org.apache.hadoop.hdfs.server.namenode.TestFileTruncate.testCopyOnTruncateWithDataNodesRestart(TestFileTruncate.java:752)
	at sun.reflect.NativeMethodAccessorImpl.invoke0(Native Method)
	at sun.reflect.NativeMethodAccessorImpl.invoke(NativeMethodAccessorImpl.java:62)
	at sun.reflect.DelegatingMethodAccessorImpl.invoke(DelegatingMethodAccessorImpl.java:43)
	at java.lang.reflect.Method.invoke(Method.java:498)
	at org.junit.runners.model.FrameworkMethod$1.runReflectiveCall(FrameworkMethod.java:47)
	at org.junit.internal.runners.model.ReflectiveCallable.run(ReflectiveCallable.java:12)
	at org.junit.runners.model.FrameworkMethod.invokeExplosively(FrameworkMethod.java:44)
	at org.junit.internal.runners.statements.InvokeMethod.evaluate(InvokeMethod.java:17)
	at org.junit.internal.runners.statements.FailOnTimeout$StatementThread.run(FailOnTimeout.java:74)



Test vvMode=v1v2
tr.result is 1

Test vvMode=v1v2
tr.result is 1

Test vvMode=v1v2
tr.result is -1
v1v2 test failed !!!
reconf_parameter: dfs.namenode.redundancy.interval.seconds
component: NameNode
v1: 3s
v2: 3000
testProject: hdfs
unitTest: org.apache.hadoop.hdfs.server.namenode.TestFileTruncate#testCopyOnTruncateWithDataNodesRestart
reconfPoint: 1
result: -1
failureMessage: Timed out waiting for /test/testCopyOnTruncateWithDataNodesRestart to reach 3 replicas
stackTrace: java.util.concurrent.TimeoutException: Timed out waiting for /test/testCopyOnTruncateWithDataNodesRestart to reach 3 replicas
	at org.apache.hadoop.hdfs.DFSTestUtil.waitReplication(DFSTestUtil.java:803)
	at org.apache.hadoop.hdfs.server.namenode.TestFileTruncate.testCopyOnTruncateWithDataNodesRestart(TestFileTruncate.java:752)
	at sun.reflect.NativeMethodAccessorImpl.invoke0(Native Method)
	at sun.reflect.NativeMethodAccessorImpl.invoke(NativeMethodAccessorImpl.java:62)
	at sun.reflect.DelegatingMethodAccessorImpl.invoke(DelegatingMethodAccessorImpl.java:43)
	at java.lang.reflect.Method.invoke(Method.java:498)
	at org.junit.runners.model.FrameworkMethod$1.runReflectiveCall(FrameworkMethod.java:47)
	at org.junit.internal.runners.model.ReflectiveCallable.run(ReflectiveCallable.java:12)
	at org.junit.runners.model.FrameworkMethod.invokeExplosively(FrameworkMethod.java:44)
	at org.junit.internal.runners.statements.InvokeMethod.evaluate(InvokeMethod.java:17)
	at org.junit.internal.runners.statements.FailOnTimeout$StatementThread.run(FailOnTimeout.java:74)



Test vvMode=v1v2
tr.result is 1

Test vvMode=v1v2
tr.result is 1

Test vvMode=v1v2
tr.result is -1
v1v2 test failed !!!
reconf_parameter: dfs.namenode.redundancy.interval.seconds
component: NameNode
v1: 3s
v2: 3000
testProject: hdfs
unitTest: org.apache.hadoop.hdfs.server.namenode.TestFileTruncate#testCopyOnTruncateWithDataNodesRestart
reconfPoint: 1
result: -1
failureMessage: Timed out waiting for /test/testCopyOnTruncateWithDataNodesRestart to reach 3 replicas
stackTrace: java.util.concurrent.TimeoutException: Timed out waiting for /test/testCopyOnTruncateWithDataNodesRestart to reach 3 replicas
	at org.apache.hadoop.hdfs.DFSTestUtil.waitReplication(DFSTestUtil.java:803)
	at org.apache.hadoop.hdfs.server.namenode.TestFileTruncate.testCopyOnTruncateWithDataNodesRestart(TestFileTruncate.java:752)
	at sun.reflect.NativeMethodAccessorImpl.invoke0(Native Method)
	at sun.reflect.NativeMethodAccessorImpl.invoke(NativeMethodAccessorImpl.java:62)
	at sun.reflect.DelegatingMethodAccessorImpl.invoke(DelegatingMethodAccessorImpl.java:43)
	at java.lang.reflect.Method.invoke(Method.java:498)
	at org.junit.runners.model.FrameworkMethod$1.runReflectiveCall(FrameworkMethod.java:47)
	at org.junit.internal.runners.model.ReflectiveCallable.run(ReflectiveCallable.java:12)
	at org.junit.runners.model.FrameworkMethod.invokeExplosively(FrameworkMethod.java:44)
	at org.junit.internal.runners.statements.InvokeMethod.evaluate(InvokeMethod.java:17)
	at org.junit.internal.runners.statements.FailOnTimeout$StatementThread.run(FailOnTimeout.java:74)



Test vvMode=v1v2
tr.result is 1

Test vvMode=v1v2
tr.result is 1

Test vvMode=v1v2
tr.result is -1
v1v2 test failed !!!
reconf_parameter: dfs.namenode.redundancy.interval.seconds
component: NameNode
v1: 3s
v2: 3000
testProject: hdfs
unitTest: org.apache.hadoop.hdfs.server.namenode.TestFileTruncate#testCopyOnTruncateWithDataNodesRestart
reconfPoint: 1
result: -1
failureMessage: Timed out waiting for /test/testCopyOnTruncateWithDataNodesRestart to reach 3 replicas
stackTrace: java.util.concurrent.TimeoutException: Timed out waiting for /test/testCopyOnTruncateWithDataNodesRestart to reach 3 replicas
	at org.apache.hadoop.hdfs.DFSTestUtil.waitReplication(DFSTestUtil.java:803)
	at org.apache.hadoop.hdfs.server.namenode.TestFileTruncate.testCopyOnTruncateWithDataNodesRestart(TestFileTruncate.java:752)
	at sun.reflect.NativeMethodAccessorImpl.invoke0(Native Method)
	at sun.reflect.NativeMethodAccessorImpl.invoke(NativeMethodAccessorImpl.java:62)
	at sun.reflect.DelegatingMethodAccessorImpl.invoke(DelegatingMethodAccessorImpl.java:43)
	at java.lang.reflect.Method.invoke(Method.java:498)
	at org.junit.runners.model.FrameworkMethod$1.runReflectiveCall(FrameworkMethod.java:47)
	at org.junit.internal.runners.model.ReflectiveCallable.run(ReflectiveCallable.java:12)
	at org.junit.runners.model.FrameworkMethod.invokeExplosively(FrameworkMethod.java:44)
	at org.junit.internal.runners.statements.InvokeMethod.evaluate(InvokeMethod.java:17)
	at org.junit.internal.runners.statements.FailOnTimeout$StatementThread.run(FailOnTimeout.java:74)



Test vvMode=v1v2
tr.result is 1

Test vvMode=v1v2
tr.result is -1
v1v2 test failed !!!
reconf_parameter: dfs.namenode.redundancy.interval.seconds
component: NameNode
v1: 3s
v2: 3000
testProject: hdfs
unitTest: org.apache.hadoop.hdfs.server.namenode.TestFileTruncate#testCopyOnTruncateWithDataNodesRestart
reconfPoint: 1
result: -1
failureMessage: Timed out waiting for /test/testCopyOnTruncateWithDataNodesRestart to reach 3 replicas
stackTrace: java.util.concurrent.TimeoutException: Timed out waiting for /test/testCopyOnTruncateWithDataNodesRestart to reach 3 replicas
	at org.apache.hadoop.hdfs.DFSTestUtil.waitReplication(DFSTestUtil.java:803)
	at org.apache.hadoop.hdfs.server.namenode.TestFileTruncate.testCopyOnTruncateWithDataNodesRestart(TestFileTruncate.java:752)
	at sun.reflect.NativeMethodAccessorImpl.invoke0(Native Method)
	at sun.reflect.NativeMethodAccessorImpl.invoke(NativeMethodAccessorImpl.java:62)
	at sun.reflect.DelegatingMethodAccessorImpl.invoke(DelegatingMethodAccessorImpl.java:43)
	at java.lang.reflect.Method.invoke(Method.java:498)
	at org.junit.runners.model.FrameworkMethod$1.runReflectiveCall(FrameworkMethod.java:47)
	at org.junit.internal.runners.model.ReflectiveCallable.run(ReflectiveCallable.java:12)
	at org.junit.runners.model.FrameworkMethod.invokeExplosively(FrameworkMethod.java:44)
	at org.junit.internal.runners.statements.InvokeMethod.evaluate(InvokeMethod.java:17)
	at org.junit.internal.runners.statements.FailOnTimeout$StatementThread.run(FailOnTimeout.java:74)



Test vvMode=v1v2
tr.result is 1

Test vvMode=v1v2
tr.result is 1

Test vvMode=v1v1
tr.result is 1

Test vvMode=v2v2
tr.result is -1
v1v1 or v2v2 test failed !!!
reconf_parameter: dfs.namenode.redundancy.interval.seconds
component: NameNode
v1: 3s
v2: 3000
testProject: hdfs
unitTest: org.apache.hadoop.hdfs.server.namenode.TestFileTruncate#testCopyOnTruncateWithDataNodesRestart
reconfPoint: 1
result: -1
failureMessage: Timed out waiting for /test/testCopyOnTruncateWithDataNodesRestart to reach 3 replicas
stackTrace: java.util.concurrent.TimeoutException: Timed out waiting for /test/testCopyOnTruncateWithDataNodesRestart to reach 3 replicas
	at org.apache.hadoop.hdfs.DFSTestUtil.waitReplication(DFSTestUtil.java:803)
	at org.apache.hadoop.hdfs.server.namenode.TestFileTruncate.testCopyOnTruncateWithDataNodesRestart(TestFileTruncate.java:752)
	at sun.reflect.NativeMethodAccessorImpl.invoke0(Native Method)
	at sun.reflect.NativeMethodAccessorImpl.invoke(NativeMethodAccessorImpl.java:62)
	at sun.reflect.DelegatingMethodAccessorImpl.invoke(DelegatingMethodAccessorImpl.java:43)
	at java.lang.reflect.Method.invoke(Method.java:498)
	at org.junit.runners.model.FrameworkMethod$1.runReflectiveCall(FrameworkMethod.java:47)
	at org.junit.internal.runners.model.ReflectiveCallable.run(ReflectiveCallable.java:12)
	at org.junit.runners.model.FrameworkMethod.invokeExplosively(FrameworkMethod.java:44)
	at org.junit.internal.runners.statements.InvokeMethod.evaluate(InvokeMethod.java:17)
	at org.junit.internal.runners.statements.FailOnTimeout$StatementThread.run(FailOnTimeout.java:74)



Test vvMode=v1v1
tr.result is 1

Test vvMode=v2v2
tr.result is 1

Test vvMode=v1v1
tr.result is 1

Test vvMode=v2v2
tr.result is 1

Test vvMode=v1v1
tr.result is 1

Test vvMode=v2v2
tr.result is 1

Test vvMode=v1v1
tr.result is 1

Test vvMode=v2v2
tr.result is 1

Test vvMode=v1v1
tr.result is 1

Test vvMode=v2v2
tr.result is 1

Test vvMode=v1v1
tr.result is 1

Test vvMode=v2v2
tr.result is 1

Test vvMode=v1v1
tr.result is 1

Test vvMode=v2v2
tr.result is 1

Test vvMode=v1v1
tr.result is 1

Test vvMode=v2v2
tr.result is 1

Test vvMode=v1v1
tr.result is 1

Test vvMode=v2v2
tr.result is -1
v1v1 or v2v2 test failed !!!
reconf_parameter: dfs.namenode.redundancy.interval.seconds
component: NameNode
v1: 3s
v2: 3000
testProject: hdfs
unitTest: org.apache.hadoop.hdfs.server.namenode.TestFileTruncate#testCopyOnTruncateWithDataNodesRestart
reconfPoint: 1
result: -1
failureMessage: Timed out waiting for /test/testCopyOnTruncateWithDataNodesRestart to reach 3 replicas
stackTrace: java.util.concurrent.TimeoutException: Timed out waiting for /test/testCopyOnTruncateWithDataNodesRestart to reach 3 replicas
	at org.apache.hadoop.hdfs.DFSTestUtil.waitReplication(DFSTestUtil.java:803)
	at org.apache.hadoop.hdfs.server.namenode.TestFileTruncate.testCopyOnTruncateWithDataNodesRestart(TestFileTruncate.java:752)
	at sun.reflect.NativeMethodAccessorImpl.invoke0(Native Method)
	at sun.reflect.NativeMethodAccessorImpl.invoke(NativeMethodAccessorImpl.java:62)
	at sun.reflect.DelegatingMethodAccessorImpl.invoke(DelegatingMethodAccessorImpl.java:43)
	at java.lang.reflect.Method.invoke(Method.java:498)
	at org.junit.runners.model.FrameworkMethod$1.runReflectiveCall(FrameworkMethod.java:47)
	at org.junit.internal.runners.model.ReflectiveCallable.run(ReflectiveCallable.java:12)
	at org.junit.runners.model.FrameworkMethod.invokeExplosively(FrameworkMethod.java:44)
	at org.junit.internal.runners.statements.InvokeMethod.evaluate(InvokeMethod.java:17)
	at org.junit.internal.runners.statements.FailOnTimeout$StatementThread.run(FailOnTimeout.java:74)



Test vvMode=v1v1
tr.result is 1

Test vvMode=v2v2
tr.result is 1

Test vvMode=v1v1
tr.result is 1

Test vvMode=v2v2
tr.result is 1

Test vvMode=v1v1
tr.result is 1

Test vvMode=v2v2
tr.result is 1

Test vvMode=v1v1
tr.result is 1

Test vvMode=v2v2
tr.result is 1

Test vvMode=v1v1
tr.result is 1

Test vvMode=v2v2
tr.result is 1

Test vvMode=v1v1
tr.result is 1

Test vvMode=v2v2
tr.result is -1
v1v1 or v2v2 test failed !!!
reconf_parameter: dfs.namenode.redundancy.interval.seconds
component: NameNode
v1: 3s
v2: 3000
testProject: hdfs
unitTest: org.apache.hadoop.hdfs.server.namenode.TestFileTruncate#testCopyOnTruncateWithDataNodesRestart
reconfPoint: 1
result: -1
failureMessage: Timed out waiting for /test/testCopyOnTruncateWithDataNodesRestart to reach 3 replicas
stackTrace: java.util.concurrent.TimeoutException: Timed out waiting for /test/testCopyOnTruncateWithDataNodesRestart to reach 3 replicas
	at org.apache.hadoop.hdfs.DFSTestUtil.waitReplication(DFSTestUtil.java:803)
	at org.apache.hadoop.hdfs.server.namenode.TestFileTruncate.testCopyOnTruncateWithDataNodesRestart(TestFileTruncate.java:752)
	at sun.reflect.NativeMethodAccessorImpl.invoke0(Native Method)
	at sun.reflect.NativeMethodAccessorImpl.invoke(NativeMethodAccessorImpl.java:62)
	at sun.reflect.DelegatingMethodAccessorImpl.invoke(DelegatingMethodAccessorImpl.java:43)
	at java.lang.reflect.Method.invoke(Method.java:498)
	at org.junit.runners.model.FrameworkMethod$1.runReflectiveCall(FrameworkMethod.java:47)
	at org.junit.internal.runners.model.ReflectiveCallable.run(ReflectiveCallable.java:12)
	at org.junit.runners.model.FrameworkMethod.invokeExplosively(FrameworkMethod.java:44)
	at org.junit.internal.runners.statements.InvokeMethod.evaluate(InvokeMethod.java:17)
	at org.junit.internal.runners.statements.FailOnTimeout$StatementThread.run(FailOnTimeout.java:74)



Test vvMode=v1v1
tr.result is 1

Test vvMode=v2v2
tr.result is 1

Test vvMode=v1v1
tr.result is 1

Test vvMode=v2v2
tr.result is -1
v1v1 or v2v2 test failed !!!
reconf_parameter: dfs.namenode.redundancy.interval.seconds
component: NameNode
v1: 3s
v2: 3000
testProject: hdfs
unitTest: org.apache.hadoop.hdfs.server.namenode.TestFileTruncate#testCopyOnTruncateWithDataNodesRestart
reconfPoint: 1
result: -1
failureMessage: Timed out waiting for /test/testCopyOnTruncateWithDataNodesRestart to reach 3 replicas
stackTrace: java.util.concurrent.TimeoutException: Timed out waiting for /test/testCopyOnTruncateWithDataNodesRestart to reach 3 replicas
	at org.apache.hadoop.hdfs.DFSTestUtil.waitReplication(DFSTestUtil.java:803)
	at org.apache.hadoop.hdfs.server.namenode.TestFileTruncate.testCopyOnTruncateWithDataNodesRestart(TestFileTruncate.java:752)
	at sun.reflect.NativeMethodAccessorImpl.invoke0(Native Method)
	at sun.reflect.NativeMethodAccessorImpl.invoke(NativeMethodAccessorImpl.java:62)
	at sun.reflect.DelegatingMethodAccessorImpl.invoke(DelegatingMethodAccessorImpl.java:43)
	at java.lang.reflect.Method.invoke(Method.java:498)
	at org.junit.runners.model.FrameworkMethod$1.runReflectiveCall(FrameworkMethod.java:47)
	at org.junit.internal.runners.model.ReflectiveCallable.run(ReflectiveCallable.java:12)
	at org.junit.runners.model.FrameworkMethod.invokeExplosively(FrameworkMethod.java:44)
	at org.junit.internal.runners.statements.InvokeMethod.evaluate(InvokeMethod.java:17)
	at org.junit.internal.runners.statements.FailOnTimeout$StatementThread.run(FailOnTimeout.java:74)



Test vvMode=v1v1
tr.result is 1

Test vvMode=v2v2
tr.result is 1

Test vvMode=v1v1
tr.result is 1

Test vvMode=v2v2
tr.result is -1
v1v1 or v2v2 test failed !!!
reconf_parameter: dfs.namenode.redundancy.interval.seconds
component: NameNode
v1: 3s
v2: 3000
testProject: hdfs
unitTest: org.apache.hadoop.hdfs.server.namenode.TestFileTruncate#testCopyOnTruncateWithDataNodesRestart
reconfPoint: 1
result: -1
failureMessage: Timed out waiting for /test/testCopyOnTruncateWithDataNodesRestart to reach 3 replicas
stackTrace: java.util.concurrent.TimeoutException: Timed out waiting for /test/testCopyOnTruncateWithDataNodesRestart to reach 3 replicas
	at org.apache.hadoop.hdfs.DFSTestUtil.waitReplication(DFSTestUtil.java:803)
	at org.apache.hadoop.hdfs.server.namenode.TestFileTruncate.testCopyOnTruncateWithDataNodesRestart(TestFileTruncate.java:752)
	at sun.reflect.NativeMethodAccessorImpl.invoke0(Native Method)
	at sun.reflect.NativeMethodAccessorImpl.invoke(NativeMethodAccessorImpl.java:62)
	at sun.reflect.DelegatingMethodAccessorImpl.invoke(DelegatingMethodAccessorImpl.java:43)
	at java.lang.reflect.Method.invoke(Method.java:498)
	at org.junit.runners.model.FrameworkMethod$1.runReflectiveCall(FrameworkMethod.java:47)
	at org.junit.internal.runners.model.ReflectiveCallable.run(ReflectiveCallable.java:12)
	at org.junit.runners.model.FrameworkMethod.invokeExplosively(FrameworkMethod.java:44)
	at org.junit.internal.runners.statements.InvokeMethod.evaluate(InvokeMethod.java:17)
	at org.junit.internal.runners.statements.FailOnTimeout$StatementThread.run(FailOnTimeout.java:74)



Test vvMode=v1v1
tr.result is 1

Test vvMode=v2v2
tr.result is 1

Test vvMode=v1v1
tr.result is 1

Test vvMode=v2v2
tr.result is -1
v1v1 or v2v2 test failed !!!
reconf_parameter: dfs.namenode.redundancy.interval.seconds
component: NameNode
v1: 3s
v2: 3000
testProject: hdfs
unitTest: org.apache.hadoop.hdfs.server.namenode.TestFileTruncate#testCopyOnTruncateWithDataNodesRestart
reconfPoint: 1
result: -1
failureMessage: Timed out waiting for /test/testCopyOnTruncateWithDataNodesRestart to reach 3 replicas
stackTrace: java.util.concurrent.TimeoutException: Timed out waiting for /test/testCopyOnTruncateWithDataNodesRestart to reach 3 replicas
	at org.apache.hadoop.hdfs.DFSTestUtil.waitReplication(DFSTestUtil.java:803)
	at org.apache.hadoop.hdfs.server.namenode.TestFileTruncate.testCopyOnTruncateWithDataNodesRestart(TestFileTruncate.java:752)
	at sun.reflect.NativeMethodAccessorImpl.invoke0(Native Method)
	at sun.reflect.NativeMethodAccessorImpl.invoke(NativeMethodAccessorImpl.java:62)
	at sun.reflect.DelegatingMethodAccessorImpl.invoke(DelegatingMethodAccessorImpl.java:43)
	at java.lang.reflect.Method.invoke(Method.java:498)
	at org.junit.runners.model.FrameworkMethod$1.runReflectiveCall(FrameworkMethod.java:47)
	at org.junit.internal.runners.model.ReflectiveCallable.run(ReflectiveCallable.java:12)
	at org.junit.runners.model.FrameworkMethod.invokeExplosively(FrameworkMethod.java:44)
	at org.junit.internal.runners.statements.InvokeMethod.evaluate(InvokeMethod.java:17)
	at org.junit.internal.runners.statements.FailOnTimeout$StatementThread.run(FailOnTimeout.java:74)



Test vvMode=v1v1
tr.result is 1

Test vvMode=v2v2
tr.result is 1

Test vvMode=v1v1
tr.result is 1

Test vvMode=v2v2
tr.result is 1

Test vvMode=v1v1
tr.result is 1

Test vvMode=v2v2
tr.result is 1

Test vvMode=v1v1
tr.result is 1

Test vvMode=v2v2
tr.result is 1

Test vvMode=v1v1
tr.result is 1

Test vvMode=v2v2
tr.result is 1

Test vvMode=v1v1
tr.result is 1

Test vvMode=v2v2
tr.result is 1

Test vvMode=v1v1
tr.result is 1

Test vvMode=v2v2
tr.result is 1

Test vvMode=v1v1
tr.result is 1

Test vvMode=v2v2
tr.result is 1

Test vvMode=v1v1
tr.result is 1

Test vvMode=v2v2
tr.result is 1

Test vvMode=v1v1
tr.result is 1

Test vvMode=v2v2
tr.result is 1

Test vvMode=v1v1
tr.result is 1

Test vvMode=v2v2
tr.result is 1

Test vvMode=v1v1
tr.result is 1

Test vvMode=v2v2
tr.result is 1

Test vvMode=v1v1
tr.result is 1

Test vvMode=v2v2
tr.result is 1

Test vvMode=v1v1
tr.result is 1

Test vvMode=v2v2
tr.result is 1

Test vvMode=v1v1
tr.result is 1

Test vvMode=v2v2
tr.result is -1
v1v1 or v2v2 test failed !!!
reconf_parameter: dfs.namenode.redundancy.interval.seconds
component: NameNode
v1: 3s
v2: 3000
testProject: hdfs
unitTest: org.apache.hadoop.hdfs.server.namenode.TestFileTruncate#testCopyOnTruncateWithDataNodesRestart
reconfPoint: 1
result: -1
failureMessage: Timed out waiting for /test/testCopyOnTruncateWithDataNodesRestart to reach 3 replicas
stackTrace: java.util.concurrent.TimeoutException: Timed out waiting for /test/testCopyOnTruncateWithDataNodesRestart to reach 3 replicas
	at org.apache.hadoop.hdfs.DFSTestUtil.waitReplication(DFSTestUtil.java:803)
	at org.apache.hadoop.hdfs.server.namenode.TestFileTruncate.testCopyOnTruncateWithDataNodesRestart(TestFileTruncate.java:752)
	at sun.reflect.NativeMethodAccessorImpl.invoke0(Native Method)
	at sun.reflect.NativeMethodAccessorImpl.invoke(NativeMethodAccessorImpl.java:62)
	at sun.reflect.DelegatingMethodAccessorImpl.invoke(DelegatingMethodAccessorImpl.java:43)
	at java.lang.reflect.Method.invoke(Method.java:498)
	at org.junit.runners.model.FrameworkMethod$1.runReflectiveCall(FrameworkMethod.java:47)
	at org.junit.internal.runners.model.ReflectiveCallable.run(ReflectiveCallable.java:12)
	at org.junit.runners.model.FrameworkMethod.invokeExplosively(FrameworkMethod.java:44)
	at org.junit.internal.runners.statements.InvokeMethod.evaluate(InvokeMethod.java:17)
	at org.junit.internal.runners.statements.FailOnTimeout$StatementThread.run(FailOnTimeout.java:74)



Test vvMode=v1v1
tr.result is 1

Test vvMode=v2v2
tr.result is -1
v1v1 or v2v2 test failed !!!
reconf_parameter: dfs.namenode.redundancy.interval.seconds
component: NameNode
v1: 3s
v2: 3000
testProject: hdfs
unitTest: org.apache.hadoop.hdfs.server.namenode.TestFileTruncate#testCopyOnTruncateWithDataNodesRestart
reconfPoint: 1
result: -1
failureMessage: Timed out waiting for /test/testCopyOnTruncateWithDataNodesRestart to reach 3 replicas
stackTrace: java.util.concurrent.TimeoutException: Timed out waiting for /test/testCopyOnTruncateWithDataNodesRestart to reach 3 replicas
	at org.apache.hadoop.hdfs.DFSTestUtil.waitReplication(DFSTestUtil.java:803)
	at org.apache.hadoop.hdfs.server.namenode.TestFileTruncate.testCopyOnTruncateWithDataNodesRestart(TestFileTruncate.java:752)
	at sun.reflect.NativeMethodAccessorImpl.invoke0(Native Method)
	at sun.reflect.NativeMethodAccessorImpl.invoke(NativeMethodAccessorImpl.java:62)
	at sun.reflect.DelegatingMethodAccessorImpl.invoke(DelegatingMethodAccessorImpl.java:43)
	at java.lang.reflect.Method.invoke(Method.java:498)
	at org.junit.runners.model.FrameworkMethod$1.runReflectiveCall(FrameworkMethod.java:47)
	at org.junit.internal.runners.model.ReflectiveCallable.run(ReflectiveCallable.java:12)
	at org.junit.runners.model.FrameworkMethod.invokeExplosively(FrameworkMethod.java:44)
	at org.junit.internal.runners.statements.InvokeMethod.evaluate(InvokeMethod.java:17)
	at org.junit.internal.runners.statements.FailOnTimeout$StatementThread.run(FailOnTimeout.java:74)



Test vvMode=v1v1
tr.result is 1

Test vvMode=v2v2
tr.result is 1

Test vvMode=v1v1
tr.result is 1

Test vvMode=v2v2
tr.result is 1

Test vvMode=v1v1
tr.result is 1

Test vvMode=v2v2
tr.result is -1
v1v1 or v2v2 test failed !!!
reconf_parameter: dfs.namenode.redundancy.interval.seconds
component: NameNode
v1: 3s
v2: 3000
testProject: hdfs
unitTest: org.apache.hadoop.hdfs.server.namenode.TestFileTruncate#testCopyOnTruncateWithDataNodesRestart
reconfPoint: 1
result: -1
failureMessage: Timed out waiting for /test/testCopyOnTruncateWithDataNodesRestart to reach 3 replicas
stackTrace: java.util.concurrent.TimeoutException: Timed out waiting for /test/testCopyOnTruncateWithDataNodesRestart to reach 3 replicas
	at org.apache.hadoop.hdfs.DFSTestUtil.waitReplication(DFSTestUtil.java:803)
	at org.apache.hadoop.hdfs.server.namenode.TestFileTruncate.testCopyOnTruncateWithDataNodesRestart(TestFileTruncate.java:752)
	at sun.reflect.NativeMethodAccessorImpl.invoke0(Native Method)
	at sun.reflect.NativeMethodAccessorImpl.invoke(NativeMethodAccessorImpl.java:62)
	at sun.reflect.DelegatingMethodAccessorImpl.invoke(DelegatingMethodAccessorImpl.java:43)
	at java.lang.reflect.Method.invoke(Method.java:498)
	at org.junit.runners.model.FrameworkMethod$1.runReflectiveCall(FrameworkMethod.java:47)
	at org.junit.internal.runners.model.ReflectiveCallable.run(ReflectiveCallable.java:12)
	at org.junit.runners.model.FrameworkMethod.invokeExplosively(FrameworkMethod.java:44)
	at org.junit.internal.runners.statements.InvokeMethod.evaluate(InvokeMethod.java:17)
	at org.junit.internal.runners.statements.FailOnTimeout$StatementThread.run(FailOnTimeout.java:74)



Test vvMode=v1v1
tr.result is 1

Test vvMode=v2v2
tr.result is 1

Test vvMode=v1v1
tr.result is 1

Test vvMode=v2v2
tr.result is 1

Test vvMode=v1v1
tr.result is 1

Test vvMode=v2v2
tr.result is -1
v1v1 or v2v2 test failed !!!
reconf_parameter: dfs.namenode.redundancy.interval.seconds
component: NameNode
v1: 3s
v2: 3000
testProject: hdfs
unitTest: org.apache.hadoop.hdfs.server.namenode.TestFileTruncate#testCopyOnTruncateWithDataNodesRestart
reconfPoint: 1
result: -1
failureMessage: Timed out waiting for /test/testCopyOnTruncateWithDataNodesRestart to reach 3 replicas
stackTrace: java.util.concurrent.TimeoutException: Timed out waiting for /test/testCopyOnTruncateWithDataNodesRestart to reach 3 replicas
	at org.apache.hadoop.hdfs.DFSTestUtil.waitReplication(DFSTestUtil.java:803)
	at org.apache.hadoop.hdfs.server.namenode.TestFileTruncate.testCopyOnTruncateWithDataNodesRestart(TestFileTruncate.java:752)
	at sun.reflect.NativeMethodAccessorImpl.invoke0(Native Method)
	at sun.reflect.NativeMethodAccessorImpl.invoke(NativeMethodAccessorImpl.java:62)
	at sun.reflect.DelegatingMethodAccessorImpl.invoke(DelegatingMethodAccessorImpl.java:43)
	at java.lang.reflect.Method.invoke(Method.java:498)
	at org.junit.runners.model.FrameworkMethod$1.runReflectiveCall(FrameworkMethod.java:47)
	at org.junit.internal.runners.model.ReflectiveCallable.run(ReflectiveCallable.java:12)
	at org.junit.runners.model.FrameworkMethod.invokeExplosively(FrameworkMethod.java:44)
	at org.junit.internal.runners.statements.InvokeMethod.evaluate(InvokeMethod.java:17)
	at org.junit.internal.runners.statements.FailOnTimeout$StatementThread.run(FailOnTimeout.java:74)



Test vvMode=v1v1
tr.result is 1

Test vvMode=v2v2
tr.result is -1
v1v1 or v2v2 test failed !!!
reconf_parameter: dfs.namenode.redundancy.interval.seconds
component: NameNode
v1: 3s
v2: 3000
testProject: hdfs
unitTest: org.apache.hadoop.hdfs.server.namenode.TestFileTruncate#testCopyOnTruncateWithDataNodesRestart
reconfPoint: 1
result: -1
failureMessage: Timed out waiting for /test/testCopyOnTruncateWithDataNodesRestart to reach 3 replicas
stackTrace: java.util.concurrent.TimeoutException: Timed out waiting for /test/testCopyOnTruncateWithDataNodesRestart to reach 3 replicas
	at org.apache.hadoop.hdfs.DFSTestUtil.waitReplication(DFSTestUtil.java:803)
	at org.apache.hadoop.hdfs.server.namenode.TestFileTruncate.testCopyOnTruncateWithDataNodesRestart(TestFileTruncate.java:752)
	at sun.reflect.NativeMethodAccessorImpl.invoke0(Native Method)
	at sun.reflect.NativeMethodAccessorImpl.invoke(NativeMethodAccessorImpl.java:62)
	at sun.reflect.DelegatingMethodAccessorImpl.invoke(DelegatingMethodAccessorImpl.java:43)
	at java.lang.reflect.Method.invoke(Method.java:498)
	at org.junit.runners.model.FrameworkMethod$1.runReflectiveCall(FrameworkMethod.java:47)
	at org.junit.internal.runners.model.ReflectiveCallable.run(ReflectiveCallable.java:12)
	at org.junit.runners.model.FrameworkMethod.invokeExplosively(FrameworkMethod.java:44)
	at org.junit.internal.runners.statements.InvokeMethod.evaluate(InvokeMethod.java:17)
	at org.junit.internal.runners.statements.FailOnTimeout$StatementThread.run(FailOnTimeout.java:74)



Test vvMode=v1v1
tr.result is 1

Test vvMode=v2v2
tr.result is -1
v1v1 or v2v2 test failed !!!
reconf_parameter: dfs.namenode.redundancy.interval.seconds
component: NameNode
v1: 3s
v2: 3000
testProject: hdfs
unitTest: org.apache.hadoop.hdfs.server.namenode.TestFileTruncate#testCopyOnTruncateWithDataNodesRestart
reconfPoint: 1
result: -1
failureMessage: Timed out waiting for /test/testCopyOnTruncateWithDataNodesRestart to reach 3 replicas
stackTrace: java.util.concurrent.TimeoutException: Timed out waiting for /test/testCopyOnTruncateWithDataNodesRestart to reach 3 replicas
	at org.apache.hadoop.hdfs.DFSTestUtil.waitReplication(DFSTestUtil.java:803)
	at org.apache.hadoop.hdfs.server.namenode.TestFileTruncate.testCopyOnTruncateWithDataNodesRestart(TestFileTruncate.java:752)
	at sun.reflect.NativeMethodAccessorImpl.invoke0(Native Method)
	at sun.reflect.NativeMethodAccessorImpl.invoke(NativeMethodAccessorImpl.java:62)
	at sun.reflect.DelegatingMethodAccessorImpl.invoke(DelegatingMethodAccessorImpl.java:43)
	at java.lang.reflect.Method.invoke(Method.java:498)
	at org.junit.runners.model.FrameworkMethod$1.runReflectiveCall(FrameworkMethod.java:47)
	at org.junit.internal.runners.model.ReflectiveCallable.run(ReflectiveCallable.java:12)
	at org.junit.runners.model.FrameworkMethod.invokeExplosively(FrameworkMethod.java:44)
	at org.junit.internal.runners.statements.InvokeMethod.evaluate(InvokeMethod.java:17)
	at org.junit.internal.runners.statements.FailOnTimeout$StatementThread.run(FailOnTimeout.java:74)



Test vvMode=v1v1
tr.result is 1

Test vvMode=v2v2
tr.result is 1

Test vvMode=v1v1
tr.result is 1

Test vvMode=v2v2
tr.result is 1

Test vvMode=v1v1
tr.result is 1

Test vvMode=v2v2
tr.result is 1

Test vvMode=v1v1
tr.result is 1

Test vvMode=v2v2
tr.result is 1
v1v2 failed with probability 15 out of 50
v1v1v2v2 failed with probability 12 out of 50
result: might be true error
Total execution time in seconds : 5121
