reconf_parameter: yarn.nodemanager.container-metrics.period-ms
component: NodeManager
v1: 1
v2: -1
testProject: yarn
unitTest: org.apache.hadoop.yarn.applications.distributedshell.TestDistributedShell#testDistributedShellWithResourcesWithLargeContainers
reconfPoint: 1
result: -1

Test vvMode=v1v2
tr.result is 1

Test vvMode=v1v2
tr.result is 1

Test vvMode=v1v2
tr.result is 1

Test vvMode=v1v2
tr.result is 1

Test vvMode=v1v2
tr.result is -1
v1v2 test failed !!!
reconf_parameter: yarn.nodemanager.container-metrics.period-ms
component: NodeManager
v1: 1
v2: -1
testProject: yarn
unitTest: org.apache.hadoop.yarn.applications.distributedshell.TestDistributedShell#testDistributedShellWithResourcesWithLargeContainers
reconfPoint: 1
result: -1
failureMessage: test timed out after 90000 milliseconds
stackTrace: java.lang.Exception: test timed out after 90000 milliseconds
	at java.lang.String.intern(Native Method)
	at org.apache.hadoop.util.StringInterner.weakIntern(StringInterner.java:71)
	at org.apache.hadoop.conf.Configuration$Parser.handleEndElement(Configuration.java:3331)
	at org.apache.hadoop.conf.Configuration$Parser.parseNext(Configuration.java:3400)
	at org.apache.hadoop.conf.Configuration$Parser.parse(Configuration.java:3183)
	at org.apache.hadoop.conf.Configuration.loadResource(Configuration.java:3076)
	at org.apache.hadoop.conf.Configuration.loadResources(Configuration.java:3037)
	at org.apache.hadoop.conf.Configuration.getProps(Configuration.java:2917)
	at org.apache.hadoop.conf.Configuration.get(Configuration.java:1230)
	at org.apache.hadoop.conf.Configuration.getTrimmed(Configuration.java:1285)
	at org.apache.hadoop.conf.Configuration.getClass(Configuration.java:2697)
	at org.apache.hadoop.fs.AbstractFileSystem.createFileSystem(AbstractFileSystem.java:167)
	at org.apache.hadoop.fs.AbstractFileSystem.get(AbstractFileSystem.java:258)
	at org.apache.hadoop.fs.FileContext$2.run(FileContext.java:336)
	at org.apache.hadoop.fs.FileContext$2.run(FileContext.java:333)
	at java.security.AccessController.doPrivileged(Native Method)
	at javax.security.auth.Subject.doAs(Subject.java:422)
	at org.apache.hadoop.security.UserGroupInformation.doAs(UserGroupInformation.java:1730)
	at org.apache.hadoop.fs.FileContext.getAbstractFileSystem(FileContext.java:333)
	at org.apache.hadoop.fs.FileContext.getFileContext(FileContext.java:459)
	at org.apache.hadoop.fs.FileContext.getFileContext(FileContext.java:436)
	at org.apache.hadoop.fs.FileContext.getLocalFSFileContext(FileContext.java:422)
	at org.apache.hadoop.yarn.applications.distributedshell.TestDistributedShell.tearDown(TestDistributedShell.java:284)
	at sun.reflect.NativeMethodAccessorImpl.invoke0(Native Method)
	at sun.reflect.NativeMethodAccessorImpl.invoke(NativeMethodAccessorImpl.java:62)
	at sun.reflect.DelegatingMethodAccessorImpl.invoke(DelegatingMethodAccessorImpl.java:43)
	at java.lang.reflect.Method.invoke(Method.java:498)
	at org.junit.runners.model.FrameworkMethod$1.runReflectiveCall(FrameworkMethod.java:47)
	at org.junit.internal.runners.model.ReflectiveCallable.run(ReflectiveCallable.java:12)
	at org.junit.runners.model.FrameworkMethod.invokeExplosively(FrameworkMethod.java:44)
	at org.junit.internal.runners.statements.RunAfters.evaluate(RunAfters.java:33)
	at org.junit.rules.TestWatcher$1.evaluate(TestWatcher.java:55)
	at org.junit.internal.runners.statements.FailOnTimeout$StatementThread.run(FailOnTimeout.java:74)



Test vvMode=v1v2
tr.result is 1

Test vvMode=v1v2
tr.result is -1
v1v2 test failed !!!
reconf_parameter: yarn.nodemanager.container-metrics.period-ms
component: NodeManager
v1: 1
v2: -1
testProject: yarn
unitTest: org.apache.hadoop.yarn.applications.distributedshell.TestDistributedShell#testDistributedShellWithResourcesWithLargeContainers
reconfPoint: 1
result: -1
failureMessage: test timed out after 90000 milliseconds
stackTrace: java.lang.Exception: test timed out after 90000 milliseconds
	at java.lang.Object.wait(Native Method)
	at org.apache.hadoop.yarn.server.MiniYARNCluster$ResourceManagerWrapper.waitForAppMastersToFinish(MiniYARNCluster.java:522)
	at org.apache.hadoop.yarn.server.MiniYARNCluster$ResourceManagerWrapper.serviceStop(MiniYARNCluster.java:533)
	at org.apache.hadoop.service.AbstractService.stop(AbstractService.java:220)
	at org.apache.hadoop.service.ServiceOperations.stop(ServiceOperations.java:54)
	at org.apache.hadoop.service.ServiceOperations.stopQuietly(ServiceOperations.java:102)
	at org.apache.hadoop.service.CompositeService.stop(CompositeService.java:158)
	at org.apache.hadoop.service.CompositeService.serviceStop(CompositeService.java:132)
	at org.apache.hadoop.service.AbstractService.stop(AbstractService.java:220)
	at org.apache.hadoop.yarn.applications.distributedshell.TestDistributedShell.tearDown(TestDistributedShell.java:272)
	at sun.reflect.NativeMethodAccessorImpl.invoke0(Native Method)
	at sun.reflect.NativeMethodAccessorImpl.invoke(NativeMethodAccessorImpl.java:62)
	at sun.reflect.DelegatingMethodAccessorImpl.invoke(DelegatingMethodAccessorImpl.java:43)
	at java.lang.reflect.Method.invoke(Method.java:498)
	at org.junit.runners.model.FrameworkMethod$1.runReflectiveCall(FrameworkMethod.java:47)
	at org.junit.internal.runners.model.ReflectiveCallable.run(ReflectiveCallable.java:12)
	at org.junit.runners.model.FrameworkMethod.invokeExplosively(FrameworkMethod.java:44)
	at org.junit.internal.runners.statements.RunAfters.evaluate(RunAfters.java:33)
	at org.junit.rules.TestWatcher$1.evaluate(TestWatcher.java:55)
	at org.junit.internal.runners.statements.FailOnTimeout$StatementThread.run(FailOnTimeout.java:74)



Test vvMode=v1v2
tr.result is -1
v1v2 test failed !!!
reconf_parameter: yarn.nodemanager.container-metrics.period-ms
component: NodeManager
v1: 1
v2: -1
testProject: yarn
unitTest: org.apache.hadoop.yarn.applications.distributedshell.TestDistributedShell#testDistributedShellWithResourcesWithLargeContainers
reconfPoint: 1
result: -1
failureMessage: test timed out after 90000 milliseconds
stackTrace: java.lang.Exception: test timed out after 90000 milliseconds
	at java.lang.Object.wait(Native Method)
	at org.apache.hadoop.yarn.server.MiniYARNCluster$ResourceManagerWrapper.waitForAppMastersToFinish(MiniYARNCluster.java:522)
	at org.apache.hadoop.yarn.server.MiniYARNCluster$ResourceManagerWrapper.serviceStop(MiniYARNCluster.java:533)
	at org.apache.hadoop.service.AbstractService.stop(AbstractService.java:220)
	at org.apache.hadoop.service.ServiceOperations.stop(ServiceOperations.java:54)
	at org.apache.hadoop.service.ServiceOperations.stopQuietly(ServiceOperations.java:102)
	at org.apache.hadoop.service.CompositeService.stop(CompositeService.java:158)
	at org.apache.hadoop.service.CompositeService.serviceStop(CompositeService.java:132)
	at org.apache.hadoop.service.AbstractService.stop(AbstractService.java:220)
	at org.apache.hadoop.yarn.applications.distributedshell.TestDistributedShell.tearDown(TestDistributedShell.java:272)
	at sun.reflect.NativeMethodAccessorImpl.invoke0(Native Method)
	at sun.reflect.NativeMethodAccessorImpl.invoke(NativeMethodAccessorImpl.java:62)
	at sun.reflect.DelegatingMethodAccessorImpl.invoke(DelegatingMethodAccessorImpl.java:43)
	at java.lang.reflect.Method.invoke(Method.java:498)
	at org.junit.runners.model.FrameworkMethod$1.runReflectiveCall(FrameworkMethod.java:47)
	at org.junit.internal.runners.model.ReflectiveCallable.run(ReflectiveCallable.java:12)
	at org.junit.runners.model.FrameworkMethod.invokeExplosively(FrameworkMethod.java:44)
	at org.junit.internal.runners.statements.RunAfters.evaluate(RunAfters.java:33)
	at org.junit.rules.TestWatcher$1.evaluate(TestWatcher.java:55)
	at org.junit.internal.runners.statements.FailOnTimeout$StatementThread.run(FailOnTimeout.java:74)



Test vvMode=v1v2
tr.result is 1

Test vvMode=v1v2
tr.result is 1

Test vvMode=v1v2
tr.result is 1

Test vvMode=v1v2
tr.result is 1

Test vvMode=v1v2
tr.result is 1

Test vvMode=v1v2
tr.result is 1

Test vvMode=v1v2
tr.result is 1

Test vvMode=v1v2
tr.result is 1

Test vvMode=v1v2
tr.result is 1

Test vvMode=v1v2
tr.result is 1

Test vvMode=v1v2
tr.result is 1

Test vvMode=v1v2
tr.result is 1

Test vvMode=v1v2
tr.result is -1
v1v2 test failed !!!
reconf_parameter: yarn.nodemanager.container-metrics.period-ms
component: NodeManager
v1: 1
v2: -1
testProject: yarn
unitTest: org.apache.hadoop.yarn.applications.distributedshell.TestDistributedShell#testDistributedShellWithResourcesWithLargeContainers
reconfPoint: 1
result: -1
failureMessage: test timed out after 90000 milliseconds
stackTrace: java.lang.Exception: test timed out after 90000 milliseconds
	at java.lang.Object.wait(Native Method)
	at org.apache.hadoop.yarn.server.MiniYARNCluster$ResourceManagerWrapper.waitForAppMastersToFinish(MiniYARNCluster.java:522)
	at org.apache.hadoop.yarn.server.MiniYARNCluster$ResourceManagerWrapper.serviceStop(MiniYARNCluster.java:533)
	at org.apache.hadoop.service.AbstractService.stop(AbstractService.java:220)
	at org.apache.hadoop.service.ServiceOperations.stop(ServiceOperations.java:54)
	at org.apache.hadoop.service.ServiceOperations.stopQuietly(ServiceOperations.java:102)
	at org.apache.hadoop.service.CompositeService.stop(CompositeService.java:158)
	at org.apache.hadoop.service.CompositeService.serviceStop(CompositeService.java:132)
	at org.apache.hadoop.service.AbstractService.stop(AbstractService.java:220)
	at org.apache.hadoop.yarn.applications.distributedshell.TestDistributedShell.tearDown(TestDistributedShell.java:272)
	at sun.reflect.NativeMethodAccessorImpl.invoke0(Native Method)
	at sun.reflect.NativeMethodAccessorImpl.invoke(NativeMethodAccessorImpl.java:62)
	at sun.reflect.DelegatingMethodAccessorImpl.invoke(DelegatingMethodAccessorImpl.java:43)
	at java.lang.reflect.Method.invoke(Method.java:498)
	at org.junit.runners.model.FrameworkMethod$1.runReflectiveCall(FrameworkMethod.java:47)
	at org.junit.internal.runners.model.ReflectiveCallable.run(ReflectiveCallable.java:12)
	at org.junit.runners.model.FrameworkMethod.invokeExplosively(FrameworkMethod.java:44)
	at org.junit.internal.runners.statements.RunAfters.evaluate(RunAfters.java:33)
	at org.junit.rules.TestWatcher$1.evaluate(TestWatcher.java:55)
	at org.junit.internal.runners.statements.FailOnTimeout$StatementThread.run(FailOnTimeout.java:74)



Test vvMode=v1v2
tr.result is 1

Test vvMode=v1v2
tr.result is 1

Test vvMode=v1v2
tr.result is 1

Test vvMode=v1v2
tr.result is -1
v1v2 test failed !!!
reconf_parameter: yarn.nodemanager.container-metrics.period-ms
component: NodeManager
v1: 1
v2: -1
testProject: yarn
unitTest: org.apache.hadoop.yarn.applications.distributedshell.TestDistributedShell#testDistributedShellWithResourcesWithLargeContainers
reconfPoint: 1
result: -1
failureMessage: test timed out after 90000 milliseconds
stackTrace: java.lang.Exception: test timed out after 90000 milliseconds
	at java.lang.Object.wait(Native Method)
	at org.apache.hadoop.yarn.server.MiniYARNCluster$ResourceManagerWrapper.waitForAppMastersToFinish(MiniYARNCluster.java:522)
	at org.apache.hadoop.yarn.server.MiniYARNCluster$ResourceManagerWrapper.serviceStop(MiniYARNCluster.java:533)
	at org.apache.hadoop.service.AbstractService.stop(AbstractService.java:220)
	at org.apache.hadoop.service.ServiceOperations.stop(ServiceOperations.java:54)
	at org.apache.hadoop.service.ServiceOperations.stopQuietly(ServiceOperations.java:102)
	at org.apache.hadoop.service.CompositeService.stop(CompositeService.java:158)
	at org.apache.hadoop.service.CompositeService.serviceStop(CompositeService.java:132)
	at org.apache.hadoop.service.AbstractService.stop(AbstractService.java:220)
	at org.apache.hadoop.yarn.applications.distributedshell.TestDistributedShell.tearDown(TestDistributedShell.java:272)
	at sun.reflect.NativeMethodAccessorImpl.invoke0(Native Method)
	at sun.reflect.NativeMethodAccessorImpl.invoke(NativeMethodAccessorImpl.java:62)
	at sun.reflect.DelegatingMethodAccessorImpl.invoke(DelegatingMethodAccessorImpl.java:43)
	at java.lang.reflect.Method.invoke(Method.java:498)
	at org.junit.runners.model.FrameworkMethod$1.runReflectiveCall(FrameworkMethod.java:47)
	at org.junit.internal.runners.model.ReflectiveCallable.run(ReflectiveCallable.java:12)
	at org.junit.runners.model.FrameworkMethod.invokeExplosively(FrameworkMethod.java:44)
	at org.junit.internal.runners.statements.RunAfters.evaluate(RunAfters.java:33)
	at org.junit.rules.TestWatcher$1.evaluate(TestWatcher.java:55)
	at org.junit.internal.runners.statements.FailOnTimeout$StatementThread.run(FailOnTimeout.java:74)



Test vvMode=v1v2
tr.result is 1

Test vvMode=v1v2
tr.result is -1
v1v2 test failed !!!
reconf_parameter: yarn.nodemanager.container-metrics.period-ms
component: NodeManager
v1: 1
v2: -1
testProject: yarn
unitTest: org.apache.hadoop.yarn.applications.distributedshell.TestDistributedShell#testDistributedShellWithResourcesWithLargeContainers
reconfPoint: 1
result: -1
failureMessage: test timed out after 90000 milliseconds
stackTrace: java.lang.Exception: test timed out after 90000 milliseconds
	at java.lang.Object.wait(Native Method)
	at org.apache.hadoop.yarn.server.MiniYARNCluster$ResourceManagerWrapper.waitForAppMastersToFinish(MiniYARNCluster.java:522)
	at org.apache.hadoop.yarn.server.MiniYARNCluster$ResourceManagerWrapper.serviceStop(MiniYARNCluster.java:533)
	at org.apache.hadoop.service.AbstractService.stop(AbstractService.java:220)
	at org.apache.hadoop.service.ServiceOperations.stop(ServiceOperations.java:54)
	at org.apache.hadoop.service.ServiceOperations.stopQuietly(ServiceOperations.java:102)
	at org.apache.hadoop.service.CompositeService.stop(CompositeService.java:158)
	at org.apache.hadoop.service.CompositeService.serviceStop(CompositeService.java:132)
	at org.apache.hadoop.service.AbstractService.stop(AbstractService.java:220)
	at org.apache.hadoop.yarn.applications.distributedshell.TestDistributedShell.tearDown(TestDistributedShell.java:272)
	at sun.reflect.NativeMethodAccessorImpl.invoke0(Native Method)
	at sun.reflect.NativeMethodAccessorImpl.invoke(NativeMethodAccessorImpl.java:62)
	at sun.reflect.DelegatingMethodAccessorImpl.invoke(DelegatingMethodAccessorImpl.java:43)
	at java.lang.reflect.Method.invoke(Method.java:498)
	at org.junit.runners.model.FrameworkMethod$1.runReflectiveCall(FrameworkMethod.java:47)
	at org.junit.internal.runners.model.ReflectiveCallable.run(ReflectiveCallable.java:12)
	at org.junit.runners.model.FrameworkMethod.invokeExplosively(FrameworkMethod.java:44)
	at org.junit.internal.runners.statements.RunAfters.evaluate(RunAfters.java:33)
	at org.junit.rules.TestWatcher$1.evaluate(TestWatcher.java:55)
	at org.junit.internal.runners.statements.FailOnTimeout$StatementThread.run(FailOnTimeout.java:74)



Test vvMode=v1v2
tr.result is 1

Test vvMode=v1v2
tr.result is 1

Test vvMode=v1v2
tr.result is 1

Test vvMode=v1v2
tr.result is 1

Test vvMode=v1v2
tr.result is 1

Test vvMode=v1v2
tr.result is 1

Test vvMode=v1v2
tr.result is 1

Test vvMode=v1v2
tr.result is 1

Test vvMode=v1v2
tr.result is 1

Test vvMode=v1v2
tr.result is 1

Test vvMode=v1v2
tr.result is 1

Test vvMode=v1v2
tr.result is 1

Test vvMode=v1v2
tr.result is 1

Test vvMode=v1v2
tr.result is 1

Test vvMode=v1v2
tr.result is 1

Test vvMode=v1v2
tr.result is 1

Test vvMode=v1v2
tr.result is 1

Test vvMode=v1v2
tr.result is 1

Test vvMode=v1v2
tr.result is 1

Test vvMode=v1v2
tr.result is 1

Test vvMode=v1v2
tr.result is 1

Test vvMode=v1v2
tr.result is 1

Test vvMode=v1v2
tr.result is 1

Test vvMode=v1v1
tr.result is 1

Test vvMode=v2v2
tr.result is 1

Test vvMode=v1v1
tr.result is 1

Test vvMode=v2v2
tr.result is 1

Test vvMode=v1v1
tr.result is 1

Test vvMode=v2v2
tr.result is 1

Test vvMode=v1v1
tr.result is 1

Test vvMode=v2v2
tr.result is 1

Test vvMode=v1v1
tr.result is 1

Test vvMode=v2v2
tr.result is 1

Test vvMode=v1v1
tr.result is 1

Test vvMode=v2v2
tr.result is 1

Test vvMode=v1v1
tr.result is 1

Test vvMode=v2v2
tr.result is 1

Test vvMode=v1v1
tr.result is 1

Test vvMode=v2v2
tr.result is 1

Test vvMode=v1v1
tr.result is 1

Test vvMode=v2v2
tr.result is 1

Test vvMode=v1v1
tr.result is 1

Test vvMode=v2v2
tr.result is 1

Test vvMode=v1v1
tr.result is 1

Test vvMode=v2v2
tr.result is 1

Test vvMode=v1v1
tr.result is 1

Test vvMode=v2v2
tr.result is 1

Test vvMode=v1v1
tr.result is 1

Test vvMode=v2v2
tr.result is 1

Test vvMode=v1v1
tr.result is 1

Test vvMode=v2v2
tr.result is 1

Test vvMode=v1v1
tr.result is 1

Test vvMode=v2v2
tr.result is 1

Test vvMode=v1v1
tr.result is 1

Test vvMode=v2v2
tr.result is 1

Test vvMode=v1v1
tr.result is 1

Test vvMode=v2v2
tr.result is 1

Test vvMode=v1v1
tr.result is 1

Test vvMode=v2v2
tr.result is 1

Test vvMode=v1v1
tr.result is 1

Test vvMode=v2v2
tr.result is 1

Test vvMode=v1v1
tr.result is 1

Test vvMode=v2v2
tr.result is 1

Test vvMode=v1v1
tr.result is 1

Test vvMode=v2v2
tr.result is 1

Test vvMode=v1v1
tr.result is 1

Test vvMode=v2v2
tr.result is 1

Test vvMode=v1v1
tr.result is 1

Test vvMode=v2v2
tr.result is 1

Test vvMode=v1v1
tr.result is 1

Test vvMode=v2v2
tr.result is 1

Test vvMode=v1v1
tr.result is 1

Test vvMode=v2v2
tr.result is 1

Test vvMode=v1v1
tr.result is 1

Test vvMode=v2v2
tr.result is 1

Test vvMode=v1v1
tr.result is 1

Test vvMode=v2v2
tr.result is 1

Test vvMode=v1v1
tr.result is 1

Test vvMode=v2v2
tr.result is 1

Test vvMode=v1v1
tr.result is 1

Test vvMode=v2v2
tr.result is 1

Test vvMode=v1v1
tr.result is 1

Test vvMode=v2v2
tr.result is 1

Test vvMode=v1v1
tr.result is 1

Test vvMode=v2v2
tr.result is 1

Test vvMode=v1v1
tr.result is 1

Test vvMode=v2v2
tr.result is 1

Test vvMode=v1v1
tr.result is 1

Test vvMode=v2v2
tr.result is 1

Test vvMode=v1v1
tr.result is 1

Test vvMode=v2v2
tr.result is 1

Test vvMode=v1v1
tr.result is 1

Test vvMode=v2v2
tr.result is 1

Test vvMode=v1v1
tr.result is 1

Test vvMode=v2v2
tr.result is 1

Test vvMode=v1v1
tr.result is 1

Test vvMode=v2v2
tr.result is 1

Test vvMode=v1v1
tr.result is 1

Test vvMode=v2v2
tr.result is 1

Test vvMode=v1v1
tr.result is 1

Test vvMode=v2v2
tr.result is 1

Test vvMode=v1v1
tr.result is 1

Test vvMode=v2v2
tr.result is 1

Test vvMode=v1v1
tr.result is 1

Test vvMode=v2v2
tr.result is 1

Test vvMode=v1v1
tr.result is 1

Test vvMode=v2v2
tr.result is 1

Test vvMode=v1v1
tr.result is 1

Test vvMode=v2v2
tr.result is 1

Test vvMode=v1v1
tr.result is 1

Test vvMode=v2v2
tr.result is 1

Test vvMode=v1v1
tr.result is 1

Test vvMode=v2v2
tr.result is 1

Test vvMode=v1v1
tr.result is 1

Test vvMode=v2v2
tr.result is 1

Test vvMode=v1v1
tr.result is 1

Test vvMode=v2v2
tr.result is 1

Test vvMode=v1v1
tr.result is 1

Test vvMode=v2v2
tr.result is 1

Test vvMode=v1v1
tr.result is 1

Test vvMode=v2v2
tr.result is 1

Test vvMode=v1v1
tr.result is 1

Test vvMode=v2v2
tr.result is 1
v1v2 failed with probability 6 out of 50
v1v1v2v2 failed with probability 0 out of 50
result: might be true error
Total execution time in seconds : 13076
