reconf_parameter: hbase.hregion.memstore.mslab.enabled
component: hbase:DefaultMemStore
v1: false
v2: true
testProject: hbase
unitTest: org.apache.hadoop.hbase.quotas.TestLowLatencySpaceQuotas#testMajorCompaction
reconfPoint: -2
result: -1

Test vvMode=v1v2
tr.result is -1
v1v2 test failed !!!
reconf_parameter: hbase.hregion.memstore.mslab.enabled
component: hbase:DefaultMemStore
v1: false
v2: true
testProject: hbase
unitTest: org.apache.hadoop.hbase.quotas.TestLowLatencySpaceQuotas#testMajorCompaction
reconfPoint: -2
result: -1
failureMessage: Failed 51 actions: IOException: 51 times, servers with issues: ccd9c872d877,44978,1591395269890
stackTrace: org.apache.hadoop.hbase.client.RetriesExhaustedWithDetailsException: Failed 51 actions: IOException: 51 times, servers with issues: ccd9c872d877,44978,1591395269890
	at org.apache.hadoop.hbase.client.BatchErrors.makeException(BatchErrors.java:54)
	at org.apache.hadoop.hbase.client.AsyncRequestFutureImpl.getErrors(AsyncRequestFutureImpl.java:1204)
	at org.apache.hadoop.hbase.client.HTable.batch(HTable.java:453)
	at org.apache.hadoop.hbase.client.HTable.put(HTable.java:551)
	at org.apache.hadoop.hbase.quotas.SpaceQuotaHelperForTests.writeData(SpaceQuotaHelperForTests.java:473)
	at org.apache.hadoop.hbase.quotas.SpaceQuotaHelperForTests.writeData(SpaceQuotaHelperForTests.java:445)
	at org.apache.hadoop.hbase.quotas.SpaceQuotaHelperForTests.writeData(SpaceQuotaHelperForTests.java:441)
	at org.apache.hadoop.hbase.quotas.TestLowLatencySpaceQuotas.testMajorCompaction(TestLowLatencySpaceQuotas.java:142)
	at sun.reflect.NativeMethodAccessorImpl.invoke0(Native Method)
	at sun.reflect.NativeMethodAccessorImpl.invoke(NativeMethodAccessorImpl.java:62)
	at sun.reflect.DelegatingMethodAccessorImpl.invoke(DelegatingMethodAccessorImpl.java:43)
	at java.lang.reflect.Method.invoke(Method.java:498)
	at org.junit.runners.model.FrameworkMethod$1.runReflectiveCall(FrameworkMethod.java:50)
	at org.junit.internal.runners.model.ReflectiveCallable.run(ReflectiveCallable.java:12)
	at org.junit.runners.model.FrameworkMethod.invokeExplosively(FrameworkMethod.java:47)
	at org.junit.internal.runners.statements.InvokeMethod.evaluate(InvokeMethod.java:17)
	at org.junit.internal.runners.statements.RunBefores.evaluate(RunBefores.java:26)
	at org.junit.rules.TestWatcher$1.evaluate(TestWatcher.java:55)
	at org.junit.rules.RunRules.evaluate(RunRules.java:20)
	at org.junit.runners.ParentRunner.runLeaf(ParentRunner.java:325)
	at org.junit.runners.BlockJUnit4ClassRunner.runChild(BlockJUnit4ClassRunner.java:78)
	at org.junit.runners.BlockJUnit4ClassRunner.runChild(BlockJUnit4ClassRunner.java:57)
	at org.junit.runners.ParentRunner$3.run(ParentRunner.java:290)
	at org.junit.runners.ParentRunner$1.schedule(ParentRunner.java:71)
	at org.junit.runners.ParentRunner.runChildren(ParentRunner.java:288)
	at org.junit.runners.ParentRunner.access$000(ParentRunner.java:58)
	at org.junit.runners.ParentRunner$2.evaluate(ParentRunner.java:268)
	at org.junit.internal.runners.statements.RunBefores.evaluate(RunBefores.java:26)
	at org.junit.internal.runners.statements.RunAfters.evaluate(RunAfters.java:27)
	at org.junit.internal.runners.statements.FailOnTimeout$CallableStatement.call(FailOnTimeout.java:298)
	at org.junit.internal.runners.statements.FailOnTimeout$CallableStatement.call(FailOnTimeout.java:292)
	at java.util.concurrent.FutureTask.run(FutureTask.java:266)
	at java.lang.Thread.run(Thread.java:748)



Test vvMode=v1v1
tr.result is 1

Test vvMode=v2v2
tr.result is 1

Test vvMode=v1v2
tr.result is -1
v1v2 test failed !!!
reconf_parameter: hbase.hregion.memstore.mslab.enabled
component: hbase:DefaultMemStore
v1: false
v2: true
testProject: hbase
unitTest: org.apache.hadoop.hbase.quotas.TestLowLatencySpaceQuotas#testMajorCompaction
reconfPoint: -2
result: -1
failureMessage: Failed 51 actions: IOException: 51 times, servers with issues: ccd9c872d877,46271,1591395650180
stackTrace: org.apache.hadoop.hbase.client.RetriesExhaustedWithDetailsException: Failed 51 actions: IOException: 51 times, servers with issues: ccd9c872d877,46271,1591395650180
	at org.apache.hadoop.hbase.client.BatchErrors.makeException(BatchErrors.java:54)
	at org.apache.hadoop.hbase.client.AsyncRequestFutureImpl.getErrors(AsyncRequestFutureImpl.java:1204)
	at org.apache.hadoop.hbase.client.HTable.batch(HTable.java:453)
	at org.apache.hadoop.hbase.client.HTable.put(HTable.java:551)
	at org.apache.hadoop.hbase.quotas.SpaceQuotaHelperForTests.writeData(SpaceQuotaHelperForTests.java:473)
	at org.apache.hadoop.hbase.quotas.SpaceQuotaHelperForTests.writeData(SpaceQuotaHelperForTests.java:445)
	at org.apache.hadoop.hbase.quotas.SpaceQuotaHelperForTests.writeData(SpaceQuotaHelperForTests.java:441)
	at org.apache.hadoop.hbase.quotas.TestLowLatencySpaceQuotas.testMajorCompaction(TestLowLatencySpaceQuotas.java:142)
	at sun.reflect.NativeMethodAccessorImpl.invoke0(Native Method)
	at sun.reflect.NativeMethodAccessorImpl.invoke(NativeMethodAccessorImpl.java:62)
	at sun.reflect.DelegatingMethodAccessorImpl.invoke(DelegatingMethodAccessorImpl.java:43)
	at java.lang.reflect.Method.invoke(Method.java:498)
	at org.junit.runners.model.FrameworkMethod$1.runReflectiveCall(FrameworkMethod.java:50)
	at org.junit.internal.runners.model.ReflectiveCallable.run(ReflectiveCallable.java:12)
	at org.junit.runners.model.FrameworkMethod.invokeExplosively(FrameworkMethod.java:47)
	at org.junit.internal.runners.statements.InvokeMethod.evaluate(InvokeMethod.java:17)
	at org.junit.internal.runners.statements.RunBefores.evaluate(RunBefores.java:26)
	at org.junit.rules.TestWatcher$1.evaluate(TestWatcher.java:55)
	at org.junit.rules.RunRules.evaluate(RunRules.java:20)
	at org.junit.runners.ParentRunner.runLeaf(ParentRunner.java:325)
	at org.junit.runners.BlockJUnit4ClassRunner.runChild(BlockJUnit4ClassRunner.java:78)
	at org.junit.runners.BlockJUnit4ClassRunner.runChild(BlockJUnit4ClassRunner.java:57)
	at org.junit.runners.ParentRunner$3.run(ParentRunner.java:290)
	at org.junit.runners.ParentRunner$1.schedule(ParentRunner.java:71)
	at org.junit.runners.ParentRunner.runChildren(ParentRunner.java:288)
	at org.junit.runners.ParentRunner.access$000(ParentRunner.java:58)
	at org.junit.runners.ParentRunner$2.evaluate(ParentRunner.java:268)
	at org.junit.internal.runners.statements.RunBefores.evaluate(RunBefores.java:26)
	at org.junit.internal.runners.statements.RunAfters.evaluate(RunAfters.java:27)
	at org.junit.internal.runners.statements.FailOnTimeout$CallableStatement.call(FailOnTimeout.java:298)
	at org.junit.internal.runners.statements.FailOnTimeout$CallableStatement.call(FailOnTimeout.java:292)
	at java.util.concurrent.FutureTask.run(FutureTask.java:266)
	at java.lang.Thread.run(Thread.java:748)



Test vvMode=v1v1
tr.result is 1

Test vvMode=v2v2
tr.result is 1

Test vvMode=v1v2
tr.result is -1
v1v2 test failed !!!
reconf_parameter: hbase.hregion.memstore.mslab.enabled
component: hbase:DefaultMemStore
v1: false
v2: true
testProject: hbase
unitTest: org.apache.hadoop.hbase.quotas.TestLowLatencySpaceQuotas#testMajorCompaction
reconfPoint: -2
result: -1
failureMessage: Failed 51 actions: IOException: 51 times, servers with issues: ccd9c872d877,46527,1591396028861
stackTrace: org.apache.hadoop.hbase.client.RetriesExhaustedWithDetailsException: Failed 51 actions: IOException: 51 times, servers with issues: ccd9c872d877,46527,1591396028861
	at org.apache.hadoop.hbase.client.BatchErrors.makeException(BatchErrors.java:54)
	at org.apache.hadoop.hbase.client.AsyncRequestFutureImpl.getErrors(AsyncRequestFutureImpl.java:1204)
	at org.apache.hadoop.hbase.client.HTable.batch(HTable.java:453)
	at org.apache.hadoop.hbase.client.HTable.put(HTable.java:551)
	at org.apache.hadoop.hbase.quotas.SpaceQuotaHelperForTests.writeData(SpaceQuotaHelperForTests.java:473)
	at org.apache.hadoop.hbase.quotas.SpaceQuotaHelperForTests.writeData(SpaceQuotaHelperForTests.java:445)
	at org.apache.hadoop.hbase.quotas.SpaceQuotaHelperForTests.writeData(SpaceQuotaHelperForTests.java:441)
	at org.apache.hadoop.hbase.quotas.TestLowLatencySpaceQuotas.testMajorCompaction(TestLowLatencySpaceQuotas.java:142)
	at sun.reflect.NativeMethodAccessorImpl.invoke0(Native Method)
	at sun.reflect.NativeMethodAccessorImpl.invoke(NativeMethodAccessorImpl.java:62)
	at sun.reflect.DelegatingMethodAccessorImpl.invoke(DelegatingMethodAccessorImpl.java:43)
	at java.lang.reflect.Method.invoke(Method.java:498)
	at org.junit.runners.model.FrameworkMethod$1.runReflectiveCall(FrameworkMethod.java:50)
	at org.junit.internal.runners.model.ReflectiveCallable.run(ReflectiveCallable.java:12)
	at org.junit.runners.model.FrameworkMethod.invokeExplosively(FrameworkMethod.java:47)
	at org.junit.internal.runners.statements.InvokeMethod.evaluate(InvokeMethod.java:17)
	at org.junit.internal.runners.statements.RunBefores.evaluate(RunBefores.java:26)
	at org.junit.rules.TestWatcher$1.evaluate(TestWatcher.java:55)
	at org.junit.rules.RunRules.evaluate(RunRules.java:20)
	at org.junit.runners.ParentRunner.runLeaf(ParentRunner.java:325)
	at org.junit.runners.BlockJUnit4ClassRunner.runChild(BlockJUnit4ClassRunner.java:78)
	at org.junit.runners.BlockJUnit4ClassRunner.runChild(BlockJUnit4ClassRunner.java:57)
	at org.junit.runners.ParentRunner$3.run(ParentRunner.java:290)
	at org.junit.runners.ParentRunner$1.schedule(ParentRunner.java:71)
	at org.junit.runners.ParentRunner.runChildren(ParentRunner.java:288)
	at org.junit.runners.ParentRunner.access$000(ParentRunner.java:58)
	at org.junit.runners.ParentRunner$2.evaluate(ParentRunner.java:268)
	at org.junit.internal.runners.statements.RunBefores.evaluate(RunBefores.java:26)
	at org.junit.internal.runners.statements.RunAfters.evaluate(RunAfters.java:27)
	at org.junit.internal.runners.statements.FailOnTimeout$CallableStatement.call(FailOnTimeout.java:298)
	at org.junit.internal.runners.statements.FailOnTimeout$CallableStatement.call(FailOnTimeout.java:292)
	at java.util.concurrent.FutureTask.run(FutureTask.java:266)
	at java.lang.Thread.run(Thread.java:748)



Test vvMode=v1v1
tr.result is 1

Test vvMode=v2v2
tr.result is 1

Test vvMode=v1v2
tr.result is -1
v1v2 test failed !!!
reconf_parameter: hbase.hregion.memstore.mslab.enabled
component: hbase:DefaultMemStore
v1: false
v2: true
testProject: hbase
unitTest: org.apache.hadoop.hbase.quotas.TestLowLatencySpaceQuotas#testMajorCompaction
reconfPoint: -2
result: -1
failureMessage: Failed 51 actions: IOException: 51 times, servers with issues: ccd9c872d877,43871,1591396396968
stackTrace: org.apache.hadoop.hbase.client.RetriesExhaustedWithDetailsException: Failed 51 actions: IOException: 51 times, servers with issues: ccd9c872d877,43871,1591396396968
	at org.apache.hadoop.hbase.client.BatchErrors.makeException(BatchErrors.java:54)
	at org.apache.hadoop.hbase.client.AsyncRequestFutureImpl.getErrors(AsyncRequestFutureImpl.java:1204)
	at org.apache.hadoop.hbase.client.HTable.batch(HTable.java:453)
	at org.apache.hadoop.hbase.client.HTable.put(HTable.java:551)
	at org.apache.hadoop.hbase.quotas.SpaceQuotaHelperForTests.writeData(SpaceQuotaHelperForTests.java:473)
	at org.apache.hadoop.hbase.quotas.SpaceQuotaHelperForTests.writeData(SpaceQuotaHelperForTests.java:445)
	at org.apache.hadoop.hbase.quotas.SpaceQuotaHelperForTests.writeData(SpaceQuotaHelperForTests.java:441)
	at org.apache.hadoop.hbase.quotas.TestLowLatencySpaceQuotas.testMajorCompaction(TestLowLatencySpaceQuotas.java:142)
	at sun.reflect.NativeMethodAccessorImpl.invoke0(Native Method)
	at sun.reflect.NativeMethodAccessorImpl.invoke(NativeMethodAccessorImpl.java:62)
	at sun.reflect.DelegatingMethodAccessorImpl.invoke(DelegatingMethodAccessorImpl.java:43)
	at java.lang.reflect.Method.invoke(Method.java:498)
	at org.junit.runners.model.FrameworkMethod$1.runReflectiveCall(FrameworkMethod.java:50)
	at org.junit.internal.runners.model.ReflectiveCallable.run(ReflectiveCallable.java:12)
	at org.junit.runners.model.FrameworkMethod.invokeExplosively(FrameworkMethod.java:47)
	at org.junit.internal.runners.statements.InvokeMethod.evaluate(InvokeMethod.java:17)
	at org.junit.internal.runners.statements.RunBefores.evaluate(RunBefores.java:26)
	at org.junit.rules.TestWatcher$1.evaluate(TestWatcher.java:55)
	at org.junit.rules.RunRules.evaluate(RunRules.java:20)
	at org.junit.runners.ParentRunner.runLeaf(ParentRunner.java:325)
	at org.junit.runners.BlockJUnit4ClassRunner.runChild(BlockJUnit4ClassRunner.java:78)
	at org.junit.runners.BlockJUnit4ClassRunner.runChild(BlockJUnit4ClassRunner.java:57)
	at org.junit.runners.ParentRunner$3.run(ParentRunner.java:290)
	at org.junit.runners.ParentRunner$1.schedule(ParentRunner.java:71)
	at org.junit.runners.ParentRunner.runChildren(ParentRunner.java:288)
	at org.junit.runners.ParentRunner.access$000(ParentRunner.java:58)
	at org.junit.runners.ParentRunner$2.evaluate(ParentRunner.java:268)
	at org.junit.internal.runners.statements.RunBefores.evaluate(RunBefores.java:26)
	at org.junit.internal.runners.statements.RunAfters.evaluate(RunAfters.java:27)
	at org.junit.internal.runners.statements.FailOnTimeout$CallableStatement.call(FailOnTimeout.java:298)
	at org.junit.internal.runners.statements.FailOnTimeout$CallableStatement.call(FailOnTimeout.java:292)
	at java.util.concurrent.FutureTask.run(FutureTask.java:266)
	at java.lang.Thread.run(Thread.java:748)



Test vvMode=v1v1
tr.result is 1

Test vvMode=v2v2
tr.result is 1

Test vvMode=v1v2
tr.result is -1
v1v2 test failed !!!
reconf_parameter: hbase.hregion.memstore.mslab.enabled
component: hbase:DefaultMemStore
v1: false
v2: true
testProject: hbase
unitTest: org.apache.hadoop.hbase.quotas.TestLowLatencySpaceQuotas#testMajorCompaction
reconfPoint: -2
result: -1
failureMessage: Failed 51 actions: IOException: 51 times, servers with issues: ccd9c872d877,41651,1591396758316
stackTrace: org.apache.hadoop.hbase.client.RetriesExhaustedWithDetailsException: Failed 51 actions: IOException: 51 times, servers with issues: ccd9c872d877,41651,1591396758316
	at org.apache.hadoop.hbase.client.BatchErrors.makeException(BatchErrors.java:54)
	at org.apache.hadoop.hbase.client.AsyncRequestFutureImpl.getErrors(AsyncRequestFutureImpl.java:1204)
	at org.apache.hadoop.hbase.client.HTable.batch(HTable.java:453)
	at org.apache.hadoop.hbase.client.HTable.put(HTable.java:551)
	at org.apache.hadoop.hbase.quotas.SpaceQuotaHelperForTests.writeData(SpaceQuotaHelperForTests.java:473)
	at org.apache.hadoop.hbase.quotas.SpaceQuotaHelperForTests.writeData(SpaceQuotaHelperForTests.java:445)
	at org.apache.hadoop.hbase.quotas.SpaceQuotaHelperForTests.writeData(SpaceQuotaHelperForTests.java:441)
	at org.apache.hadoop.hbase.quotas.TestLowLatencySpaceQuotas.testMajorCompaction(TestLowLatencySpaceQuotas.java:142)
	at sun.reflect.NativeMethodAccessorImpl.invoke0(Native Method)
	at sun.reflect.NativeMethodAccessorImpl.invoke(NativeMethodAccessorImpl.java:62)
	at sun.reflect.DelegatingMethodAccessorImpl.invoke(DelegatingMethodAccessorImpl.java:43)
	at java.lang.reflect.Method.invoke(Method.java:498)
	at org.junit.runners.model.FrameworkMethod$1.runReflectiveCall(FrameworkMethod.java:50)
	at org.junit.internal.runners.model.ReflectiveCallable.run(ReflectiveCallable.java:12)
	at org.junit.runners.model.FrameworkMethod.invokeExplosively(FrameworkMethod.java:47)
	at org.junit.internal.runners.statements.InvokeMethod.evaluate(InvokeMethod.java:17)
	at org.junit.internal.runners.statements.RunBefores.evaluate(RunBefores.java:26)
	at org.junit.rules.TestWatcher$1.evaluate(TestWatcher.java:55)
	at org.junit.rules.RunRules.evaluate(RunRules.java:20)
	at org.junit.runners.ParentRunner.runLeaf(ParentRunner.java:325)
	at org.junit.runners.BlockJUnit4ClassRunner.runChild(BlockJUnit4ClassRunner.java:78)
	at org.junit.runners.BlockJUnit4ClassRunner.runChild(BlockJUnit4ClassRunner.java:57)
	at org.junit.runners.ParentRunner$3.run(ParentRunner.java:290)
	at org.junit.runners.ParentRunner$1.schedule(ParentRunner.java:71)
	at org.junit.runners.ParentRunner.runChildren(ParentRunner.java:288)
	at org.junit.runners.ParentRunner.access$000(ParentRunner.java:58)
	at org.junit.runners.ParentRunner$2.evaluate(ParentRunner.java:268)
	at org.junit.internal.runners.statements.RunBefores.evaluate(RunBefores.java:26)
	at org.junit.internal.runners.statements.RunAfters.evaluate(RunAfters.java:27)
	at org.junit.internal.runners.statements.FailOnTimeout$CallableStatement.call(FailOnTimeout.java:298)
	at org.junit.internal.runners.statements.FailOnTimeout$CallableStatement.call(FailOnTimeout.java:292)
	at java.util.concurrent.FutureTask.run(FutureTask.java:266)
	at java.lang.Thread.run(Thread.java:748)



Test vvMode=v1v1
tr.result is 1

Test vvMode=v2v2
tr.result is 1

Test vvMode=v1v2
tr.result is -1
v1v2 test failed !!!
reconf_parameter: hbase.hregion.memstore.mslab.enabled
component: hbase:DefaultMemStore
v1: false
v2: true
testProject: hbase
unitTest: org.apache.hadoop.hbase.quotas.TestLowLatencySpaceQuotas#testMajorCompaction
reconfPoint: -2
result: -1
failureMessage: Failed 51 actions: IOException: 51 times, servers with issues: ccd9c872d877,39407,1591397130604
stackTrace: org.apache.hadoop.hbase.client.RetriesExhaustedWithDetailsException: Failed 51 actions: IOException: 51 times, servers with issues: ccd9c872d877,39407,1591397130604
	at org.apache.hadoop.hbase.client.BatchErrors.makeException(BatchErrors.java:54)
	at org.apache.hadoop.hbase.client.AsyncRequestFutureImpl.getErrors(AsyncRequestFutureImpl.java:1204)
	at org.apache.hadoop.hbase.client.HTable.batch(HTable.java:453)
	at org.apache.hadoop.hbase.client.HTable.put(HTable.java:551)
	at org.apache.hadoop.hbase.quotas.SpaceQuotaHelperForTests.writeData(SpaceQuotaHelperForTests.java:473)
	at org.apache.hadoop.hbase.quotas.SpaceQuotaHelperForTests.writeData(SpaceQuotaHelperForTests.java:445)
	at org.apache.hadoop.hbase.quotas.SpaceQuotaHelperForTests.writeData(SpaceQuotaHelperForTests.java:441)
	at org.apache.hadoop.hbase.quotas.TestLowLatencySpaceQuotas.testMajorCompaction(TestLowLatencySpaceQuotas.java:142)
	at sun.reflect.NativeMethodAccessorImpl.invoke0(Native Method)
	at sun.reflect.NativeMethodAccessorImpl.invoke(NativeMethodAccessorImpl.java:62)
	at sun.reflect.DelegatingMethodAccessorImpl.invoke(DelegatingMethodAccessorImpl.java:43)
	at java.lang.reflect.Method.invoke(Method.java:498)
	at org.junit.runners.model.FrameworkMethod$1.runReflectiveCall(FrameworkMethod.java:50)
	at org.junit.internal.runners.model.ReflectiveCallable.run(ReflectiveCallable.java:12)
	at org.junit.runners.model.FrameworkMethod.invokeExplosively(FrameworkMethod.java:47)
	at org.junit.internal.runners.statements.InvokeMethod.evaluate(InvokeMethod.java:17)
	at org.junit.internal.runners.statements.RunBefores.evaluate(RunBefores.java:26)
	at org.junit.rules.TestWatcher$1.evaluate(TestWatcher.java:55)
	at org.junit.rules.RunRules.evaluate(RunRules.java:20)
	at org.junit.runners.ParentRunner.runLeaf(ParentRunner.java:325)
	at org.junit.runners.BlockJUnit4ClassRunner.runChild(BlockJUnit4ClassRunner.java:78)
	at org.junit.runners.BlockJUnit4ClassRunner.runChild(BlockJUnit4ClassRunner.java:57)
	at org.junit.runners.ParentRunner$3.run(ParentRunner.java:290)
	at org.junit.runners.ParentRunner$1.schedule(ParentRunner.java:71)
	at org.junit.runners.ParentRunner.runChildren(ParentRunner.java:288)
	at org.junit.runners.ParentRunner.access$000(ParentRunner.java:58)
	at org.junit.runners.ParentRunner$2.evaluate(ParentRunner.java:268)
	at org.junit.internal.runners.statements.RunBefores.evaluate(RunBefores.java:26)
	at org.junit.internal.runners.statements.RunAfters.evaluate(RunAfters.java:27)
	at org.junit.internal.runners.statements.FailOnTimeout$CallableStatement.call(FailOnTimeout.java:298)
	at org.junit.internal.runners.statements.FailOnTimeout$CallableStatement.call(FailOnTimeout.java:292)
	at java.util.concurrent.FutureTask.run(FutureTask.java:266)
	at java.lang.Thread.run(Thread.java:748)



Test vvMode=v1v1
tr.result is 1

Test vvMode=v2v2
tr.result is 1

Test vvMode=v1v2
tr.result is -1
v1v2 test failed !!!
reconf_parameter: hbase.hregion.memstore.mslab.enabled
component: hbase:DefaultMemStore
v1: false
v2: true
testProject: hbase
unitTest: org.apache.hadoop.hbase.quotas.TestLowLatencySpaceQuotas#testMajorCompaction
reconfPoint: -2
result: -1
failureMessage: Failed 51 actions: IOException: 51 times, servers with issues: ccd9c872d877,37945,1591397494050
stackTrace: org.apache.hadoop.hbase.client.RetriesExhaustedWithDetailsException: Failed 51 actions: IOException: 51 times, servers with issues: ccd9c872d877,37945,1591397494050
	at org.apache.hadoop.hbase.client.BatchErrors.makeException(BatchErrors.java:54)
	at org.apache.hadoop.hbase.client.AsyncRequestFutureImpl.getErrors(AsyncRequestFutureImpl.java:1204)
	at org.apache.hadoop.hbase.client.HTable.batch(HTable.java:453)
	at org.apache.hadoop.hbase.client.HTable.put(HTable.java:551)
	at org.apache.hadoop.hbase.quotas.SpaceQuotaHelperForTests.writeData(SpaceQuotaHelperForTests.java:473)
	at org.apache.hadoop.hbase.quotas.SpaceQuotaHelperForTests.writeData(SpaceQuotaHelperForTests.java:445)
	at org.apache.hadoop.hbase.quotas.SpaceQuotaHelperForTests.writeData(SpaceQuotaHelperForTests.java:441)
	at org.apache.hadoop.hbase.quotas.TestLowLatencySpaceQuotas.testMajorCompaction(TestLowLatencySpaceQuotas.java:142)
	at sun.reflect.NativeMethodAccessorImpl.invoke0(Native Method)
	at sun.reflect.NativeMethodAccessorImpl.invoke(NativeMethodAccessorImpl.java:62)
	at sun.reflect.DelegatingMethodAccessorImpl.invoke(DelegatingMethodAccessorImpl.java:43)
	at java.lang.reflect.Method.invoke(Method.java:498)
	at org.junit.runners.model.FrameworkMethod$1.runReflectiveCall(FrameworkMethod.java:50)
	at org.junit.internal.runners.model.ReflectiveCallable.run(ReflectiveCallable.java:12)
	at org.junit.runners.model.FrameworkMethod.invokeExplosively(FrameworkMethod.java:47)
	at org.junit.internal.runners.statements.InvokeMethod.evaluate(InvokeMethod.java:17)
	at org.junit.internal.runners.statements.RunBefores.evaluate(RunBefores.java:26)
	at org.junit.rules.TestWatcher$1.evaluate(TestWatcher.java:55)
	at org.junit.rules.RunRules.evaluate(RunRules.java:20)
	at org.junit.runners.ParentRunner.runLeaf(ParentRunner.java:325)
	at org.junit.runners.BlockJUnit4ClassRunner.runChild(BlockJUnit4ClassRunner.java:78)
	at org.junit.runners.BlockJUnit4ClassRunner.runChild(BlockJUnit4ClassRunner.java:57)
	at org.junit.runners.ParentRunner$3.run(ParentRunner.java:290)
	at org.junit.runners.ParentRunner$1.schedule(ParentRunner.java:71)
	at org.junit.runners.ParentRunner.runChildren(ParentRunner.java:288)
	at org.junit.runners.ParentRunner.access$000(ParentRunner.java:58)
	at org.junit.runners.ParentRunner$2.evaluate(ParentRunner.java:268)
	at org.junit.internal.runners.statements.RunBefores.evaluate(RunBefores.java:26)
	at org.junit.internal.runners.statements.RunAfters.evaluate(RunAfters.java:27)
	at org.junit.internal.runners.statements.FailOnTimeout$CallableStatement.call(FailOnTimeout.java:298)
	at org.junit.internal.runners.statements.FailOnTimeout$CallableStatement.call(FailOnTimeout.java:292)
	at java.util.concurrent.FutureTask.run(FutureTask.java:266)
	at java.lang.Thread.run(Thread.java:748)



Test vvMode=v1v1
tr.result is 1

Test vvMode=v2v2
tr.result is 1

Test vvMode=v1v2
tr.result is -1
v1v2 test failed !!!
reconf_parameter: hbase.hregion.memstore.mslab.enabled
component: hbase:DefaultMemStore
v1: false
v2: true
testProject: hbase
unitTest: org.apache.hadoop.hbase.quotas.TestLowLatencySpaceQuotas#testMajorCompaction
reconfPoint: -2
result: -1
failureMessage: Failed 51 actions: IOException: 51 times, servers with issues: ccd9c872d877,45232,1591397863909
stackTrace: org.apache.hadoop.hbase.client.RetriesExhaustedWithDetailsException: Failed 51 actions: IOException: 51 times, servers with issues: ccd9c872d877,45232,1591397863909
	at org.apache.hadoop.hbase.client.BatchErrors.makeException(BatchErrors.java:54)
	at org.apache.hadoop.hbase.client.AsyncRequestFutureImpl.getErrors(AsyncRequestFutureImpl.java:1204)
	at org.apache.hadoop.hbase.client.HTable.batch(HTable.java:453)
	at org.apache.hadoop.hbase.client.HTable.put(HTable.java:551)
	at org.apache.hadoop.hbase.quotas.SpaceQuotaHelperForTests.writeData(SpaceQuotaHelperForTests.java:473)
	at org.apache.hadoop.hbase.quotas.SpaceQuotaHelperForTests.writeData(SpaceQuotaHelperForTests.java:445)
	at org.apache.hadoop.hbase.quotas.SpaceQuotaHelperForTests.writeData(SpaceQuotaHelperForTests.java:441)
	at org.apache.hadoop.hbase.quotas.TestLowLatencySpaceQuotas.testMajorCompaction(TestLowLatencySpaceQuotas.java:142)
	at sun.reflect.NativeMethodAccessorImpl.invoke0(Native Method)
	at sun.reflect.NativeMethodAccessorImpl.invoke(NativeMethodAccessorImpl.java:62)
	at sun.reflect.DelegatingMethodAccessorImpl.invoke(DelegatingMethodAccessorImpl.java:43)
	at java.lang.reflect.Method.invoke(Method.java:498)
	at org.junit.runners.model.FrameworkMethod$1.runReflectiveCall(FrameworkMethod.java:50)
	at org.junit.internal.runners.model.ReflectiveCallable.run(ReflectiveCallable.java:12)
	at org.junit.runners.model.FrameworkMethod.invokeExplosively(FrameworkMethod.java:47)
	at org.junit.internal.runners.statements.InvokeMethod.evaluate(InvokeMethod.java:17)
	at org.junit.internal.runners.statements.RunBefores.evaluate(RunBefores.java:26)
	at org.junit.rules.TestWatcher$1.evaluate(TestWatcher.java:55)
	at org.junit.rules.RunRules.evaluate(RunRules.java:20)
	at org.junit.runners.ParentRunner.runLeaf(ParentRunner.java:325)
	at org.junit.runners.BlockJUnit4ClassRunner.runChild(BlockJUnit4ClassRunner.java:78)
	at org.junit.runners.BlockJUnit4ClassRunner.runChild(BlockJUnit4ClassRunner.java:57)
	at org.junit.runners.ParentRunner$3.run(ParentRunner.java:290)
	at org.junit.runners.ParentRunner$1.schedule(ParentRunner.java:71)
	at org.junit.runners.ParentRunner.runChildren(ParentRunner.java:288)
	at org.junit.runners.ParentRunner.access$000(ParentRunner.java:58)
	at org.junit.runners.ParentRunner$2.evaluate(ParentRunner.java:268)
	at org.junit.internal.runners.statements.RunBefores.evaluate(RunBefores.java:26)
	at org.junit.internal.runners.statements.RunAfters.evaluate(RunAfters.java:27)
	at org.junit.internal.runners.statements.FailOnTimeout$CallableStatement.call(FailOnTimeout.java:298)
	at org.junit.internal.runners.statements.FailOnTimeout$CallableStatement.call(FailOnTimeout.java:292)
	at java.util.concurrent.FutureTask.run(FutureTask.java:266)
	at java.lang.Thread.run(Thread.java:748)



Test vvMode=v1v1
tr.result is 1

Test vvMode=v2v2
tr.result is 1

Test vvMode=v1v2
tr.result is -1
v1v2 test failed !!!
reconf_parameter: hbase.hregion.memstore.mslab.enabled
component: hbase:DefaultMemStore
v1: false
v2: true
testProject: hbase
unitTest: org.apache.hadoop.hbase.quotas.TestLowLatencySpaceQuotas#testMajorCompaction
reconfPoint: -2
result: -1
failureMessage: Failed 51 actions: IOException: 51 times, servers with issues: ccd9c872d877,34401,1591398227733
stackTrace: org.apache.hadoop.hbase.client.RetriesExhaustedWithDetailsException: Failed 51 actions: IOException: 51 times, servers with issues: ccd9c872d877,34401,1591398227733
	at org.apache.hadoop.hbase.client.BatchErrors.makeException(BatchErrors.java:54)
	at org.apache.hadoop.hbase.client.AsyncRequestFutureImpl.getErrors(AsyncRequestFutureImpl.java:1204)
	at org.apache.hadoop.hbase.client.HTable.batch(HTable.java:453)
	at org.apache.hadoop.hbase.client.HTable.put(HTable.java:551)
	at org.apache.hadoop.hbase.quotas.SpaceQuotaHelperForTests.writeData(SpaceQuotaHelperForTests.java:473)
	at org.apache.hadoop.hbase.quotas.SpaceQuotaHelperForTests.writeData(SpaceQuotaHelperForTests.java:445)
	at org.apache.hadoop.hbase.quotas.SpaceQuotaHelperForTests.writeData(SpaceQuotaHelperForTests.java:441)
	at org.apache.hadoop.hbase.quotas.TestLowLatencySpaceQuotas.testMajorCompaction(TestLowLatencySpaceQuotas.java:142)
	at sun.reflect.NativeMethodAccessorImpl.invoke0(Native Method)
	at sun.reflect.NativeMethodAccessorImpl.invoke(NativeMethodAccessorImpl.java:62)
	at sun.reflect.DelegatingMethodAccessorImpl.invoke(DelegatingMethodAccessorImpl.java:43)
	at java.lang.reflect.Method.invoke(Method.java:498)
	at org.junit.runners.model.FrameworkMethod$1.runReflectiveCall(FrameworkMethod.java:50)
	at org.junit.internal.runners.model.ReflectiveCallable.run(ReflectiveCallable.java:12)
	at org.junit.runners.model.FrameworkMethod.invokeExplosively(FrameworkMethod.java:47)
	at org.junit.internal.runners.statements.InvokeMethod.evaluate(InvokeMethod.java:17)
	at org.junit.internal.runners.statements.RunBefores.evaluate(RunBefores.java:26)
	at org.junit.rules.TestWatcher$1.evaluate(TestWatcher.java:55)
	at org.junit.rules.RunRules.evaluate(RunRules.java:20)
	at org.junit.runners.ParentRunner.runLeaf(ParentRunner.java:325)
	at org.junit.runners.BlockJUnit4ClassRunner.runChild(BlockJUnit4ClassRunner.java:78)
	at org.junit.runners.BlockJUnit4ClassRunner.runChild(BlockJUnit4ClassRunner.java:57)
	at org.junit.runners.ParentRunner$3.run(ParentRunner.java:290)
	at org.junit.runners.ParentRunner$1.schedule(ParentRunner.java:71)
	at org.junit.runners.ParentRunner.runChildren(ParentRunner.java:288)
	at org.junit.runners.ParentRunner.access$000(ParentRunner.java:58)
	at org.junit.runners.ParentRunner$2.evaluate(ParentRunner.java:268)
	at org.junit.internal.runners.statements.RunBefores.evaluate(RunBefores.java:26)
	at org.junit.internal.runners.statements.RunAfters.evaluate(RunAfters.java:27)
	at org.junit.internal.runners.statements.FailOnTimeout$CallableStatement.call(FailOnTimeout.java:298)
	at org.junit.internal.runners.statements.FailOnTimeout$CallableStatement.call(FailOnTimeout.java:292)
	at java.util.concurrent.FutureTask.run(FutureTask.java:266)
	at java.lang.Thread.run(Thread.java:748)



Test vvMode=v1v1
tr.result is 1

Test vvMode=v2v2
tr.result is 1

Test vvMode=v1v2
tr.result is -1
v1v2 test failed !!!
reconf_parameter: hbase.hregion.memstore.mslab.enabled
component: hbase:DefaultMemStore
v1: false
v2: true
testProject: hbase
unitTest: org.apache.hadoop.hbase.quotas.TestLowLatencySpaceQuotas#testMajorCompaction
reconfPoint: -2
result: -1
failureMessage: Failed 51 actions: IOException: 51 times, servers with issues: ccd9c872d877,33713,1591398514348
stackTrace: org.apache.hadoop.hbase.client.RetriesExhaustedWithDetailsException: Failed 51 actions: IOException: 51 times, servers with issues: ccd9c872d877,33713,1591398514348
	at org.apache.hadoop.hbase.client.BatchErrors.makeException(BatchErrors.java:54)
	at org.apache.hadoop.hbase.client.AsyncRequestFutureImpl.getErrors(AsyncRequestFutureImpl.java:1204)
	at org.apache.hadoop.hbase.client.HTable.batch(HTable.java:453)
	at org.apache.hadoop.hbase.client.HTable.put(HTable.java:551)
	at org.apache.hadoop.hbase.quotas.SpaceQuotaHelperForTests.writeData(SpaceQuotaHelperForTests.java:473)
	at org.apache.hadoop.hbase.quotas.SpaceQuotaHelperForTests.writeData(SpaceQuotaHelperForTests.java:445)
	at org.apache.hadoop.hbase.quotas.SpaceQuotaHelperForTests.writeData(SpaceQuotaHelperForTests.java:441)
	at org.apache.hadoop.hbase.quotas.TestLowLatencySpaceQuotas.testMajorCompaction(TestLowLatencySpaceQuotas.java:142)
	at sun.reflect.NativeMethodAccessorImpl.invoke0(Native Method)
	at sun.reflect.NativeMethodAccessorImpl.invoke(NativeMethodAccessorImpl.java:62)
	at sun.reflect.DelegatingMethodAccessorImpl.invoke(DelegatingMethodAccessorImpl.java:43)
	at java.lang.reflect.Method.invoke(Method.java:498)
	at org.junit.runners.model.FrameworkMethod$1.runReflectiveCall(FrameworkMethod.java:50)
	at org.junit.internal.runners.model.ReflectiveCallable.run(ReflectiveCallable.java:12)
	at org.junit.runners.model.FrameworkMethod.invokeExplosively(FrameworkMethod.java:47)
	at org.junit.internal.runners.statements.InvokeMethod.evaluate(InvokeMethod.java:17)
	at org.junit.internal.runners.statements.RunBefores.evaluate(RunBefores.java:26)
	at org.junit.rules.TestWatcher$1.evaluate(TestWatcher.java:55)
	at org.junit.rules.RunRules.evaluate(RunRules.java:20)
	at org.junit.runners.ParentRunner.runLeaf(ParentRunner.java:325)
	at org.junit.runners.BlockJUnit4ClassRunner.runChild(BlockJUnit4ClassRunner.java:78)
	at org.junit.runners.BlockJUnit4ClassRunner.runChild(BlockJUnit4ClassRunner.java:57)
	at org.junit.runners.ParentRunner$3.run(ParentRunner.java:290)
	at org.junit.runners.ParentRunner$1.schedule(ParentRunner.java:71)
	at org.junit.runners.ParentRunner.runChildren(ParentRunner.java:288)
	at org.junit.runners.ParentRunner.access$000(ParentRunner.java:58)
	at org.junit.runners.ParentRunner$2.evaluate(ParentRunner.java:268)
	at org.junit.internal.runners.statements.RunBefores.evaluate(RunBefores.java:26)
	at org.junit.internal.runners.statements.RunAfters.evaluate(RunAfters.java:27)
	at org.junit.internal.runners.statements.FailOnTimeout$CallableStatement.call(FailOnTimeout.java:298)
	at org.junit.internal.runners.statements.FailOnTimeout$CallableStatement.call(FailOnTimeout.java:292)
	at java.util.concurrent.FutureTask.run(FutureTask.java:266)
	at java.lang.Thread.run(Thread.java:748)



Test vvMode=v1v1
tr.result is 1

Test vvMode=v2v2
tr.result is 1
early stop after 10 is satisfied
v1v2 failed with probability 10 out of 10
v1v1v2v2 failed with probability 0 out of 10
result: might be true error
Total execution time in seconds : 3548
