reconf_parameter: hbase.hregion.memstore.mslab.enabled
component: hbase:HRegionServer
v1: true
v2: false
testProject: hbase
unitTest: org.apache.hadoop.hbase.quotas.TestLowLatencySpaceQuotas#testMinorCompaction
reconfPoint: 1
result: -1

Test vvMode=v1v2
tr.result is -1
v1v2 test failed !!!
reconf_parameter: hbase.hregion.memstore.mslab.enabled
component: hbase:HRegionServer
v1: true
v2: false
testProject: hbase
unitTest: org.apache.hadoop.hbase.quotas.TestLowLatencySpaceQuotas#testMinorCompaction
reconfPoint: 1
result: -1
failureMessage: Failed 51 actions: IOException: 51 times, servers with issues: 63f1c42e2201,40812,1591382188610
stackTrace: org.apache.hadoop.hbase.client.RetriesExhaustedWithDetailsException: Failed 51 actions: IOException: 51 times, servers with issues: 63f1c42e2201,40812,1591382188610
	at org.apache.hadoop.hbase.client.BatchErrors.makeException(BatchErrors.java:54)
	at org.apache.hadoop.hbase.client.AsyncRequestFutureImpl.getErrors(AsyncRequestFutureImpl.java:1204)
	at org.apache.hadoop.hbase.client.HTable.batch(HTable.java:453)
	at org.apache.hadoop.hbase.client.HTable.put(HTable.java:551)
	at org.apache.hadoop.hbase.quotas.SpaceQuotaHelperForTests.writeData(SpaceQuotaHelperForTests.java:473)
	at org.apache.hadoop.hbase.quotas.SpaceQuotaHelperForTests.writeData(SpaceQuotaHelperForTests.java:445)
	at org.apache.hadoop.hbase.quotas.SpaceQuotaHelperForTests.writeData(SpaceQuotaHelperForTests.java:441)
	at org.apache.hadoop.hbase.quotas.TestLowLatencySpaceQuotas.testMinorCompaction(TestLowLatencySpaceQuotas.java:176)
	at sun.reflect.NativeMethodAccessorImpl.invoke0(Native Method)
	at sun.reflect.NativeMethodAccessorImpl.invoke(NativeMethodAccessorImpl.java:62)
	at sun.reflect.DelegatingMethodAccessorImpl.invoke(DelegatingMethodAccessorImpl.java:43)
	at java.lang.reflect.Method.invoke(Method.java:498)
	at org.junit.runners.model.FrameworkMethod$1.runReflectiveCall(FrameworkMethod.java:50)
	at org.junit.internal.runners.model.ReflectiveCallable.run(ReflectiveCallable.java:12)
	at org.junit.runners.model.FrameworkMethod.invokeExplosively(FrameworkMethod.java:47)
	at org.junit.internal.runners.statements.InvokeMethod.evaluate(InvokeMethod.java:17)
	at org.junit.internal.runners.statements.RunBefores.evaluate(RunBefores.java:26)
	at org.junit.rules.TestWatcher$1.evaluate(TestWatcher.java:55)
	at org.junit.rules.RunRules.evaluate(RunRules.java:20)
	at org.junit.runners.ParentRunner.runLeaf(ParentRunner.java:325)
	at org.junit.runners.BlockJUnit4ClassRunner.runChild(BlockJUnit4ClassRunner.java:78)
	at org.junit.runners.BlockJUnit4ClassRunner.runChild(BlockJUnit4ClassRunner.java:57)
	at org.junit.runners.ParentRunner$3.run(ParentRunner.java:290)
	at org.junit.runners.ParentRunner$1.schedule(ParentRunner.java:71)
	at org.junit.runners.ParentRunner.runChildren(ParentRunner.java:288)
	at org.junit.runners.ParentRunner.access$000(ParentRunner.java:58)
	at org.junit.runners.ParentRunner$2.evaluate(ParentRunner.java:268)
	at org.junit.internal.runners.statements.RunBefores.evaluate(RunBefores.java:26)
	at org.junit.internal.runners.statements.RunAfters.evaluate(RunAfters.java:27)
	at org.junit.internal.runners.statements.FailOnTimeout$CallableStatement.call(FailOnTimeout.java:298)
	at org.junit.internal.runners.statements.FailOnTimeout$CallableStatement.call(FailOnTimeout.java:292)
	at java.util.concurrent.FutureTask.run(FutureTask.java:266)
	at java.lang.Thread.run(Thread.java:748)



Test vvMode=v1v1
tr.result is 1

Test vvMode=v2v2
tr.result is 1

Test vvMode=v1v2
tr.result is -1
v1v2 test failed !!!
reconf_parameter: hbase.hregion.memstore.mslab.enabled
component: hbase:HRegionServer
v1: true
v2: false
testProject: hbase
unitTest: org.apache.hadoop.hbase.quotas.TestLowLatencySpaceQuotas#testMinorCompaction
reconfPoint: 1
result: -1
failureMessage: Failed 51 actions: IOException: 51 times, servers with issues: 63f1c42e2201,33681,1591382619400
stackTrace: org.apache.hadoop.hbase.client.RetriesExhaustedWithDetailsException: Failed 51 actions: IOException: 51 times, servers with issues: 63f1c42e2201,33681,1591382619400
	at org.apache.hadoop.hbase.client.BatchErrors.makeException(BatchErrors.java:54)
	at org.apache.hadoop.hbase.client.AsyncRequestFutureImpl.getErrors(AsyncRequestFutureImpl.java:1204)
	at org.apache.hadoop.hbase.client.HTable.batch(HTable.java:453)
	at org.apache.hadoop.hbase.client.HTable.put(HTable.java:551)
	at org.apache.hadoop.hbase.quotas.SpaceQuotaHelperForTests.writeData(SpaceQuotaHelperForTests.java:473)
	at org.apache.hadoop.hbase.quotas.SpaceQuotaHelperForTests.writeData(SpaceQuotaHelperForTests.java:445)
	at org.apache.hadoop.hbase.quotas.SpaceQuotaHelperForTests.writeData(SpaceQuotaHelperForTests.java:441)
	at org.apache.hadoop.hbase.quotas.TestLowLatencySpaceQuotas.testMinorCompaction(TestLowLatencySpaceQuotas.java:176)
	at sun.reflect.NativeMethodAccessorImpl.invoke0(Native Method)
	at sun.reflect.NativeMethodAccessorImpl.invoke(NativeMethodAccessorImpl.java:62)
	at sun.reflect.DelegatingMethodAccessorImpl.invoke(DelegatingMethodAccessorImpl.java:43)
	at java.lang.reflect.Method.invoke(Method.java:498)
	at org.junit.runners.model.FrameworkMethod$1.runReflectiveCall(FrameworkMethod.java:50)
	at org.junit.internal.runners.model.ReflectiveCallable.run(ReflectiveCallable.java:12)
	at org.junit.runners.model.FrameworkMethod.invokeExplosively(FrameworkMethod.java:47)
	at org.junit.internal.runners.statements.InvokeMethod.evaluate(InvokeMethod.java:17)
	at org.junit.internal.runners.statements.RunBefores.evaluate(RunBefores.java:26)
	at org.junit.rules.TestWatcher$1.evaluate(TestWatcher.java:55)
	at org.junit.rules.RunRules.evaluate(RunRules.java:20)
	at org.junit.runners.ParentRunner.runLeaf(ParentRunner.java:325)
	at org.junit.runners.BlockJUnit4ClassRunner.runChild(BlockJUnit4ClassRunner.java:78)
	at org.junit.runners.BlockJUnit4ClassRunner.runChild(BlockJUnit4ClassRunner.java:57)
	at org.junit.runners.ParentRunner$3.run(ParentRunner.java:290)
	at org.junit.runners.ParentRunner$1.schedule(ParentRunner.java:71)
	at org.junit.runners.ParentRunner.runChildren(ParentRunner.java:288)
	at org.junit.runners.ParentRunner.access$000(ParentRunner.java:58)
	at org.junit.runners.ParentRunner$2.evaluate(ParentRunner.java:268)
	at org.junit.internal.runners.statements.RunBefores.evaluate(RunBefores.java:26)
	at org.junit.internal.runners.statements.RunAfters.evaluate(RunAfters.java:27)
	at org.junit.internal.runners.statements.FailOnTimeout$CallableStatement.call(FailOnTimeout.java:298)
	at org.junit.internal.runners.statements.FailOnTimeout$CallableStatement.call(FailOnTimeout.java:292)
	at java.util.concurrent.FutureTask.run(FutureTask.java:266)
	at java.lang.Thread.run(Thread.java:748)



Test vvMode=v1v1
tr.result is 1

Test vvMode=v2v2
tr.result is 1

Test vvMode=v1v2
tr.result is -1
v1v2 test failed !!!
reconf_parameter: hbase.hregion.memstore.mslab.enabled
component: hbase:HRegionServer
v1: true
v2: false
testProject: hbase
unitTest: org.apache.hadoop.hbase.quotas.TestLowLatencySpaceQuotas#testMinorCompaction
reconfPoint: 1
result: -1
failureMessage: Failed 51 actions: IOException: 51 times, servers with issues: 63f1c42e2201,39941,1591383071127
stackTrace: org.apache.hadoop.hbase.client.RetriesExhaustedWithDetailsException: Failed 51 actions: IOException: 51 times, servers with issues: 63f1c42e2201,39941,1591383071127
	at org.apache.hadoop.hbase.client.BatchErrors.makeException(BatchErrors.java:54)
	at org.apache.hadoop.hbase.client.AsyncRequestFutureImpl.getErrors(AsyncRequestFutureImpl.java:1204)
	at org.apache.hadoop.hbase.client.HTable.batch(HTable.java:453)
	at org.apache.hadoop.hbase.client.HTable.put(HTable.java:551)
	at org.apache.hadoop.hbase.quotas.SpaceQuotaHelperForTests.writeData(SpaceQuotaHelperForTests.java:473)
	at org.apache.hadoop.hbase.quotas.SpaceQuotaHelperForTests.writeData(SpaceQuotaHelperForTests.java:445)
	at org.apache.hadoop.hbase.quotas.SpaceQuotaHelperForTests.writeData(SpaceQuotaHelperForTests.java:441)
	at org.apache.hadoop.hbase.quotas.TestLowLatencySpaceQuotas.testMinorCompaction(TestLowLatencySpaceQuotas.java:176)
	at sun.reflect.NativeMethodAccessorImpl.invoke0(Native Method)
	at sun.reflect.NativeMethodAccessorImpl.invoke(NativeMethodAccessorImpl.java:62)
	at sun.reflect.DelegatingMethodAccessorImpl.invoke(DelegatingMethodAccessorImpl.java:43)
	at java.lang.reflect.Method.invoke(Method.java:498)
	at org.junit.runners.model.FrameworkMethod$1.runReflectiveCall(FrameworkMethod.java:50)
	at org.junit.internal.runners.model.ReflectiveCallable.run(ReflectiveCallable.java:12)
	at org.junit.runners.model.FrameworkMethod.invokeExplosively(FrameworkMethod.java:47)
	at org.junit.internal.runners.statements.InvokeMethod.evaluate(InvokeMethod.java:17)
	at org.junit.internal.runners.statements.RunBefores.evaluate(RunBefores.java:26)
	at org.junit.rules.TestWatcher$1.evaluate(TestWatcher.java:55)
	at org.junit.rules.RunRules.evaluate(RunRules.java:20)
	at org.junit.runners.ParentRunner.runLeaf(ParentRunner.java:325)
	at org.junit.runners.BlockJUnit4ClassRunner.runChild(BlockJUnit4ClassRunner.java:78)
	at org.junit.runners.BlockJUnit4ClassRunner.runChild(BlockJUnit4ClassRunner.java:57)
	at org.junit.runners.ParentRunner$3.run(ParentRunner.java:290)
	at org.junit.runners.ParentRunner$1.schedule(ParentRunner.java:71)
	at org.junit.runners.ParentRunner.runChildren(ParentRunner.java:288)
	at org.junit.runners.ParentRunner.access$000(ParentRunner.java:58)
	at org.junit.runners.ParentRunner$2.evaluate(ParentRunner.java:268)
	at org.junit.internal.runners.statements.RunBefores.evaluate(RunBefores.java:26)
	at org.junit.internal.runners.statements.RunAfters.evaluate(RunAfters.java:27)
	at org.junit.internal.runners.statements.FailOnTimeout$CallableStatement.call(FailOnTimeout.java:298)
	at org.junit.internal.runners.statements.FailOnTimeout$CallableStatement.call(FailOnTimeout.java:292)
	at java.util.concurrent.FutureTask.run(FutureTask.java:266)
	at java.lang.Thread.run(Thread.java:748)



Test vvMode=v1v1
tr.result is 1

Test vvMode=v2v2
tr.result is 1

Test vvMode=v1v2
tr.result is -1
v1v2 test failed !!!
reconf_parameter: hbase.hregion.memstore.mslab.enabled
component: hbase:HRegionServer
v1: true
v2: false
testProject: hbase
unitTest: org.apache.hadoop.hbase.quotas.TestLowLatencySpaceQuotas#testMinorCompaction
reconfPoint: 1
result: -1
failureMessage: Failed 51 actions: IOException: 51 times, servers with issues: 63f1c42e2201,38516,1591383513620
stackTrace: org.apache.hadoop.hbase.client.RetriesExhaustedWithDetailsException: Failed 51 actions: IOException: 51 times, servers with issues: 63f1c42e2201,38516,1591383513620
	at org.apache.hadoop.hbase.client.BatchErrors.makeException(BatchErrors.java:54)
	at org.apache.hadoop.hbase.client.AsyncRequestFutureImpl.getErrors(AsyncRequestFutureImpl.java:1204)
	at org.apache.hadoop.hbase.client.HTable.batch(HTable.java:453)
	at org.apache.hadoop.hbase.client.HTable.put(HTable.java:551)
	at org.apache.hadoop.hbase.quotas.SpaceQuotaHelperForTests.writeData(SpaceQuotaHelperForTests.java:473)
	at org.apache.hadoop.hbase.quotas.SpaceQuotaHelperForTests.writeData(SpaceQuotaHelperForTests.java:445)
	at org.apache.hadoop.hbase.quotas.SpaceQuotaHelperForTests.writeData(SpaceQuotaHelperForTests.java:441)
	at org.apache.hadoop.hbase.quotas.TestLowLatencySpaceQuotas.testMinorCompaction(TestLowLatencySpaceQuotas.java:176)
	at sun.reflect.NativeMethodAccessorImpl.invoke0(Native Method)
	at sun.reflect.NativeMethodAccessorImpl.invoke(NativeMethodAccessorImpl.java:62)
	at sun.reflect.DelegatingMethodAccessorImpl.invoke(DelegatingMethodAccessorImpl.java:43)
	at java.lang.reflect.Method.invoke(Method.java:498)
	at org.junit.runners.model.FrameworkMethod$1.runReflectiveCall(FrameworkMethod.java:50)
	at org.junit.internal.runners.model.ReflectiveCallable.run(ReflectiveCallable.java:12)
	at org.junit.runners.model.FrameworkMethod.invokeExplosively(FrameworkMethod.java:47)
	at org.junit.internal.runners.statements.InvokeMethod.evaluate(InvokeMethod.java:17)
	at org.junit.internal.runners.statements.RunBefores.evaluate(RunBefores.java:26)
	at org.junit.rules.TestWatcher$1.evaluate(TestWatcher.java:55)
	at org.junit.rules.RunRules.evaluate(RunRules.java:20)
	at org.junit.runners.ParentRunner.runLeaf(ParentRunner.java:325)
	at org.junit.runners.BlockJUnit4ClassRunner.runChild(BlockJUnit4ClassRunner.java:78)
	at org.junit.runners.BlockJUnit4ClassRunner.runChild(BlockJUnit4ClassRunner.java:57)
	at org.junit.runners.ParentRunner$3.run(ParentRunner.java:290)
	at org.junit.runners.ParentRunner$1.schedule(ParentRunner.java:71)
	at org.junit.runners.ParentRunner.runChildren(ParentRunner.java:288)
	at org.junit.runners.ParentRunner.access$000(ParentRunner.java:58)
	at org.junit.runners.ParentRunner$2.evaluate(ParentRunner.java:268)
	at org.junit.internal.runners.statements.RunBefores.evaluate(RunBefores.java:26)
	at org.junit.internal.runners.statements.RunAfters.evaluate(RunAfters.java:27)
	at org.junit.internal.runners.statements.FailOnTimeout$CallableStatement.call(FailOnTimeout.java:298)
	at org.junit.internal.runners.statements.FailOnTimeout$CallableStatement.call(FailOnTimeout.java:292)
	at java.util.concurrent.FutureTask.run(FutureTask.java:266)
	at java.lang.Thread.run(Thread.java:748)



Test vvMode=v1v1
tr.result is 1

Test vvMode=v2v2
tr.result is 1

Test vvMode=v1v2
tr.result is -1
v1v2 test failed !!!
reconf_parameter: hbase.hregion.memstore.mslab.enabled
component: hbase:HRegionServer
v1: true
v2: false
testProject: hbase
unitTest: org.apache.hadoop.hbase.quotas.TestLowLatencySpaceQuotas#testMinorCompaction
reconfPoint: 1
result: -1
failureMessage: Failed 51 actions: IOException: 51 times, servers with issues: 63f1c42e2201,40959,1591383953841
stackTrace: org.apache.hadoop.hbase.client.RetriesExhaustedWithDetailsException: Failed 51 actions: IOException: 51 times, servers with issues: 63f1c42e2201,40959,1591383953841
	at org.apache.hadoop.hbase.client.BatchErrors.makeException(BatchErrors.java:54)
	at org.apache.hadoop.hbase.client.AsyncRequestFutureImpl.getErrors(AsyncRequestFutureImpl.java:1204)
	at org.apache.hadoop.hbase.client.HTable.batch(HTable.java:453)
	at org.apache.hadoop.hbase.client.HTable.put(HTable.java:551)
	at org.apache.hadoop.hbase.quotas.SpaceQuotaHelperForTests.writeData(SpaceQuotaHelperForTests.java:473)
	at org.apache.hadoop.hbase.quotas.SpaceQuotaHelperForTests.writeData(SpaceQuotaHelperForTests.java:445)
	at org.apache.hadoop.hbase.quotas.SpaceQuotaHelperForTests.writeData(SpaceQuotaHelperForTests.java:441)
	at org.apache.hadoop.hbase.quotas.TestLowLatencySpaceQuotas.testMinorCompaction(TestLowLatencySpaceQuotas.java:176)
	at sun.reflect.NativeMethodAccessorImpl.invoke0(Native Method)
	at sun.reflect.NativeMethodAccessorImpl.invoke(NativeMethodAccessorImpl.java:62)
	at sun.reflect.DelegatingMethodAccessorImpl.invoke(DelegatingMethodAccessorImpl.java:43)
	at java.lang.reflect.Method.invoke(Method.java:498)
	at org.junit.runners.model.FrameworkMethod$1.runReflectiveCall(FrameworkMethod.java:50)
	at org.junit.internal.runners.model.ReflectiveCallable.run(ReflectiveCallable.java:12)
	at org.junit.runners.model.FrameworkMethod.invokeExplosively(FrameworkMethod.java:47)
	at org.junit.internal.runners.statements.InvokeMethod.evaluate(InvokeMethod.java:17)
	at org.junit.internal.runners.statements.RunBefores.evaluate(RunBefores.java:26)
	at org.junit.rules.TestWatcher$1.evaluate(TestWatcher.java:55)
	at org.junit.rules.RunRules.evaluate(RunRules.java:20)
	at org.junit.runners.ParentRunner.runLeaf(ParentRunner.java:325)
	at org.junit.runners.BlockJUnit4ClassRunner.runChild(BlockJUnit4ClassRunner.java:78)
	at org.junit.runners.BlockJUnit4ClassRunner.runChild(BlockJUnit4ClassRunner.java:57)
	at org.junit.runners.ParentRunner$3.run(ParentRunner.java:290)
	at org.junit.runners.ParentRunner$1.schedule(ParentRunner.java:71)
	at org.junit.runners.ParentRunner.runChildren(ParentRunner.java:288)
	at org.junit.runners.ParentRunner.access$000(ParentRunner.java:58)
	at org.junit.runners.ParentRunner$2.evaluate(ParentRunner.java:268)
	at org.junit.internal.runners.statements.RunBefores.evaluate(RunBefores.java:26)
	at org.junit.internal.runners.statements.RunAfters.evaluate(RunAfters.java:27)
	at org.junit.internal.runners.statements.FailOnTimeout$CallableStatement.call(FailOnTimeout.java:298)
	at org.junit.internal.runners.statements.FailOnTimeout$CallableStatement.call(FailOnTimeout.java:292)
	at java.util.concurrent.FutureTask.run(FutureTask.java:266)
	at java.lang.Thread.run(Thread.java:748)



Test vvMode=v1v1
tr.result is 1

Test vvMode=v2v2
tr.result is 1

Test vvMode=v1v2
tr.result is -1
v1v2 test failed !!!
reconf_parameter: hbase.hregion.memstore.mslab.enabled
component: hbase:HRegionServer
v1: true
v2: false
testProject: hbase
unitTest: org.apache.hadoop.hbase.quotas.TestLowLatencySpaceQuotas#testMinorCompaction
reconfPoint: 1
result: -1
failureMessage: Failed 51 actions: IOException: 51 times, servers with issues: 63f1c42e2201,45108,1591384378219
stackTrace: org.apache.hadoop.hbase.client.RetriesExhaustedWithDetailsException: Failed 51 actions: IOException: 51 times, servers with issues: 63f1c42e2201,45108,1591384378219
	at org.apache.hadoop.hbase.client.BatchErrors.makeException(BatchErrors.java:54)
	at org.apache.hadoop.hbase.client.AsyncRequestFutureImpl.getErrors(AsyncRequestFutureImpl.java:1204)
	at org.apache.hadoop.hbase.client.HTable.batch(HTable.java:453)
	at org.apache.hadoop.hbase.client.HTable.put(HTable.java:551)
	at org.apache.hadoop.hbase.quotas.SpaceQuotaHelperForTests.writeData(SpaceQuotaHelperForTests.java:473)
	at org.apache.hadoop.hbase.quotas.SpaceQuotaHelperForTests.writeData(SpaceQuotaHelperForTests.java:445)
	at org.apache.hadoop.hbase.quotas.SpaceQuotaHelperForTests.writeData(SpaceQuotaHelperForTests.java:441)
	at org.apache.hadoop.hbase.quotas.TestLowLatencySpaceQuotas.testMinorCompaction(TestLowLatencySpaceQuotas.java:176)
	at sun.reflect.NativeMethodAccessorImpl.invoke0(Native Method)
	at sun.reflect.NativeMethodAccessorImpl.invoke(NativeMethodAccessorImpl.java:62)
	at sun.reflect.DelegatingMethodAccessorImpl.invoke(DelegatingMethodAccessorImpl.java:43)
	at java.lang.reflect.Method.invoke(Method.java:498)
	at org.junit.runners.model.FrameworkMethod$1.runReflectiveCall(FrameworkMethod.java:50)
	at org.junit.internal.runners.model.ReflectiveCallable.run(ReflectiveCallable.java:12)
	at org.junit.runners.model.FrameworkMethod.invokeExplosively(FrameworkMethod.java:47)
	at org.junit.internal.runners.statements.InvokeMethod.evaluate(InvokeMethod.java:17)
	at org.junit.internal.runners.statements.RunBefores.evaluate(RunBefores.java:26)
	at org.junit.rules.TestWatcher$1.evaluate(TestWatcher.java:55)
	at org.junit.rules.RunRules.evaluate(RunRules.java:20)
	at org.junit.runners.ParentRunner.runLeaf(ParentRunner.java:325)
	at org.junit.runners.BlockJUnit4ClassRunner.runChild(BlockJUnit4ClassRunner.java:78)
	at org.junit.runners.BlockJUnit4ClassRunner.runChild(BlockJUnit4ClassRunner.java:57)
	at org.junit.runners.ParentRunner$3.run(ParentRunner.java:290)
	at org.junit.runners.ParentRunner$1.schedule(ParentRunner.java:71)
	at org.junit.runners.ParentRunner.runChildren(ParentRunner.java:288)
	at org.junit.runners.ParentRunner.access$000(ParentRunner.java:58)
	at org.junit.runners.ParentRunner$2.evaluate(ParentRunner.java:268)
	at org.junit.internal.runners.statements.RunBefores.evaluate(RunBefores.java:26)
	at org.junit.internal.runners.statements.RunAfters.evaluate(RunAfters.java:27)
	at org.junit.internal.runners.statements.FailOnTimeout$CallableStatement.call(FailOnTimeout.java:298)
	at org.junit.internal.runners.statements.FailOnTimeout$CallableStatement.call(FailOnTimeout.java:292)
	at java.util.concurrent.FutureTask.run(FutureTask.java:266)
	at java.lang.Thread.run(Thread.java:748)



Test vvMode=v1v1
tr.result is 1

Test vvMode=v2v2
tr.result is 1

Test vvMode=v1v2
tr.result is -1
v1v2 test failed !!!
reconf_parameter: hbase.hregion.memstore.mslab.enabled
component: hbase:HRegionServer
v1: true
v2: false
testProject: hbase
unitTest: org.apache.hadoop.hbase.quotas.TestLowLatencySpaceQuotas#testMinorCompaction
reconfPoint: 1
result: -1
failureMessage: Failed 51 actions: IOException: 51 times, servers with issues: 63f1c42e2201,44644,1591384813717
stackTrace: org.apache.hadoop.hbase.client.RetriesExhaustedWithDetailsException: Failed 51 actions: IOException: 51 times, servers with issues: 63f1c42e2201,44644,1591384813717
	at org.apache.hadoop.hbase.client.BatchErrors.makeException(BatchErrors.java:54)
	at org.apache.hadoop.hbase.client.AsyncRequestFutureImpl.getErrors(AsyncRequestFutureImpl.java:1204)
	at org.apache.hadoop.hbase.client.HTable.batch(HTable.java:453)
	at org.apache.hadoop.hbase.client.HTable.put(HTable.java:551)
	at org.apache.hadoop.hbase.quotas.SpaceQuotaHelperForTests.writeData(SpaceQuotaHelperForTests.java:473)
	at org.apache.hadoop.hbase.quotas.SpaceQuotaHelperForTests.writeData(SpaceQuotaHelperForTests.java:445)
	at org.apache.hadoop.hbase.quotas.SpaceQuotaHelperForTests.writeData(SpaceQuotaHelperForTests.java:441)
	at org.apache.hadoop.hbase.quotas.TestLowLatencySpaceQuotas.testMinorCompaction(TestLowLatencySpaceQuotas.java:176)
	at sun.reflect.NativeMethodAccessorImpl.invoke0(Native Method)
	at sun.reflect.NativeMethodAccessorImpl.invoke(NativeMethodAccessorImpl.java:62)
	at sun.reflect.DelegatingMethodAccessorImpl.invoke(DelegatingMethodAccessorImpl.java:43)
	at java.lang.reflect.Method.invoke(Method.java:498)
	at org.junit.runners.model.FrameworkMethod$1.runReflectiveCall(FrameworkMethod.java:50)
	at org.junit.internal.runners.model.ReflectiveCallable.run(ReflectiveCallable.java:12)
	at org.junit.runners.model.FrameworkMethod.invokeExplosively(FrameworkMethod.java:47)
	at org.junit.internal.runners.statements.InvokeMethod.evaluate(InvokeMethod.java:17)
	at org.junit.internal.runners.statements.RunBefores.evaluate(RunBefores.java:26)
	at org.junit.rules.TestWatcher$1.evaluate(TestWatcher.java:55)
	at org.junit.rules.RunRules.evaluate(RunRules.java:20)
	at org.junit.runners.ParentRunner.runLeaf(ParentRunner.java:325)
	at org.junit.runners.BlockJUnit4ClassRunner.runChild(BlockJUnit4ClassRunner.java:78)
	at org.junit.runners.BlockJUnit4ClassRunner.runChild(BlockJUnit4ClassRunner.java:57)
	at org.junit.runners.ParentRunner$3.run(ParentRunner.java:290)
	at org.junit.runners.ParentRunner$1.schedule(ParentRunner.java:71)
	at org.junit.runners.ParentRunner.runChildren(ParentRunner.java:288)
	at org.junit.runners.ParentRunner.access$000(ParentRunner.java:58)
	at org.junit.runners.ParentRunner$2.evaluate(ParentRunner.java:268)
	at org.junit.internal.runners.statements.RunBefores.evaluate(RunBefores.java:26)
	at org.junit.internal.runners.statements.RunAfters.evaluate(RunAfters.java:27)
	at org.junit.internal.runners.statements.FailOnTimeout$CallableStatement.call(FailOnTimeout.java:298)
	at org.junit.internal.runners.statements.FailOnTimeout$CallableStatement.call(FailOnTimeout.java:292)
	at java.util.concurrent.FutureTask.run(FutureTask.java:266)
	at java.lang.Thread.run(Thread.java:748)



Test vvMode=v1v1
tr.result is 1

Test vvMode=v2v2
tr.result is 1

Test vvMode=v1v2
tr.result is -1
v1v2 test failed !!!
reconf_parameter: hbase.hregion.memstore.mslab.enabled
component: hbase:HRegionServer
v1: true
v2: false
testProject: hbase
unitTest: org.apache.hadoop.hbase.quotas.TestLowLatencySpaceQuotas#testMinorCompaction
reconfPoint: 1
result: -1
failureMessage: Failed 51 actions: IOException: 51 times, servers with issues: 63f1c42e2201,34647,1591385268157
stackTrace: org.apache.hadoop.hbase.client.RetriesExhaustedWithDetailsException: Failed 51 actions: IOException: 51 times, servers with issues: 63f1c42e2201,34647,1591385268157
	at org.apache.hadoop.hbase.client.BatchErrors.makeException(BatchErrors.java:54)
	at org.apache.hadoop.hbase.client.AsyncRequestFutureImpl.getErrors(AsyncRequestFutureImpl.java:1204)
	at org.apache.hadoop.hbase.client.HTable.batch(HTable.java:453)
	at org.apache.hadoop.hbase.client.HTable.put(HTable.java:551)
	at org.apache.hadoop.hbase.quotas.SpaceQuotaHelperForTests.writeData(SpaceQuotaHelperForTests.java:473)
	at org.apache.hadoop.hbase.quotas.SpaceQuotaHelperForTests.writeData(SpaceQuotaHelperForTests.java:445)
	at org.apache.hadoop.hbase.quotas.SpaceQuotaHelperForTests.writeData(SpaceQuotaHelperForTests.java:441)
	at org.apache.hadoop.hbase.quotas.TestLowLatencySpaceQuotas.testMinorCompaction(TestLowLatencySpaceQuotas.java:176)
	at sun.reflect.NativeMethodAccessorImpl.invoke0(Native Method)
	at sun.reflect.NativeMethodAccessorImpl.invoke(NativeMethodAccessorImpl.java:62)
	at sun.reflect.DelegatingMethodAccessorImpl.invoke(DelegatingMethodAccessorImpl.java:43)
	at java.lang.reflect.Method.invoke(Method.java:498)
	at org.junit.runners.model.FrameworkMethod$1.runReflectiveCall(FrameworkMethod.java:50)
	at org.junit.internal.runners.model.ReflectiveCallable.run(ReflectiveCallable.java:12)
	at org.junit.runners.model.FrameworkMethod.invokeExplosively(FrameworkMethod.java:47)
	at org.junit.internal.runners.statements.InvokeMethod.evaluate(InvokeMethod.java:17)
	at org.junit.internal.runners.statements.RunBefores.evaluate(RunBefores.java:26)
	at org.junit.rules.TestWatcher$1.evaluate(TestWatcher.java:55)
	at org.junit.rules.RunRules.evaluate(RunRules.java:20)
	at org.junit.runners.ParentRunner.runLeaf(ParentRunner.java:325)
	at org.junit.runners.BlockJUnit4ClassRunner.runChild(BlockJUnit4ClassRunner.java:78)
	at org.junit.runners.BlockJUnit4ClassRunner.runChild(BlockJUnit4ClassRunner.java:57)
	at org.junit.runners.ParentRunner$3.run(ParentRunner.java:290)
	at org.junit.runners.ParentRunner$1.schedule(ParentRunner.java:71)
	at org.junit.runners.ParentRunner.runChildren(ParentRunner.java:288)
	at org.junit.runners.ParentRunner.access$000(ParentRunner.java:58)
	at org.junit.runners.ParentRunner$2.evaluate(ParentRunner.java:268)
	at org.junit.internal.runners.statements.RunBefores.evaluate(RunBefores.java:26)
	at org.junit.internal.runners.statements.RunAfters.evaluate(RunAfters.java:27)
	at org.junit.internal.runners.statements.FailOnTimeout$CallableStatement.call(FailOnTimeout.java:298)
	at org.junit.internal.runners.statements.FailOnTimeout$CallableStatement.call(FailOnTimeout.java:292)
	at java.util.concurrent.FutureTask.run(FutureTask.java:266)
	at java.lang.Thread.run(Thread.java:748)



Test vvMode=v1v1
tr.result is 1

Test vvMode=v2v2
tr.result is 1

Test vvMode=v1v2
tr.result is -1
v1v2 test failed !!!
reconf_parameter: hbase.hregion.memstore.mslab.enabled
component: hbase:HRegionServer
v1: true
v2: false
testProject: hbase
unitTest: org.apache.hadoop.hbase.quotas.TestLowLatencySpaceQuotas#testMinorCompaction
reconfPoint: 1
result: -1
failureMessage: Failed 51 actions: IOException: 51 times, servers with issues: 63f1c42e2201,37199,1591385691817
stackTrace: org.apache.hadoop.hbase.client.RetriesExhaustedWithDetailsException: Failed 51 actions: IOException: 51 times, servers with issues: 63f1c42e2201,37199,1591385691817
	at org.apache.hadoop.hbase.client.BatchErrors.makeException(BatchErrors.java:54)
	at org.apache.hadoop.hbase.client.AsyncRequestFutureImpl.getErrors(AsyncRequestFutureImpl.java:1204)
	at org.apache.hadoop.hbase.client.HTable.batch(HTable.java:453)
	at org.apache.hadoop.hbase.client.HTable.put(HTable.java:551)
	at org.apache.hadoop.hbase.quotas.SpaceQuotaHelperForTests.writeData(SpaceQuotaHelperForTests.java:473)
	at org.apache.hadoop.hbase.quotas.SpaceQuotaHelperForTests.writeData(SpaceQuotaHelperForTests.java:445)
	at org.apache.hadoop.hbase.quotas.SpaceQuotaHelperForTests.writeData(SpaceQuotaHelperForTests.java:441)
	at org.apache.hadoop.hbase.quotas.TestLowLatencySpaceQuotas.testMinorCompaction(TestLowLatencySpaceQuotas.java:176)
	at sun.reflect.NativeMethodAccessorImpl.invoke0(Native Method)
	at sun.reflect.NativeMethodAccessorImpl.invoke(NativeMethodAccessorImpl.java:62)
	at sun.reflect.DelegatingMethodAccessorImpl.invoke(DelegatingMethodAccessorImpl.java:43)
	at java.lang.reflect.Method.invoke(Method.java:498)
	at org.junit.runners.model.FrameworkMethod$1.runReflectiveCall(FrameworkMethod.java:50)
	at org.junit.internal.runners.model.ReflectiveCallable.run(ReflectiveCallable.java:12)
	at org.junit.runners.model.FrameworkMethod.invokeExplosively(FrameworkMethod.java:47)
	at org.junit.internal.runners.statements.InvokeMethod.evaluate(InvokeMethod.java:17)
	at org.junit.internal.runners.statements.RunBefores.evaluate(RunBefores.java:26)
	at org.junit.rules.TestWatcher$1.evaluate(TestWatcher.java:55)
	at org.junit.rules.RunRules.evaluate(RunRules.java:20)
	at org.junit.runners.ParentRunner.runLeaf(ParentRunner.java:325)
	at org.junit.runners.BlockJUnit4ClassRunner.runChild(BlockJUnit4ClassRunner.java:78)
	at org.junit.runners.BlockJUnit4ClassRunner.runChild(BlockJUnit4ClassRunner.java:57)
	at org.junit.runners.ParentRunner$3.run(ParentRunner.java:290)
	at org.junit.runners.ParentRunner$1.schedule(ParentRunner.java:71)
	at org.junit.runners.ParentRunner.runChildren(ParentRunner.java:288)
	at org.junit.runners.ParentRunner.access$000(ParentRunner.java:58)
	at org.junit.runners.ParentRunner$2.evaluate(ParentRunner.java:268)
	at org.junit.internal.runners.statements.RunBefores.evaluate(RunBefores.java:26)
	at org.junit.internal.runners.statements.RunAfters.evaluate(RunAfters.java:27)
	at org.junit.internal.runners.statements.FailOnTimeout$CallableStatement.call(FailOnTimeout.java:298)
	at org.junit.internal.runners.statements.FailOnTimeout$CallableStatement.call(FailOnTimeout.java:292)
	at java.util.concurrent.FutureTask.run(FutureTask.java:266)
	at java.lang.Thread.run(Thread.java:748)



Test vvMode=v1v1
tr.result is 1

Test vvMode=v2v2
tr.result is 1

Test vvMode=v1v2
tr.result is -1
v1v2 test failed !!!
reconf_parameter: hbase.hregion.memstore.mslab.enabled
component: hbase:HRegionServer
v1: true
v2: false
testProject: hbase
unitTest: org.apache.hadoop.hbase.quotas.TestLowLatencySpaceQuotas#testMinorCompaction
reconfPoint: 1
result: -1
failureMessage: Failed 51 actions: IOException: 51 times, servers with issues: 63f1c42e2201,33010,1591386155930
stackTrace: org.apache.hadoop.hbase.client.RetriesExhaustedWithDetailsException: Failed 51 actions: IOException: 51 times, servers with issues: 63f1c42e2201,33010,1591386155930
	at org.apache.hadoop.hbase.client.BatchErrors.makeException(BatchErrors.java:54)
	at org.apache.hadoop.hbase.client.AsyncRequestFutureImpl.getErrors(AsyncRequestFutureImpl.java:1204)
	at org.apache.hadoop.hbase.client.HTable.batch(HTable.java:453)
	at org.apache.hadoop.hbase.client.HTable.put(HTable.java:551)
	at org.apache.hadoop.hbase.quotas.SpaceQuotaHelperForTests.writeData(SpaceQuotaHelperForTests.java:473)
	at org.apache.hadoop.hbase.quotas.SpaceQuotaHelperForTests.writeData(SpaceQuotaHelperForTests.java:445)
	at org.apache.hadoop.hbase.quotas.SpaceQuotaHelperForTests.writeData(SpaceQuotaHelperForTests.java:441)
	at org.apache.hadoop.hbase.quotas.TestLowLatencySpaceQuotas.testMinorCompaction(TestLowLatencySpaceQuotas.java:176)
	at sun.reflect.NativeMethodAccessorImpl.invoke0(Native Method)
	at sun.reflect.NativeMethodAccessorImpl.invoke(NativeMethodAccessorImpl.java:62)
	at sun.reflect.DelegatingMethodAccessorImpl.invoke(DelegatingMethodAccessorImpl.java:43)
	at java.lang.reflect.Method.invoke(Method.java:498)
	at org.junit.runners.model.FrameworkMethod$1.runReflectiveCall(FrameworkMethod.java:50)
	at org.junit.internal.runners.model.ReflectiveCallable.run(ReflectiveCallable.java:12)
	at org.junit.runners.model.FrameworkMethod.invokeExplosively(FrameworkMethod.java:47)
	at org.junit.internal.runners.statements.InvokeMethod.evaluate(InvokeMethod.java:17)
	at org.junit.internal.runners.statements.RunBefores.evaluate(RunBefores.java:26)
	at org.junit.rules.TestWatcher$1.evaluate(TestWatcher.java:55)
	at org.junit.rules.RunRules.evaluate(RunRules.java:20)
	at org.junit.runners.ParentRunner.runLeaf(ParentRunner.java:325)
	at org.junit.runners.BlockJUnit4ClassRunner.runChild(BlockJUnit4ClassRunner.java:78)
	at org.junit.runners.BlockJUnit4ClassRunner.runChild(BlockJUnit4ClassRunner.java:57)
	at org.junit.runners.ParentRunner$3.run(ParentRunner.java:290)
	at org.junit.runners.ParentRunner$1.schedule(ParentRunner.java:71)
	at org.junit.runners.ParentRunner.runChildren(ParentRunner.java:288)
	at org.junit.runners.ParentRunner.access$000(ParentRunner.java:58)
	at org.junit.runners.ParentRunner$2.evaluate(ParentRunner.java:268)
	at org.junit.internal.runners.statements.RunBefores.evaluate(RunBefores.java:26)
	at org.junit.internal.runners.statements.RunAfters.evaluate(RunAfters.java:27)
	at org.junit.internal.runners.statements.FailOnTimeout$CallableStatement.call(FailOnTimeout.java:298)
	at org.junit.internal.runners.statements.FailOnTimeout$CallableStatement.call(FailOnTimeout.java:292)
	at java.util.concurrent.FutureTask.run(FutureTask.java:266)
	at java.lang.Thread.run(Thread.java:748)



Test vvMode=v1v1
tr.result is 1

Test vvMode=v2v2
tr.result is 1
early stop after 10 is satisfied
v1v2 failed with probability 10 out of 10
v1v1v2v2 failed with probability 0 out of 10
result: might be true error
Total execution time in seconds : 4421
