reconf_parameter: hbase.hregion.memstore.mslab.enabled
component: hbase:DefaultMemStore
v1: false
v2: true
testProject: hbase
unitTest: org.apache.hadoop.hbase.quotas.TestSuperUserQuotaPermissions#testSuperUserCanStillCompact
reconfPoint: -1
result: -1

Test vvMode=v1v2
tr.result is -1
v1v2 test failed !!!
reconf_parameter: hbase.hregion.memstore.mslab.enabled
component: hbase:DefaultMemStore
v1: false
v2: true
testProject: hbase
unitTest: org.apache.hadoop.hbase.quotas.TestSuperUserQuotaPermissions#testSuperUserCanStillCompact
reconfPoint: -1
result: -1
failureMessage: Failed 51 actions: IOException: 51 times, servers with issues: a7d8962e85a3,38484,1591386716784
stackTrace: org.apache.hadoop.hbase.client.RetriesExhaustedWithDetailsException: Failed 51 actions: IOException: 51 times, servers with issues: a7d8962e85a3,38484,1591386716784
	at org.apache.hadoop.hbase.client.BatchErrors.makeException(BatchErrors.java:54)
	at org.apache.hadoop.hbase.client.AsyncRequestFutureImpl.getErrors(AsyncRequestFutureImpl.java:1204)
	at org.apache.hadoop.hbase.client.HTable.batch(HTable.java:453)
	at org.apache.hadoop.hbase.client.HTable.put(HTable.java:551)
	at org.apache.hadoop.hbase.quotas.SpaceQuotaHelperForTests.writeData(SpaceQuotaHelperForTests.java:473)
	at org.apache.hadoop.hbase.quotas.SpaceQuotaHelperForTests.writeData(SpaceQuotaHelperForTests.java:445)
	at org.apache.hadoop.hbase.quotas.SpaceQuotaHelperForTests.writeData(SpaceQuotaHelperForTests.java:441)
	at org.apache.hadoop.hbase.quotas.TestSuperUserQuotaPermissions$2.call(TestSuperUserQuotaPermissions.java:152)
	at org.apache.hadoop.hbase.quotas.TestSuperUserQuotaPermissions$2.call(TestSuperUserQuotaPermissions.java:145)
	at org.apache.hadoop.hbase.quotas.TestSuperUserQuotaPermissions$9.run(TestSuperUserQuotaPermissions.java:297)
	at java.security.AccessController.doPrivileged(Native Method)
	at javax.security.auth.Subject.doAs(Subject.java:422)
	at org.apache.hadoop.security.UserGroupInformation.doAs(UserGroupInformation.java:1844)
	at org.apache.hadoop.hbase.quotas.TestSuperUserQuotaPermissions.doAsUser(TestSuperUserQuotaPermissions.java:294)
	at org.apache.hadoop.hbase.quotas.TestSuperUserQuotaPermissions.doAsRegularUser(TestSuperUserQuotaPermissions.java:290)
	at org.apache.hadoop.hbase.quotas.TestSuperUserQuotaPermissions.testSuperUserCanStillCompact(TestSuperUserQuotaPermissions.java:145)
	at sun.reflect.NativeMethodAccessorImpl.invoke0(Native Method)
	at sun.reflect.NativeMethodAccessorImpl.invoke(NativeMethodAccessorImpl.java:62)
	at sun.reflect.DelegatingMethodAccessorImpl.invoke(DelegatingMethodAccessorImpl.java:43)
	at java.lang.reflect.Method.invoke(Method.java:498)
	at org.junit.runners.model.FrameworkMethod$1.runReflectiveCall(FrameworkMethod.java:50)
	at org.junit.internal.runners.model.ReflectiveCallable.run(ReflectiveCallable.java:12)
	at org.junit.runners.model.FrameworkMethod.invokeExplosively(FrameworkMethod.java:47)
	at org.junit.internal.runners.statements.InvokeMethod.evaluate(InvokeMethod.java:17)
	at org.junit.internal.runners.statements.RunBefores.evaluate(RunBefores.java:26)
	at org.junit.rules.TestWatcher$1.evaluate(TestWatcher.java:55)
	at org.junit.rules.RunRules.evaluate(RunRules.java:20)
	at org.junit.runners.ParentRunner.runLeaf(ParentRunner.java:325)
	at org.junit.runners.BlockJUnit4ClassRunner.runChild(BlockJUnit4ClassRunner.java:78)
	at org.junit.runners.BlockJUnit4ClassRunner.runChild(BlockJUnit4ClassRunner.java:57)
	at org.junit.runners.ParentRunner$3.run(ParentRunner.java:290)
	at org.junit.runners.ParentRunner$1.schedule(ParentRunner.java:71)
	at org.junit.runners.ParentRunner.runChildren(ParentRunner.java:288)
	at org.junit.runners.ParentRunner.access$000(ParentRunner.java:58)
	at org.junit.runners.ParentRunner$2.evaluate(ParentRunner.java:268)
	at org.junit.internal.runners.statements.RunBefores.evaluate(RunBefores.java:26)
	at org.junit.internal.runners.statements.RunAfters.evaluate(RunAfters.java:27)
	at org.junit.internal.runners.statements.FailOnTimeout$CallableStatement.call(FailOnTimeout.java:298)
	at org.junit.internal.runners.statements.FailOnTimeout$CallableStatement.call(FailOnTimeout.java:292)
	at java.util.concurrent.FutureTask.run(FutureTask.java:266)
	at java.lang.Thread.run(Thread.java:748)



Test vvMode=v1v1
tr.result is 1

Test vvMode=v2v2
tr.result is 1

Test vvMode=v1v2
tr.result is -1
v1v2 test failed !!!
reconf_parameter: hbase.hregion.memstore.mslab.enabled
component: hbase:DefaultMemStore
v1: false
v2: true
testProject: hbase
unitTest: org.apache.hadoop.hbase.quotas.TestSuperUserQuotaPermissions#testSuperUserCanStillCompact
reconfPoint: -1
result: -1
failureMessage: Failed 51 actions: IOException: 51 times, servers with issues: a7d8962e85a3,43832,1591387189792
stackTrace: org.apache.hadoop.hbase.client.RetriesExhaustedWithDetailsException: Failed 51 actions: IOException: 51 times, servers with issues: a7d8962e85a3,43832,1591387189792
	at org.apache.hadoop.hbase.client.BatchErrors.makeException(BatchErrors.java:54)
	at org.apache.hadoop.hbase.client.AsyncRequestFutureImpl.getErrors(AsyncRequestFutureImpl.java:1204)
	at org.apache.hadoop.hbase.client.HTable.batch(HTable.java:453)
	at org.apache.hadoop.hbase.client.HTable.put(HTable.java:551)
	at org.apache.hadoop.hbase.quotas.SpaceQuotaHelperForTests.writeData(SpaceQuotaHelperForTests.java:473)
	at org.apache.hadoop.hbase.quotas.SpaceQuotaHelperForTests.writeData(SpaceQuotaHelperForTests.java:445)
	at org.apache.hadoop.hbase.quotas.SpaceQuotaHelperForTests.writeData(SpaceQuotaHelperForTests.java:441)
	at org.apache.hadoop.hbase.quotas.TestSuperUserQuotaPermissions$2.call(TestSuperUserQuotaPermissions.java:152)
	at org.apache.hadoop.hbase.quotas.TestSuperUserQuotaPermissions$2.call(TestSuperUserQuotaPermissions.java:145)
	at org.apache.hadoop.hbase.quotas.TestSuperUserQuotaPermissions$9.run(TestSuperUserQuotaPermissions.java:297)
	at java.security.AccessController.doPrivileged(Native Method)
	at javax.security.auth.Subject.doAs(Subject.java:422)
	at org.apache.hadoop.security.UserGroupInformation.doAs(UserGroupInformation.java:1844)
	at org.apache.hadoop.hbase.quotas.TestSuperUserQuotaPermissions.doAsUser(TestSuperUserQuotaPermissions.java:294)
	at org.apache.hadoop.hbase.quotas.TestSuperUserQuotaPermissions.doAsRegularUser(TestSuperUserQuotaPermissions.java:290)
	at org.apache.hadoop.hbase.quotas.TestSuperUserQuotaPermissions.testSuperUserCanStillCompact(TestSuperUserQuotaPermissions.java:145)
	at sun.reflect.NativeMethodAccessorImpl.invoke0(Native Method)
	at sun.reflect.NativeMethodAccessorImpl.invoke(NativeMethodAccessorImpl.java:62)
	at sun.reflect.DelegatingMethodAccessorImpl.invoke(DelegatingMethodAccessorImpl.java:43)
	at java.lang.reflect.Method.invoke(Method.java:498)
	at org.junit.runners.model.FrameworkMethod$1.runReflectiveCall(FrameworkMethod.java:50)
	at org.junit.internal.runners.model.ReflectiveCallable.run(ReflectiveCallable.java:12)
	at org.junit.runners.model.FrameworkMethod.invokeExplosively(FrameworkMethod.java:47)
	at org.junit.internal.runners.statements.InvokeMethod.evaluate(InvokeMethod.java:17)
	at org.junit.internal.runners.statements.RunBefores.evaluate(RunBefores.java:26)
	at org.junit.rules.TestWatcher$1.evaluate(TestWatcher.java:55)
	at org.junit.rules.RunRules.evaluate(RunRules.java:20)
	at org.junit.runners.ParentRunner.runLeaf(ParentRunner.java:325)
	at org.junit.runners.BlockJUnit4ClassRunner.runChild(BlockJUnit4ClassRunner.java:78)
	at org.junit.runners.BlockJUnit4ClassRunner.runChild(BlockJUnit4ClassRunner.java:57)
	at org.junit.runners.ParentRunner$3.run(ParentRunner.java:290)
	at org.junit.runners.ParentRunner$1.schedule(ParentRunner.java:71)
	at org.junit.runners.ParentRunner.runChildren(ParentRunner.java:288)
	at org.junit.runners.ParentRunner.access$000(ParentRunner.java:58)
	at org.junit.runners.ParentRunner$2.evaluate(ParentRunner.java:268)
	at org.junit.internal.runners.statements.RunBefores.evaluate(RunBefores.java:26)
	at org.junit.internal.runners.statements.RunAfters.evaluate(RunAfters.java:27)
	at org.junit.internal.runners.statements.FailOnTimeout$CallableStatement.call(FailOnTimeout.java:298)
	at org.junit.internal.runners.statements.FailOnTimeout$CallableStatement.call(FailOnTimeout.java:292)
	at java.util.concurrent.FutureTask.run(FutureTask.java:266)
	at java.lang.Thread.run(Thread.java:748)



Test vvMode=v1v1
tr.result is 1

Test vvMode=v2v2
tr.result is 1

Test vvMode=v1v2
tr.result is -1
v1v2 test failed !!!
reconf_parameter: hbase.hregion.memstore.mslab.enabled
component: hbase:DefaultMemStore
v1: false
v2: true
testProject: hbase
unitTest: org.apache.hadoop.hbase.quotas.TestSuperUserQuotaPermissions#testSuperUserCanStillCompact
reconfPoint: -1
result: -1
failureMessage: Failed 51 actions: IOException: 51 times, servers with issues: a7d8962e85a3,43712,1591387650657
stackTrace: org.apache.hadoop.hbase.client.RetriesExhaustedWithDetailsException: Failed 51 actions: IOException: 51 times, servers with issues: a7d8962e85a3,43712,1591387650657
	at org.apache.hadoop.hbase.client.BatchErrors.makeException(BatchErrors.java:54)
	at org.apache.hadoop.hbase.client.AsyncRequestFutureImpl.getErrors(AsyncRequestFutureImpl.java:1204)
	at org.apache.hadoop.hbase.client.HTable.batch(HTable.java:453)
	at org.apache.hadoop.hbase.client.HTable.put(HTable.java:551)
	at org.apache.hadoop.hbase.quotas.SpaceQuotaHelperForTests.writeData(SpaceQuotaHelperForTests.java:473)
	at org.apache.hadoop.hbase.quotas.SpaceQuotaHelperForTests.writeData(SpaceQuotaHelperForTests.java:445)
	at org.apache.hadoop.hbase.quotas.SpaceQuotaHelperForTests.writeData(SpaceQuotaHelperForTests.java:441)
	at org.apache.hadoop.hbase.quotas.TestSuperUserQuotaPermissions$2.call(TestSuperUserQuotaPermissions.java:152)
	at org.apache.hadoop.hbase.quotas.TestSuperUserQuotaPermissions$2.call(TestSuperUserQuotaPermissions.java:145)
	at org.apache.hadoop.hbase.quotas.TestSuperUserQuotaPermissions$9.run(TestSuperUserQuotaPermissions.java:297)
	at java.security.AccessController.doPrivileged(Native Method)
	at javax.security.auth.Subject.doAs(Subject.java:422)
	at org.apache.hadoop.security.UserGroupInformation.doAs(UserGroupInformation.java:1844)
	at org.apache.hadoop.hbase.quotas.TestSuperUserQuotaPermissions.doAsUser(TestSuperUserQuotaPermissions.java:294)
	at org.apache.hadoop.hbase.quotas.TestSuperUserQuotaPermissions.doAsRegularUser(TestSuperUserQuotaPermissions.java:290)
	at org.apache.hadoop.hbase.quotas.TestSuperUserQuotaPermissions.testSuperUserCanStillCompact(TestSuperUserQuotaPermissions.java:145)
	at sun.reflect.NativeMethodAccessorImpl.invoke0(Native Method)
	at sun.reflect.NativeMethodAccessorImpl.invoke(NativeMethodAccessorImpl.java:62)
	at sun.reflect.DelegatingMethodAccessorImpl.invoke(DelegatingMethodAccessorImpl.java:43)
	at java.lang.reflect.Method.invoke(Method.java:498)
	at org.junit.runners.model.FrameworkMethod$1.runReflectiveCall(FrameworkMethod.java:50)
	at org.junit.internal.runners.model.ReflectiveCallable.run(ReflectiveCallable.java:12)
	at org.junit.runners.model.FrameworkMethod.invokeExplosively(FrameworkMethod.java:47)
	at org.junit.internal.runners.statements.InvokeMethod.evaluate(InvokeMethod.java:17)
	at org.junit.internal.runners.statements.RunBefores.evaluate(RunBefores.java:26)
	at org.junit.rules.TestWatcher$1.evaluate(TestWatcher.java:55)
	at org.junit.rules.RunRules.evaluate(RunRules.java:20)
	at org.junit.runners.ParentRunner.runLeaf(ParentRunner.java:325)
	at org.junit.runners.BlockJUnit4ClassRunner.runChild(BlockJUnit4ClassRunner.java:78)
	at org.junit.runners.BlockJUnit4ClassRunner.runChild(BlockJUnit4ClassRunner.java:57)
	at org.junit.runners.ParentRunner$3.run(ParentRunner.java:290)
	at org.junit.runners.ParentRunner$1.schedule(ParentRunner.java:71)
	at org.junit.runners.ParentRunner.runChildren(ParentRunner.java:288)
	at org.junit.runners.ParentRunner.access$000(ParentRunner.java:58)
	at org.junit.runners.ParentRunner$2.evaluate(ParentRunner.java:268)
	at org.junit.internal.runners.statements.RunBefores.evaluate(RunBefores.java:26)
	at org.junit.internal.runners.statements.RunAfters.evaluate(RunAfters.java:27)
	at org.junit.internal.runners.statements.FailOnTimeout$CallableStatement.call(FailOnTimeout.java:298)
	at org.junit.internal.runners.statements.FailOnTimeout$CallableStatement.call(FailOnTimeout.java:292)
	at java.util.concurrent.FutureTask.run(FutureTask.java:266)
	at java.lang.Thread.run(Thread.java:748)



Test vvMode=v1v1
tr.result is 1

Test vvMode=v2v2
tr.result is 1

Test vvMode=v1v2
tr.result is -1
v1v2 test failed !!!
reconf_parameter: hbase.hregion.memstore.mslab.enabled
component: hbase:DefaultMemStore
v1: false
v2: true
testProject: hbase
unitTest: org.apache.hadoop.hbase.quotas.TestSuperUserQuotaPermissions#testSuperUserCanStillCompact
reconfPoint: -1
result: -1
failureMessage: Failed 51 actions: IOException: 51 times, servers with issues: a7d8962e85a3,34334,1591388096107
stackTrace: org.apache.hadoop.hbase.client.RetriesExhaustedWithDetailsException: Failed 51 actions: IOException: 51 times, servers with issues: a7d8962e85a3,34334,1591388096107
	at org.apache.hadoop.hbase.client.BatchErrors.makeException(BatchErrors.java:54)
	at org.apache.hadoop.hbase.client.AsyncRequestFutureImpl.getErrors(AsyncRequestFutureImpl.java:1204)
	at org.apache.hadoop.hbase.client.HTable.batch(HTable.java:453)
	at org.apache.hadoop.hbase.client.HTable.put(HTable.java:551)
	at org.apache.hadoop.hbase.quotas.SpaceQuotaHelperForTests.writeData(SpaceQuotaHelperForTests.java:473)
	at org.apache.hadoop.hbase.quotas.SpaceQuotaHelperForTests.writeData(SpaceQuotaHelperForTests.java:445)
	at org.apache.hadoop.hbase.quotas.SpaceQuotaHelperForTests.writeData(SpaceQuotaHelperForTests.java:441)
	at org.apache.hadoop.hbase.quotas.TestSuperUserQuotaPermissions$2.call(TestSuperUserQuotaPermissions.java:152)
	at org.apache.hadoop.hbase.quotas.TestSuperUserQuotaPermissions$2.call(TestSuperUserQuotaPermissions.java:145)
	at org.apache.hadoop.hbase.quotas.TestSuperUserQuotaPermissions$9.run(TestSuperUserQuotaPermissions.java:297)
	at java.security.AccessController.doPrivileged(Native Method)
	at javax.security.auth.Subject.doAs(Subject.java:422)
	at org.apache.hadoop.security.UserGroupInformation.doAs(UserGroupInformation.java:1844)
	at org.apache.hadoop.hbase.quotas.TestSuperUserQuotaPermissions.doAsUser(TestSuperUserQuotaPermissions.java:294)
	at org.apache.hadoop.hbase.quotas.TestSuperUserQuotaPermissions.doAsRegularUser(TestSuperUserQuotaPermissions.java:290)
	at org.apache.hadoop.hbase.quotas.TestSuperUserQuotaPermissions.testSuperUserCanStillCompact(TestSuperUserQuotaPermissions.java:145)
	at sun.reflect.NativeMethodAccessorImpl.invoke0(Native Method)
	at sun.reflect.NativeMethodAccessorImpl.invoke(NativeMethodAccessorImpl.java:62)
	at sun.reflect.DelegatingMethodAccessorImpl.invoke(DelegatingMethodAccessorImpl.java:43)
	at java.lang.reflect.Method.invoke(Method.java:498)
	at org.junit.runners.model.FrameworkMethod$1.runReflectiveCall(FrameworkMethod.java:50)
	at org.junit.internal.runners.model.ReflectiveCallable.run(ReflectiveCallable.java:12)
	at org.junit.runners.model.FrameworkMethod.invokeExplosively(FrameworkMethod.java:47)
	at org.junit.internal.runners.statements.InvokeMethod.evaluate(InvokeMethod.java:17)
	at org.junit.internal.runners.statements.RunBefores.evaluate(RunBefores.java:26)
	at org.junit.rules.TestWatcher$1.evaluate(TestWatcher.java:55)
	at org.junit.rules.RunRules.evaluate(RunRules.java:20)
	at org.junit.runners.ParentRunner.runLeaf(ParentRunner.java:325)
	at org.junit.runners.BlockJUnit4ClassRunner.runChild(BlockJUnit4ClassRunner.java:78)
	at org.junit.runners.BlockJUnit4ClassRunner.runChild(BlockJUnit4ClassRunner.java:57)
	at org.junit.runners.ParentRunner$3.run(ParentRunner.java:290)
	at org.junit.runners.ParentRunner$1.schedule(ParentRunner.java:71)
	at org.junit.runners.ParentRunner.runChildren(ParentRunner.java:288)
	at org.junit.runners.ParentRunner.access$000(ParentRunner.java:58)
	at org.junit.runners.ParentRunner$2.evaluate(ParentRunner.java:268)
	at org.junit.internal.runners.statements.RunBefores.evaluate(RunBefores.java:26)
	at org.junit.internal.runners.statements.RunAfters.evaluate(RunAfters.java:27)
	at org.junit.internal.runners.statements.FailOnTimeout$CallableStatement.call(FailOnTimeout.java:298)
	at org.junit.internal.runners.statements.FailOnTimeout$CallableStatement.call(FailOnTimeout.java:292)
	at java.util.concurrent.FutureTask.run(FutureTask.java:266)
	at java.lang.Thread.run(Thread.java:748)



Test vvMode=v1v1
tr.result is 1

Test vvMode=v2v2
tr.result is 1

Test vvMode=v1v2
tr.result is -1
v1v2 test failed !!!
reconf_parameter: hbase.hregion.memstore.mslab.enabled
component: hbase:DefaultMemStore
v1: false
v2: true
testProject: hbase
unitTest: org.apache.hadoop.hbase.quotas.TestSuperUserQuotaPermissions#testSuperUserCanStillCompact
reconfPoint: -1
result: -1
failureMessage: Failed 51 actions: IOException: 51 times, servers with issues: a7d8962e85a3,41873,1591388550771
stackTrace: org.apache.hadoop.hbase.client.RetriesExhaustedWithDetailsException: Failed 51 actions: IOException: 51 times, servers with issues: a7d8962e85a3,41873,1591388550771
	at org.apache.hadoop.hbase.client.BatchErrors.makeException(BatchErrors.java:54)
	at org.apache.hadoop.hbase.client.AsyncRequestFutureImpl.getErrors(AsyncRequestFutureImpl.java:1204)
	at org.apache.hadoop.hbase.client.HTable.batch(HTable.java:453)
	at org.apache.hadoop.hbase.client.HTable.put(HTable.java:551)
	at org.apache.hadoop.hbase.quotas.SpaceQuotaHelperForTests.writeData(SpaceQuotaHelperForTests.java:473)
	at org.apache.hadoop.hbase.quotas.SpaceQuotaHelperForTests.writeData(SpaceQuotaHelperForTests.java:445)
	at org.apache.hadoop.hbase.quotas.SpaceQuotaHelperForTests.writeData(SpaceQuotaHelperForTests.java:441)
	at org.apache.hadoop.hbase.quotas.TestSuperUserQuotaPermissions$2.call(TestSuperUserQuotaPermissions.java:152)
	at org.apache.hadoop.hbase.quotas.TestSuperUserQuotaPermissions$2.call(TestSuperUserQuotaPermissions.java:145)
	at org.apache.hadoop.hbase.quotas.TestSuperUserQuotaPermissions$9.run(TestSuperUserQuotaPermissions.java:297)
	at java.security.AccessController.doPrivileged(Native Method)
	at javax.security.auth.Subject.doAs(Subject.java:422)
	at org.apache.hadoop.security.UserGroupInformation.doAs(UserGroupInformation.java:1844)
	at org.apache.hadoop.hbase.quotas.TestSuperUserQuotaPermissions.doAsUser(TestSuperUserQuotaPermissions.java:294)
	at org.apache.hadoop.hbase.quotas.TestSuperUserQuotaPermissions.doAsRegularUser(TestSuperUserQuotaPermissions.java:290)
	at org.apache.hadoop.hbase.quotas.TestSuperUserQuotaPermissions.testSuperUserCanStillCompact(TestSuperUserQuotaPermissions.java:145)
	at sun.reflect.NativeMethodAccessorImpl.invoke0(Native Method)
	at sun.reflect.NativeMethodAccessorImpl.invoke(NativeMethodAccessorImpl.java:62)
	at sun.reflect.DelegatingMethodAccessorImpl.invoke(DelegatingMethodAccessorImpl.java:43)
	at java.lang.reflect.Method.invoke(Method.java:498)
	at org.junit.runners.model.FrameworkMethod$1.runReflectiveCall(FrameworkMethod.java:50)
	at org.junit.internal.runners.model.ReflectiveCallable.run(ReflectiveCallable.java:12)
	at org.junit.runners.model.FrameworkMethod.invokeExplosively(FrameworkMethod.java:47)
	at org.junit.internal.runners.statements.InvokeMethod.evaluate(InvokeMethod.java:17)
	at org.junit.internal.runners.statements.RunBefores.evaluate(RunBefores.java:26)
	at org.junit.rules.TestWatcher$1.evaluate(TestWatcher.java:55)
	at org.junit.rules.RunRules.evaluate(RunRules.java:20)
	at org.junit.runners.ParentRunner.runLeaf(ParentRunner.java:325)
	at org.junit.runners.BlockJUnit4ClassRunner.runChild(BlockJUnit4ClassRunner.java:78)
	at org.junit.runners.BlockJUnit4ClassRunner.runChild(BlockJUnit4ClassRunner.java:57)
	at org.junit.runners.ParentRunner$3.run(ParentRunner.java:290)
	at org.junit.runners.ParentRunner$1.schedule(ParentRunner.java:71)
	at org.junit.runners.ParentRunner.runChildren(ParentRunner.java:288)
	at org.junit.runners.ParentRunner.access$000(ParentRunner.java:58)
	at org.junit.runners.ParentRunner$2.evaluate(ParentRunner.java:268)
	at org.junit.internal.runners.statements.RunBefores.evaluate(RunBefores.java:26)
	at org.junit.internal.runners.statements.RunAfters.evaluate(RunAfters.java:27)
	at org.junit.internal.runners.statements.FailOnTimeout$CallableStatement.call(FailOnTimeout.java:298)
	at org.junit.internal.runners.statements.FailOnTimeout$CallableStatement.call(FailOnTimeout.java:292)
	at java.util.concurrent.FutureTask.run(FutureTask.java:266)
	at java.lang.Thread.run(Thread.java:748)



Test vvMode=v1v1
tr.result is 1

Test vvMode=v2v2
tr.result is 1

Test vvMode=v1v2
tr.result is -1
v1v2 test failed !!!
reconf_parameter: hbase.hregion.memstore.mslab.enabled
component: hbase:DefaultMemStore
v1: false
v2: true
testProject: hbase
unitTest: org.apache.hadoop.hbase.quotas.TestSuperUserQuotaPermissions#testSuperUserCanStillCompact
reconfPoint: -1
result: -1
failureMessage: Failed 51 actions: IOException: 51 times, servers with issues: a7d8962e85a3,46426,1591389021347
stackTrace: org.apache.hadoop.hbase.client.RetriesExhaustedWithDetailsException: Failed 51 actions: IOException: 51 times, servers with issues: a7d8962e85a3,46426,1591389021347
	at org.apache.hadoop.hbase.client.BatchErrors.makeException(BatchErrors.java:54)
	at org.apache.hadoop.hbase.client.AsyncRequestFutureImpl.getErrors(AsyncRequestFutureImpl.java:1204)
	at org.apache.hadoop.hbase.client.HTable.batch(HTable.java:453)
	at org.apache.hadoop.hbase.client.HTable.put(HTable.java:551)
	at org.apache.hadoop.hbase.quotas.SpaceQuotaHelperForTests.writeData(SpaceQuotaHelperForTests.java:473)
	at org.apache.hadoop.hbase.quotas.SpaceQuotaHelperForTests.writeData(SpaceQuotaHelperForTests.java:445)
	at org.apache.hadoop.hbase.quotas.SpaceQuotaHelperForTests.writeData(SpaceQuotaHelperForTests.java:441)
	at org.apache.hadoop.hbase.quotas.TestSuperUserQuotaPermissions$2.call(TestSuperUserQuotaPermissions.java:152)
	at org.apache.hadoop.hbase.quotas.TestSuperUserQuotaPermissions$2.call(TestSuperUserQuotaPermissions.java:145)
	at org.apache.hadoop.hbase.quotas.TestSuperUserQuotaPermissions$9.run(TestSuperUserQuotaPermissions.java:297)
	at java.security.AccessController.doPrivileged(Native Method)
	at javax.security.auth.Subject.doAs(Subject.java:422)
	at org.apache.hadoop.security.UserGroupInformation.doAs(UserGroupInformation.java:1844)
	at org.apache.hadoop.hbase.quotas.TestSuperUserQuotaPermissions.doAsUser(TestSuperUserQuotaPermissions.java:294)
	at org.apache.hadoop.hbase.quotas.TestSuperUserQuotaPermissions.doAsRegularUser(TestSuperUserQuotaPermissions.java:290)
	at org.apache.hadoop.hbase.quotas.TestSuperUserQuotaPermissions.testSuperUserCanStillCompact(TestSuperUserQuotaPermissions.java:145)
	at sun.reflect.NativeMethodAccessorImpl.invoke0(Native Method)
	at sun.reflect.NativeMethodAccessorImpl.invoke(NativeMethodAccessorImpl.java:62)
	at sun.reflect.DelegatingMethodAccessorImpl.invoke(DelegatingMethodAccessorImpl.java:43)
	at java.lang.reflect.Method.invoke(Method.java:498)
	at org.junit.runners.model.FrameworkMethod$1.runReflectiveCall(FrameworkMethod.java:50)
	at org.junit.internal.runners.model.ReflectiveCallable.run(ReflectiveCallable.java:12)
	at org.junit.runners.model.FrameworkMethod.invokeExplosively(FrameworkMethod.java:47)
	at org.junit.internal.runners.statements.InvokeMethod.evaluate(InvokeMethod.java:17)
	at org.junit.internal.runners.statements.RunBefores.evaluate(RunBefores.java:26)
	at org.junit.rules.TestWatcher$1.evaluate(TestWatcher.java:55)
	at org.junit.rules.RunRules.evaluate(RunRules.java:20)
	at org.junit.runners.ParentRunner.runLeaf(ParentRunner.java:325)
	at org.junit.runners.BlockJUnit4ClassRunner.runChild(BlockJUnit4ClassRunner.java:78)
	at org.junit.runners.BlockJUnit4ClassRunner.runChild(BlockJUnit4ClassRunner.java:57)
	at org.junit.runners.ParentRunner$3.run(ParentRunner.java:290)
	at org.junit.runners.ParentRunner$1.schedule(ParentRunner.java:71)
	at org.junit.runners.ParentRunner.runChildren(ParentRunner.java:288)
	at org.junit.runners.ParentRunner.access$000(ParentRunner.java:58)
	at org.junit.runners.ParentRunner$2.evaluate(ParentRunner.java:268)
	at org.junit.internal.runners.statements.RunBefores.evaluate(RunBefores.java:26)
	at org.junit.internal.runners.statements.RunAfters.evaluate(RunAfters.java:27)
	at org.junit.internal.runners.statements.FailOnTimeout$CallableStatement.call(FailOnTimeout.java:298)
	at org.junit.internal.runners.statements.FailOnTimeout$CallableStatement.call(FailOnTimeout.java:292)
	at java.util.concurrent.FutureTask.run(FutureTask.java:266)
	at java.lang.Thread.run(Thread.java:748)



Test vvMode=v1v1
tr.result is 1

Test vvMode=v2v2
tr.result is 1

Test vvMode=v1v2
tr.result is -1
v1v2 test failed !!!
reconf_parameter: hbase.hregion.memstore.mslab.enabled
component: hbase:DefaultMemStore
v1: false
v2: true
testProject: hbase
unitTest: org.apache.hadoop.hbase.quotas.TestSuperUserQuotaPermissions#testSuperUserCanStillCompact
reconfPoint: -1
result: -1
failureMessage: Failed 51 actions: IOException: 51 times, servers with issues: a7d8962e85a3,40819,1591389462153
stackTrace: org.apache.hadoop.hbase.client.RetriesExhaustedWithDetailsException: Failed 51 actions: IOException: 51 times, servers with issues: a7d8962e85a3,40819,1591389462153
	at org.apache.hadoop.hbase.client.BatchErrors.makeException(BatchErrors.java:54)
	at org.apache.hadoop.hbase.client.AsyncRequestFutureImpl.getErrors(AsyncRequestFutureImpl.java:1204)
	at org.apache.hadoop.hbase.client.HTable.batch(HTable.java:453)
	at org.apache.hadoop.hbase.client.HTable.put(HTable.java:551)
	at org.apache.hadoop.hbase.quotas.SpaceQuotaHelperForTests.writeData(SpaceQuotaHelperForTests.java:473)
	at org.apache.hadoop.hbase.quotas.SpaceQuotaHelperForTests.writeData(SpaceQuotaHelperForTests.java:445)
	at org.apache.hadoop.hbase.quotas.SpaceQuotaHelperForTests.writeData(SpaceQuotaHelperForTests.java:441)
	at org.apache.hadoop.hbase.quotas.TestSuperUserQuotaPermissions$2.call(TestSuperUserQuotaPermissions.java:152)
	at org.apache.hadoop.hbase.quotas.TestSuperUserQuotaPermissions$2.call(TestSuperUserQuotaPermissions.java:145)
	at org.apache.hadoop.hbase.quotas.TestSuperUserQuotaPermissions$9.run(TestSuperUserQuotaPermissions.java:297)
	at java.security.AccessController.doPrivileged(Native Method)
	at javax.security.auth.Subject.doAs(Subject.java:422)
	at org.apache.hadoop.security.UserGroupInformation.doAs(UserGroupInformation.java:1844)
	at org.apache.hadoop.hbase.quotas.TestSuperUserQuotaPermissions.doAsUser(TestSuperUserQuotaPermissions.java:294)
	at org.apache.hadoop.hbase.quotas.TestSuperUserQuotaPermissions.doAsRegularUser(TestSuperUserQuotaPermissions.java:290)
	at org.apache.hadoop.hbase.quotas.TestSuperUserQuotaPermissions.testSuperUserCanStillCompact(TestSuperUserQuotaPermissions.java:145)
	at sun.reflect.NativeMethodAccessorImpl.invoke0(Native Method)
	at sun.reflect.NativeMethodAccessorImpl.invoke(NativeMethodAccessorImpl.java:62)
	at sun.reflect.DelegatingMethodAccessorImpl.invoke(DelegatingMethodAccessorImpl.java:43)
	at java.lang.reflect.Method.invoke(Method.java:498)
	at org.junit.runners.model.FrameworkMethod$1.runReflectiveCall(FrameworkMethod.java:50)
	at org.junit.internal.runners.model.ReflectiveCallable.run(ReflectiveCallable.java:12)
	at org.junit.runners.model.FrameworkMethod.invokeExplosively(FrameworkMethod.java:47)
	at org.junit.internal.runners.statements.InvokeMethod.evaluate(InvokeMethod.java:17)
	at org.junit.internal.runners.statements.RunBefores.evaluate(RunBefores.java:26)
	at org.junit.rules.TestWatcher$1.evaluate(TestWatcher.java:55)
	at org.junit.rules.RunRules.evaluate(RunRules.java:20)
	at org.junit.runners.ParentRunner.runLeaf(ParentRunner.java:325)
	at org.junit.runners.BlockJUnit4ClassRunner.runChild(BlockJUnit4ClassRunner.java:78)
	at org.junit.runners.BlockJUnit4ClassRunner.runChild(BlockJUnit4ClassRunner.java:57)
	at org.junit.runners.ParentRunner$3.run(ParentRunner.java:290)
	at org.junit.runners.ParentRunner$1.schedule(ParentRunner.java:71)
	at org.junit.runners.ParentRunner.runChildren(ParentRunner.java:288)
	at org.junit.runners.ParentRunner.access$000(ParentRunner.java:58)
	at org.junit.runners.ParentRunner$2.evaluate(ParentRunner.java:268)
	at org.junit.internal.runners.statements.RunBefores.evaluate(RunBefores.java:26)
	at org.junit.internal.runners.statements.RunAfters.evaluate(RunAfters.java:27)
	at org.junit.internal.runners.statements.FailOnTimeout$CallableStatement.call(FailOnTimeout.java:298)
	at org.junit.internal.runners.statements.FailOnTimeout$CallableStatement.call(FailOnTimeout.java:292)
	at java.util.concurrent.FutureTask.run(FutureTask.java:266)
	at java.lang.Thread.run(Thread.java:748)



Test vvMode=v1v1
tr.result is 1

Test vvMode=v2v2
tr.result is 1

Test vvMode=v1v2
tr.result is -1
v1v2 test failed !!!
reconf_parameter: hbase.hregion.memstore.mslab.enabled
component: hbase:DefaultMemStore
v1: false
v2: true
testProject: hbase
unitTest: org.apache.hadoop.hbase.quotas.TestSuperUserQuotaPermissions#testSuperUserCanStillCompact
reconfPoint: -1
result: -1
failureMessage: Failed 51 actions: IOException: 51 times, servers with issues: a7d8962e85a3,33656,1591389906431
stackTrace: org.apache.hadoop.hbase.client.RetriesExhaustedWithDetailsException: Failed 51 actions: IOException: 51 times, servers with issues: a7d8962e85a3,33656,1591389906431
	at org.apache.hadoop.hbase.client.BatchErrors.makeException(BatchErrors.java:54)
	at org.apache.hadoop.hbase.client.AsyncRequestFutureImpl.getErrors(AsyncRequestFutureImpl.java:1204)
	at org.apache.hadoop.hbase.client.HTable.batch(HTable.java:453)
	at org.apache.hadoop.hbase.client.HTable.put(HTable.java:551)
	at org.apache.hadoop.hbase.quotas.SpaceQuotaHelperForTests.writeData(SpaceQuotaHelperForTests.java:473)
	at org.apache.hadoop.hbase.quotas.SpaceQuotaHelperForTests.writeData(SpaceQuotaHelperForTests.java:445)
	at org.apache.hadoop.hbase.quotas.SpaceQuotaHelperForTests.writeData(SpaceQuotaHelperForTests.java:441)
	at org.apache.hadoop.hbase.quotas.TestSuperUserQuotaPermissions$2.call(TestSuperUserQuotaPermissions.java:152)
	at org.apache.hadoop.hbase.quotas.TestSuperUserQuotaPermissions$2.call(TestSuperUserQuotaPermissions.java:145)
	at org.apache.hadoop.hbase.quotas.TestSuperUserQuotaPermissions$9.run(TestSuperUserQuotaPermissions.java:297)
	at java.security.AccessController.doPrivileged(Native Method)
	at javax.security.auth.Subject.doAs(Subject.java:422)
	at org.apache.hadoop.security.UserGroupInformation.doAs(UserGroupInformation.java:1844)
	at org.apache.hadoop.hbase.quotas.TestSuperUserQuotaPermissions.doAsUser(TestSuperUserQuotaPermissions.java:294)
	at org.apache.hadoop.hbase.quotas.TestSuperUserQuotaPermissions.doAsRegularUser(TestSuperUserQuotaPermissions.java:290)
	at org.apache.hadoop.hbase.quotas.TestSuperUserQuotaPermissions.testSuperUserCanStillCompact(TestSuperUserQuotaPermissions.java:145)
	at sun.reflect.NativeMethodAccessorImpl.invoke0(Native Method)
	at sun.reflect.NativeMethodAccessorImpl.invoke(NativeMethodAccessorImpl.java:62)
	at sun.reflect.DelegatingMethodAccessorImpl.invoke(DelegatingMethodAccessorImpl.java:43)
	at java.lang.reflect.Method.invoke(Method.java:498)
	at org.junit.runners.model.FrameworkMethod$1.runReflectiveCall(FrameworkMethod.java:50)
	at org.junit.internal.runners.model.ReflectiveCallable.run(ReflectiveCallable.java:12)
	at org.junit.runners.model.FrameworkMethod.invokeExplosively(FrameworkMethod.java:47)
	at org.junit.internal.runners.statements.InvokeMethod.evaluate(InvokeMethod.java:17)
	at org.junit.internal.runners.statements.RunBefores.evaluate(RunBefores.java:26)
	at org.junit.rules.TestWatcher$1.evaluate(TestWatcher.java:55)
	at org.junit.rules.RunRules.evaluate(RunRules.java:20)
	at org.junit.runners.ParentRunner.runLeaf(ParentRunner.java:325)
	at org.junit.runners.BlockJUnit4ClassRunner.runChild(BlockJUnit4ClassRunner.java:78)
	at org.junit.runners.BlockJUnit4ClassRunner.runChild(BlockJUnit4ClassRunner.java:57)
	at org.junit.runners.ParentRunner$3.run(ParentRunner.java:290)
	at org.junit.runners.ParentRunner$1.schedule(ParentRunner.java:71)
	at org.junit.runners.ParentRunner.runChildren(ParentRunner.java:288)
	at org.junit.runners.ParentRunner.access$000(ParentRunner.java:58)
	at org.junit.runners.ParentRunner$2.evaluate(ParentRunner.java:268)
	at org.junit.internal.runners.statements.RunBefores.evaluate(RunBefores.java:26)
	at org.junit.internal.runners.statements.RunAfters.evaluate(RunAfters.java:27)
	at org.junit.internal.runners.statements.FailOnTimeout$CallableStatement.call(FailOnTimeout.java:298)
	at org.junit.internal.runners.statements.FailOnTimeout$CallableStatement.call(FailOnTimeout.java:292)
	at java.util.concurrent.FutureTask.run(FutureTask.java:266)
	at java.lang.Thread.run(Thread.java:748)



Test vvMode=v1v1
tr.result is 1

Test vvMode=v2v2
tr.result is 1

Test vvMode=v1v2
tr.result is -1
v1v2 test failed !!!
reconf_parameter: hbase.hregion.memstore.mslab.enabled
component: hbase:DefaultMemStore
v1: false
v2: true
testProject: hbase
unitTest: org.apache.hadoop.hbase.quotas.TestSuperUserQuotaPermissions#testSuperUserCanStillCompact
reconfPoint: -1
result: -1
failureMessage: Failed 51 actions: IOException: 51 times, servers with issues: a7d8962e85a3,33259,1591390350818
stackTrace: org.apache.hadoop.hbase.client.RetriesExhaustedWithDetailsException: Failed 51 actions: IOException: 51 times, servers with issues: a7d8962e85a3,33259,1591390350818
	at org.apache.hadoop.hbase.client.BatchErrors.makeException(BatchErrors.java:54)
	at org.apache.hadoop.hbase.client.AsyncRequestFutureImpl.getErrors(AsyncRequestFutureImpl.java:1204)
	at org.apache.hadoop.hbase.client.HTable.batch(HTable.java:453)
	at org.apache.hadoop.hbase.client.HTable.put(HTable.java:551)
	at org.apache.hadoop.hbase.quotas.SpaceQuotaHelperForTests.writeData(SpaceQuotaHelperForTests.java:473)
	at org.apache.hadoop.hbase.quotas.SpaceQuotaHelperForTests.writeData(SpaceQuotaHelperForTests.java:445)
	at org.apache.hadoop.hbase.quotas.SpaceQuotaHelperForTests.writeData(SpaceQuotaHelperForTests.java:441)
	at org.apache.hadoop.hbase.quotas.TestSuperUserQuotaPermissions$2.call(TestSuperUserQuotaPermissions.java:152)
	at org.apache.hadoop.hbase.quotas.TestSuperUserQuotaPermissions$2.call(TestSuperUserQuotaPermissions.java:145)
	at org.apache.hadoop.hbase.quotas.TestSuperUserQuotaPermissions$9.run(TestSuperUserQuotaPermissions.java:297)
	at java.security.AccessController.doPrivileged(Native Method)
	at javax.security.auth.Subject.doAs(Subject.java:422)
	at org.apache.hadoop.security.UserGroupInformation.doAs(UserGroupInformation.java:1844)
	at org.apache.hadoop.hbase.quotas.TestSuperUserQuotaPermissions.doAsUser(TestSuperUserQuotaPermissions.java:294)
	at org.apache.hadoop.hbase.quotas.TestSuperUserQuotaPermissions.doAsRegularUser(TestSuperUserQuotaPermissions.java:290)
	at org.apache.hadoop.hbase.quotas.TestSuperUserQuotaPermissions.testSuperUserCanStillCompact(TestSuperUserQuotaPermissions.java:145)
	at sun.reflect.NativeMethodAccessorImpl.invoke0(Native Method)
	at sun.reflect.NativeMethodAccessorImpl.invoke(NativeMethodAccessorImpl.java:62)
	at sun.reflect.DelegatingMethodAccessorImpl.invoke(DelegatingMethodAccessorImpl.java:43)
	at java.lang.reflect.Method.invoke(Method.java:498)
	at org.junit.runners.model.FrameworkMethod$1.runReflectiveCall(FrameworkMethod.java:50)
	at org.junit.internal.runners.model.ReflectiveCallable.run(ReflectiveCallable.java:12)
	at org.junit.runners.model.FrameworkMethod.invokeExplosively(FrameworkMethod.java:47)
	at org.junit.internal.runners.statements.InvokeMethod.evaluate(InvokeMethod.java:17)
	at org.junit.internal.runners.statements.RunBefores.evaluate(RunBefores.java:26)
	at org.junit.rules.TestWatcher$1.evaluate(TestWatcher.java:55)
	at org.junit.rules.RunRules.evaluate(RunRules.java:20)
	at org.junit.runners.ParentRunner.runLeaf(ParentRunner.java:325)
	at org.junit.runners.BlockJUnit4ClassRunner.runChild(BlockJUnit4ClassRunner.java:78)
	at org.junit.runners.BlockJUnit4ClassRunner.runChild(BlockJUnit4ClassRunner.java:57)
	at org.junit.runners.ParentRunner$3.run(ParentRunner.java:290)
	at org.junit.runners.ParentRunner$1.schedule(ParentRunner.java:71)
	at org.junit.runners.ParentRunner.runChildren(ParentRunner.java:288)
	at org.junit.runners.ParentRunner.access$000(ParentRunner.java:58)
	at org.junit.runners.ParentRunner$2.evaluate(ParentRunner.java:268)
	at org.junit.internal.runners.statements.RunBefores.evaluate(RunBefores.java:26)
	at org.junit.internal.runners.statements.RunAfters.evaluate(RunAfters.java:27)
	at org.junit.internal.runners.statements.FailOnTimeout$CallableStatement.call(FailOnTimeout.java:298)
	at org.junit.internal.runners.statements.FailOnTimeout$CallableStatement.call(FailOnTimeout.java:292)
	at java.util.concurrent.FutureTask.run(FutureTask.java:266)
	at java.lang.Thread.run(Thread.java:748)



Test vvMode=v1v1
tr.result is 1

Test vvMode=v2v2
tr.result is 1

Test vvMode=v1v2
tr.result is -1
v1v2 test failed !!!
reconf_parameter: hbase.hregion.memstore.mslab.enabled
component: hbase:DefaultMemStore
v1: false
v2: true
testProject: hbase
unitTest: org.apache.hadoop.hbase.quotas.TestSuperUserQuotaPermissions#testSuperUserCanStillCompact
reconfPoint: -1
result: -1
failureMessage: Failed 51 actions: IOException: 51 times, servers with issues: a7d8962e85a3,41437,1591390823810
stackTrace: org.apache.hadoop.hbase.client.RetriesExhaustedWithDetailsException: Failed 51 actions: IOException: 51 times, servers with issues: a7d8962e85a3,41437,1591390823810
	at org.apache.hadoop.hbase.client.BatchErrors.makeException(BatchErrors.java:54)
	at org.apache.hadoop.hbase.client.AsyncRequestFutureImpl.getErrors(AsyncRequestFutureImpl.java:1204)
	at org.apache.hadoop.hbase.client.HTable.batch(HTable.java:453)
	at org.apache.hadoop.hbase.client.HTable.put(HTable.java:551)
	at org.apache.hadoop.hbase.quotas.SpaceQuotaHelperForTests.writeData(SpaceQuotaHelperForTests.java:473)
	at org.apache.hadoop.hbase.quotas.SpaceQuotaHelperForTests.writeData(SpaceQuotaHelperForTests.java:445)
	at org.apache.hadoop.hbase.quotas.SpaceQuotaHelperForTests.writeData(SpaceQuotaHelperForTests.java:441)
	at org.apache.hadoop.hbase.quotas.TestSuperUserQuotaPermissions$2.call(TestSuperUserQuotaPermissions.java:152)
	at org.apache.hadoop.hbase.quotas.TestSuperUserQuotaPermissions$2.call(TestSuperUserQuotaPermissions.java:145)
	at org.apache.hadoop.hbase.quotas.TestSuperUserQuotaPermissions$9.run(TestSuperUserQuotaPermissions.java:297)
	at java.security.AccessController.doPrivileged(Native Method)
	at javax.security.auth.Subject.doAs(Subject.java:422)
	at org.apache.hadoop.security.UserGroupInformation.doAs(UserGroupInformation.java:1844)
	at org.apache.hadoop.hbase.quotas.TestSuperUserQuotaPermissions.doAsUser(TestSuperUserQuotaPermissions.java:294)
	at org.apache.hadoop.hbase.quotas.TestSuperUserQuotaPermissions.doAsRegularUser(TestSuperUserQuotaPermissions.java:290)
	at org.apache.hadoop.hbase.quotas.TestSuperUserQuotaPermissions.testSuperUserCanStillCompact(TestSuperUserQuotaPermissions.java:145)
	at sun.reflect.NativeMethodAccessorImpl.invoke0(Native Method)
	at sun.reflect.NativeMethodAccessorImpl.invoke(NativeMethodAccessorImpl.java:62)
	at sun.reflect.DelegatingMethodAccessorImpl.invoke(DelegatingMethodAccessorImpl.java:43)
	at java.lang.reflect.Method.invoke(Method.java:498)
	at org.junit.runners.model.FrameworkMethod$1.runReflectiveCall(FrameworkMethod.java:50)
	at org.junit.internal.runners.model.ReflectiveCallable.run(ReflectiveCallable.java:12)
	at org.junit.runners.model.FrameworkMethod.invokeExplosively(FrameworkMethod.java:47)
	at org.junit.internal.runners.statements.InvokeMethod.evaluate(InvokeMethod.java:17)
	at org.junit.internal.runners.statements.RunBefores.evaluate(RunBefores.java:26)
	at org.junit.rules.TestWatcher$1.evaluate(TestWatcher.java:55)
	at org.junit.rules.RunRules.evaluate(RunRules.java:20)
	at org.junit.runners.ParentRunner.runLeaf(ParentRunner.java:325)
	at org.junit.runners.BlockJUnit4ClassRunner.runChild(BlockJUnit4ClassRunner.java:78)
	at org.junit.runners.BlockJUnit4ClassRunner.runChild(BlockJUnit4ClassRunner.java:57)
	at org.junit.runners.ParentRunner$3.run(ParentRunner.java:290)
	at org.junit.runners.ParentRunner$1.schedule(ParentRunner.java:71)
	at org.junit.runners.ParentRunner.runChildren(ParentRunner.java:288)
	at org.junit.runners.ParentRunner.access$000(ParentRunner.java:58)
	at org.junit.runners.ParentRunner$2.evaluate(ParentRunner.java:268)
	at org.junit.internal.runners.statements.RunBefores.evaluate(RunBefores.java:26)
	at org.junit.internal.runners.statements.RunAfters.evaluate(RunAfters.java:27)
	at org.junit.internal.runners.statements.FailOnTimeout$CallableStatement.call(FailOnTimeout.java:298)
	at org.junit.internal.runners.statements.FailOnTimeout$CallableStatement.call(FailOnTimeout.java:292)
	at java.util.concurrent.FutureTask.run(FutureTask.java:266)
	at java.lang.Thread.run(Thread.java:748)



Test vvMode=v1v1
tr.result is 1

Test vvMode=v2v2
tr.result is 1
early stop after 10 is satisfied
v1v2 failed with probability 10 out of 10
v1v1v2v2 failed with probability 0 out of 10
result: might be true error
Total execution time in seconds : 4568
