reconf_parameter: dfs.blocksize
component: NameNode
v1: 262144
v2: 134217728
testProject: hdfs
unitTest: org.apache.hadoop.hdfs.TestDFSStripedOutputStreamWithFailureWithRandomECPolicy#testMultipleDatanodeFailure56
reconfPoint: -2
result: -1

Test vvMode=v1v2
tr.result is -1
v1v2 test failed !!!
reconf_parameter: dfs.blocksize
component: NameNode
v1: 262144
v2: 134217728
testProject: hdfs
unitTest: org.apache.hadoop.hdfs.TestDFSStripedOutputStreamWithFailureWithRandomECPolicy#testMultipleDatanodeFailure56
reconfPoint: -2
result: -1
failureMessage: expected:<2> but was:<1>
stackTrace: java.lang.AssertionError: expected:<2> but was:<1>
	at org.junit.Assert.fail(Assert.java:88)
	at org.junit.Assert.failNotEquals(Assert.java:743)
	at org.junit.Assert.assertEquals(Assert.java:118)
	at org.junit.Assert.assertEquals(Assert.java:555)
	at org.junit.Assert.assertEquals(Assert.java:542)
	at org.apache.hadoop.hdfs.StripedFileTestUtil.checkData(StripedFileTestUtil.java:371)
	at org.apache.hadoop.hdfs.TestDFSStripedOutputStreamWithFailureBase.runTest(TestDFSStripedOutputStreamWithFailureBase.java:361)
	at org.apache.hadoop.hdfs.TestDFSStripedOutputStreamWithFailureBase.runTestWithMultipleFailure(TestDFSStripedOutputStreamWithFailureBase.java:264)
	at org.apache.hadoop.hdfs.TestDFSStripedOutputStreamWithFailure.testMultipleDatanodeFailure56(TestDFSStripedOutputStreamWithFailure.java:50)
	at sun.reflect.NativeMethodAccessorImpl.invoke0(Native Method)
	at sun.reflect.NativeMethodAccessorImpl.invoke(NativeMethodAccessorImpl.java:62)
	at sun.reflect.DelegatingMethodAccessorImpl.invoke(DelegatingMethodAccessorImpl.java:43)
	at java.lang.reflect.Method.invoke(Method.java:498)
	at org.junit.runners.model.FrameworkMethod$1.runReflectiveCall(FrameworkMethod.java:47)
	at org.junit.internal.runners.model.ReflectiveCallable.run(ReflectiveCallable.java:12)
	at org.junit.runners.model.FrameworkMethod.invokeExplosively(FrameworkMethod.java:44)
	at org.junit.internal.runners.statements.InvokeMethod.evaluate(InvokeMethod.java:17)
	at org.junit.internal.runners.statements.FailOnTimeout$StatementThread.run(FailOnTimeout.java:74)



Test vvMode=v1v2
tr.result is -1
v1v2 test failed !!!
reconf_parameter: dfs.blocksize
component: NameNode
v1: 262144
v2: 134217728
testProject: hdfs
unitTest: org.apache.hadoop.hdfs.TestDFSStripedOutputStreamWithFailureWithRandomECPolicy#testMultipleDatanodeFailure56
reconfPoint: -2
result: -1
failureMessage: expected:<2> but was:<1>
stackTrace: java.lang.AssertionError: expected:<2> but was:<1>
	at org.junit.Assert.fail(Assert.java:88)
	at org.junit.Assert.failNotEquals(Assert.java:743)
	at org.junit.Assert.assertEquals(Assert.java:118)
	at org.junit.Assert.assertEquals(Assert.java:555)
	at org.junit.Assert.assertEquals(Assert.java:542)
	at org.apache.hadoop.hdfs.StripedFileTestUtil.checkData(StripedFileTestUtil.java:371)
	at org.apache.hadoop.hdfs.TestDFSStripedOutputStreamWithFailureBase.runTest(TestDFSStripedOutputStreamWithFailureBase.java:361)
	at org.apache.hadoop.hdfs.TestDFSStripedOutputStreamWithFailureBase.runTestWithMultipleFailure(TestDFSStripedOutputStreamWithFailureBase.java:264)
	at org.apache.hadoop.hdfs.TestDFSStripedOutputStreamWithFailure.testMultipleDatanodeFailure56(TestDFSStripedOutputStreamWithFailure.java:50)
	at sun.reflect.NativeMethodAccessorImpl.invoke0(Native Method)
	at sun.reflect.NativeMethodAccessorImpl.invoke(NativeMethodAccessorImpl.java:62)
	at sun.reflect.DelegatingMethodAccessorImpl.invoke(DelegatingMethodAccessorImpl.java:43)
	at java.lang.reflect.Method.invoke(Method.java:498)
	at org.junit.runners.model.FrameworkMethod$1.runReflectiveCall(FrameworkMethod.java:47)
	at org.junit.internal.runners.model.ReflectiveCallable.run(ReflectiveCallable.java:12)
	at org.junit.runners.model.FrameworkMethod.invokeExplosively(FrameworkMethod.java:44)
	at org.junit.internal.runners.statements.InvokeMethod.evaluate(InvokeMethod.java:17)
	at org.junit.internal.runners.statements.FailOnTimeout$StatementThread.run(FailOnTimeout.java:74)



Test vvMode=v1v2
tr.result is 1

Test vvMode=v1v2
tr.result is 1

Test vvMode=v1v2
tr.result is -1
v1v2 test failed !!!
reconf_parameter: dfs.blocksize
component: NameNode
v1: 262144
v2: 134217728
testProject: hdfs
unitTest: org.apache.hadoop.hdfs.TestDFSStripedOutputStreamWithFailureWithRandomECPolicy#testMultipleDatanodeFailure56
reconfPoint: -2
result: -1
failureMessage: expected:<2> but was:<1>
stackTrace: java.lang.AssertionError: expected:<2> but was:<1>
	at org.junit.Assert.fail(Assert.java:88)
	at org.junit.Assert.failNotEquals(Assert.java:743)
	at org.junit.Assert.assertEquals(Assert.java:118)
	at org.junit.Assert.assertEquals(Assert.java:555)
	at org.junit.Assert.assertEquals(Assert.java:542)
	at org.apache.hadoop.hdfs.StripedFileTestUtil.checkData(StripedFileTestUtil.java:371)
	at org.apache.hadoop.hdfs.TestDFSStripedOutputStreamWithFailureBase.runTest(TestDFSStripedOutputStreamWithFailureBase.java:361)
	at org.apache.hadoop.hdfs.TestDFSStripedOutputStreamWithFailureBase.runTestWithMultipleFailure(TestDFSStripedOutputStreamWithFailureBase.java:264)
	at org.apache.hadoop.hdfs.TestDFSStripedOutputStreamWithFailure.testMultipleDatanodeFailure56(TestDFSStripedOutputStreamWithFailure.java:50)
	at sun.reflect.NativeMethodAccessorImpl.invoke0(Native Method)
	at sun.reflect.NativeMethodAccessorImpl.invoke(NativeMethodAccessorImpl.java:62)
	at sun.reflect.DelegatingMethodAccessorImpl.invoke(DelegatingMethodAccessorImpl.java:43)
	at java.lang.reflect.Method.invoke(Method.java:498)
	at org.junit.runners.model.FrameworkMethod$1.runReflectiveCall(FrameworkMethod.java:47)
	at org.junit.internal.runners.model.ReflectiveCallable.run(ReflectiveCallable.java:12)
	at org.junit.runners.model.FrameworkMethod.invokeExplosively(FrameworkMethod.java:44)
	at org.junit.internal.runners.statements.InvokeMethod.evaluate(InvokeMethod.java:17)
	at org.junit.internal.runners.statements.FailOnTimeout$StatementThread.run(FailOnTimeout.java:74)



Test vvMode=v1v2
tr.result is -1
v1v2 test failed !!!
reconf_parameter: dfs.blocksize
component: NameNode
v1: 262144
v2: 134217728
testProject: hdfs
unitTest: org.apache.hadoop.hdfs.TestDFSStripedOutputStreamWithFailureWithRandomECPolicy#testMultipleDatanodeFailure56
reconfPoint: -2
result: -1
failureMessage: expected:<2> but was:<1>
stackTrace: java.lang.AssertionError: expected:<2> but was:<1>
	at org.junit.Assert.fail(Assert.java:88)
	at org.junit.Assert.failNotEquals(Assert.java:743)
	at org.junit.Assert.assertEquals(Assert.java:118)
	at org.junit.Assert.assertEquals(Assert.java:555)
	at org.junit.Assert.assertEquals(Assert.java:542)
	at org.apache.hadoop.hdfs.StripedFileTestUtil.checkData(StripedFileTestUtil.java:371)
	at org.apache.hadoop.hdfs.TestDFSStripedOutputStreamWithFailureBase.runTest(TestDFSStripedOutputStreamWithFailureBase.java:361)
	at org.apache.hadoop.hdfs.TestDFSStripedOutputStreamWithFailureBase.runTestWithMultipleFailure(TestDFSStripedOutputStreamWithFailureBase.java:264)
	at org.apache.hadoop.hdfs.TestDFSStripedOutputStreamWithFailure.testMultipleDatanodeFailure56(TestDFSStripedOutputStreamWithFailure.java:50)
	at sun.reflect.NativeMethodAccessorImpl.invoke0(Native Method)
	at sun.reflect.NativeMethodAccessorImpl.invoke(NativeMethodAccessorImpl.java:62)
	at sun.reflect.DelegatingMethodAccessorImpl.invoke(DelegatingMethodAccessorImpl.java:43)
	at java.lang.reflect.Method.invoke(Method.java:498)
	at org.junit.runners.model.FrameworkMethod$1.runReflectiveCall(FrameworkMethod.java:47)
	at org.junit.internal.runners.model.ReflectiveCallable.run(ReflectiveCallable.java:12)
	at org.junit.runners.model.FrameworkMethod.invokeExplosively(FrameworkMethod.java:44)
	at org.junit.internal.runners.statements.InvokeMethod.evaluate(InvokeMethod.java:17)
	at org.junit.internal.runners.statements.FailOnTimeout$StatementThread.run(FailOnTimeout.java:74)



Test vvMode=v1v2
tr.result is 1

Test vvMode=v1v2
tr.result is 1

Test vvMode=v1v2
tr.result is 1

Test vvMode=v1v2
tr.result is 1

Test vvMode=v1v2
tr.result is 1

Test vvMode=v1v2
tr.result is 1

Test vvMode=v1v2
tr.result is -1
v1v2 test failed !!!
reconf_parameter: dfs.blocksize
component: NameNode
v1: 262144
v2: 134217728
testProject: hdfs
unitTest: org.apache.hadoop.hdfs.TestDFSStripedOutputStreamWithFailureWithRandomECPolicy#testMultipleDatanodeFailure56
reconfPoint: -2
result: -1
failureMessage: expected:<2> but was:<1>
stackTrace: java.lang.AssertionError: expected:<2> but was:<1>
	at org.junit.Assert.fail(Assert.java:88)
	at org.junit.Assert.failNotEquals(Assert.java:743)
	at org.junit.Assert.assertEquals(Assert.java:118)
	at org.junit.Assert.assertEquals(Assert.java:555)
	at org.junit.Assert.assertEquals(Assert.java:542)
	at org.apache.hadoop.hdfs.StripedFileTestUtil.checkData(StripedFileTestUtil.java:371)
	at org.apache.hadoop.hdfs.TestDFSStripedOutputStreamWithFailureBase.runTest(TestDFSStripedOutputStreamWithFailureBase.java:361)
	at org.apache.hadoop.hdfs.TestDFSStripedOutputStreamWithFailureBase.runTestWithMultipleFailure(TestDFSStripedOutputStreamWithFailureBase.java:264)
	at org.apache.hadoop.hdfs.TestDFSStripedOutputStreamWithFailure.testMultipleDatanodeFailure56(TestDFSStripedOutputStreamWithFailure.java:50)
	at sun.reflect.NativeMethodAccessorImpl.invoke0(Native Method)
	at sun.reflect.NativeMethodAccessorImpl.invoke(NativeMethodAccessorImpl.java:62)
	at sun.reflect.DelegatingMethodAccessorImpl.invoke(DelegatingMethodAccessorImpl.java:43)
	at java.lang.reflect.Method.invoke(Method.java:498)
	at org.junit.runners.model.FrameworkMethod$1.runReflectiveCall(FrameworkMethod.java:47)
	at org.junit.internal.runners.model.ReflectiveCallable.run(ReflectiveCallable.java:12)
	at org.junit.runners.model.FrameworkMethod.invokeExplosively(FrameworkMethod.java:44)
	at org.junit.internal.runners.statements.InvokeMethod.evaluate(InvokeMethod.java:17)
	at org.junit.internal.runners.statements.FailOnTimeout$StatementThread.run(FailOnTimeout.java:74)



Test vvMode=v1v2
tr.result is -1
v1v2 test failed !!!
reconf_parameter: dfs.blocksize
component: NameNode
v1: 262144
v2: 134217728
testProject: hdfs
unitTest: org.apache.hadoop.hdfs.TestDFSStripedOutputStreamWithFailureWithRandomECPolicy#testMultipleDatanodeFailure56
reconfPoint: -2
result: -1
failureMessage: expected:<2> but was:<1>
stackTrace: java.lang.AssertionError: expected:<2> but was:<1>
	at org.junit.Assert.fail(Assert.java:88)
	at org.junit.Assert.failNotEquals(Assert.java:743)
	at org.junit.Assert.assertEquals(Assert.java:118)
	at org.junit.Assert.assertEquals(Assert.java:555)
	at org.junit.Assert.assertEquals(Assert.java:542)
	at org.apache.hadoop.hdfs.StripedFileTestUtil.checkData(StripedFileTestUtil.java:371)
	at org.apache.hadoop.hdfs.TestDFSStripedOutputStreamWithFailureBase.runTest(TestDFSStripedOutputStreamWithFailureBase.java:361)
	at org.apache.hadoop.hdfs.TestDFSStripedOutputStreamWithFailureBase.runTestWithMultipleFailure(TestDFSStripedOutputStreamWithFailureBase.java:264)
	at org.apache.hadoop.hdfs.TestDFSStripedOutputStreamWithFailure.testMultipleDatanodeFailure56(TestDFSStripedOutputStreamWithFailure.java:50)
	at sun.reflect.NativeMethodAccessorImpl.invoke0(Native Method)
	at sun.reflect.NativeMethodAccessorImpl.invoke(NativeMethodAccessorImpl.java:62)
	at sun.reflect.DelegatingMethodAccessorImpl.invoke(DelegatingMethodAccessorImpl.java:43)
	at java.lang.reflect.Method.invoke(Method.java:498)
	at org.junit.runners.model.FrameworkMethod$1.runReflectiveCall(FrameworkMethod.java:47)
	at org.junit.internal.runners.model.ReflectiveCallable.run(ReflectiveCallable.java:12)
	at org.junit.runners.model.FrameworkMethod.invokeExplosively(FrameworkMethod.java:44)
	at org.junit.internal.runners.statements.InvokeMethod.evaluate(InvokeMethod.java:17)
	at org.junit.internal.runners.statements.FailOnTimeout$StatementThread.run(FailOnTimeout.java:74)



Test vvMode=v1v2
tr.result is -1
v1v2 test failed !!!
reconf_parameter: dfs.blocksize
component: NameNode
v1: 262144
v2: 134217728
testProject: hdfs
unitTest: org.apache.hadoop.hdfs.TestDFSStripedOutputStreamWithFailureWithRandomECPolicy#testMultipleDatanodeFailure56
reconfPoint: -2
result: -1
failureMessage: expected:<2> but was:<1>
stackTrace: java.lang.AssertionError: expected:<2> but was:<1>
	at org.junit.Assert.fail(Assert.java:88)
	at org.junit.Assert.failNotEquals(Assert.java:743)
	at org.junit.Assert.assertEquals(Assert.java:118)
	at org.junit.Assert.assertEquals(Assert.java:555)
	at org.junit.Assert.assertEquals(Assert.java:542)
	at org.apache.hadoop.hdfs.StripedFileTestUtil.checkData(StripedFileTestUtil.java:371)
	at org.apache.hadoop.hdfs.TestDFSStripedOutputStreamWithFailureBase.runTest(TestDFSStripedOutputStreamWithFailureBase.java:361)
	at org.apache.hadoop.hdfs.TestDFSStripedOutputStreamWithFailureBase.runTestWithMultipleFailure(TestDFSStripedOutputStreamWithFailureBase.java:264)
	at org.apache.hadoop.hdfs.TestDFSStripedOutputStreamWithFailure.testMultipleDatanodeFailure56(TestDFSStripedOutputStreamWithFailure.java:50)
	at sun.reflect.NativeMethodAccessorImpl.invoke0(Native Method)
	at sun.reflect.NativeMethodAccessorImpl.invoke(NativeMethodAccessorImpl.java:62)
	at sun.reflect.DelegatingMethodAccessorImpl.invoke(DelegatingMethodAccessorImpl.java:43)
	at java.lang.reflect.Method.invoke(Method.java:498)
	at org.junit.runners.model.FrameworkMethod$1.runReflectiveCall(FrameworkMethod.java:47)
	at org.junit.internal.runners.model.ReflectiveCallable.run(ReflectiveCallable.java:12)
	at org.junit.runners.model.FrameworkMethod.invokeExplosively(FrameworkMethod.java:44)
	at org.junit.internal.runners.statements.InvokeMethod.evaluate(InvokeMethod.java:17)
	at org.junit.internal.runners.statements.FailOnTimeout$StatementThread.run(FailOnTimeout.java:74)



Test vvMode=v1v2
tr.result is 1

Test vvMode=v1v2
tr.result is -1
v1v2 test failed !!!
reconf_parameter: dfs.blocksize
component: NameNode
v1: 262144
v2: 134217728
testProject: hdfs
unitTest: org.apache.hadoop.hdfs.TestDFSStripedOutputStreamWithFailureWithRandomECPolicy#testMultipleDatanodeFailure56
reconfPoint: -2
result: -1
failureMessage: expected:<2> but was:<1>
stackTrace: java.lang.AssertionError: expected:<2> but was:<1>
	at org.junit.Assert.fail(Assert.java:88)
	at org.junit.Assert.failNotEquals(Assert.java:743)
	at org.junit.Assert.assertEquals(Assert.java:118)
	at org.junit.Assert.assertEquals(Assert.java:555)
	at org.junit.Assert.assertEquals(Assert.java:542)
	at org.apache.hadoop.hdfs.StripedFileTestUtil.checkData(StripedFileTestUtil.java:371)
	at org.apache.hadoop.hdfs.TestDFSStripedOutputStreamWithFailureBase.runTest(TestDFSStripedOutputStreamWithFailureBase.java:361)
	at org.apache.hadoop.hdfs.TestDFSStripedOutputStreamWithFailureBase.runTestWithMultipleFailure(TestDFSStripedOutputStreamWithFailureBase.java:264)
	at org.apache.hadoop.hdfs.TestDFSStripedOutputStreamWithFailure.testMultipleDatanodeFailure56(TestDFSStripedOutputStreamWithFailure.java:50)
	at sun.reflect.NativeMethodAccessorImpl.invoke0(Native Method)
	at sun.reflect.NativeMethodAccessorImpl.invoke(NativeMethodAccessorImpl.java:62)
	at sun.reflect.DelegatingMethodAccessorImpl.invoke(DelegatingMethodAccessorImpl.java:43)
	at java.lang.reflect.Method.invoke(Method.java:498)
	at org.junit.runners.model.FrameworkMethod$1.runReflectiveCall(FrameworkMethod.java:47)
	at org.junit.internal.runners.model.ReflectiveCallable.run(ReflectiveCallable.java:12)
	at org.junit.runners.model.FrameworkMethod.invokeExplosively(FrameworkMethod.java:44)
	at org.junit.internal.runners.statements.InvokeMethod.evaluate(InvokeMethod.java:17)
	at org.junit.internal.runners.statements.FailOnTimeout$StatementThread.run(FailOnTimeout.java:74)



Test vvMode=v1v2
tr.result is 1

Test vvMode=v1v2
tr.result is 1

Test vvMode=v1v2
tr.result is 1

Test vvMode=v1v2
tr.result is 1

Test vvMode=v1v2
tr.result is -1
v1v2 test failed !!!
reconf_parameter: dfs.blocksize
component: NameNode
v1: 262144
v2: 134217728
testProject: hdfs
unitTest: org.apache.hadoop.hdfs.TestDFSStripedOutputStreamWithFailureWithRandomECPolicy#testMultipleDatanodeFailure56
reconfPoint: -2
result: -1
failureMessage: expected:<2> but was:<1>
stackTrace: java.lang.AssertionError: expected:<2> but was:<1>
	at org.junit.Assert.fail(Assert.java:88)
	at org.junit.Assert.failNotEquals(Assert.java:743)
	at org.junit.Assert.assertEquals(Assert.java:118)
	at org.junit.Assert.assertEquals(Assert.java:555)
	at org.junit.Assert.assertEquals(Assert.java:542)
	at org.apache.hadoop.hdfs.StripedFileTestUtil.checkData(StripedFileTestUtil.java:371)
	at org.apache.hadoop.hdfs.TestDFSStripedOutputStreamWithFailureBase.runTest(TestDFSStripedOutputStreamWithFailureBase.java:361)
	at org.apache.hadoop.hdfs.TestDFSStripedOutputStreamWithFailureBase.runTestWithMultipleFailure(TestDFSStripedOutputStreamWithFailureBase.java:264)
	at org.apache.hadoop.hdfs.TestDFSStripedOutputStreamWithFailure.testMultipleDatanodeFailure56(TestDFSStripedOutputStreamWithFailure.java:50)
	at sun.reflect.NativeMethodAccessorImpl.invoke0(Native Method)
	at sun.reflect.NativeMethodAccessorImpl.invoke(NativeMethodAccessorImpl.java:62)
	at sun.reflect.DelegatingMethodAccessorImpl.invoke(DelegatingMethodAccessorImpl.java:43)
	at java.lang.reflect.Method.invoke(Method.java:498)
	at org.junit.runners.model.FrameworkMethod$1.runReflectiveCall(FrameworkMethod.java:47)
	at org.junit.internal.runners.model.ReflectiveCallable.run(ReflectiveCallable.java:12)
	at org.junit.runners.model.FrameworkMethod.invokeExplosively(FrameworkMethod.java:44)
	at org.junit.internal.runners.statements.InvokeMethod.evaluate(InvokeMethod.java:17)
	at org.junit.internal.runners.statements.FailOnTimeout$StatementThread.run(FailOnTimeout.java:74)



Test vvMode=v1v2
tr.result is 1

Test vvMode=v1v2
tr.result is -1
v1v2 test failed !!!
reconf_parameter: dfs.blocksize
component: NameNode
v1: 262144
v2: 134217728
testProject: hdfs
unitTest: org.apache.hadoop.hdfs.TestDFSStripedOutputStreamWithFailureWithRandomECPolicy#testMultipleDatanodeFailure56
reconfPoint: -2
result: -1
failureMessage: expected:<2> but was:<1>
stackTrace: java.lang.AssertionError: expected:<2> but was:<1>
	at org.junit.Assert.fail(Assert.java:88)
	at org.junit.Assert.failNotEquals(Assert.java:743)
	at org.junit.Assert.assertEquals(Assert.java:118)
	at org.junit.Assert.assertEquals(Assert.java:555)
	at org.junit.Assert.assertEquals(Assert.java:542)
	at org.apache.hadoop.hdfs.StripedFileTestUtil.checkData(StripedFileTestUtil.java:371)
	at org.apache.hadoop.hdfs.TestDFSStripedOutputStreamWithFailureBase.runTest(TestDFSStripedOutputStreamWithFailureBase.java:361)
	at org.apache.hadoop.hdfs.TestDFSStripedOutputStreamWithFailureBase.runTestWithMultipleFailure(TestDFSStripedOutputStreamWithFailureBase.java:264)
	at org.apache.hadoop.hdfs.TestDFSStripedOutputStreamWithFailure.testMultipleDatanodeFailure56(TestDFSStripedOutputStreamWithFailure.java:50)
	at sun.reflect.NativeMethodAccessorImpl.invoke0(Native Method)
	at sun.reflect.NativeMethodAccessorImpl.invoke(NativeMethodAccessorImpl.java:62)
	at sun.reflect.DelegatingMethodAccessorImpl.invoke(DelegatingMethodAccessorImpl.java:43)
	at java.lang.reflect.Method.invoke(Method.java:498)
	at org.junit.runners.model.FrameworkMethod$1.runReflectiveCall(FrameworkMethod.java:47)
	at org.junit.internal.runners.model.ReflectiveCallable.run(ReflectiveCallable.java:12)
	at org.junit.runners.model.FrameworkMethod.invokeExplosively(FrameworkMethod.java:44)
	at org.junit.internal.runners.statements.InvokeMethod.evaluate(InvokeMethod.java:17)
	at org.junit.internal.runners.statements.FailOnTimeout$StatementThread.run(FailOnTimeout.java:74)



Test vvMode=v1v2
tr.result is -1
v1v2 test failed !!!
reconf_parameter: dfs.blocksize
component: NameNode
v1: 262144
v2: 134217728
testProject: hdfs
unitTest: org.apache.hadoop.hdfs.TestDFSStripedOutputStreamWithFailureWithRandomECPolicy#testMultipleDatanodeFailure56
reconfPoint: -2
result: -1
failureMessage: expected:<2> but was:<1>
stackTrace: java.lang.AssertionError: expected:<2> but was:<1>
	at org.junit.Assert.fail(Assert.java:88)
	at org.junit.Assert.failNotEquals(Assert.java:743)
	at org.junit.Assert.assertEquals(Assert.java:118)
	at org.junit.Assert.assertEquals(Assert.java:555)
	at org.junit.Assert.assertEquals(Assert.java:542)
	at org.apache.hadoop.hdfs.StripedFileTestUtil.checkData(StripedFileTestUtil.java:371)
	at org.apache.hadoop.hdfs.TestDFSStripedOutputStreamWithFailureBase.runTest(TestDFSStripedOutputStreamWithFailureBase.java:361)
	at org.apache.hadoop.hdfs.TestDFSStripedOutputStreamWithFailureBase.runTestWithMultipleFailure(TestDFSStripedOutputStreamWithFailureBase.java:264)
	at org.apache.hadoop.hdfs.TestDFSStripedOutputStreamWithFailure.testMultipleDatanodeFailure56(TestDFSStripedOutputStreamWithFailure.java:50)
	at sun.reflect.NativeMethodAccessorImpl.invoke0(Native Method)
	at sun.reflect.NativeMethodAccessorImpl.invoke(NativeMethodAccessorImpl.java:62)
	at sun.reflect.DelegatingMethodAccessorImpl.invoke(DelegatingMethodAccessorImpl.java:43)
	at java.lang.reflect.Method.invoke(Method.java:498)
	at org.junit.runners.model.FrameworkMethod$1.runReflectiveCall(FrameworkMethod.java:47)
	at org.junit.internal.runners.model.ReflectiveCallable.run(ReflectiveCallable.java:12)
	at org.junit.runners.model.FrameworkMethod.invokeExplosively(FrameworkMethod.java:44)
	at org.junit.internal.runners.statements.InvokeMethod.evaluate(InvokeMethod.java:17)
	at org.junit.internal.runners.statements.FailOnTimeout$StatementThread.run(FailOnTimeout.java:74)



Test vvMode=v1v2
tr.result is 1

Test vvMode=v1v2
tr.result is 1

Test vvMode=v1v2
tr.result is -1
v1v2 test failed !!!
reconf_parameter: dfs.blocksize
component: NameNode
v1: 262144
v2: 134217728
testProject: hdfs
unitTest: org.apache.hadoop.hdfs.TestDFSStripedOutputStreamWithFailureWithRandomECPolicy#testMultipleDatanodeFailure56
reconfPoint: -2
result: -1
failureMessage: expected:<2> but was:<1>
stackTrace: java.lang.AssertionError: expected:<2> but was:<1>
	at org.junit.Assert.fail(Assert.java:88)
	at org.junit.Assert.failNotEquals(Assert.java:743)
	at org.junit.Assert.assertEquals(Assert.java:118)
	at org.junit.Assert.assertEquals(Assert.java:555)
	at org.junit.Assert.assertEquals(Assert.java:542)
	at org.apache.hadoop.hdfs.StripedFileTestUtil.checkData(StripedFileTestUtil.java:371)
	at org.apache.hadoop.hdfs.TestDFSStripedOutputStreamWithFailureBase.runTest(TestDFSStripedOutputStreamWithFailureBase.java:361)
	at org.apache.hadoop.hdfs.TestDFSStripedOutputStreamWithFailureBase.runTestWithMultipleFailure(TestDFSStripedOutputStreamWithFailureBase.java:264)
	at org.apache.hadoop.hdfs.TestDFSStripedOutputStreamWithFailure.testMultipleDatanodeFailure56(TestDFSStripedOutputStreamWithFailure.java:50)
	at sun.reflect.NativeMethodAccessorImpl.invoke0(Native Method)
	at sun.reflect.NativeMethodAccessorImpl.invoke(NativeMethodAccessorImpl.java:62)
	at sun.reflect.DelegatingMethodAccessorImpl.invoke(DelegatingMethodAccessorImpl.java:43)
	at java.lang.reflect.Method.invoke(Method.java:498)
	at org.junit.runners.model.FrameworkMethod$1.runReflectiveCall(FrameworkMethod.java:47)
	at org.junit.internal.runners.model.ReflectiveCallable.run(ReflectiveCallable.java:12)
	at org.junit.runners.model.FrameworkMethod.invokeExplosively(FrameworkMethod.java:44)
	at org.junit.internal.runners.statements.InvokeMethod.evaluate(InvokeMethod.java:17)
	at org.junit.internal.runners.statements.FailOnTimeout$StatementThread.run(FailOnTimeout.java:74)



Test vvMode=v1v2
tr.result is 1

Test vvMode=v1v2
tr.result is 1

Test vvMode=v1v2
tr.result is -1
v1v2 test failed !!!
reconf_parameter: dfs.blocksize
component: NameNode
v1: 262144
v2: 134217728
testProject: hdfs
unitTest: org.apache.hadoop.hdfs.TestDFSStripedOutputStreamWithFailureWithRandomECPolicy#testMultipleDatanodeFailure56
reconfPoint: -2
result: -1
failureMessage: expected:<2> but was:<1>
stackTrace: java.lang.AssertionError: expected:<2> but was:<1>
	at org.junit.Assert.fail(Assert.java:88)
	at org.junit.Assert.failNotEquals(Assert.java:743)
	at org.junit.Assert.assertEquals(Assert.java:118)
	at org.junit.Assert.assertEquals(Assert.java:555)
	at org.junit.Assert.assertEquals(Assert.java:542)
	at org.apache.hadoop.hdfs.StripedFileTestUtil.checkData(StripedFileTestUtil.java:371)
	at org.apache.hadoop.hdfs.TestDFSStripedOutputStreamWithFailureBase.runTest(TestDFSStripedOutputStreamWithFailureBase.java:361)
	at org.apache.hadoop.hdfs.TestDFSStripedOutputStreamWithFailureBase.runTestWithMultipleFailure(TestDFSStripedOutputStreamWithFailureBase.java:264)
	at org.apache.hadoop.hdfs.TestDFSStripedOutputStreamWithFailure.testMultipleDatanodeFailure56(TestDFSStripedOutputStreamWithFailure.java:50)
	at sun.reflect.NativeMethodAccessorImpl.invoke0(Native Method)
	at sun.reflect.NativeMethodAccessorImpl.invoke(NativeMethodAccessorImpl.java:62)
	at sun.reflect.DelegatingMethodAccessorImpl.invoke(DelegatingMethodAccessorImpl.java:43)
	at java.lang.reflect.Method.invoke(Method.java:498)
	at org.junit.runners.model.FrameworkMethod$1.runReflectiveCall(FrameworkMethod.java:47)
	at org.junit.internal.runners.model.ReflectiveCallable.run(ReflectiveCallable.java:12)
	at org.junit.runners.model.FrameworkMethod.invokeExplosively(FrameworkMethod.java:44)
	at org.junit.internal.runners.statements.InvokeMethod.evaluate(InvokeMethod.java:17)
	at org.junit.internal.runners.statements.FailOnTimeout$StatementThread.run(FailOnTimeout.java:74)



Test vvMode=v1v2
tr.result is 1

Test vvMode=v1v2
tr.result is 1

Test vvMode=v1v2
tr.result is 1

Test vvMode=v1v2
tr.result is 1

Test vvMode=v1v2
tr.result is 1

Test vvMode=v1v2
tr.result is 1

Test vvMode=v1v2
tr.result is 1

Test vvMode=v1v2
tr.result is 1

Test vvMode=v1v2
tr.result is -1
v1v2 test failed !!!
reconf_parameter: dfs.blocksize
component: NameNode
v1: 262144
v2: 134217728
testProject: hdfs
unitTest: org.apache.hadoop.hdfs.TestDFSStripedOutputStreamWithFailureWithRandomECPolicy#testMultipleDatanodeFailure56
reconfPoint: -2
result: -1
failureMessage: expected:<2> but was:<1>
stackTrace: java.lang.AssertionError: expected:<2> but was:<1>
	at org.junit.Assert.fail(Assert.java:88)
	at org.junit.Assert.failNotEquals(Assert.java:743)
	at org.junit.Assert.assertEquals(Assert.java:118)
	at org.junit.Assert.assertEquals(Assert.java:555)
	at org.junit.Assert.assertEquals(Assert.java:542)
	at org.apache.hadoop.hdfs.StripedFileTestUtil.checkData(StripedFileTestUtil.java:371)
	at org.apache.hadoop.hdfs.TestDFSStripedOutputStreamWithFailureBase.runTest(TestDFSStripedOutputStreamWithFailureBase.java:361)
	at org.apache.hadoop.hdfs.TestDFSStripedOutputStreamWithFailureBase.runTestWithMultipleFailure(TestDFSStripedOutputStreamWithFailureBase.java:264)
	at org.apache.hadoop.hdfs.TestDFSStripedOutputStreamWithFailure.testMultipleDatanodeFailure56(TestDFSStripedOutputStreamWithFailure.java:50)
	at sun.reflect.NativeMethodAccessorImpl.invoke0(Native Method)
	at sun.reflect.NativeMethodAccessorImpl.invoke(NativeMethodAccessorImpl.java:62)
	at sun.reflect.DelegatingMethodAccessorImpl.invoke(DelegatingMethodAccessorImpl.java:43)
	at java.lang.reflect.Method.invoke(Method.java:498)
	at org.junit.runners.model.FrameworkMethod$1.runReflectiveCall(FrameworkMethod.java:47)
	at org.junit.internal.runners.model.ReflectiveCallable.run(ReflectiveCallable.java:12)
	at org.junit.runners.model.FrameworkMethod.invokeExplosively(FrameworkMethod.java:44)
	at org.junit.internal.runners.statements.InvokeMethod.evaluate(InvokeMethod.java:17)
	at org.junit.internal.runners.statements.FailOnTimeout$StatementThread.run(FailOnTimeout.java:74)



Test vvMode=v1v2
tr.result is 1

Test vvMode=v1v2
tr.result is -1
v1v2 test failed !!!
reconf_parameter: dfs.blocksize
component: NameNode
v1: 262144
v2: 134217728
testProject: hdfs
unitTest: org.apache.hadoop.hdfs.TestDFSStripedOutputStreamWithFailureWithRandomECPolicy#testMultipleDatanodeFailure56
reconfPoint: -2
result: -1
failureMessage: expected:<2> but was:<1>
stackTrace: java.lang.AssertionError: expected:<2> but was:<1>
	at org.junit.Assert.fail(Assert.java:88)
	at org.junit.Assert.failNotEquals(Assert.java:743)
	at org.junit.Assert.assertEquals(Assert.java:118)
	at org.junit.Assert.assertEquals(Assert.java:555)
	at org.junit.Assert.assertEquals(Assert.java:542)
	at org.apache.hadoop.hdfs.StripedFileTestUtil.checkData(StripedFileTestUtil.java:371)
	at org.apache.hadoop.hdfs.TestDFSStripedOutputStreamWithFailureBase.runTest(TestDFSStripedOutputStreamWithFailureBase.java:361)
	at org.apache.hadoop.hdfs.TestDFSStripedOutputStreamWithFailureBase.runTestWithMultipleFailure(TestDFSStripedOutputStreamWithFailureBase.java:264)
	at org.apache.hadoop.hdfs.TestDFSStripedOutputStreamWithFailure.testMultipleDatanodeFailure56(TestDFSStripedOutputStreamWithFailure.java:50)
	at sun.reflect.NativeMethodAccessorImpl.invoke0(Native Method)
	at sun.reflect.NativeMethodAccessorImpl.invoke(NativeMethodAccessorImpl.java:62)
	at sun.reflect.DelegatingMethodAccessorImpl.invoke(DelegatingMethodAccessorImpl.java:43)
	at java.lang.reflect.Method.invoke(Method.java:498)
	at org.junit.runners.model.FrameworkMethod$1.runReflectiveCall(FrameworkMethod.java:47)
	at org.junit.internal.runners.model.ReflectiveCallable.run(ReflectiveCallable.java:12)
	at org.junit.runners.model.FrameworkMethod.invokeExplosively(FrameworkMethod.java:44)
	at org.junit.internal.runners.statements.InvokeMethod.evaluate(InvokeMethod.java:17)
	at org.junit.internal.runners.statements.FailOnTimeout$StatementThread.run(FailOnTimeout.java:74)



Test vvMode=v1v2
tr.result is 1

Test vvMode=v1v2
tr.result is 1

Test vvMode=v1v2
tr.result is 1

Test vvMode=v1v2
tr.result is 1

Test vvMode=v1v2
tr.result is 1

Test vvMode=v1v2
tr.result is -1
v1v2 test failed !!!
reconf_parameter: dfs.blocksize
component: NameNode
v1: 262144
v2: 134217728
testProject: hdfs
unitTest: org.apache.hadoop.hdfs.TestDFSStripedOutputStreamWithFailureWithRandomECPolicy#testMultipleDatanodeFailure56
reconfPoint: -2
result: -1
failureMessage: expected:<2> but was:<1>
stackTrace: java.lang.AssertionError: expected:<2> but was:<1>
	at org.junit.Assert.fail(Assert.java:88)
	at org.junit.Assert.failNotEquals(Assert.java:743)
	at org.junit.Assert.assertEquals(Assert.java:118)
	at org.junit.Assert.assertEquals(Assert.java:555)
	at org.junit.Assert.assertEquals(Assert.java:542)
	at org.apache.hadoop.hdfs.StripedFileTestUtil.checkData(StripedFileTestUtil.java:371)
	at org.apache.hadoop.hdfs.TestDFSStripedOutputStreamWithFailureBase.runTest(TestDFSStripedOutputStreamWithFailureBase.java:361)
	at org.apache.hadoop.hdfs.TestDFSStripedOutputStreamWithFailureBase.runTestWithMultipleFailure(TestDFSStripedOutputStreamWithFailureBase.java:264)
	at org.apache.hadoop.hdfs.TestDFSStripedOutputStreamWithFailure.testMultipleDatanodeFailure56(TestDFSStripedOutputStreamWithFailure.java:50)
	at sun.reflect.NativeMethodAccessorImpl.invoke0(Native Method)
	at sun.reflect.NativeMethodAccessorImpl.invoke(NativeMethodAccessorImpl.java:62)
	at sun.reflect.DelegatingMethodAccessorImpl.invoke(DelegatingMethodAccessorImpl.java:43)
	at java.lang.reflect.Method.invoke(Method.java:498)
	at org.junit.runners.model.FrameworkMethod$1.runReflectiveCall(FrameworkMethod.java:47)
	at org.junit.internal.runners.model.ReflectiveCallable.run(ReflectiveCallable.java:12)
	at org.junit.runners.model.FrameworkMethod.invokeExplosively(FrameworkMethod.java:44)
	at org.junit.internal.runners.statements.InvokeMethod.evaluate(InvokeMethod.java:17)
	at org.junit.internal.runners.statements.FailOnTimeout$StatementThread.run(FailOnTimeout.java:74)



Test vvMode=v1v2
tr.result is 1

Test vvMode=v1v2
tr.result is 1

Test vvMode=v1v1
tr.result is 1

Test vvMode=v2v2
tr.result is -1
v1v1 or v2v2 test failed !!!
reconf_parameter: dfs.blocksize
component: NameNode
v1: 262144
v2: 134217728
testProject: hdfs
unitTest: org.apache.hadoop.hdfs.TestDFSStripedOutputStreamWithFailureWithRandomECPolicy#testMultipleDatanodeFailure56
reconfPoint: -2
result: -1
failureMessage: expected:<2> but was:<1>
stackTrace: java.lang.AssertionError: expected:<2> but was:<1>
	at org.junit.Assert.fail(Assert.java:88)
	at org.junit.Assert.failNotEquals(Assert.java:743)
	at org.junit.Assert.assertEquals(Assert.java:118)
	at org.junit.Assert.assertEquals(Assert.java:555)
	at org.junit.Assert.assertEquals(Assert.java:542)
	at org.apache.hadoop.hdfs.StripedFileTestUtil.checkData(StripedFileTestUtil.java:371)
	at org.apache.hadoop.hdfs.TestDFSStripedOutputStreamWithFailureBase.runTest(TestDFSStripedOutputStreamWithFailureBase.java:361)
	at org.apache.hadoop.hdfs.TestDFSStripedOutputStreamWithFailureBase.runTestWithMultipleFailure(TestDFSStripedOutputStreamWithFailureBase.java:264)
	at org.apache.hadoop.hdfs.TestDFSStripedOutputStreamWithFailure.testMultipleDatanodeFailure56(TestDFSStripedOutputStreamWithFailure.java:50)
	at sun.reflect.NativeMethodAccessorImpl.invoke0(Native Method)
	at sun.reflect.NativeMethodAccessorImpl.invoke(NativeMethodAccessorImpl.java:62)
	at sun.reflect.DelegatingMethodAccessorImpl.invoke(DelegatingMethodAccessorImpl.java:43)
	at java.lang.reflect.Method.invoke(Method.java:498)
	at org.junit.runners.model.FrameworkMethod$1.runReflectiveCall(FrameworkMethod.java:47)
	at org.junit.internal.runners.model.ReflectiveCallable.run(ReflectiveCallable.java:12)
	at org.junit.runners.model.FrameworkMethod.invokeExplosively(FrameworkMethod.java:44)
	at org.junit.internal.runners.statements.InvokeMethod.evaluate(InvokeMethod.java:17)
	at org.junit.internal.runners.statements.FailOnTimeout$StatementThread.run(FailOnTimeout.java:74)



Test vvMode=v1v1
tr.result is 1

Test vvMode=v2v2
tr.result is 1

Test vvMode=v1v1
tr.result is 1

Test vvMode=v2v2
tr.result is -1
v1v1 or v2v2 test failed !!!
reconf_parameter: dfs.blocksize
component: NameNode
v1: 262144
v2: 134217728
testProject: hdfs
unitTest: org.apache.hadoop.hdfs.TestDFSStripedOutputStreamWithFailureWithRandomECPolicy#testMultipleDatanodeFailure56
reconfPoint: -2
result: -1
failureMessage: expected:<2> but was:<1>
stackTrace: java.lang.AssertionError: expected:<2> but was:<1>
	at org.junit.Assert.fail(Assert.java:88)
	at org.junit.Assert.failNotEquals(Assert.java:743)
	at org.junit.Assert.assertEquals(Assert.java:118)
	at org.junit.Assert.assertEquals(Assert.java:555)
	at org.junit.Assert.assertEquals(Assert.java:542)
	at org.apache.hadoop.hdfs.StripedFileTestUtil.checkData(StripedFileTestUtil.java:371)
	at org.apache.hadoop.hdfs.TestDFSStripedOutputStreamWithFailureBase.runTest(TestDFSStripedOutputStreamWithFailureBase.java:361)
	at org.apache.hadoop.hdfs.TestDFSStripedOutputStreamWithFailureBase.runTestWithMultipleFailure(TestDFSStripedOutputStreamWithFailureBase.java:264)
	at org.apache.hadoop.hdfs.TestDFSStripedOutputStreamWithFailure.testMultipleDatanodeFailure56(TestDFSStripedOutputStreamWithFailure.java:50)
	at sun.reflect.NativeMethodAccessorImpl.invoke0(Native Method)
	at sun.reflect.NativeMethodAccessorImpl.invoke(NativeMethodAccessorImpl.java:62)
	at sun.reflect.DelegatingMethodAccessorImpl.invoke(DelegatingMethodAccessorImpl.java:43)
	at java.lang.reflect.Method.invoke(Method.java:498)
	at org.junit.runners.model.FrameworkMethod$1.runReflectiveCall(FrameworkMethod.java:47)
	at org.junit.internal.runners.model.ReflectiveCallable.run(ReflectiveCallable.java:12)
	at org.junit.runners.model.FrameworkMethod.invokeExplosively(FrameworkMethod.java:44)
	at org.junit.internal.runners.statements.InvokeMethod.evaluate(InvokeMethod.java:17)
	at org.junit.internal.runners.statements.FailOnTimeout$StatementThread.run(FailOnTimeout.java:74)



Test vvMode=v1v1
tr.result is 1

Test vvMode=v2v2
tr.result is 1

Test vvMode=v1v1
tr.result is 1

Test vvMode=v2v2
tr.result is -1
v1v1 or v2v2 test failed !!!
reconf_parameter: dfs.blocksize
component: NameNode
v1: 262144
v2: 134217728
testProject: hdfs
unitTest: org.apache.hadoop.hdfs.TestDFSStripedOutputStreamWithFailureWithRandomECPolicy#testMultipleDatanodeFailure56
reconfPoint: -2
result: -1
failureMessage: expected:<2> but was:<1>
stackTrace: java.lang.AssertionError: expected:<2> but was:<1>
	at org.junit.Assert.fail(Assert.java:88)
	at org.junit.Assert.failNotEquals(Assert.java:743)
	at org.junit.Assert.assertEquals(Assert.java:118)
	at org.junit.Assert.assertEquals(Assert.java:555)
	at org.junit.Assert.assertEquals(Assert.java:542)
	at org.apache.hadoop.hdfs.StripedFileTestUtil.checkData(StripedFileTestUtil.java:371)
	at org.apache.hadoop.hdfs.TestDFSStripedOutputStreamWithFailureBase.runTest(TestDFSStripedOutputStreamWithFailureBase.java:361)
	at org.apache.hadoop.hdfs.TestDFSStripedOutputStreamWithFailureBase.runTestWithMultipleFailure(TestDFSStripedOutputStreamWithFailureBase.java:264)
	at org.apache.hadoop.hdfs.TestDFSStripedOutputStreamWithFailure.testMultipleDatanodeFailure56(TestDFSStripedOutputStreamWithFailure.java:50)
	at sun.reflect.NativeMethodAccessorImpl.invoke0(Native Method)
	at sun.reflect.NativeMethodAccessorImpl.invoke(NativeMethodAccessorImpl.java:62)
	at sun.reflect.DelegatingMethodAccessorImpl.invoke(DelegatingMethodAccessorImpl.java:43)
	at java.lang.reflect.Method.invoke(Method.java:498)
	at org.junit.runners.model.FrameworkMethod$1.runReflectiveCall(FrameworkMethod.java:47)
	at org.junit.internal.runners.model.ReflectiveCallable.run(ReflectiveCallable.java:12)
	at org.junit.runners.model.FrameworkMethod.invokeExplosively(FrameworkMethod.java:44)
	at org.junit.internal.runners.statements.InvokeMethod.evaluate(InvokeMethod.java:17)
	at org.junit.internal.runners.statements.FailOnTimeout$StatementThread.run(FailOnTimeout.java:74)



Test vvMode=v1v1
tr.result is 1

Test vvMode=v2v2
tr.result is 1

Test vvMode=v1v1
tr.result is 1

Test vvMode=v2v2
tr.result is 1

Test vvMode=v1v1
tr.result is 1

Test vvMode=v2v2
tr.result is 1

Test vvMode=v1v1
tr.result is 1

Test vvMode=v2v2
tr.result is 1

Test vvMode=v1v1
tr.result is 1

Test vvMode=v2v2
tr.result is 1

Test vvMode=v1v1
tr.result is 1

Test vvMode=v2v2
tr.result is 1

Test vvMode=v1v1
tr.result is 1

Test vvMode=v2v2
tr.result is 1

Test vvMode=v1v1
tr.result is 1

Test vvMode=v2v2
tr.result is 1

Test vvMode=v1v1
tr.result is 1

Test vvMode=v2v2
tr.result is 1

Test vvMode=v1v1
tr.result is 1

Test vvMode=v2v2
tr.result is 1

Test vvMode=v1v1
tr.result is 1

Test vvMode=v2v2
tr.result is 1

Test vvMode=v1v1
tr.result is 1

Test vvMode=v2v2
tr.result is 1

Test vvMode=v1v1
tr.result is 1

Test vvMode=v2v2
tr.result is -1
v1v1 or v2v2 test failed !!!
reconf_parameter: dfs.blocksize
component: NameNode
v1: 262144
v2: 134217728
testProject: hdfs
unitTest: org.apache.hadoop.hdfs.TestDFSStripedOutputStreamWithFailureWithRandomECPolicy#testMultipleDatanodeFailure56
reconfPoint: -2
result: -1
failureMessage: expected:<2> but was:<1>
stackTrace: java.lang.AssertionError: expected:<2> but was:<1>
	at org.junit.Assert.fail(Assert.java:88)
	at org.junit.Assert.failNotEquals(Assert.java:743)
	at org.junit.Assert.assertEquals(Assert.java:118)
	at org.junit.Assert.assertEquals(Assert.java:555)
	at org.junit.Assert.assertEquals(Assert.java:542)
	at org.apache.hadoop.hdfs.StripedFileTestUtil.checkData(StripedFileTestUtil.java:371)
	at org.apache.hadoop.hdfs.TestDFSStripedOutputStreamWithFailureBase.runTest(TestDFSStripedOutputStreamWithFailureBase.java:361)
	at org.apache.hadoop.hdfs.TestDFSStripedOutputStreamWithFailureBase.runTestWithMultipleFailure(TestDFSStripedOutputStreamWithFailureBase.java:264)
	at org.apache.hadoop.hdfs.TestDFSStripedOutputStreamWithFailure.testMultipleDatanodeFailure56(TestDFSStripedOutputStreamWithFailure.java:50)
	at sun.reflect.NativeMethodAccessorImpl.invoke0(Native Method)
	at sun.reflect.NativeMethodAccessorImpl.invoke(NativeMethodAccessorImpl.java:62)
	at sun.reflect.DelegatingMethodAccessorImpl.invoke(DelegatingMethodAccessorImpl.java:43)
	at java.lang.reflect.Method.invoke(Method.java:498)
	at org.junit.runners.model.FrameworkMethod$1.runReflectiveCall(FrameworkMethod.java:47)
	at org.junit.internal.runners.model.ReflectiveCallable.run(ReflectiveCallable.java:12)
	at org.junit.runners.model.FrameworkMethod.invokeExplosively(FrameworkMethod.java:44)
	at org.junit.internal.runners.statements.InvokeMethod.evaluate(InvokeMethod.java:17)
	at org.junit.internal.runners.statements.FailOnTimeout$StatementThread.run(FailOnTimeout.java:74)



Test vvMode=v1v1
tr.result is 1

Test vvMode=v2v2
tr.result is 1

Test vvMode=v1v1
tr.result is 1

Test vvMode=v2v2
tr.result is 1

Test vvMode=v1v1
tr.result is 1

Test vvMode=v2v2
tr.result is 1

Test vvMode=v1v1
tr.result is 1

Test vvMode=v2v2
tr.result is 1

Test vvMode=v1v1
tr.result is 1

Test vvMode=v2v2
tr.result is 1

Test vvMode=v1v1
tr.result is 1

Test vvMode=v2v2
tr.result is -1
v1v1 or v2v2 test failed !!!
reconf_parameter: dfs.blocksize
component: NameNode
v1: 262144
v2: 134217728
testProject: hdfs
unitTest: org.apache.hadoop.hdfs.TestDFSStripedOutputStreamWithFailureWithRandomECPolicy#testMultipleDatanodeFailure56
reconfPoint: -2
result: -1
failureMessage: expected:<2> but was:<1>
stackTrace: java.lang.AssertionError: expected:<2> but was:<1>
	at org.junit.Assert.fail(Assert.java:88)
	at org.junit.Assert.failNotEquals(Assert.java:743)
	at org.junit.Assert.assertEquals(Assert.java:118)
	at org.junit.Assert.assertEquals(Assert.java:555)
	at org.junit.Assert.assertEquals(Assert.java:542)
	at org.apache.hadoop.hdfs.StripedFileTestUtil.checkData(StripedFileTestUtil.java:371)
	at org.apache.hadoop.hdfs.TestDFSStripedOutputStreamWithFailureBase.runTest(TestDFSStripedOutputStreamWithFailureBase.java:361)
	at org.apache.hadoop.hdfs.TestDFSStripedOutputStreamWithFailureBase.runTestWithMultipleFailure(TestDFSStripedOutputStreamWithFailureBase.java:264)
	at org.apache.hadoop.hdfs.TestDFSStripedOutputStreamWithFailure.testMultipleDatanodeFailure56(TestDFSStripedOutputStreamWithFailure.java:50)
	at sun.reflect.NativeMethodAccessorImpl.invoke0(Native Method)
	at sun.reflect.NativeMethodAccessorImpl.invoke(NativeMethodAccessorImpl.java:62)
	at sun.reflect.DelegatingMethodAccessorImpl.invoke(DelegatingMethodAccessorImpl.java:43)
	at java.lang.reflect.Method.invoke(Method.java:498)
	at org.junit.runners.model.FrameworkMethod$1.runReflectiveCall(FrameworkMethod.java:47)
	at org.junit.internal.runners.model.ReflectiveCallable.run(ReflectiveCallable.java:12)
	at org.junit.runners.model.FrameworkMethod.invokeExplosively(FrameworkMethod.java:44)
	at org.junit.internal.runners.statements.InvokeMethod.evaluate(InvokeMethod.java:17)
	at org.junit.internal.runners.statements.FailOnTimeout$StatementThread.run(FailOnTimeout.java:74)



Test vvMode=v1v1
tr.result is 1

Test vvMode=v2v2
tr.result is 1

Test vvMode=v1v1
tr.result is 1

Test vvMode=v2v2
tr.result is 1

Test vvMode=v1v1
tr.result is 1

Test vvMode=v2v2
tr.result is 1

Test vvMode=v1v1
tr.result is 1

Test vvMode=v2v2
tr.result is -1
v1v1 or v2v2 test failed !!!
reconf_parameter: dfs.blocksize
component: NameNode
v1: 262144
v2: 134217728
testProject: hdfs
unitTest: org.apache.hadoop.hdfs.TestDFSStripedOutputStreamWithFailureWithRandomECPolicy#testMultipleDatanodeFailure56
reconfPoint: -2
result: -1
failureMessage: expected:<2> but was:<1>
stackTrace: java.lang.AssertionError: expected:<2> but was:<1>
	at org.junit.Assert.fail(Assert.java:88)
	at org.junit.Assert.failNotEquals(Assert.java:743)
	at org.junit.Assert.assertEquals(Assert.java:118)
	at org.junit.Assert.assertEquals(Assert.java:555)
	at org.junit.Assert.assertEquals(Assert.java:542)
	at org.apache.hadoop.hdfs.StripedFileTestUtil.checkData(StripedFileTestUtil.java:371)
	at org.apache.hadoop.hdfs.TestDFSStripedOutputStreamWithFailureBase.runTest(TestDFSStripedOutputStreamWithFailureBase.java:361)
	at org.apache.hadoop.hdfs.TestDFSStripedOutputStreamWithFailureBase.runTestWithMultipleFailure(TestDFSStripedOutputStreamWithFailureBase.java:264)
	at org.apache.hadoop.hdfs.TestDFSStripedOutputStreamWithFailure.testMultipleDatanodeFailure56(TestDFSStripedOutputStreamWithFailure.java:50)
	at sun.reflect.NativeMethodAccessorImpl.invoke0(Native Method)
	at sun.reflect.NativeMethodAccessorImpl.invoke(NativeMethodAccessorImpl.java:62)
	at sun.reflect.DelegatingMethodAccessorImpl.invoke(DelegatingMethodAccessorImpl.java:43)
	at java.lang.reflect.Method.invoke(Method.java:498)
	at org.junit.runners.model.FrameworkMethod$1.runReflectiveCall(FrameworkMethod.java:47)
	at org.junit.internal.runners.model.ReflectiveCallable.run(ReflectiveCallable.java:12)
	at org.junit.runners.model.FrameworkMethod.invokeExplosively(FrameworkMethod.java:44)
	at org.junit.internal.runners.statements.InvokeMethod.evaluate(InvokeMethod.java:17)
	at org.junit.internal.runners.statements.FailOnTimeout$StatementThread.run(FailOnTimeout.java:74)



Test vvMode=v1v1
tr.result is 1

Test vvMode=v2v2
tr.result is 1

Test vvMode=v1v1
tr.result is 1

Test vvMode=v2v2
tr.result is 1

Test vvMode=v1v1
tr.result is 1

Test vvMode=v2v2
tr.result is 1

Test vvMode=v1v1
tr.result is 1

Test vvMode=v2v2
tr.result is 1

Test vvMode=v1v1
tr.result is 1

Test vvMode=v2v2
tr.result is -1
v1v1 or v2v2 test failed !!!
reconf_parameter: dfs.blocksize
component: NameNode
v1: 262144
v2: 134217728
testProject: hdfs
unitTest: org.apache.hadoop.hdfs.TestDFSStripedOutputStreamWithFailureWithRandomECPolicy#testMultipleDatanodeFailure56
reconfPoint: -2
result: -1
failureMessage: expected:<2> but was:<1>
stackTrace: java.lang.AssertionError: expected:<2> but was:<1>
	at org.junit.Assert.fail(Assert.java:88)
	at org.junit.Assert.failNotEquals(Assert.java:743)
	at org.junit.Assert.assertEquals(Assert.java:118)
	at org.junit.Assert.assertEquals(Assert.java:555)
	at org.junit.Assert.assertEquals(Assert.java:542)
	at org.apache.hadoop.hdfs.StripedFileTestUtil.checkData(StripedFileTestUtil.java:371)
	at org.apache.hadoop.hdfs.TestDFSStripedOutputStreamWithFailureBase.runTest(TestDFSStripedOutputStreamWithFailureBase.java:361)
	at org.apache.hadoop.hdfs.TestDFSStripedOutputStreamWithFailureBase.runTestWithMultipleFailure(TestDFSStripedOutputStreamWithFailureBase.java:264)
	at org.apache.hadoop.hdfs.TestDFSStripedOutputStreamWithFailure.testMultipleDatanodeFailure56(TestDFSStripedOutputStreamWithFailure.java:50)
	at sun.reflect.NativeMethodAccessorImpl.invoke0(Native Method)
	at sun.reflect.NativeMethodAccessorImpl.invoke(NativeMethodAccessorImpl.java:62)
	at sun.reflect.DelegatingMethodAccessorImpl.invoke(DelegatingMethodAccessorImpl.java:43)
	at java.lang.reflect.Method.invoke(Method.java:498)
	at org.junit.runners.model.FrameworkMethod$1.runReflectiveCall(FrameworkMethod.java:47)
	at org.junit.internal.runners.model.ReflectiveCallable.run(ReflectiveCallable.java:12)
	at org.junit.runners.model.FrameworkMethod.invokeExplosively(FrameworkMethod.java:44)
	at org.junit.internal.runners.statements.InvokeMethod.evaluate(InvokeMethod.java:17)
	at org.junit.internal.runners.statements.FailOnTimeout$StatementThread.run(FailOnTimeout.java:74)



Test vvMode=v1v1
tr.result is 1

Test vvMode=v2v2
tr.result is 1

Test vvMode=v1v1
tr.result is 1

Test vvMode=v2v2
tr.result is 1

Test vvMode=v1v1
tr.result is 1

Test vvMode=v2v2
tr.result is 1

Test vvMode=v1v1
tr.result is 1

Test vvMode=v2v2
tr.result is -1
v1v1 or v2v2 test failed !!!
reconf_parameter: dfs.blocksize
component: NameNode
v1: 262144
v2: 134217728
testProject: hdfs
unitTest: org.apache.hadoop.hdfs.TestDFSStripedOutputStreamWithFailureWithRandomECPolicy#testMultipleDatanodeFailure56
reconfPoint: -2
result: -1
failureMessage: expected:<2> but was:<1>
stackTrace: java.lang.AssertionError: expected:<2> but was:<1>
	at org.junit.Assert.fail(Assert.java:88)
	at org.junit.Assert.failNotEquals(Assert.java:743)
	at org.junit.Assert.assertEquals(Assert.java:118)
	at org.junit.Assert.assertEquals(Assert.java:555)
	at org.junit.Assert.assertEquals(Assert.java:542)
	at org.apache.hadoop.hdfs.StripedFileTestUtil.checkData(StripedFileTestUtil.java:371)
	at org.apache.hadoop.hdfs.TestDFSStripedOutputStreamWithFailureBase.runTest(TestDFSStripedOutputStreamWithFailureBase.java:361)
	at org.apache.hadoop.hdfs.TestDFSStripedOutputStreamWithFailureBase.runTestWithMultipleFailure(TestDFSStripedOutputStreamWithFailureBase.java:264)
	at org.apache.hadoop.hdfs.TestDFSStripedOutputStreamWithFailure.testMultipleDatanodeFailure56(TestDFSStripedOutputStreamWithFailure.java:50)
	at sun.reflect.NativeMethodAccessorImpl.invoke0(Native Method)
	at sun.reflect.NativeMethodAccessorImpl.invoke(NativeMethodAccessorImpl.java:62)
	at sun.reflect.DelegatingMethodAccessorImpl.invoke(DelegatingMethodAccessorImpl.java:43)
	at java.lang.reflect.Method.invoke(Method.java:498)
	at org.junit.runners.model.FrameworkMethod$1.runReflectiveCall(FrameworkMethod.java:47)
	at org.junit.internal.runners.model.ReflectiveCallable.run(ReflectiveCallable.java:12)
	at org.junit.runners.model.FrameworkMethod.invokeExplosively(FrameworkMethod.java:44)
	at org.junit.internal.runners.statements.InvokeMethod.evaluate(InvokeMethod.java:17)
	at org.junit.internal.runners.statements.FailOnTimeout$StatementThread.run(FailOnTimeout.java:74)



Test vvMode=v1v1
tr.result is 1

Test vvMode=v2v2
tr.result is -1
v1v1 or v2v2 test failed !!!
reconf_parameter: dfs.blocksize
component: NameNode
v1: 262144
v2: 134217728
testProject: hdfs
unitTest: org.apache.hadoop.hdfs.TestDFSStripedOutputStreamWithFailureWithRandomECPolicy#testMultipleDatanodeFailure56
reconfPoint: -2
result: -1
failureMessage: expected:<2> but was:<1>
stackTrace: java.lang.AssertionError: expected:<2> but was:<1>
	at org.junit.Assert.fail(Assert.java:88)
	at org.junit.Assert.failNotEquals(Assert.java:743)
	at org.junit.Assert.assertEquals(Assert.java:118)
	at org.junit.Assert.assertEquals(Assert.java:555)
	at org.junit.Assert.assertEquals(Assert.java:542)
	at org.apache.hadoop.hdfs.StripedFileTestUtil.checkData(StripedFileTestUtil.java:371)
	at org.apache.hadoop.hdfs.TestDFSStripedOutputStreamWithFailureBase.runTest(TestDFSStripedOutputStreamWithFailureBase.java:361)
	at org.apache.hadoop.hdfs.TestDFSStripedOutputStreamWithFailureBase.runTestWithMultipleFailure(TestDFSStripedOutputStreamWithFailureBase.java:264)
	at org.apache.hadoop.hdfs.TestDFSStripedOutputStreamWithFailure.testMultipleDatanodeFailure56(TestDFSStripedOutputStreamWithFailure.java:50)
	at sun.reflect.NativeMethodAccessorImpl.invoke0(Native Method)
	at sun.reflect.NativeMethodAccessorImpl.invoke(NativeMethodAccessorImpl.java:62)
	at sun.reflect.DelegatingMethodAccessorImpl.invoke(DelegatingMethodAccessorImpl.java:43)
	at java.lang.reflect.Method.invoke(Method.java:498)
	at org.junit.runners.model.FrameworkMethod$1.runReflectiveCall(FrameworkMethod.java:47)
	at org.junit.internal.runners.model.ReflectiveCallable.run(ReflectiveCallable.java:12)
	at org.junit.runners.model.FrameworkMethod.invokeExplosively(FrameworkMethod.java:44)
	at org.junit.internal.runners.statements.InvokeMethod.evaluate(InvokeMethod.java:17)
	at org.junit.internal.runners.statements.FailOnTimeout$StatementThread.run(FailOnTimeout.java:74)



Test vvMode=v1v1
tr.result is 1

Test vvMode=v2v2
tr.result is 1

Test vvMode=v1v1
tr.result is 1

Test vvMode=v2v2
tr.result is 1

Test vvMode=v1v1
tr.result is 1

Test vvMode=v2v2
tr.result is 1

Test vvMode=v1v1
tr.result is 1

Test vvMode=v2v2
tr.result is -1
v1v1 or v2v2 test failed !!!
reconf_parameter: dfs.blocksize
component: NameNode
v1: 262144
v2: 134217728
testProject: hdfs
unitTest: org.apache.hadoop.hdfs.TestDFSStripedOutputStreamWithFailureWithRandomECPolicy#testMultipleDatanodeFailure56
reconfPoint: -2
result: -1
failureMessage: expected:<2> but was:<1>
stackTrace: java.lang.AssertionError: expected:<2> but was:<1>
	at org.junit.Assert.fail(Assert.java:88)
	at org.junit.Assert.failNotEquals(Assert.java:743)
	at org.junit.Assert.assertEquals(Assert.java:118)
	at org.junit.Assert.assertEquals(Assert.java:555)
	at org.junit.Assert.assertEquals(Assert.java:542)
	at org.apache.hadoop.hdfs.StripedFileTestUtil.checkData(StripedFileTestUtil.java:371)
	at org.apache.hadoop.hdfs.TestDFSStripedOutputStreamWithFailureBase.runTest(TestDFSStripedOutputStreamWithFailureBase.java:361)
	at org.apache.hadoop.hdfs.TestDFSStripedOutputStreamWithFailureBase.runTestWithMultipleFailure(TestDFSStripedOutputStreamWithFailureBase.java:264)
	at org.apache.hadoop.hdfs.TestDFSStripedOutputStreamWithFailure.testMultipleDatanodeFailure56(TestDFSStripedOutputStreamWithFailure.java:50)
	at sun.reflect.NativeMethodAccessorImpl.invoke0(Native Method)
	at sun.reflect.NativeMethodAccessorImpl.invoke(NativeMethodAccessorImpl.java:62)
	at sun.reflect.DelegatingMethodAccessorImpl.invoke(DelegatingMethodAccessorImpl.java:43)
	at java.lang.reflect.Method.invoke(Method.java:498)
	at org.junit.runners.model.FrameworkMethod$1.runReflectiveCall(FrameworkMethod.java:47)
	at org.junit.internal.runners.model.ReflectiveCallable.run(ReflectiveCallable.java:12)
	at org.junit.runners.model.FrameworkMethod.invokeExplosively(FrameworkMethod.java:44)
	at org.junit.internal.runners.statements.InvokeMethod.evaluate(InvokeMethod.java:17)
	at org.junit.internal.runners.statements.FailOnTimeout$StatementThread.run(FailOnTimeout.java:74)



Test vvMode=v1v1
tr.result is 1

Test vvMode=v2v2
tr.result is 1

Test vvMode=v1v1
tr.result is 1

Test vvMode=v2v2
tr.result is 1

Test vvMode=v1v1
tr.result is 1

Test vvMode=v2v2
tr.result is 1

Test vvMode=v1v1
tr.result is 1

Test vvMode=v2v2
tr.result is 1

Test vvMode=v1v1
tr.result is 1

Test vvMode=v2v2
tr.result is 1

Test vvMode=v1v1
tr.result is 1

Test vvMode=v2v2
tr.result is 1

Test vvMode=v1v1
tr.result is 1

Test vvMode=v2v2
tr.result is -1
v1v1 or v2v2 test failed !!!
reconf_parameter: dfs.blocksize
component: NameNode
v1: 262144
v2: 134217728
testProject: hdfs
unitTest: org.apache.hadoop.hdfs.TestDFSStripedOutputStreamWithFailureWithRandomECPolicy#testMultipleDatanodeFailure56
reconfPoint: -2
result: -1
failureMessage: expected:<2> but was:<1>
stackTrace: java.lang.AssertionError: expected:<2> but was:<1>
	at org.junit.Assert.fail(Assert.java:88)
	at org.junit.Assert.failNotEquals(Assert.java:743)
	at org.junit.Assert.assertEquals(Assert.java:118)
	at org.junit.Assert.assertEquals(Assert.java:555)
	at org.junit.Assert.assertEquals(Assert.java:542)
	at org.apache.hadoop.hdfs.StripedFileTestUtil.checkData(StripedFileTestUtil.java:371)
	at org.apache.hadoop.hdfs.TestDFSStripedOutputStreamWithFailureBase.runTest(TestDFSStripedOutputStreamWithFailureBase.java:361)
	at org.apache.hadoop.hdfs.TestDFSStripedOutputStreamWithFailureBase.runTestWithMultipleFailure(TestDFSStripedOutputStreamWithFailureBase.java:264)
	at org.apache.hadoop.hdfs.TestDFSStripedOutputStreamWithFailure.testMultipleDatanodeFailure56(TestDFSStripedOutputStreamWithFailure.java:50)
	at sun.reflect.NativeMethodAccessorImpl.invoke0(Native Method)
	at sun.reflect.NativeMethodAccessorImpl.invoke(NativeMethodAccessorImpl.java:62)
	at sun.reflect.DelegatingMethodAccessorImpl.invoke(DelegatingMethodAccessorImpl.java:43)
	at java.lang.reflect.Method.invoke(Method.java:498)
	at org.junit.runners.model.FrameworkMethod$1.runReflectiveCall(FrameworkMethod.java:47)
	at org.junit.internal.runners.model.ReflectiveCallable.run(ReflectiveCallable.java:12)
	at org.junit.runners.model.FrameworkMethod.invokeExplosively(FrameworkMethod.java:44)
	at org.junit.internal.runners.statements.InvokeMethod.evaluate(InvokeMethod.java:17)
	at org.junit.internal.runners.statements.FailOnTimeout$StatementThread.run(FailOnTimeout.java:74)



Test vvMode=v1v1
tr.result is 1

Test vvMode=v2v2
tr.result is -1
v1v1 or v2v2 test failed !!!
reconf_parameter: dfs.blocksize
component: NameNode
v1: 262144
v2: 134217728
testProject: hdfs
unitTest: org.apache.hadoop.hdfs.TestDFSStripedOutputStreamWithFailureWithRandomECPolicy#testMultipleDatanodeFailure56
reconfPoint: -2
result: -1
failureMessage: expected:<2> but was:<1>
stackTrace: java.lang.AssertionError: expected:<2> but was:<1>
	at org.junit.Assert.fail(Assert.java:88)
	at org.junit.Assert.failNotEquals(Assert.java:743)
	at org.junit.Assert.assertEquals(Assert.java:118)
	at org.junit.Assert.assertEquals(Assert.java:555)
	at org.junit.Assert.assertEquals(Assert.java:542)
	at org.apache.hadoop.hdfs.StripedFileTestUtil.checkData(StripedFileTestUtil.java:371)
	at org.apache.hadoop.hdfs.TestDFSStripedOutputStreamWithFailureBase.runTest(TestDFSStripedOutputStreamWithFailureBase.java:361)
	at org.apache.hadoop.hdfs.TestDFSStripedOutputStreamWithFailureBase.runTestWithMultipleFailure(TestDFSStripedOutputStreamWithFailureBase.java:264)
	at org.apache.hadoop.hdfs.TestDFSStripedOutputStreamWithFailure.testMultipleDatanodeFailure56(TestDFSStripedOutputStreamWithFailure.java:50)
	at sun.reflect.NativeMethodAccessorImpl.invoke0(Native Method)
	at sun.reflect.NativeMethodAccessorImpl.invoke(NativeMethodAccessorImpl.java:62)
	at sun.reflect.DelegatingMethodAccessorImpl.invoke(DelegatingMethodAccessorImpl.java:43)
	at java.lang.reflect.Method.invoke(Method.java:498)
	at org.junit.runners.model.FrameworkMethod$1.runReflectiveCall(FrameworkMethod.java:47)
	at org.junit.internal.runners.model.ReflectiveCallable.run(ReflectiveCallable.java:12)
	at org.junit.runners.model.FrameworkMethod.invokeExplosively(FrameworkMethod.java:44)
	at org.junit.internal.runners.statements.InvokeMethod.evaluate(InvokeMethod.java:17)
	at org.junit.internal.runners.statements.FailOnTimeout$StatementThread.run(FailOnTimeout.java:74)


v1v2 failed with probability 16 out of 50
v1v1v2v2 failed with probability 12 out of 50
result: might be true error
Total execution time in seconds : 8797
