reconf_parameter: dfs.blockreport.incremental.intervalMsec
component: DataNode
v1: 100000
v2: 0
testProject: hdfs
unitTest: org.apache.hadoop.hdfs.TestReconstructStripedFileWithRandomECPolicy#testErasureCodingWorkerXmitsWeight
reconfPoint: -2
result: -1

Test vvMode=v1v2
tr.result is -1
v1v2 test failed !!!
reconf_parameter: dfs.blockreport.incremental.intervalMsec
component: DataNode
v1: 100000
v2: 0
testProject: hdfs
unitTest: org.apache.hadoop.hdfs.TestReconstructStripedFileWithRandomECPolicy#testErasureCodingWorkerXmitsWeight
reconfPoint: -2
result: -1
failureMessage: timeout: after 30000 millis
stackTrace: java.util.concurrent.TimeoutException: timeout: after 30000 millis
	at org.apache.hadoop.test.LambdaTestUtils$GenerateTimeout.evaluate(LambdaTestUtils.java:678)
	at org.apache.hadoop.test.LambdaTestUtils.await(LambdaTestUtils.java:155)
	at org.apache.hadoop.test.LambdaTestUtils.await(LambdaTestUtils.java:193)
	at org.apache.hadoop.hdfs.TestReconstructStripedFile.testErasureCodingWorkerXmitsWeight(TestReconstructStripedFile.java:560)
	at org.apache.hadoop.hdfs.TestReconstructStripedFile.testErasureCodingWorkerXmitsWeight(TestReconstructStripedFile.java:519)
	at sun.reflect.NativeMethodAccessorImpl.invoke0(Native Method)
	at sun.reflect.NativeMethodAccessorImpl.invoke(NativeMethodAccessorImpl.java:62)
	at sun.reflect.DelegatingMethodAccessorImpl.invoke(DelegatingMethodAccessorImpl.java:43)
	at java.lang.reflect.Method.invoke(Method.java:498)
	at org.junit.runners.model.FrameworkMethod$1.runReflectiveCall(FrameworkMethod.java:47)
	at org.junit.internal.runners.model.ReflectiveCallable.run(ReflectiveCallable.java:12)
	at org.junit.runners.model.FrameworkMethod.invokeExplosively(FrameworkMethod.java:44)
	at org.junit.internal.runners.statements.InvokeMethod.evaluate(InvokeMethod.java:17)
	at org.junit.internal.runners.statements.FailOnTimeout$StatementThread.run(FailOnTimeout.java:74)



Test vvMode=v1v2
tr.result is -1
v1v2 test failed !!!
reconf_parameter: dfs.blockreport.incremental.intervalMsec
component: DataNode
v1: 100000
v2: 0
testProject: hdfs
unitTest: org.apache.hadoop.hdfs.TestReconstructStripedFileWithRandomECPolicy#testErasureCodingWorkerXmitsWeight
reconfPoint: -2
result: -1
failureMessage: test timed out after 180000 milliseconds
stackTrace: java.lang.Exception: test timed out after 180000 milliseconds
	at sun.misc.Unsafe.park(Native Method)
	at java.util.concurrent.locks.LockSupport.park(LockSupport.java:175)
	at java.util.concurrent.locks.AbstractQueuedSynchronizer$ConditionObject.await(AbstractQueuedSynchronizer.java:2039)
	at java.util.concurrent.CyclicBarrier.dowait(CyclicBarrier.java:234)
	at java.util.concurrent.CyclicBarrier.await(CyclicBarrier.java:362)
	at org.apache.hadoop.hdfs.TestReconstructStripedFile.testErasureCodingWorkerXmitsWeight(TestReconstructStripedFile.java:568)
	at org.apache.hadoop.hdfs.TestReconstructStripedFile.testErasureCodingWorkerXmitsWeight(TestReconstructStripedFile.java:518)
	at sun.reflect.NativeMethodAccessorImpl.invoke0(Native Method)
	at sun.reflect.NativeMethodAccessorImpl.invoke(NativeMethodAccessorImpl.java:62)
	at sun.reflect.DelegatingMethodAccessorImpl.invoke(DelegatingMethodAccessorImpl.java:43)
	at java.lang.reflect.Method.invoke(Method.java:498)
	at org.junit.runners.model.FrameworkMethod$1.runReflectiveCall(FrameworkMethod.java:47)
	at org.junit.internal.runners.model.ReflectiveCallable.run(ReflectiveCallable.java:12)
	at org.junit.runners.model.FrameworkMethod.invokeExplosively(FrameworkMethod.java:44)
	at org.junit.internal.runners.statements.InvokeMethod.evaluate(InvokeMethod.java:17)
	at org.junit.internal.runners.statements.FailOnTimeout$StatementThread.run(FailOnTimeout.java:74)



Test vvMode=v1v2
tr.result is 1

Test vvMode=v1v2
tr.result is -1
v1v2 test failed !!!
reconf_parameter: dfs.blockreport.incremental.intervalMsec
component: DataNode
v1: 100000
v2: 0
testProject: hdfs
unitTest: org.apache.hadoop.hdfs.TestReconstructStripedFileWithRandomECPolicy#testErasureCodingWorkerXmitsWeight
reconfPoint: -2
result: -1
failureMessage: timeout: after 30000 millis
stackTrace: java.util.concurrent.TimeoutException: timeout: after 30000 millis
	at org.apache.hadoop.test.LambdaTestUtils$GenerateTimeout.evaluate(LambdaTestUtils.java:678)
	at org.apache.hadoop.test.LambdaTestUtils.await(LambdaTestUtils.java:155)
	at org.apache.hadoop.test.LambdaTestUtils.await(LambdaTestUtils.java:193)
	at org.apache.hadoop.hdfs.TestReconstructStripedFile.testErasureCodingWorkerXmitsWeight(TestReconstructStripedFile.java:560)
	at org.apache.hadoop.hdfs.TestReconstructStripedFile.testErasureCodingWorkerXmitsWeight(TestReconstructStripedFile.java:518)
	at sun.reflect.NativeMethodAccessorImpl.invoke0(Native Method)
	at sun.reflect.NativeMethodAccessorImpl.invoke(NativeMethodAccessorImpl.java:62)
	at sun.reflect.DelegatingMethodAccessorImpl.invoke(DelegatingMethodAccessorImpl.java:43)
	at java.lang.reflect.Method.invoke(Method.java:498)
	at org.junit.runners.model.FrameworkMethod$1.runReflectiveCall(FrameworkMethod.java:47)
	at org.junit.internal.runners.model.ReflectiveCallable.run(ReflectiveCallable.java:12)
	at org.junit.runners.model.FrameworkMethod.invokeExplosively(FrameworkMethod.java:44)
	at org.junit.internal.runners.statements.InvokeMethod.evaluate(InvokeMethod.java:17)
	at org.junit.internal.runners.statements.FailOnTimeout$StatementThread.run(FailOnTimeout.java:74)



Test vvMode=v1v2
tr.result is 1

Test vvMode=v1v2
tr.result is 1

Test vvMode=v1v2
tr.result is 1

Test vvMode=v1v2
tr.result is 1

Test vvMode=v1v2
tr.result is 1

Test vvMode=v1v2
tr.result is -1
v1v2 test failed !!!
reconf_parameter: dfs.blockreport.incremental.intervalMsec
component: DataNode
v1: 100000
v2: 0
testProject: hdfs
unitTest: org.apache.hadoop.hdfs.TestReconstructStripedFileWithRandomECPolicy#testErasureCodingWorkerXmitsWeight
reconfPoint: -2
result: -1
failureMessage: test timed out after 180000 milliseconds
stackTrace: java.lang.Exception: test timed out after 180000 milliseconds
	at sun.misc.Unsafe.park(Native Method)
	at java.util.concurrent.locks.LockSupport.park(LockSupport.java:175)
	at java.util.concurrent.locks.AbstractQueuedSynchronizer$ConditionObject.await(AbstractQueuedSynchronizer.java:2039)
	at java.util.concurrent.CyclicBarrier.dowait(CyclicBarrier.java:234)
	at java.util.concurrent.CyclicBarrier.await(CyclicBarrier.java:362)
	at org.apache.hadoop.hdfs.TestReconstructStripedFile.testErasureCodingWorkerXmitsWeight(TestReconstructStripedFile.java:568)
	at org.apache.hadoop.hdfs.TestReconstructStripedFile.testErasureCodingWorkerXmitsWeight(TestReconstructStripedFile.java:519)
	at sun.reflect.NativeMethodAccessorImpl.invoke0(Native Method)
	at sun.reflect.NativeMethodAccessorImpl.invoke(NativeMethodAccessorImpl.java:62)
	at sun.reflect.DelegatingMethodAccessorImpl.invoke(DelegatingMethodAccessorImpl.java:43)
	at java.lang.reflect.Method.invoke(Method.java:498)
	at org.junit.runners.model.FrameworkMethod$1.runReflectiveCall(FrameworkMethod.java:47)
	at org.junit.internal.runners.model.ReflectiveCallable.run(ReflectiveCallable.java:12)
	at org.junit.runners.model.FrameworkMethod.invokeExplosively(FrameworkMethod.java:44)
	at org.junit.internal.runners.statements.InvokeMethod.evaluate(InvokeMethod.java:17)
	at org.junit.internal.runners.statements.FailOnTimeout$StatementThread.run(FailOnTimeout.java:74)



Test vvMode=v1v2
tr.result is 1

Test vvMode=v1v2
tr.result is 1

Test vvMode=v1v2
tr.result is 1

Test vvMode=v1v2
tr.result is 1

Test vvMode=v1v2
tr.result is 1

Test vvMode=v1v2
tr.result is -1
v1v2 test failed !!!
reconf_parameter: dfs.blockreport.incremental.intervalMsec
component: DataNode
v1: 100000
v2: 0
testProject: hdfs
unitTest: org.apache.hadoop.hdfs.TestReconstructStripedFileWithRandomECPolicy#testErasureCodingWorkerXmitsWeight
reconfPoint: -2
result: -1
failureMessage: timeout: after 30000 millis
stackTrace: java.util.concurrent.TimeoutException: timeout: after 30000 millis
	at org.apache.hadoop.test.LambdaTestUtils$GenerateTimeout.evaluate(LambdaTestUtils.java:678)
	at org.apache.hadoop.test.LambdaTestUtils.await(LambdaTestUtils.java:155)
	at org.apache.hadoop.test.LambdaTestUtils.await(LambdaTestUtils.java:193)
	at org.apache.hadoop.hdfs.TestReconstructStripedFile.testErasureCodingWorkerXmitsWeight(TestReconstructStripedFile.java:560)
	at org.apache.hadoop.hdfs.TestReconstructStripedFile.testErasureCodingWorkerXmitsWeight(TestReconstructStripedFile.java:518)
	at sun.reflect.NativeMethodAccessorImpl.invoke0(Native Method)
	at sun.reflect.NativeMethodAccessorImpl.invoke(NativeMethodAccessorImpl.java:62)
	at sun.reflect.DelegatingMethodAccessorImpl.invoke(DelegatingMethodAccessorImpl.java:43)
	at java.lang.reflect.Method.invoke(Method.java:498)
	at org.junit.runners.model.FrameworkMethod$1.runReflectiveCall(FrameworkMethod.java:47)
	at org.junit.internal.runners.model.ReflectiveCallable.run(ReflectiveCallable.java:12)
	at org.junit.runners.model.FrameworkMethod.invokeExplosively(FrameworkMethod.java:44)
	at org.junit.internal.runners.statements.InvokeMethod.evaluate(InvokeMethod.java:17)
	at org.junit.internal.runners.statements.FailOnTimeout$StatementThread.run(FailOnTimeout.java:74)



Test vvMode=v1v2
tr.result is 1

Test vvMode=v1v2
tr.result is 1

Test vvMode=v1v2
tr.result is 1

Test vvMode=v1v2
tr.result is 1

Test vvMode=v1v2
tr.result is -1
v1v2 test failed !!!
reconf_parameter: dfs.blockreport.incremental.intervalMsec
component: DataNode
v1: 100000
v2: 0
testProject: hdfs
unitTest: org.apache.hadoop.hdfs.TestReconstructStripedFileWithRandomECPolicy#testErasureCodingWorkerXmitsWeight
reconfPoint: -2
result: -1
failureMessage: timeout: after 30000 millis
stackTrace: java.util.concurrent.TimeoutException: timeout: after 30000 millis
	at org.apache.hadoop.test.LambdaTestUtils$GenerateTimeout.evaluate(LambdaTestUtils.java:678)
	at org.apache.hadoop.test.LambdaTestUtils.await(LambdaTestUtils.java:155)
	at org.apache.hadoop.test.LambdaTestUtils.await(LambdaTestUtils.java:193)
	at org.apache.hadoop.hdfs.TestReconstructStripedFile.testErasureCodingWorkerXmitsWeight(TestReconstructStripedFile.java:560)
	at org.apache.hadoop.hdfs.TestReconstructStripedFile.testErasureCodingWorkerXmitsWeight(TestReconstructStripedFile.java:519)
	at sun.reflect.NativeMethodAccessorImpl.invoke0(Native Method)
	at sun.reflect.NativeMethodAccessorImpl.invoke(NativeMethodAccessorImpl.java:62)
	at sun.reflect.DelegatingMethodAccessorImpl.invoke(DelegatingMethodAccessorImpl.java:43)
	at java.lang.reflect.Method.invoke(Method.java:498)
	at org.junit.runners.model.FrameworkMethod$1.runReflectiveCall(FrameworkMethod.java:47)
	at org.junit.internal.runners.model.ReflectiveCallable.run(ReflectiveCallable.java:12)
	at org.junit.runners.model.FrameworkMethod.invokeExplosively(FrameworkMethod.java:44)
	at org.junit.internal.runners.statements.InvokeMethod.evaluate(InvokeMethod.java:17)
	at org.junit.internal.runners.statements.FailOnTimeout$StatementThread.run(FailOnTimeout.java:74)



Test vvMode=v1v2
tr.result is 1

Test vvMode=v1v2
tr.result is -1
v1v2 test failed !!!
reconf_parameter: dfs.blockreport.incremental.intervalMsec
component: DataNode
v1: 100000
v2: 0
testProject: hdfs
unitTest: org.apache.hadoop.hdfs.TestReconstructStripedFileWithRandomECPolicy#testErasureCodingWorkerXmitsWeight
reconfPoint: -2
result: -1
failureMessage: timeout: after 30000 millis
stackTrace: java.util.concurrent.TimeoutException: timeout: after 30000 millis
	at org.apache.hadoop.test.LambdaTestUtils$GenerateTimeout.evaluate(LambdaTestUtils.java:678)
	at org.apache.hadoop.test.LambdaTestUtils.await(LambdaTestUtils.java:155)
	at org.apache.hadoop.test.LambdaTestUtils.await(LambdaTestUtils.java:193)
	at org.apache.hadoop.hdfs.TestReconstructStripedFile.testErasureCodingWorkerXmitsWeight(TestReconstructStripedFile.java:560)
	at org.apache.hadoop.hdfs.TestReconstructStripedFile.testErasureCodingWorkerXmitsWeight(TestReconstructStripedFile.java:519)
	at sun.reflect.NativeMethodAccessorImpl.invoke0(Native Method)
	at sun.reflect.NativeMethodAccessorImpl.invoke(NativeMethodAccessorImpl.java:62)
	at sun.reflect.DelegatingMethodAccessorImpl.invoke(DelegatingMethodAccessorImpl.java:43)
	at java.lang.reflect.Method.invoke(Method.java:498)
	at org.junit.runners.model.FrameworkMethod$1.runReflectiveCall(FrameworkMethod.java:47)
	at org.junit.internal.runners.model.ReflectiveCallable.run(ReflectiveCallable.java:12)
	at org.junit.runners.model.FrameworkMethod.invokeExplosively(FrameworkMethod.java:44)
	at org.junit.internal.runners.statements.InvokeMethod.evaluate(InvokeMethod.java:17)
	at org.junit.internal.runners.statements.FailOnTimeout$StatementThread.run(FailOnTimeout.java:74)



Test vvMode=v1v2
tr.result is 1

Test vvMode=v1v2
tr.result is 1

Test vvMode=v1v2
tr.result is 1

Test vvMode=v1v2
tr.result is -1
v1v2 test failed !!!
reconf_parameter: dfs.blockreport.incremental.intervalMsec
component: DataNode
v1: 100000
v2: 0
testProject: hdfs
unitTest: org.apache.hadoop.hdfs.TestReconstructStripedFileWithRandomECPolicy#testErasureCodingWorkerXmitsWeight
reconfPoint: -2
result: -1
failureMessage: timeout: after 30000 millis
stackTrace: java.util.concurrent.TimeoutException: timeout: after 30000 millis
	at org.apache.hadoop.test.LambdaTestUtils$GenerateTimeout.evaluate(LambdaTestUtils.java:678)
	at org.apache.hadoop.test.LambdaTestUtils.await(LambdaTestUtils.java:155)
	at org.apache.hadoop.test.LambdaTestUtils.await(LambdaTestUtils.java:193)
	at org.apache.hadoop.hdfs.TestReconstructStripedFile.testErasureCodingWorkerXmitsWeight(TestReconstructStripedFile.java:560)
	at org.apache.hadoop.hdfs.TestReconstructStripedFile.testErasureCodingWorkerXmitsWeight(TestReconstructStripedFile.java:518)
	at sun.reflect.NativeMethodAccessorImpl.invoke0(Native Method)
	at sun.reflect.NativeMethodAccessorImpl.invoke(NativeMethodAccessorImpl.java:62)
	at sun.reflect.DelegatingMethodAccessorImpl.invoke(DelegatingMethodAccessorImpl.java:43)
	at java.lang.reflect.Method.invoke(Method.java:498)
	at org.junit.runners.model.FrameworkMethod$1.runReflectiveCall(FrameworkMethod.java:47)
	at org.junit.internal.runners.model.ReflectiveCallable.run(ReflectiveCallable.java:12)
	at org.junit.runners.model.FrameworkMethod.invokeExplosively(FrameworkMethod.java:44)
	at org.junit.internal.runners.statements.InvokeMethod.evaluate(InvokeMethod.java:17)
	at org.junit.internal.runners.statements.FailOnTimeout$StatementThread.run(FailOnTimeout.java:74)



Test vvMode=v1v2
tr.result is -1
v1v2 test failed !!!
reconf_parameter: dfs.blockreport.incremental.intervalMsec
component: DataNode
v1: 100000
v2: 0
testProject: hdfs
unitTest: org.apache.hadoop.hdfs.TestReconstructStripedFileWithRandomECPolicy#testErasureCodingWorkerXmitsWeight
reconfPoint: -2
result: -1
failureMessage: test timed out after 180000 milliseconds
stackTrace: java.lang.Exception: test timed out after 180000 milliseconds
	at sun.misc.Unsafe.park(Native Method)
	at java.util.concurrent.locks.LockSupport.park(LockSupport.java:175)
	at java.util.concurrent.locks.AbstractQueuedSynchronizer$ConditionObject.await(AbstractQueuedSynchronizer.java:2039)
	at java.util.concurrent.CyclicBarrier.dowait(CyclicBarrier.java:234)
	at java.util.concurrent.CyclicBarrier.await(CyclicBarrier.java:362)
	at org.apache.hadoop.hdfs.TestReconstructStripedFile.testErasureCodingWorkerXmitsWeight(TestReconstructStripedFile.java:568)
	at org.apache.hadoop.hdfs.TestReconstructStripedFile.testErasureCodingWorkerXmitsWeight(TestReconstructStripedFile.java:517)
	at sun.reflect.NativeMethodAccessorImpl.invoke0(Native Method)
	at sun.reflect.NativeMethodAccessorImpl.invoke(NativeMethodAccessorImpl.java:62)
	at sun.reflect.DelegatingMethodAccessorImpl.invoke(DelegatingMethodAccessorImpl.java:43)
	at java.lang.reflect.Method.invoke(Method.java:498)
	at org.junit.runners.model.FrameworkMethod$1.runReflectiveCall(FrameworkMethod.java:47)
	at org.junit.internal.runners.model.ReflectiveCallable.run(ReflectiveCallable.java:12)
	at org.junit.runners.model.FrameworkMethod.invokeExplosively(FrameworkMethod.java:44)
	at org.junit.internal.runners.statements.InvokeMethod.evaluate(InvokeMethod.java:17)
	at org.junit.internal.runners.statements.FailOnTimeout$StatementThread.run(FailOnTimeout.java:74)



Test vvMode=v1v2
tr.result is 1

Test vvMode=v1v2
tr.result is -1
v1v2 test failed !!!
reconf_parameter: dfs.blockreport.incremental.intervalMsec
component: DataNode
v1: 100000
v2: 0
testProject: hdfs
unitTest: org.apache.hadoop.hdfs.TestReconstructStripedFileWithRandomECPolicy#testErasureCodingWorkerXmitsWeight
reconfPoint: -2
result: -1
failureMessage: timeout: after 30000 millis
stackTrace: java.util.concurrent.TimeoutException: timeout: after 30000 millis
	at org.apache.hadoop.test.LambdaTestUtils$GenerateTimeout.evaluate(LambdaTestUtils.java:678)
	at org.apache.hadoop.test.LambdaTestUtils.await(LambdaTestUtils.java:155)
	at org.apache.hadoop.test.LambdaTestUtils.await(LambdaTestUtils.java:193)
	at org.apache.hadoop.hdfs.TestReconstructStripedFile.testErasureCodingWorkerXmitsWeight(TestReconstructStripedFile.java:560)
	at org.apache.hadoop.hdfs.TestReconstructStripedFile.testErasureCodingWorkerXmitsWeight(TestReconstructStripedFile.java:518)
	at sun.reflect.NativeMethodAccessorImpl.invoke0(Native Method)
	at sun.reflect.NativeMethodAccessorImpl.invoke(NativeMethodAccessorImpl.java:62)
	at sun.reflect.DelegatingMethodAccessorImpl.invoke(DelegatingMethodAccessorImpl.java:43)
	at java.lang.reflect.Method.invoke(Method.java:498)
	at org.junit.runners.model.FrameworkMethod$1.runReflectiveCall(FrameworkMethod.java:47)
	at org.junit.internal.runners.model.ReflectiveCallable.run(ReflectiveCallable.java:12)
	at org.junit.runners.model.FrameworkMethod.invokeExplosively(FrameworkMethod.java:44)
	at org.junit.internal.runners.statements.InvokeMethod.evaluate(InvokeMethod.java:17)
	at org.junit.internal.runners.statements.FailOnTimeout$StatementThread.run(FailOnTimeout.java:74)



Test vvMode=v1v2
tr.result is -1
v1v2 test failed !!!
reconf_parameter: dfs.blockreport.incremental.intervalMsec
component: DataNode
v1: 100000
v2: 0
testProject: hdfs
unitTest: org.apache.hadoop.hdfs.TestReconstructStripedFileWithRandomECPolicy#testErasureCodingWorkerXmitsWeight
reconfPoint: -2
result: -1
failureMessage: test timed out after 180000 milliseconds
stackTrace: java.lang.Exception: test timed out after 180000 milliseconds
	at sun.misc.Unsafe.park(Native Method)
	at java.util.concurrent.locks.LockSupport.park(LockSupport.java:175)
	at java.util.concurrent.locks.AbstractQueuedSynchronizer$ConditionObject.await(AbstractQueuedSynchronizer.java:2039)
	at java.util.concurrent.CyclicBarrier.dowait(CyclicBarrier.java:234)
	at java.util.concurrent.CyclicBarrier.await(CyclicBarrier.java:362)
	at org.apache.hadoop.hdfs.TestReconstructStripedFile.testErasureCodingWorkerXmitsWeight(TestReconstructStripedFile.java:568)
	at org.apache.hadoop.hdfs.TestReconstructStripedFile.testErasureCodingWorkerXmitsWeight(TestReconstructStripedFile.java:517)
	at sun.reflect.NativeMethodAccessorImpl.invoke0(Native Method)
	at sun.reflect.NativeMethodAccessorImpl.invoke(NativeMethodAccessorImpl.java:62)
	at sun.reflect.DelegatingMethodAccessorImpl.invoke(DelegatingMethodAccessorImpl.java:43)
	at java.lang.reflect.Method.invoke(Method.java:498)
	at org.junit.runners.model.FrameworkMethod$1.runReflectiveCall(FrameworkMethod.java:47)
	at org.junit.internal.runners.model.ReflectiveCallable.run(ReflectiveCallable.java:12)
	at org.junit.runners.model.FrameworkMethod.invokeExplosively(FrameworkMethod.java:44)
	at org.junit.internal.runners.statements.InvokeMethod.evaluate(InvokeMethod.java:17)
	at org.junit.internal.runners.statements.FailOnTimeout$StatementThread.run(FailOnTimeout.java:74)



Test vvMode=v1v2
tr.result is 1

Test vvMode=v1v2
tr.result is 1

Test vvMode=v1v2
tr.result is 1

Test vvMode=v1v2
tr.result is -1
v1v2 test failed !!!
reconf_parameter: dfs.blockreport.incremental.intervalMsec
component: DataNode
v1: 100000
v2: 0
testProject: hdfs
unitTest: org.apache.hadoop.hdfs.TestReconstructStripedFileWithRandomECPolicy#testErasureCodingWorkerXmitsWeight
reconfPoint: -2
result: -1
failureMessage: timeout: after 30000 millis
stackTrace: java.util.concurrent.TimeoutException: timeout: after 30000 millis
	at org.apache.hadoop.test.LambdaTestUtils$GenerateTimeout.evaluate(LambdaTestUtils.java:678)
	at org.apache.hadoop.test.LambdaTestUtils.await(LambdaTestUtils.java:155)
	at org.apache.hadoop.test.LambdaTestUtils.await(LambdaTestUtils.java:193)
	at org.apache.hadoop.hdfs.TestReconstructStripedFile.testErasureCodingWorkerXmitsWeight(TestReconstructStripedFile.java:560)
	at org.apache.hadoop.hdfs.TestReconstructStripedFile.testErasureCodingWorkerXmitsWeight(TestReconstructStripedFile.java:518)
	at sun.reflect.NativeMethodAccessorImpl.invoke0(Native Method)
	at sun.reflect.NativeMethodAccessorImpl.invoke(NativeMethodAccessorImpl.java:62)
	at sun.reflect.DelegatingMethodAccessorImpl.invoke(DelegatingMethodAccessorImpl.java:43)
	at java.lang.reflect.Method.invoke(Method.java:498)
	at org.junit.runners.model.FrameworkMethod$1.runReflectiveCall(FrameworkMethod.java:47)
	at org.junit.internal.runners.model.ReflectiveCallable.run(ReflectiveCallable.java:12)
	at org.junit.runners.model.FrameworkMethod.invokeExplosively(FrameworkMethod.java:44)
	at org.junit.internal.runners.statements.InvokeMethod.evaluate(InvokeMethod.java:17)
	at org.junit.internal.runners.statements.FailOnTimeout$StatementThread.run(FailOnTimeout.java:74)



Test vvMode=v1v2
tr.result is -1
v1v2 test failed !!!
reconf_parameter: dfs.blockreport.incremental.intervalMsec
component: DataNode
v1: 100000
v2: 0
testProject: hdfs
unitTest: org.apache.hadoop.hdfs.TestReconstructStripedFileWithRandomECPolicy#testErasureCodingWorkerXmitsWeight
reconfPoint: -2
result: -1
failureMessage: timeout: after 30000 millis
stackTrace: java.util.concurrent.TimeoutException: timeout: after 30000 millis
	at org.apache.hadoop.test.LambdaTestUtils$GenerateTimeout.evaluate(LambdaTestUtils.java:678)
	at org.apache.hadoop.test.LambdaTestUtils.await(LambdaTestUtils.java:155)
	at org.apache.hadoop.test.LambdaTestUtils.await(LambdaTestUtils.java:193)
	at org.apache.hadoop.hdfs.TestReconstructStripedFile.testErasureCodingWorkerXmitsWeight(TestReconstructStripedFile.java:560)
	at org.apache.hadoop.hdfs.TestReconstructStripedFile.testErasureCodingWorkerXmitsWeight(TestReconstructStripedFile.java:518)
	at sun.reflect.NativeMethodAccessorImpl.invoke0(Native Method)
	at sun.reflect.NativeMethodAccessorImpl.invoke(NativeMethodAccessorImpl.java:62)
	at sun.reflect.DelegatingMethodAccessorImpl.invoke(DelegatingMethodAccessorImpl.java:43)
	at java.lang.reflect.Method.invoke(Method.java:498)
	at org.junit.runners.model.FrameworkMethod$1.runReflectiveCall(FrameworkMethod.java:47)
	at org.junit.internal.runners.model.ReflectiveCallable.run(ReflectiveCallable.java:12)
	at org.junit.runners.model.FrameworkMethod.invokeExplosively(FrameworkMethod.java:44)
	at org.junit.internal.runners.statements.InvokeMethod.evaluate(InvokeMethod.java:17)
	at org.junit.internal.runners.statements.FailOnTimeout$StatementThread.run(FailOnTimeout.java:74)



Test vvMode=v1v2
tr.result is -1
v1v2 test failed !!!
reconf_parameter: dfs.blockreport.incremental.intervalMsec
component: DataNode
v1: 100000
v2: 0
testProject: hdfs
unitTest: org.apache.hadoop.hdfs.TestReconstructStripedFileWithRandomECPolicy#testErasureCodingWorkerXmitsWeight
reconfPoint: -2
result: -1
failureMessage: timeout: after 30000 millis
stackTrace: java.util.concurrent.TimeoutException: timeout: after 30000 millis
	at org.apache.hadoop.test.LambdaTestUtils$GenerateTimeout.evaluate(LambdaTestUtils.java:678)
	at org.apache.hadoop.test.LambdaTestUtils.await(LambdaTestUtils.java:155)
	at org.apache.hadoop.test.LambdaTestUtils.await(LambdaTestUtils.java:193)
	at org.apache.hadoop.hdfs.TestReconstructStripedFile.testErasureCodingWorkerXmitsWeight(TestReconstructStripedFile.java:560)
	at org.apache.hadoop.hdfs.TestReconstructStripedFile.testErasureCodingWorkerXmitsWeight(TestReconstructStripedFile.java:518)
	at sun.reflect.NativeMethodAccessorImpl.invoke0(Native Method)
	at sun.reflect.NativeMethodAccessorImpl.invoke(NativeMethodAccessorImpl.java:62)
	at sun.reflect.DelegatingMethodAccessorImpl.invoke(DelegatingMethodAccessorImpl.java:43)
	at java.lang.reflect.Method.invoke(Method.java:498)
	at org.junit.runners.model.FrameworkMethod$1.runReflectiveCall(FrameworkMethod.java:47)
	at org.junit.internal.runners.model.ReflectiveCallable.run(ReflectiveCallable.java:12)
	at org.junit.runners.model.FrameworkMethod.invokeExplosively(FrameworkMethod.java:44)
	at org.junit.internal.runners.statements.InvokeMethod.evaluate(InvokeMethod.java:17)
	at org.junit.internal.runners.statements.FailOnTimeout$StatementThread.run(FailOnTimeout.java:74)



Test vvMode=v1v2
tr.result is 1

Test vvMode=v1v2
tr.result is 1

Test vvMode=v1v2
tr.result is -1
v1v2 test failed !!!
reconf_parameter: dfs.blockreport.incremental.intervalMsec
component: DataNode
v1: 100000
v2: 0
testProject: hdfs
unitTest: org.apache.hadoop.hdfs.TestReconstructStripedFileWithRandomECPolicy#testErasureCodingWorkerXmitsWeight
reconfPoint: -2
result: -1
failureMessage: test timed out after 180000 milliseconds
stackTrace: java.lang.Exception: test timed out after 180000 milliseconds
	at sun.misc.Unsafe.park(Native Method)
	at java.util.concurrent.locks.LockSupport.park(LockSupport.java:175)
	at java.util.concurrent.locks.AbstractQueuedSynchronizer$ConditionObject.await(AbstractQueuedSynchronizer.java:2039)
	at java.util.concurrent.CyclicBarrier.dowait(CyclicBarrier.java:234)
	at java.util.concurrent.CyclicBarrier.await(CyclicBarrier.java:362)
	at org.apache.hadoop.hdfs.TestReconstructStripedFile.testErasureCodingWorkerXmitsWeight(TestReconstructStripedFile.java:568)
	at org.apache.hadoop.hdfs.TestReconstructStripedFile.testErasureCodingWorkerXmitsWeight(TestReconstructStripedFile.java:518)
	at sun.reflect.NativeMethodAccessorImpl.invoke0(Native Method)
	at sun.reflect.NativeMethodAccessorImpl.invoke(NativeMethodAccessorImpl.java:62)
	at sun.reflect.DelegatingMethodAccessorImpl.invoke(DelegatingMethodAccessorImpl.java:43)
	at java.lang.reflect.Method.invoke(Method.java:498)
	at org.junit.runners.model.FrameworkMethod$1.runReflectiveCall(FrameworkMethod.java:47)
	at org.junit.internal.runners.model.ReflectiveCallable.run(ReflectiveCallable.java:12)
	at org.junit.runners.model.FrameworkMethod.invokeExplosively(FrameworkMethod.java:44)
	at org.junit.internal.runners.statements.InvokeMethod.evaluate(InvokeMethod.java:17)
	at org.junit.internal.runners.statements.FailOnTimeout$StatementThread.run(FailOnTimeout.java:74)



Test vvMode=v1v2
tr.result is 1

Test vvMode=v1v2
tr.result is 1

Test vvMode=v1v2
tr.result is 1

Test vvMode=v1v2
tr.result is 1

Test vvMode=v1v2
tr.result is -1
v1v2 test failed !!!
reconf_parameter: dfs.blockreport.incremental.intervalMsec
component: DataNode
v1: 100000
v2: 0
testProject: hdfs
unitTest: org.apache.hadoop.hdfs.TestReconstructStripedFileWithRandomECPolicy#testErasureCodingWorkerXmitsWeight
reconfPoint: -2
result: -1
failureMessage: timeout: after 30000 millis
stackTrace: java.util.concurrent.TimeoutException: timeout: after 30000 millis
	at org.apache.hadoop.test.LambdaTestUtils$GenerateTimeout.evaluate(LambdaTestUtils.java:678)
	at org.apache.hadoop.test.LambdaTestUtils.await(LambdaTestUtils.java:155)
	at org.apache.hadoop.test.LambdaTestUtils.await(LambdaTestUtils.java:193)
	at org.apache.hadoop.hdfs.TestReconstructStripedFile.testErasureCodingWorkerXmitsWeight(TestReconstructStripedFile.java:560)
	at org.apache.hadoop.hdfs.TestReconstructStripedFile.testErasureCodingWorkerXmitsWeight(TestReconstructStripedFile.java:518)
	at sun.reflect.NativeMethodAccessorImpl.invoke0(Native Method)
	at sun.reflect.NativeMethodAccessorImpl.invoke(NativeMethodAccessorImpl.java:62)
	at sun.reflect.DelegatingMethodAccessorImpl.invoke(DelegatingMethodAccessorImpl.java:43)
	at java.lang.reflect.Method.invoke(Method.java:498)
	at org.junit.runners.model.FrameworkMethod$1.runReflectiveCall(FrameworkMethod.java:47)
	at org.junit.internal.runners.model.ReflectiveCallable.run(ReflectiveCallable.java:12)
	at org.junit.runners.model.FrameworkMethod.invokeExplosively(FrameworkMethod.java:44)
	at org.junit.internal.runners.statements.InvokeMethod.evaluate(InvokeMethod.java:17)
	at org.junit.internal.runners.statements.FailOnTimeout$StatementThread.run(FailOnTimeout.java:74)



Test vvMode=v1v2
tr.result is -1
v1v2 test failed !!!
reconf_parameter: dfs.blockreport.incremental.intervalMsec
component: DataNode
v1: 100000
v2: 0
testProject: hdfs
unitTest: org.apache.hadoop.hdfs.TestReconstructStripedFileWithRandomECPolicy#testErasureCodingWorkerXmitsWeight
reconfPoint: -2
result: -1
failureMessage: test timed out after 180000 milliseconds
stackTrace: java.lang.Exception: test timed out after 180000 milliseconds
	at sun.misc.Unsafe.park(Native Method)
	at java.util.concurrent.locks.LockSupport.park(LockSupport.java:175)
	at java.util.concurrent.locks.AbstractQueuedSynchronizer$ConditionObject.await(AbstractQueuedSynchronizer.java:2039)
	at java.util.concurrent.CyclicBarrier.dowait(CyclicBarrier.java:234)
	at java.util.concurrent.CyclicBarrier.await(CyclicBarrier.java:362)
	at org.apache.hadoop.hdfs.TestReconstructStripedFile.testErasureCodingWorkerXmitsWeight(TestReconstructStripedFile.java:568)
	at org.apache.hadoop.hdfs.TestReconstructStripedFile.testErasureCodingWorkerXmitsWeight(TestReconstructStripedFile.java:517)
	at sun.reflect.NativeMethodAccessorImpl.invoke0(Native Method)
	at sun.reflect.NativeMethodAccessorImpl.invoke(NativeMethodAccessorImpl.java:62)
	at sun.reflect.DelegatingMethodAccessorImpl.invoke(DelegatingMethodAccessorImpl.java:43)
	at java.lang.reflect.Method.invoke(Method.java:498)
	at org.junit.runners.model.FrameworkMethod$1.runReflectiveCall(FrameworkMethod.java:47)
	at org.junit.internal.runners.model.ReflectiveCallable.run(ReflectiveCallable.java:12)
	at org.junit.runners.model.FrameworkMethod.invokeExplosively(FrameworkMethod.java:44)
	at org.junit.internal.runners.statements.InvokeMethod.evaluate(InvokeMethod.java:17)
	at org.junit.internal.runners.statements.FailOnTimeout$StatementThread.run(FailOnTimeout.java:74)



Test vvMode=v1v2
tr.result is 1

Test vvMode=v1v2
tr.result is 1

Test vvMode=v1v2
tr.result is -1
v1v2 test failed !!!
reconf_parameter: dfs.blockreport.incremental.intervalMsec
component: DataNode
v1: 100000
v2: 0
testProject: hdfs
unitTest: org.apache.hadoop.hdfs.TestReconstructStripedFileWithRandomECPolicy#testErasureCodingWorkerXmitsWeight
reconfPoint: -2
result: -1
failureMessage: timeout: after 30000 millis
stackTrace: java.util.concurrent.TimeoutException: timeout: after 30000 millis
	at org.apache.hadoop.test.LambdaTestUtils$GenerateTimeout.evaluate(LambdaTestUtils.java:678)
	at org.apache.hadoop.test.LambdaTestUtils.await(LambdaTestUtils.java:155)
	at org.apache.hadoop.test.LambdaTestUtils.await(LambdaTestUtils.java:193)
	at org.apache.hadoop.hdfs.TestReconstructStripedFile.testErasureCodingWorkerXmitsWeight(TestReconstructStripedFile.java:560)
	at org.apache.hadoop.hdfs.TestReconstructStripedFile.testErasureCodingWorkerXmitsWeight(TestReconstructStripedFile.java:518)
	at sun.reflect.NativeMethodAccessorImpl.invoke0(Native Method)
	at sun.reflect.NativeMethodAccessorImpl.invoke(NativeMethodAccessorImpl.java:62)
	at sun.reflect.DelegatingMethodAccessorImpl.invoke(DelegatingMethodAccessorImpl.java:43)
	at java.lang.reflect.Method.invoke(Method.java:498)
	at org.junit.runners.model.FrameworkMethod$1.runReflectiveCall(FrameworkMethod.java:47)
	at org.junit.internal.runners.model.ReflectiveCallable.run(ReflectiveCallable.java:12)
	at org.junit.runners.model.FrameworkMethod.invokeExplosively(FrameworkMethod.java:44)
	at org.junit.internal.runners.statements.InvokeMethod.evaluate(InvokeMethod.java:17)
	at org.junit.internal.runners.statements.FailOnTimeout$StatementThread.run(FailOnTimeout.java:74)



Test vvMode=v1v2
tr.result is 1

Test vvMode=v1v1
tr.result is -1

Test vvMode=v2v2
tr.result is 1
v1v1 or v2v2 test failed !!!
reconf_parameter: dfs.blockreport.incremental.intervalMsec
component: DataNode
v1: 100000
v2: 0
testProject: hdfs
unitTest: org.apache.hadoop.hdfs.TestReconstructStripedFileWithRandomECPolicy#testErasureCodingWorkerXmitsWeight
reconfPoint: -2
result: -1
failureMessage: timeout: after 30000 millis
stackTrace: java.util.concurrent.TimeoutException: timeout: after 30000 millis
	at org.apache.hadoop.test.LambdaTestUtils$GenerateTimeout.evaluate(LambdaTestUtils.java:678)
	at org.apache.hadoop.test.LambdaTestUtils.await(LambdaTestUtils.java:155)
	at org.apache.hadoop.test.LambdaTestUtils.await(LambdaTestUtils.java:193)
	at org.apache.hadoop.hdfs.TestReconstructStripedFile.testErasureCodingWorkerXmitsWeight(TestReconstructStripedFile.java:560)
	at org.apache.hadoop.hdfs.TestReconstructStripedFile.testErasureCodingWorkerXmitsWeight(TestReconstructStripedFile.java:518)
	at sun.reflect.NativeMethodAccessorImpl.invoke0(Native Method)
	at sun.reflect.NativeMethodAccessorImpl.invoke(NativeMethodAccessorImpl.java:62)
	at sun.reflect.DelegatingMethodAccessorImpl.invoke(DelegatingMethodAccessorImpl.java:43)
	at java.lang.reflect.Method.invoke(Method.java:498)
	at org.junit.runners.model.FrameworkMethod$1.runReflectiveCall(FrameworkMethod.java:47)
	at org.junit.internal.runners.model.ReflectiveCallable.run(ReflectiveCallable.java:12)
	at org.junit.runners.model.FrameworkMethod.invokeExplosively(FrameworkMethod.java:44)
	at org.junit.internal.runners.statements.InvokeMethod.evaluate(InvokeMethod.java:17)
	at org.junit.internal.runners.statements.FailOnTimeout$StatementThread.run(FailOnTimeout.java:74)



Test vvMode=v1v1
tr.result is 1

Test vvMode=v2v2
tr.result is 1

Test vvMode=v1v1
tr.result is 1

Test vvMode=v2v2
tr.result is 1

Test vvMode=v1v1
tr.result is 1

Test vvMode=v2v2
tr.result is 1

Test vvMode=v1v1
tr.result is 1

Test vvMode=v2v2
tr.result is 1

Test vvMode=v1v1
tr.result is 1

Test vvMode=v2v2
tr.result is 1

Test vvMode=v1v1
tr.result is 1

Test vvMode=v2v2
tr.result is 1

Test vvMode=v1v1
tr.result is 1

Test vvMode=v2v2
tr.result is 1

Test vvMode=v1v1
tr.result is -1

Test vvMode=v2v2
tr.result is 1
v1v1 or v2v2 test failed !!!
reconf_parameter: dfs.blockreport.incremental.intervalMsec
component: DataNode
v1: 100000
v2: 0
testProject: hdfs
unitTest: org.apache.hadoop.hdfs.TestReconstructStripedFileWithRandomECPolicy#testErasureCodingWorkerXmitsWeight
reconfPoint: -2
result: -1
failureMessage: timeout: after 30000 millis
stackTrace: java.util.concurrent.TimeoutException: timeout: after 30000 millis
	at org.apache.hadoop.test.LambdaTestUtils$GenerateTimeout.evaluate(LambdaTestUtils.java:678)
	at org.apache.hadoop.test.LambdaTestUtils.await(LambdaTestUtils.java:155)
	at org.apache.hadoop.test.LambdaTestUtils.await(LambdaTestUtils.java:193)
	at org.apache.hadoop.hdfs.TestReconstructStripedFile.testErasureCodingWorkerXmitsWeight(TestReconstructStripedFile.java:560)
	at org.apache.hadoop.hdfs.TestReconstructStripedFile.testErasureCodingWorkerXmitsWeight(TestReconstructStripedFile.java:518)
	at sun.reflect.NativeMethodAccessorImpl.invoke0(Native Method)
	at sun.reflect.NativeMethodAccessorImpl.invoke(NativeMethodAccessorImpl.java:62)
	at sun.reflect.DelegatingMethodAccessorImpl.invoke(DelegatingMethodAccessorImpl.java:43)
	at java.lang.reflect.Method.invoke(Method.java:498)
	at org.junit.runners.model.FrameworkMethod$1.runReflectiveCall(FrameworkMethod.java:47)
	at org.junit.internal.runners.model.ReflectiveCallable.run(ReflectiveCallable.java:12)
	at org.junit.runners.model.FrameworkMethod.invokeExplosively(FrameworkMethod.java:44)
	at org.junit.internal.runners.statements.InvokeMethod.evaluate(InvokeMethod.java:17)
	at org.junit.internal.runners.statements.FailOnTimeout$StatementThread.run(FailOnTimeout.java:74)



Test vvMode=v1v1
tr.result is 1

Test vvMode=v2v2
tr.result is 1

Test vvMode=v1v1
tr.result is 1

Test vvMode=v2v2
tr.result is 1

Test vvMode=v1v1
tr.result is 1

Test vvMode=v2v2
tr.result is 1

Test vvMode=v1v1
tr.result is 1

Test vvMode=v2v2
tr.result is 1

Test vvMode=v1v1
tr.result is 1

Test vvMode=v2v2
tr.result is 1

Test vvMode=v1v1
tr.result is 1

Test vvMode=v2v2
tr.result is 1

Test vvMode=v1v1
tr.result is 1

Test vvMode=v2v2
tr.result is 1

Test vvMode=v1v1
tr.result is -1

Test vvMode=v2v2
tr.result is 1
v1v1 or v2v2 test failed !!!
reconf_parameter: dfs.blockreport.incremental.intervalMsec
component: DataNode
v1: 100000
v2: 0
testProject: hdfs
unitTest: org.apache.hadoop.hdfs.TestReconstructStripedFileWithRandomECPolicy#testErasureCodingWorkerXmitsWeight
reconfPoint: -2
result: -1
failureMessage: timeout: after 30000 millis
stackTrace: java.util.concurrent.TimeoutException: timeout: after 30000 millis
	at org.apache.hadoop.test.LambdaTestUtils$GenerateTimeout.evaluate(LambdaTestUtils.java:678)
	at org.apache.hadoop.test.LambdaTestUtils.await(LambdaTestUtils.java:155)
	at org.apache.hadoop.test.LambdaTestUtils.await(LambdaTestUtils.java:193)
	at org.apache.hadoop.hdfs.TestReconstructStripedFile.testErasureCodingWorkerXmitsWeight(TestReconstructStripedFile.java:560)
	at org.apache.hadoop.hdfs.TestReconstructStripedFile.testErasureCodingWorkerXmitsWeight(TestReconstructStripedFile.java:518)
	at sun.reflect.NativeMethodAccessorImpl.invoke0(Native Method)
	at sun.reflect.NativeMethodAccessorImpl.invoke(NativeMethodAccessorImpl.java:62)
	at sun.reflect.DelegatingMethodAccessorImpl.invoke(DelegatingMethodAccessorImpl.java:43)
	at java.lang.reflect.Method.invoke(Method.java:498)
	at org.junit.runners.model.FrameworkMethod$1.runReflectiveCall(FrameworkMethod.java:47)
	at org.junit.internal.runners.model.ReflectiveCallable.run(ReflectiveCallable.java:12)
	at org.junit.runners.model.FrameworkMethod.invokeExplosively(FrameworkMethod.java:44)
	at org.junit.internal.runners.statements.InvokeMethod.evaluate(InvokeMethod.java:17)
	at org.junit.internal.runners.statements.FailOnTimeout$StatementThread.run(FailOnTimeout.java:74)



Test vvMode=v1v1
tr.result is -1

Test vvMode=v2v2
tr.result is 1
v1v1 or v2v2 test failed !!!
reconf_parameter: dfs.blockreport.incremental.intervalMsec
component: DataNode
v1: 100000
v2: 0
testProject: hdfs
unitTest: org.apache.hadoop.hdfs.TestReconstructStripedFileWithRandomECPolicy#testErasureCodingWorkerXmitsWeight
reconfPoint: -2
result: -1
failureMessage: timeout: after 30000 millis
stackTrace: java.util.concurrent.TimeoutException: timeout: after 30000 millis
	at org.apache.hadoop.test.LambdaTestUtils$GenerateTimeout.evaluate(LambdaTestUtils.java:678)
	at org.apache.hadoop.test.LambdaTestUtils.await(LambdaTestUtils.java:155)
	at org.apache.hadoop.test.LambdaTestUtils.await(LambdaTestUtils.java:193)
	at org.apache.hadoop.hdfs.TestReconstructStripedFile.testErasureCodingWorkerXmitsWeight(TestReconstructStripedFile.java:560)
	at org.apache.hadoop.hdfs.TestReconstructStripedFile.testErasureCodingWorkerXmitsWeight(TestReconstructStripedFile.java:518)
	at sun.reflect.NativeMethodAccessorImpl.invoke0(Native Method)
	at sun.reflect.NativeMethodAccessorImpl.invoke(NativeMethodAccessorImpl.java:62)
	at sun.reflect.DelegatingMethodAccessorImpl.invoke(DelegatingMethodAccessorImpl.java:43)
	at java.lang.reflect.Method.invoke(Method.java:498)
	at org.junit.runners.model.FrameworkMethod$1.runReflectiveCall(FrameworkMethod.java:47)
	at org.junit.internal.runners.model.ReflectiveCallable.run(ReflectiveCallable.java:12)
	at org.junit.runners.model.FrameworkMethod.invokeExplosively(FrameworkMethod.java:44)
	at org.junit.internal.runners.statements.InvokeMethod.evaluate(InvokeMethod.java:17)
	at org.junit.internal.runners.statements.FailOnTimeout$StatementThread.run(FailOnTimeout.java:74)



Test vvMode=v1v1
tr.result is 1

Test vvMode=v2v2
tr.result is 1

Test vvMode=v1v1
tr.result is 1

Test vvMode=v2v2
tr.result is 1

Test vvMode=v1v1
tr.result is 1

Test vvMode=v2v2
tr.result is 1

Test vvMode=v1v1
tr.result is 1

Test vvMode=v2v2
tr.result is 1

Test vvMode=v1v1
tr.result is 1

Test vvMode=v2v2
tr.result is 1

Test vvMode=v1v1
tr.result is 1

Test vvMode=v2v2
tr.result is 1

Test vvMode=v1v1
tr.result is 1

Test vvMode=v2v2
tr.result is 1

Test vvMode=v1v1
tr.result is -1

Test vvMode=v2v2
tr.result is 1
v1v1 or v2v2 test failed !!!
reconf_parameter: dfs.blockreport.incremental.intervalMsec
component: DataNode
v1: 100000
v2: 0
testProject: hdfs
unitTest: org.apache.hadoop.hdfs.TestReconstructStripedFileWithRandomECPolicy#testErasureCodingWorkerXmitsWeight
reconfPoint: -2
result: -1
failureMessage: test timed out after 180000 milliseconds
stackTrace: java.lang.Exception: test timed out after 180000 milliseconds
	at sun.misc.Unsafe.park(Native Method)
	at java.util.concurrent.locks.LockSupport.park(LockSupport.java:175)
	at java.util.concurrent.locks.AbstractQueuedSynchronizer$ConditionObject.await(AbstractQueuedSynchronizer.java:2039)
	at java.util.concurrent.CyclicBarrier.dowait(CyclicBarrier.java:234)
	at java.util.concurrent.CyclicBarrier.await(CyclicBarrier.java:362)
	at org.apache.hadoop.hdfs.TestReconstructStripedFile.testErasureCodingWorkerXmitsWeight(TestReconstructStripedFile.java:568)
	at org.apache.hadoop.hdfs.TestReconstructStripedFile.testErasureCodingWorkerXmitsWeight(TestReconstructStripedFile.java:518)
	at sun.reflect.NativeMethodAccessorImpl.invoke0(Native Method)
	at sun.reflect.NativeMethodAccessorImpl.invoke(NativeMethodAccessorImpl.java:62)
	at sun.reflect.DelegatingMethodAccessorImpl.invoke(DelegatingMethodAccessorImpl.java:43)
	at java.lang.reflect.Method.invoke(Method.java:498)
	at org.junit.runners.model.FrameworkMethod$1.runReflectiveCall(FrameworkMethod.java:47)
	at org.junit.internal.runners.model.ReflectiveCallable.run(ReflectiveCallable.java:12)
	at org.junit.runners.model.FrameworkMethod.invokeExplosively(FrameworkMethod.java:44)
	at org.junit.internal.runners.statements.InvokeMethod.evaluate(InvokeMethod.java:17)
	at org.junit.internal.runners.statements.FailOnTimeout$StatementThread.run(FailOnTimeout.java:74)



Test vvMode=v1v1
tr.result is 1

Test vvMode=v2v2
tr.result is 1

Test vvMode=v1v1
tr.result is -1

Test vvMode=v2v2
tr.result is 1
v1v1 or v2v2 test failed !!!
reconf_parameter: dfs.blockreport.incremental.intervalMsec
component: DataNode
v1: 100000
v2: 0
testProject: hdfs
unitTest: org.apache.hadoop.hdfs.TestReconstructStripedFileWithRandomECPolicy#testErasureCodingWorkerXmitsWeight
reconfPoint: -2
result: -1
failureMessage: timeout: after 30000 millis
stackTrace: java.util.concurrent.TimeoutException: timeout: after 30000 millis
	at org.apache.hadoop.test.LambdaTestUtils$GenerateTimeout.evaluate(LambdaTestUtils.java:678)
	at org.apache.hadoop.test.LambdaTestUtils.await(LambdaTestUtils.java:155)
	at org.apache.hadoop.test.LambdaTestUtils.await(LambdaTestUtils.java:193)
	at org.apache.hadoop.hdfs.TestReconstructStripedFile.testErasureCodingWorkerXmitsWeight(TestReconstructStripedFile.java:560)
	at org.apache.hadoop.hdfs.TestReconstructStripedFile.testErasureCodingWorkerXmitsWeight(TestReconstructStripedFile.java:518)
	at sun.reflect.NativeMethodAccessorImpl.invoke0(Native Method)
	at sun.reflect.NativeMethodAccessorImpl.invoke(NativeMethodAccessorImpl.java:62)
	at sun.reflect.DelegatingMethodAccessorImpl.invoke(DelegatingMethodAccessorImpl.java:43)
	at java.lang.reflect.Method.invoke(Method.java:498)
	at org.junit.runners.model.FrameworkMethod$1.runReflectiveCall(FrameworkMethod.java:47)
	at org.junit.internal.runners.model.ReflectiveCallable.run(ReflectiveCallable.java:12)
	at org.junit.runners.model.FrameworkMethod.invokeExplosively(FrameworkMethod.java:44)
	at org.junit.internal.runners.statements.InvokeMethod.evaluate(InvokeMethod.java:17)
	at org.junit.internal.runners.statements.FailOnTimeout$StatementThread.run(FailOnTimeout.java:74)



Test vvMode=v1v1
tr.result is -1

Test vvMode=v2v2
tr.result is 1
v1v1 or v2v2 test failed !!!
reconf_parameter: dfs.blockreport.incremental.intervalMsec
component: DataNode
v1: 100000
v2: 0
testProject: hdfs
unitTest: org.apache.hadoop.hdfs.TestReconstructStripedFileWithRandomECPolicy#testErasureCodingWorkerXmitsWeight
reconfPoint: -2
result: -1
failureMessage: test timed out after 180000 milliseconds
stackTrace: java.lang.Exception: test timed out after 180000 milliseconds
	at sun.misc.Unsafe.park(Native Method)
	at java.util.concurrent.locks.LockSupport.park(LockSupport.java:175)
	at java.util.concurrent.locks.AbstractQueuedSynchronizer$ConditionObject.await(AbstractQueuedSynchronizer.java:2039)
	at java.util.concurrent.CyclicBarrier.dowait(CyclicBarrier.java:234)
	at java.util.concurrent.CyclicBarrier.await(CyclicBarrier.java:362)
	at org.apache.hadoop.hdfs.TestReconstructStripedFile.testErasureCodingWorkerXmitsWeight(TestReconstructStripedFile.java:568)
	at org.apache.hadoop.hdfs.TestReconstructStripedFile.testErasureCodingWorkerXmitsWeight(TestReconstructStripedFile.java:518)
	at sun.reflect.NativeMethodAccessorImpl.invoke0(Native Method)
	at sun.reflect.NativeMethodAccessorImpl.invoke(NativeMethodAccessorImpl.java:62)
	at sun.reflect.DelegatingMethodAccessorImpl.invoke(DelegatingMethodAccessorImpl.java:43)
	at java.lang.reflect.Method.invoke(Method.java:498)
	at org.junit.runners.model.FrameworkMethod$1.runReflectiveCall(FrameworkMethod.java:47)
	at org.junit.internal.runners.model.ReflectiveCallable.run(ReflectiveCallable.java:12)
	at org.junit.runners.model.FrameworkMethod.invokeExplosively(FrameworkMethod.java:44)
	at org.junit.internal.runners.statements.InvokeMethod.evaluate(InvokeMethod.java:17)
	at org.junit.internal.runners.statements.FailOnTimeout$StatementThread.run(FailOnTimeout.java:74)



Test vvMode=v1v1
tr.result is 1

Test vvMode=v2v2
tr.result is 1

Test vvMode=v1v1
tr.result is -1

Test vvMode=v2v2
tr.result is 1
v1v1 or v2v2 test failed !!!
reconf_parameter: dfs.blockreport.incremental.intervalMsec
component: DataNode
v1: 100000
v2: 0
testProject: hdfs
unitTest: org.apache.hadoop.hdfs.TestReconstructStripedFileWithRandomECPolicy#testErasureCodingWorkerXmitsWeight
reconfPoint: -2
result: -1
failureMessage: timeout: after 30000 millis
stackTrace: java.util.concurrent.TimeoutException: timeout: after 30000 millis
	at org.apache.hadoop.test.LambdaTestUtils$GenerateTimeout.evaluate(LambdaTestUtils.java:678)
	at org.apache.hadoop.test.LambdaTestUtils.await(LambdaTestUtils.java:155)
	at org.apache.hadoop.test.LambdaTestUtils.await(LambdaTestUtils.java:193)
	at org.apache.hadoop.hdfs.TestReconstructStripedFile.testErasureCodingWorkerXmitsWeight(TestReconstructStripedFile.java:560)
	at org.apache.hadoop.hdfs.TestReconstructStripedFile.testErasureCodingWorkerXmitsWeight(TestReconstructStripedFile.java:518)
	at sun.reflect.NativeMethodAccessorImpl.invoke0(Native Method)
	at sun.reflect.NativeMethodAccessorImpl.invoke(NativeMethodAccessorImpl.java:62)
	at sun.reflect.DelegatingMethodAccessorImpl.invoke(DelegatingMethodAccessorImpl.java:43)
	at java.lang.reflect.Method.invoke(Method.java:498)
	at org.junit.runners.model.FrameworkMethod$1.runReflectiveCall(FrameworkMethod.java:47)
	at org.junit.internal.runners.model.ReflectiveCallable.run(ReflectiveCallable.java:12)
	at org.junit.runners.model.FrameworkMethod.invokeExplosively(FrameworkMethod.java:44)
	at org.junit.internal.runners.statements.InvokeMethod.evaluate(InvokeMethod.java:17)
	at org.junit.internal.runners.statements.FailOnTimeout$StatementThread.run(FailOnTimeout.java:74)



Test vvMode=v1v1
tr.result is 1

Test vvMode=v2v2
tr.result is 1

Test vvMode=v1v1
tr.result is 1

Test vvMode=v2v2
tr.result is 1

Test vvMode=v1v1
tr.result is 1

Test vvMode=v2v2
tr.result is 1

Test vvMode=v1v1
tr.result is 1

Test vvMode=v2v2
tr.result is 1

Test vvMode=v1v1
tr.result is 1

Test vvMode=v2v2
tr.result is 1

Test vvMode=v1v1
tr.result is 1

Test vvMode=v2v2
tr.result is 1

Test vvMode=v1v1
tr.result is -1

Test vvMode=v2v2
tr.result is 1
v1v1 or v2v2 test failed !!!
reconf_parameter: dfs.blockreport.incremental.intervalMsec
component: DataNode
v1: 100000
v2: 0
testProject: hdfs
unitTest: org.apache.hadoop.hdfs.TestReconstructStripedFileWithRandomECPolicy#testErasureCodingWorkerXmitsWeight
reconfPoint: -2
result: -1
failureMessage: timeout: after 30000 millis
stackTrace: java.util.concurrent.TimeoutException: timeout: after 30000 millis
	at org.apache.hadoop.test.LambdaTestUtils$GenerateTimeout.evaluate(LambdaTestUtils.java:678)
	at org.apache.hadoop.test.LambdaTestUtils.await(LambdaTestUtils.java:155)
	at org.apache.hadoop.test.LambdaTestUtils.await(LambdaTestUtils.java:193)
	at org.apache.hadoop.hdfs.TestReconstructStripedFile.testErasureCodingWorkerXmitsWeight(TestReconstructStripedFile.java:560)
	at org.apache.hadoop.hdfs.TestReconstructStripedFile.testErasureCodingWorkerXmitsWeight(TestReconstructStripedFile.java:518)
	at sun.reflect.NativeMethodAccessorImpl.invoke0(Native Method)
	at sun.reflect.NativeMethodAccessorImpl.invoke(NativeMethodAccessorImpl.java:62)
	at sun.reflect.DelegatingMethodAccessorImpl.invoke(DelegatingMethodAccessorImpl.java:43)
	at java.lang.reflect.Method.invoke(Method.java:498)
	at org.junit.runners.model.FrameworkMethod$1.runReflectiveCall(FrameworkMethod.java:47)
	at org.junit.internal.runners.model.ReflectiveCallable.run(ReflectiveCallable.java:12)
	at org.junit.runners.model.FrameworkMethod.invokeExplosively(FrameworkMethod.java:44)
	at org.junit.internal.runners.statements.InvokeMethod.evaluate(InvokeMethod.java:17)
	at org.junit.internal.runners.statements.FailOnTimeout$StatementThread.run(FailOnTimeout.java:74)



Test vvMode=v1v1
tr.result is -1

Test vvMode=v2v2
tr.result is 1
v1v1 or v2v2 test failed !!!
reconf_parameter: dfs.blockreport.incremental.intervalMsec
component: DataNode
v1: 100000
v2: 0
testProject: hdfs
unitTest: org.apache.hadoop.hdfs.TestReconstructStripedFileWithRandomECPolicy#testErasureCodingWorkerXmitsWeight
reconfPoint: -2
result: -1
failureMessage: timeout: after 30000 millis
stackTrace: java.util.concurrent.TimeoutException: timeout: after 30000 millis
	at org.apache.hadoop.test.LambdaTestUtils$GenerateTimeout.evaluate(LambdaTestUtils.java:678)
	at org.apache.hadoop.test.LambdaTestUtils.await(LambdaTestUtils.java:155)
	at org.apache.hadoop.test.LambdaTestUtils.await(LambdaTestUtils.java:193)
	at org.apache.hadoop.hdfs.TestReconstructStripedFile.testErasureCodingWorkerXmitsWeight(TestReconstructStripedFile.java:560)
	at org.apache.hadoop.hdfs.TestReconstructStripedFile.testErasureCodingWorkerXmitsWeight(TestReconstructStripedFile.java:518)
	at sun.reflect.NativeMethodAccessorImpl.invoke0(Native Method)
	at sun.reflect.NativeMethodAccessorImpl.invoke(NativeMethodAccessorImpl.java:62)
	at sun.reflect.DelegatingMethodAccessorImpl.invoke(DelegatingMethodAccessorImpl.java:43)
	at java.lang.reflect.Method.invoke(Method.java:498)
	at org.junit.runners.model.FrameworkMethod$1.runReflectiveCall(FrameworkMethod.java:47)
	at org.junit.internal.runners.model.ReflectiveCallable.run(ReflectiveCallable.java:12)
	at org.junit.runners.model.FrameworkMethod.invokeExplosively(FrameworkMethod.java:44)
	at org.junit.internal.runners.statements.InvokeMethod.evaluate(InvokeMethod.java:17)
	at org.junit.internal.runners.statements.FailOnTimeout$StatementThread.run(FailOnTimeout.java:74)



Test vvMode=v1v1
tr.result is 1

Test vvMode=v2v2
tr.result is 1

Test vvMode=v1v1
tr.result is -1

Test vvMode=v2v2
tr.result is 1
v1v1 or v2v2 test failed !!!
reconf_parameter: dfs.blockreport.incremental.intervalMsec
component: DataNode
v1: 100000
v2: 0
testProject: hdfs
unitTest: org.apache.hadoop.hdfs.TestReconstructStripedFileWithRandomECPolicy#testErasureCodingWorkerXmitsWeight
reconfPoint: -2
result: -1
failureMessage: test timed out after 180000 milliseconds
stackTrace: java.lang.Exception: test timed out after 180000 milliseconds
	at sun.misc.Unsafe.park(Native Method)
	at java.util.concurrent.locks.LockSupport.park(LockSupport.java:175)
	at java.util.concurrent.locks.AbstractQueuedSynchronizer$ConditionObject.await(AbstractQueuedSynchronizer.java:2039)
	at java.util.concurrent.CyclicBarrier.dowait(CyclicBarrier.java:234)
	at java.util.concurrent.CyclicBarrier.await(CyclicBarrier.java:362)
	at org.apache.hadoop.hdfs.TestReconstructStripedFile.testErasureCodingWorkerXmitsWeight(TestReconstructStripedFile.java:568)
	at org.apache.hadoop.hdfs.TestReconstructStripedFile.testErasureCodingWorkerXmitsWeight(TestReconstructStripedFile.java:517)
	at sun.reflect.NativeMethodAccessorImpl.invoke0(Native Method)
	at sun.reflect.NativeMethodAccessorImpl.invoke(NativeMethodAccessorImpl.java:62)
	at sun.reflect.DelegatingMethodAccessorImpl.invoke(DelegatingMethodAccessorImpl.java:43)
	at java.lang.reflect.Method.invoke(Method.java:498)
	at org.junit.runners.model.FrameworkMethod$1.runReflectiveCall(FrameworkMethod.java:47)
	at org.junit.internal.runners.model.ReflectiveCallable.run(ReflectiveCallable.java:12)
	at org.junit.runners.model.FrameworkMethod.invokeExplosively(FrameworkMethod.java:44)
	at org.junit.internal.runners.statements.InvokeMethod.evaluate(InvokeMethod.java:17)
	at org.junit.internal.runners.statements.FailOnTimeout$StatementThread.run(FailOnTimeout.java:74)



Test vvMode=v1v1
tr.result is -1

Test vvMode=v2v2
tr.result is 1
v1v1 or v2v2 test failed !!!
reconf_parameter: dfs.blockreport.incremental.intervalMsec
component: DataNode
v1: 100000
v2: 0
testProject: hdfs
unitTest: org.apache.hadoop.hdfs.TestReconstructStripedFileWithRandomECPolicy#testErasureCodingWorkerXmitsWeight
reconfPoint: -2
result: -1
failureMessage: test timed out after 180000 milliseconds
stackTrace: java.lang.Exception: test timed out after 180000 milliseconds
	at sun.misc.Unsafe.park(Native Method)
	at java.util.concurrent.locks.LockSupport.park(LockSupport.java:175)
	at java.util.concurrent.locks.AbstractQueuedSynchronizer$ConditionObject.await(AbstractQueuedSynchronizer.java:2039)
	at java.util.concurrent.CyclicBarrier.dowait(CyclicBarrier.java:234)
	at java.util.concurrent.CyclicBarrier.await(CyclicBarrier.java:362)
	at org.apache.hadoop.hdfs.TestReconstructStripedFile.testErasureCodingWorkerXmitsWeight(TestReconstructStripedFile.java:568)
	at org.apache.hadoop.hdfs.TestReconstructStripedFile.testErasureCodingWorkerXmitsWeight(TestReconstructStripedFile.java:518)
	at sun.reflect.NativeMethodAccessorImpl.invoke0(Native Method)
	at sun.reflect.NativeMethodAccessorImpl.invoke(NativeMethodAccessorImpl.java:62)
	at sun.reflect.DelegatingMethodAccessorImpl.invoke(DelegatingMethodAccessorImpl.java:43)
	at java.lang.reflect.Method.invoke(Method.java:498)
	at org.junit.runners.model.FrameworkMethod$1.runReflectiveCall(FrameworkMethod.java:47)
	at org.junit.internal.runners.model.ReflectiveCallable.run(ReflectiveCallable.java:12)
	at org.junit.runners.model.FrameworkMethod.invokeExplosively(FrameworkMethod.java:44)
	at org.junit.internal.runners.statements.InvokeMethod.evaluate(InvokeMethod.java:17)
	at org.junit.internal.runners.statements.FailOnTimeout$StatementThread.run(FailOnTimeout.java:74)



Test vvMode=v1v1
tr.result is 1

Test vvMode=v2v2
tr.result is 1

Test vvMode=v1v1
tr.result is 1

Test vvMode=v2v2
tr.result is 1

Test vvMode=v1v1
tr.result is 1

Test vvMode=v2v2
tr.result is 1

Test vvMode=v1v1
tr.result is 1

Test vvMode=v2v2
tr.result is 1

Test vvMode=v1v1
tr.result is 1

Test vvMode=v2v2
tr.result is 1

Test vvMode=v1v1
tr.result is -1

Test vvMode=v2v2
tr.result is 1
v1v1 or v2v2 test failed !!!
reconf_parameter: dfs.blockreport.incremental.intervalMsec
component: DataNode
v1: 100000
v2: 0
testProject: hdfs
unitTest: org.apache.hadoop.hdfs.TestReconstructStripedFileWithRandomECPolicy#testErasureCodingWorkerXmitsWeight
reconfPoint: -2
result: -1
failureMessage: timeout: after 30000 millis
stackTrace: java.util.concurrent.TimeoutException: timeout: after 30000 millis
	at org.apache.hadoop.test.LambdaTestUtils$GenerateTimeout.evaluate(LambdaTestUtils.java:678)
	at org.apache.hadoop.test.LambdaTestUtils.await(LambdaTestUtils.java:155)
	at org.apache.hadoop.test.LambdaTestUtils.await(LambdaTestUtils.java:193)
	at org.apache.hadoop.hdfs.TestReconstructStripedFile.testErasureCodingWorkerXmitsWeight(TestReconstructStripedFile.java:560)
	at org.apache.hadoop.hdfs.TestReconstructStripedFile.testErasureCodingWorkerXmitsWeight(TestReconstructStripedFile.java:518)
	at sun.reflect.NativeMethodAccessorImpl.invoke0(Native Method)
	at sun.reflect.NativeMethodAccessorImpl.invoke(NativeMethodAccessorImpl.java:62)
	at sun.reflect.DelegatingMethodAccessorImpl.invoke(DelegatingMethodAccessorImpl.java:43)
	at java.lang.reflect.Method.invoke(Method.java:498)
	at org.junit.runners.model.FrameworkMethod$1.runReflectiveCall(FrameworkMethod.java:47)
	at org.junit.internal.runners.model.ReflectiveCallable.run(ReflectiveCallable.java:12)
	at org.junit.runners.model.FrameworkMethod.invokeExplosively(FrameworkMethod.java:44)
	at org.junit.internal.runners.statements.InvokeMethod.evaluate(InvokeMethod.java:17)
	at org.junit.internal.runners.statements.FailOnTimeout$StatementThread.run(FailOnTimeout.java:74)



Test vvMode=v1v1
tr.result is 1

Test vvMode=v2v2
tr.result is 1

Test vvMode=v1v1
tr.result is 1

Test vvMode=v2v2
tr.result is 1
v1v2 failed with probability 18 out of 50
v1v1v2v2 failed with probability 13 out of 50
result: might be true error
Total execution time in seconds : 10066
