reconf_parameter: hbase.rpc.timeout
component: HRegionServer
v1: 1
v2: 60000
testProject: hbase
unitTest: org.apache.hadoop.hbase.rsgroup.TestRSGroupsAdmin1#testNotMoveTableToNullRSGroupWhenCreatingExistingTable
reconfPoint: 2
result: -1

Test vvMode=v1v2
tr.result is -1
v1v2 test failed !!!
reconf_parameter: hbase.rpc.timeout
component: HRegionServer
v1: 1
v2: 60000
testProject: hbase
unitTest: org.apache.hadoop.hbase.rsgroup.TestRSGroupsAdmin1#testNotMoveTableToNullRSGroupWhenCreatingExistingTable
reconfPoint: 2
result: -1
failureMessage: expected:<[Name:default,  Servers:[f312c168ded2:38177, f312c168ded2:39349, f312c168ded2:42086, f312c168ded2:46791],  Tables:[hbase:meta, hbase:namespace, hbase:rsgroup], Name:master,  Servers:[],  Tables:[]]> but was:<[Name:default,  Servers:[f312c168ded2:38177, f312c168ded2:42086, f312c168ded2:46791],  Tables:[hbase:meta, hbase:namespace, hbase:rsgroup], Name:master,  Servers:[],  Tables:[]]>
stackTrace: java.lang.AssertionError: expected:<[Name:default,  Servers:[f312c168ded2:38177, f312c168ded2:39349, f312c168ded2:42086, f312c168ded2:46791],  Tables:[hbase:meta, hbase:namespace, hbase:rsgroup], Name:master,  Servers:[],  Tables:[]]> but was:<[Name:default,  Servers:[f312c168ded2:38177, f312c168ded2:42086, f312c168ded2:46791],  Tables:[hbase:meta, hbase:namespace, hbase:rsgroup], Name:master,  Servers:[],  Tables:[]]>
	at org.junit.Assert.fail(Assert.java:88)
	at org.junit.Assert.failNotEquals(Assert.java:834)
	at org.junit.Assert.assertEquals(Assert.java:118)
	at org.junit.Assert.assertEquals(Assert.java:144)
	at org.apache.hadoop.hbase.rsgroup.VerifyingRSGroupAdminClient.verify(VerifyingRSGroupAdminClient.java:134)
	at org.apache.hadoop.hbase.rsgroup.VerifyingRSGroupAdminClient.addRSGroup(VerifyingRSGroupAdminClient.java:63)
	at org.apache.hadoop.hbase.rsgroup.TestRSGroupsBase.tearDownAfterMethod(TestRSGroupsBase.java:161)
	at org.apache.hadoop.hbase.rsgroup.TestRSGroupsBase.setUpBeforeMethod(TestRSGroupsBase.java:140)
	at org.apache.hadoop.hbase.rsgroup.TestRSGroupsAdmin1.beforeMethod(TestRSGroupsAdmin1.java:86)
	at sun.reflect.NativeMethodAccessorImpl.invoke0(Native Method)
	at sun.reflect.NativeMethodAccessorImpl.invoke(NativeMethodAccessorImpl.java:62)
	at sun.reflect.DelegatingMethodAccessorImpl.invoke(DelegatingMethodAccessorImpl.java:43)
	at java.lang.reflect.Method.invoke(Method.java:498)
	at org.junit.runners.model.FrameworkMethod$1.runReflectiveCall(FrameworkMethod.java:50)
	at org.junit.internal.runners.model.ReflectiveCallable.run(ReflectiveCallable.java:12)
	at org.junit.runners.model.FrameworkMethod.invokeExplosively(FrameworkMethod.java:47)
	at org.junit.internal.runners.statements.RunBefores.evaluate(RunBefores.java:24)
	at org.junit.internal.runners.statements.RunAfters.evaluate(RunAfters.java:27)
	at org.junit.rules.TestWatcher$1.evaluate(TestWatcher.java:55)
	at org.junit.rules.RunRules.evaluate(RunRules.java:20)
	at org.junit.runners.ParentRunner.runLeaf(ParentRunner.java:325)
	at org.junit.runners.BlockJUnit4ClassRunner.runChild(BlockJUnit4ClassRunner.java:78)
	at org.junit.runners.BlockJUnit4ClassRunner.runChild(BlockJUnit4ClassRunner.java:57)
	at org.junit.runners.ParentRunner$3.run(ParentRunner.java:290)
	at org.junit.runners.ParentRunner$1.schedule(ParentRunner.java:71)
	at org.junit.runners.ParentRunner.runChildren(ParentRunner.java:288)
	at org.junit.runners.ParentRunner.access$000(ParentRunner.java:58)
	at org.junit.runners.ParentRunner$2.evaluate(ParentRunner.java:268)
	at org.junit.internal.runners.statements.RunBefores.evaluate(RunBefores.java:26)
	at org.junit.internal.runners.statements.RunAfters.evaluate(RunAfters.java:27)
	at org.junit.internal.runners.statements.FailOnTimeout$CallableStatement.call(FailOnTimeout.java:298)
	at org.junit.internal.runners.statements.FailOnTimeout$CallableStatement.call(FailOnTimeout.java:292)
	at java.util.concurrent.FutureTask.run(FutureTask.java:266)
	at java.lang.Thread.run(Thread.java:748)



Test vvMode=v1v2
tr.result is 1

Test vvMode=v1v2
tr.result is -1
v1v2 test failed !!!
reconf_parameter: hbase.rpc.timeout
component: HRegionServer
v1: 1
v2: 60000
testProject: hbase
unitTest: org.apache.hadoop.hbase.rsgroup.TestRSGroupsAdmin1#testNotMoveTableToNullRSGroupWhenCreatingExistingTable
reconfPoint: 2
result: -1
failureMessage: expected:<[Name:default,  Servers:[f312c168ded2:34545, f312c168ded2:36014, f312c168ded2:39786, f312c168ded2:41786],  Tables:[hbase:meta, hbase:namespace, hbase:rsgroup], Name:master,  Servers:[],  Tables:[]]> but was:<[Name:default,  Servers:[f312c168ded2:34545, f312c168ded2:36014, f312c168ded2:41786],  Tables:[hbase:meta, hbase:namespace, hbase:rsgroup], Name:master,  Servers:[],  Tables:[]]>
stackTrace: java.lang.AssertionError: expected:<[Name:default,  Servers:[f312c168ded2:34545, f312c168ded2:36014, f312c168ded2:39786, f312c168ded2:41786],  Tables:[hbase:meta, hbase:namespace, hbase:rsgroup], Name:master,  Servers:[],  Tables:[]]> but was:<[Name:default,  Servers:[f312c168ded2:34545, f312c168ded2:36014, f312c168ded2:41786],  Tables:[hbase:meta, hbase:namespace, hbase:rsgroup], Name:master,  Servers:[],  Tables:[]]>
	at org.junit.Assert.fail(Assert.java:88)
	at org.junit.Assert.failNotEquals(Assert.java:834)
	at org.junit.Assert.assertEquals(Assert.java:118)
	at org.junit.Assert.assertEquals(Assert.java:144)
	at org.apache.hadoop.hbase.rsgroup.VerifyingRSGroupAdminClient.verify(VerifyingRSGroupAdminClient.java:134)
	at org.apache.hadoop.hbase.rsgroup.VerifyingRSGroupAdminClient.addRSGroup(VerifyingRSGroupAdminClient.java:63)
	at org.apache.hadoop.hbase.rsgroup.TestRSGroupsBase.tearDownAfterMethod(TestRSGroupsBase.java:161)
	at org.apache.hadoop.hbase.rsgroup.TestRSGroupsBase.setUpBeforeMethod(TestRSGroupsBase.java:140)
	at org.apache.hadoop.hbase.rsgroup.TestRSGroupsAdmin1.beforeMethod(TestRSGroupsAdmin1.java:86)
	at sun.reflect.NativeMethodAccessorImpl.invoke0(Native Method)
	at sun.reflect.NativeMethodAccessorImpl.invoke(NativeMethodAccessorImpl.java:62)
	at sun.reflect.DelegatingMethodAccessorImpl.invoke(DelegatingMethodAccessorImpl.java:43)
	at java.lang.reflect.Method.invoke(Method.java:498)
	at org.junit.runners.model.FrameworkMethod$1.runReflectiveCall(FrameworkMethod.java:50)
	at org.junit.internal.runners.model.ReflectiveCallable.run(ReflectiveCallable.java:12)
	at org.junit.runners.model.FrameworkMethod.invokeExplosively(FrameworkMethod.java:47)
	at org.junit.internal.runners.statements.RunBefores.evaluate(RunBefores.java:24)
	at org.junit.internal.runners.statements.RunAfters.evaluate(RunAfters.java:27)
	at org.junit.rules.TestWatcher$1.evaluate(TestWatcher.java:55)
	at org.junit.rules.RunRules.evaluate(RunRules.java:20)
	at org.junit.runners.ParentRunner.runLeaf(ParentRunner.java:325)
	at org.junit.runners.BlockJUnit4ClassRunner.runChild(BlockJUnit4ClassRunner.java:78)
	at org.junit.runners.BlockJUnit4ClassRunner.runChild(BlockJUnit4ClassRunner.java:57)
	at org.junit.runners.ParentRunner$3.run(ParentRunner.java:290)
	at org.junit.runners.ParentRunner$1.schedule(ParentRunner.java:71)
	at org.junit.runners.ParentRunner.runChildren(ParentRunner.java:288)
	at org.junit.runners.ParentRunner.access$000(ParentRunner.java:58)
	at org.junit.runners.ParentRunner$2.evaluate(ParentRunner.java:268)
	at org.junit.internal.runners.statements.RunBefores.evaluate(RunBefores.java:26)
	at org.junit.internal.runners.statements.RunAfters.evaluate(RunAfters.java:27)
	at org.junit.internal.runners.statements.FailOnTimeout$CallableStatement.call(FailOnTimeout.java:298)
	at org.junit.internal.runners.statements.FailOnTimeout$CallableStatement.call(FailOnTimeout.java:292)
	at java.util.concurrent.FutureTask.run(FutureTask.java:266)
	at java.lang.Thread.run(Thread.java:748)



Test vvMode=v1v2
tr.result is 1

Test vvMode=v1v2
tr.result is 1

Test vvMode=v1v2
tr.result is 1

Test vvMode=v1v2
tr.result is 1

Test vvMode=v1v2
tr.result is 1

Test vvMode=v1v2
tr.result is 1

Test vvMode=v1v2
tr.result is 1

Test vvMode=v1v2
tr.result is 1

Test vvMode=v1v2
tr.result is 1

Test vvMode=v1v2
tr.result is 1

Test vvMode=v1v2
tr.result is 1

Test vvMode=v1v2
tr.result is -1
v1v2 test failed !!!
reconf_parameter: hbase.rpc.timeout
component: HRegionServer
v1: 1
v2: 60000
testProject: hbase
unitTest: org.apache.hadoop.hbase.rsgroup.TestRSGroupsAdmin1#testNotMoveTableToNullRSGroupWhenCreatingExistingTable
reconfPoint: 2
result: -1
failureMessage: expected:<[Name:default,  Servers:[f312c168ded2:40908, f312c168ded2:41248, f312c168ded2:41445, f312c168ded2:46864],  Tables:[hbase:meta, hbase:namespace, hbase:rsgroup], Name:master,  Servers:[],  Tables:[]]> but was:<[Name:default,  Servers:[f312c168ded2:40908, f312c168ded2:41445, f312c168ded2:46864],  Tables:[hbase:meta, hbase:namespace, hbase:rsgroup], Name:master,  Servers:[],  Tables:[]]>
stackTrace: java.lang.AssertionError: expected:<[Name:default,  Servers:[f312c168ded2:40908, f312c168ded2:41248, f312c168ded2:41445, f312c168ded2:46864],  Tables:[hbase:meta, hbase:namespace, hbase:rsgroup], Name:master,  Servers:[],  Tables:[]]> but was:<[Name:default,  Servers:[f312c168ded2:40908, f312c168ded2:41445, f312c168ded2:46864],  Tables:[hbase:meta, hbase:namespace, hbase:rsgroup], Name:master,  Servers:[],  Tables:[]]>
	at org.junit.Assert.fail(Assert.java:88)
	at org.junit.Assert.failNotEquals(Assert.java:834)
	at org.junit.Assert.assertEquals(Assert.java:118)
	at org.junit.Assert.assertEquals(Assert.java:144)
	at org.apache.hadoop.hbase.rsgroup.VerifyingRSGroupAdminClient.verify(VerifyingRSGroupAdminClient.java:134)
	at org.apache.hadoop.hbase.rsgroup.VerifyingRSGroupAdminClient.addRSGroup(VerifyingRSGroupAdminClient.java:63)
	at org.apache.hadoop.hbase.rsgroup.TestRSGroupsBase.tearDownAfterMethod(TestRSGroupsBase.java:161)
	at org.apache.hadoop.hbase.rsgroup.TestRSGroupsBase.setUpBeforeMethod(TestRSGroupsBase.java:140)
	at org.apache.hadoop.hbase.rsgroup.TestRSGroupsAdmin1.beforeMethod(TestRSGroupsAdmin1.java:86)
	at sun.reflect.NativeMethodAccessorImpl.invoke0(Native Method)
	at sun.reflect.NativeMethodAccessorImpl.invoke(NativeMethodAccessorImpl.java:62)
	at sun.reflect.DelegatingMethodAccessorImpl.invoke(DelegatingMethodAccessorImpl.java:43)
	at java.lang.reflect.Method.invoke(Method.java:498)
	at org.junit.runners.model.FrameworkMethod$1.runReflectiveCall(FrameworkMethod.java:50)
	at org.junit.internal.runners.model.ReflectiveCallable.run(ReflectiveCallable.java:12)
	at org.junit.runners.model.FrameworkMethod.invokeExplosively(FrameworkMethod.java:47)
	at org.junit.internal.runners.statements.RunBefores.evaluate(RunBefores.java:24)
	at org.junit.internal.runners.statements.RunAfters.evaluate(RunAfters.java:27)
	at org.junit.rules.TestWatcher$1.evaluate(TestWatcher.java:55)
	at org.junit.rules.RunRules.evaluate(RunRules.java:20)
	at org.junit.runners.ParentRunner.runLeaf(ParentRunner.java:325)
	at org.junit.runners.BlockJUnit4ClassRunner.runChild(BlockJUnit4ClassRunner.java:78)
	at org.junit.runners.BlockJUnit4ClassRunner.runChild(BlockJUnit4ClassRunner.java:57)
	at org.junit.runners.ParentRunner$3.run(ParentRunner.java:290)
	at org.junit.runners.ParentRunner$1.schedule(ParentRunner.java:71)
	at org.junit.runners.ParentRunner.runChildren(ParentRunner.java:288)
	at org.junit.runners.ParentRunner.access$000(ParentRunner.java:58)
	at org.junit.runners.ParentRunner$2.evaluate(ParentRunner.java:268)
	at org.junit.internal.runners.statements.RunBefores.evaluate(RunBefores.java:26)
	at org.junit.internal.runners.statements.RunAfters.evaluate(RunAfters.java:27)
	at org.junit.internal.runners.statements.FailOnTimeout$CallableStatement.call(FailOnTimeout.java:298)
	at org.junit.internal.runners.statements.FailOnTimeout$CallableStatement.call(FailOnTimeout.java:292)
	at java.util.concurrent.FutureTask.run(FutureTask.java:266)
	at java.lang.Thread.run(Thread.java:748)



Test vvMode=v1v2
tr.result is 1

Test vvMode=v1v2
tr.result is 1

Test vvMode=v1v2
tr.result is 1

Test vvMode=v1v2
tr.result is 1

Test vvMode=v1v2
tr.result is 1

Test vvMode=v1v2
tr.result is 1

Test vvMode=v1v2
tr.result is 1

Test vvMode=v1v2
tr.result is 1

Test vvMode=v1v2
tr.result is 1

Test vvMode=v1v2
tr.result is 1

Test vvMode=v1v2
tr.result is 1

Test vvMode=v1v2
tr.result is -1
v1v2 test failed !!!
reconf_parameter: hbase.rpc.timeout
component: HRegionServer
v1: 1
v2: 60000
testProject: hbase
unitTest: org.apache.hadoop.hbase.rsgroup.TestRSGroupsAdmin1#testNotMoveTableToNullRSGroupWhenCreatingExistingTable
reconfPoint: 2
result: -1
failureMessage: expected:<[Name:default,  Servers:[f312c168ded2:34437, f312c168ded2:39884, f312c168ded2:41863, f312c168ded2:42061],  Tables:[hbase:meta, hbase:namespace, hbase:rsgroup], Name:master,  Servers:[],  Tables:[]]> but was:<[Name:default,  Servers:[f312c168ded2:39884, f312c168ded2:41863, f312c168ded2:42061],  Tables:[hbase:meta, hbase:namespace, hbase:rsgroup], Name:master,  Servers:[],  Tables:[]]>
stackTrace: java.lang.AssertionError: expected:<[Name:default,  Servers:[f312c168ded2:34437, f312c168ded2:39884, f312c168ded2:41863, f312c168ded2:42061],  Tables:[hbase:meta, hbase:namespace, hbase:rsgroup], Name:master,  Servers:[],  Tables:[]]> but was:<[Name:default,  Servers:[f312c168ded2:39884, f312c168ded2:41863, f312c168ded2:42061],  Tables:[hbase:meta, hbase:namespace, hbase:rsgroup], Name:master,  Servers:[],  Tables:[]]>
	at org.junit.Assert.fail(Assert.java:88)
	at org.junit.Assert.failNotEquals(Assert.java:834)
	at org.junit.Assert.assertEquals(Assert.java:118)
	at org.junit.Assert.assertEquals(Assert.java:144)
	at org.apache.hadoop.hbase.rsgroup.VerifyingRSGroupAdminClient.verify(VerifyingRSGroupAdminClient.java:134)
	at org.apache.hadoop.hbase.rsgroup.VerifyingRSGroupAdminClient.addRSGroup(VerifyingRSGroupAdminClient.java:63)
	at org.apache.hadoop.hbase.rsgroup.TestRSGroupsBase.tearDownAfterMethod(TestRSGroupsBase.java:161)
	at org.apache.hadoop.hbase.rsgroup.TestRSGroupsBase.setUpBeforeMethod(TestRSGroupsBase.java:140)
	at org.apache.hadoop.hbase.rsgroup.TestRSGroupsAdmin1.beforeMethod(TestRSGroupsAdmin1.java:86)
	at sun.reflect.NativeMethodAccessorImpl.invoke0(Native Method)
	at sun.reflect.NativeMethodAccessorImpl.invoke(NativeMethodAccessorImpl.java:62)
	at sun.reflect.DelegatingMethodAccessorImpl.invoke(DelegatingMethodAccessorImpl.java:43)
	at java.lang.reflect.Method.invoke(Method.java:498)
	at org.junit.runners.model.FrameworkMethod$1.runReflectiveCall(FrameworkMethod.java:50)
	at org.junit.internal.runners.model.ReflectiveCallable.run(ReflectiveCallable.java:12)
	at org.junit.runners.model.FrameworkMethod.invokeExplosively(FrameworkMethod.java:47)
	at org.junit.internal.runners.statements.RunBefores.evaluate(RunBefores.java:24)
	at org.junit.internal.runners.statements.RunAfters.evaluate(RunAfters.java:27)
	at org.junit.rules.TestWatcher$1.evaluate(TestWatcher.java:55)
	at org.junit.rules.RunRules.evaluate(RunRules.java:20)
	at org.junit.runners.ParentRunner.runLeaf(ParentRunner.java:325)
	at org.junit.runners.BlockJUnit4ClassRunner.runChild(BlockJUnit4ClassRunner.java:78)
	at org.junit.runners.BlockJUnit4ClassRunner.runChild(BlockJUnit4ClassRunner.java:57)
	at org.junit.runners.ParentRunner$3.run(ParentRunner.java:290)
	at org.junit.runners.ParentRunner$1.schedule(ParentRunner.java:71)
	at org.junit.runners.ParentRunner.runChildren(ParentRunner.java:288)
	at org.junit.runners.ParentRunner.access$000(ParentRunner.java:58)
	at org.junit.runners.ParentRunner$2.evaluate(ParentRunner.java:268)
	at org.junit.internal.runners.statements.RunBefores.evaluate(RunBefores.java:26)
	at org.junit.internal.runners.statements.RunAfters.evaluate(RunAfters.java:27)
	at org.junit.internal.runners.statements.FailOnTimeout$CallableStatement.call(FailOnTimeout.java:298)
	at org.junit.internal.runners.statements.FailOnTimeout$CallableStatement.call(FailOnTimeout.java:292)
	at java.util.concurrent.FutureTask.run(FutureTask.java:266)
	at java.lang.Thread.run(Thread.java:748)



Test vvMode=v1v2
tr.result is 1

Test vvMode=v1v2
tr.result is 1

Test vvMode=v1v2
tr.result is 1

Test vvMode=v1v2
tr.result is 1

Test vvMode=v1v2
tr.result is 1

Test vvMode=v1v2
tr.result is 1

Test vvMode=v1v2
tr.result is 1

Test vvMode=v1v2
tr.result is 1

Test vvMode=v1v2
tr.result is 1

Test vvMode=v1v2
tr.result is 1

Test vvMode=v1v2
tr.result is 1

Test vvMode=v1v2
tr.result is -1
v1v2 test failed !!!
reconf_parameter: hbase.rpc.timeout
component: HRegionServer
v1: 1
v2: 60000
testProject: hbase
unitTest: org.apache.hadoop.hbase.rsgroup.TestRSGroupsAdmin1#testNotMoveTableToNullRSGroupWhenCreatingExistingTable
reconfPoint: 2
result: -1
failureMessage: expected:<[Name:default,  Servers:[f312c168ded2:45162, f312c168ded2:45264, f312c168ded2:45668, f312c168ded2:46665],  Tables:[hbase:meta, hbase:namespace, hbase:rsgroup], Name:master,  Servers:[],  Tables:[]]> but was:<[Name:default,  Servers:[f312c168ded2:45162, f312c168ded2:45264, f312c168ded2:45668],  Tables:[hbase:meta, hbase:namespace, hbase:rsgroup], Name:master,  Servers:[],  Tables:[]]>
stackTrace: java.lang.AssertionError: expected:<[Name:default,  Servers:[f312c168ded2:45162, f312c168ded2:45264, f312c168ded2:45668, f312c168ded2:46665],  Tables:[hbase:meta, hbase:namespace, hbase:rsgroup], Name:master,  Servers:[],  Tables:[]]> but was:<[Name:default,  Servers:[f312c168ded2:45162, f312c168ded2:45264, f312c168ded2:45668],  Tables:[hbase:meta, hbase:namespace, hbase:rsgroup], Name:master,  Servers:[],  Tables:[]]>
	at org.junit.Assert.fail(Assert.java:88)
	at org.junit.Assert.failNotEquals(Assert.java:834)
	at org.junit.Assert.assertEquals(Assert.java:118)
	at org.junit.Assert.assertEquals(Assert.java:144)
	at org.apache.hadoop.hbase.rsgroup.VerifyingRSGroupAdminClient.verify(VerifyingRSGroupAdminClient.java:134)
	at org.apache.hadoop.hbase.rsgroup.VerifyingRSGroupAdminClient.addRSGroup(VerifyingRSGroupAdminClient.java:63)
	at org.apache.hadoop.hbase.rsgroup.TestRSGroupsBase.tearDownAfterMethod(TestRSGroupsBase.java:161)
	at org.apache.hadoop.hbase.rsgroup.TestRSGroupsBase.setUpBeforeMethod(TestRSGroupsBase.java:140)
	at org.apache.hadoop.hbase.rsgroup.TestRSGroupsAdmin1.beforeMethod(TestRSGroupsAdmin1.java:86)
	at sun.reflect.NativeMethodAccessorImpl.invoke0(Native Method)
	at sun.reflect.NativeMethodAccessorImpl.invoke(NativeMethodAccessorImpl.java:62)
	at sun.reflect.DelegatingMethodAccessorImpl.invoke(DelegatingMethodAccessorImpl.java:43)
	at java.lang.reflect.Method.invoke(Method.java:498)
	at org.junit.runners.model.FrameworkMethod$1.runReflectiveCall(FrameworkMethod.java:50)
	at org.junit.internal.runners.model.ReflectiveCallable.run(ReflectiveCallable.java:12)
	at org.junit.runners.model.FrameworkMethod.invokeExplosively(FrameworkMethod.java:47)
	at org.junit.internal.runners.statements.RunBefores.evaluate(RunBefores.java:24)
	at org.junit.internal.runners.statements.RunAfters.evaluate(RunAfters.java:27)
	at org.junit.rules.TestWatcher$1.evaluate(TestWatcher.java:55)
	at org.junit.rules.RunRules.evaluate(RunRules.java:20)
	at org.junit.runners.ParentRunner.runLeaf(ParentRunner.java:325)
	at org.junit.runners.BlockJUnit4ClassRunner.runChild(BlockJUnit4ClassRunner.java:78)
	at org.junit.runners.BlockJUnit4ClassRunner.runChild(BlockJUnit4ClassRunner.java:57)
	at org.junit.runners.ParentRunner$3.run(ParentRunner.java:290)
	at org.junit.runners.ParentRunner$1.schedule(ParentRunner.java:71)
	at org.junit.runners.ParentRunner.runChildren(ParentRunner.java:288)
	at org.junit.runners.ParentRunner.access$000(ParentRunner.java:58)
	at org.junit.runners.ParentRunner$2.evaluate(ParentRunner.java:268)
	at org.junit.internal.runners.statements.RunBefores.evaluate(RunBefores.java:26)
	at org.junit.internal.runners.statements.RunAfters.evaluate(RunAfters.java:27)
	at org.junit.internal.runners.statements.FailOnTimeout$CallableStatement.call(FailOnTimeout.java:298)
	at org.junit.internal.runners.statements.FailOnTimeout$CallableStatement.call(FailOnTimeout.java:292)
	at java.util.concurrent.FutureTask.run(FutureTask.java:266)
	at java.lang.Thread.run(Thread.java:748)



Test vvMode=v1v2
tr.result is 1

Test vvMode=v1v2
tr.result is 1

Test vvMode=v1v2
tr.result is 1

Test vvMode=v1v2
tr.result is 1

Test vvMode=v1v2
tr.result is -1
v1v2 test failed !!!
reconf_parameter: hbase.rpc.timeout
component: HRegionServer
v1: 1
v2: 60000
testProject: hbase
unitTest: org.apache.hadoop.hbase.rsgroup.TestRSGroupsAdmin1#testNotMoveTableToNullRSGroupWhenCreatingExistingTable
reconfPoint: 2
result: -1
failureMessage: expected:<[Name:default,  Servers:[f312c168ded2:32920, f312c168ded2:39728, f312c168ded2:40139, f312c168ded2:46753],  Tables:[hbase:meta, hbase:namespace, hbase:rsgroup], Name:master,  Servers:[],  Tables:[]]> but was:<[Name:default,  Servers:[f312c168ded2:32920, f312c168ded2:40139, f312c168ded2:46753],  Tables:[hbase:meta, hbase:namespace, hbase:rsgroup], Name:master,  Servers:[],  Tables:[]]>
stackTrace: java.lang.AssertionError: expected:<[Name:default,  Servers:[f312c168ded2:32920, f312c168ded2:39728, f312c168ded2:40139, f312c168ded2:46753],  Tables:[hbase:meta, hbase:namespace, hbase:rsgroup], Name:master,  Servers:[],  Tables:[]]> but was:<[Name:default,  Servers:[f312c168ded2:32920, f312c168ded2:40139, f312c168ded2:46753],  Tables:[hbase:meta, hbase:namespace, hbase:rsgroup], Name:master,  Servers:[],  Tables:[]]>
	at org.junit.Assert.fail(Assert.java:88)
	at org.junit.Assert.failNotEquals(Assert.java:834)
	at org.junit.Assert.assertEquals(Assert.java:118)
	at org.junit.Assert.assertEquals(Assert.java:144)
	at org.apache.hadoop.hbase.rsgroup.VerifyingRSGroupAdminClient.verify(VerifyingRSGroupAdminClient.java:134)
	at org.apache.hadoop.hbase.rsgroup.VerifyingRSGroupAdminClient.addRSGroup(VerifyingRSGroupAdminClient.java:63)
	at org.apache.hadoop.hbase.rsgroup.TestRSGroupsBase.tearDownAfterMethod(TestRSGroupsBase.java:161)
	at org.apache.hadoop.hbase.rsgroup.TestRSGroupsBase.setUpBeforeMethod(TestRSGroupsBase.java:140)
	at org.apache.hadoop.hbase.rsgroup.TestRSGroupsAdmin1.beforeMethod(TestRSGroupsAdmin1.java:86)
	at sun.reflect.NativeMethodAccessorImpl.invoke0(Native Method)
	at sun.reflect.NativeMethodAccessorImpl.invoke(NativeMethodAccessorImpl.java:62)
	at sun.reflect.DelegatingMethodAccessorImpl.invoke(DelegatingMethodAccessorImpl.java:43)
	at java.lang.reflect.Method.invoke(Method.java:498)
	at org.junit.runners.model.FrameworkMethod$1.runReflectiveCall(FrameworkMethod.java:50)
	at org.junit.internal.runners.model.ReflectiveCallable.run(ReflectiveCallable.java:12)
	at org.junit.runners.model.FrameworkMethod.invokeExplosively(FrameworkMethod.java:47)
	at org.junit.internal.runners.statements.RunBefores.evaluate(RunBefores.java:24)
	at org.junit.internal.runners.statements.RunAfters.evaluate(RunAfters.java:27)
	at org.junit.rules.TestWatcher$1.evaluate(TestWatcher.java:55)
	at org.junit.rules.RunRules.evaluate(RunRules.java:20)
	at org.junit.runners.ParentRunner.runLeaf(ParentRunner.java:325)
	at org.junit.runners.BlockJUnit4ClassRunner.runChild(BlockJUnit4ClassRunner.java:78)
	at org.junit.runners.BlockJUnit4ClassRunner.runChild(BlockJUnit4ClassRunner.java:57)
	at org.junit.runners.ParentRunner$3.run(ParentRunner.java:290)
	at org.junit.runners.ParentRunner$1.schedule(ParentRunner.java:71)
	at org.junit.runners.ParentRunner.runChildren(ParentRunner.java:288)
	at org.junit.runners.ParentRunner.access$000(ParentRunner.java:58)
	at org.junit.runners.ParentRunner$2.evaluate(ParentRunner.java:268)
	at org.junit.internal.runners.statements.RunBefores.evaluate(RunBefores.java:26)
	at org.junit.internal.runners.statements.RunAfters.evaluate(RunAfters.java:27)
	at org.junit.internal.runners.statements.FailOnTimeout$CallableStatement.call(FailOnTimeout.java:298)
	at org.junit.internal.runners.statements.FailOnTimeout$CallableStatement.call(FailOnTimeout.java:292)
	at java.util.concurrent.FutureTask.run(FutureTask.java:266)
	at java.lang.Thread.run(Thread.java:748)



Test vvMode=v1v2
tr.result is 1

Test vvMode=v1v2
tr.result is 1

Test vvMode=v1v2
tr.result is 1

Test vvMode=v1v2
tr.result is 1

Test vvMode=v1v2
tr.result is 1

Test vvMode=v1v2
tr.result is 1

Test vvMode=v1v1
tr.result is 1

Test vvMode=v2v2
tr.result is 1

Test vvMode=v1v1
tr.result is 1

Test vvMode=v2v2
tr.result is 1

Test vvMode=v1v1
tr.result is 1

Test vvMode=v2v2
tr.result is 1

Test vvMode=v1v1
tr.result is 1

Test vvMode=v2v2
tr.result is 1

Test vvMode=v1v1
tr.result is 1

Test vvMode=v2v2
tr.result is 1

Test vvMode=v1v1
tr.result is 1

Test vvMode=v2v2
tr.result is 1

Test vvMode=v1v1
tr.result is 1

Test vvMode=v2v2
tr.result is 1

Test vvMode=v1v1
tr.result is 1

Test vvMode=v2v2
tr.result is 1

Test vvMode=v1v1
tr.result is 1

Test vvMode=v2v2
tr.result is 1

Test vvMode=v1v1
tr.result is 1

Test vvMode=v2v2
tr.result is 1

Test vvMode=v1v1
tr.result is 1

Test vvMode=v2v2
tr.result is 1

Test vvMode=v1v1
tr.result is 1

Test vvMode=v2v2
tr.result is 1

Test vvMode=v1v1
tr.result is 1

Test vvMode=v2v2
tr.result is 1

Test vvMode=v1v1
tr.result is 1

Test vvMode=v2v2
tr.result is 1

Test vvMode=v1v1
tr.result is 1

Test vvMode=v2v2
tr.result is 1

Test vvMode=v1v1
tr.result is 1

Test vvMode=v2v2
tr.result is 1

Test vvMode=v1v1
tr.result is 1

Test vvMode=v2v2
tr.result is 1

Test vvMode=v1v1
tr.result is 1

Test vvMode=v2v2
tr.result is 1

Test vvMode=v1v1
tr.result is 1

Test vvMode=v2v2
tr.result is 1

Test vvMode=v1v1
tr.result is 1

Test vvMode=v2v2
tr.result is 1

Test vvMode=v1v1
tr.result is 1

Test vvMode=v2v2
tr.result is 1

Test vvMode=v1v1
tr.result is -1

Test vvMode=v2v2
tr.result is 1
v1v1 or v2v2 test failed !!!
reconf_parameter: hbase.rpc.timeout
component: HRegionServer
v1: 1
v2: 60000
testProject: hbase
unitTest: org.apache.hadoop.hbase.rsgroup.TestRSGroupsAdmin1#testNotMoveTableToNullRSGroupWhenCreatingExistingTable
reconfPoint: 2
result: -1
failureMessage: expected:<[Name:default,  Servers:[f312c168ded2:33373, f312c168ded2:35568, f312c168ded2:37231, f312c168ded2:41386],  Tables:[hbase:meta, hbase:namespace, hbase:rsgroup], Name:master,  Servers:[],  Tables:[]]> but was:<[Name:default,  Servers:[f312c168ded2:33373, f312c168ded2:35568, f312c168ded2:41386],  Tables:[hbase:meta, hbase:namespace, hbase:rsgroup], Name:master,  Servers:[],  Tables:[]]>
stackTrace: java.lang.AssertionError: expected:<[Name:default,  Servers:[f312c168ded2:33373, f312c168ded2:35568, f312c168ded2:37231, f312c168ded2:41386],  Tables:[hbase:meta, hbase:namespace, hbase:rsgroup], Name:master,  Servers:[],  Tables:[]]> but was:<[Name:default,  Servers:[f312c168ded2:33373, f312c168ded2:35568, f312c168ded2:41386],  Tables:[hbase:meta, hbase:namespace, hbase:rsgroup], Name:master,  Servers:[],  Tables:[]]>
	at org.junit.Assert.fail(Assert.java:88)
	at org.junit.Assert.failNotEquals(Assert.java:834)
	at org.junit.Assert.assertEquals(Assert.java:118)
	at org.junit.Assert.assertEquals(Assert.java:144)
	at org.apache.hadoop.hbase.rsgroup.VerifyingRSGroupAdminClient.verify(VerifyingRSGroupAdminClient.java:134)
	at org.apache.hadoop.hbase.rsgroup.VerifyingRSGroupAdminClient.addRSGroup(VerifyingRSGroupAdminClient.java:63)
	at org.apache.hadoop.hbase.rsgroup.TestRSGroupsBase.tearDownAfterMethod(TestRSGroupsBase.java:161)
	at org.apache.hadoop.hbase.rsgroup.TestRSGroupsBase.setUpBeforeMethod(TestRSGroupsBase.java:140)
	at org.apache.hadoop.hbase.rsgroup.TestRSGroupsAdmin1.beforeMethod(TestRSGroupsAdmin1.java:86)
	at sun.reflect.NativeMethodAccessorImpl.invoke0(Native Method)
	at sun.reflect.NativeMethodAccessorImpl.invoke(NativeMethodAccessorImpl.java:62)
	at sun.reflect.DelegatingMethodAccessorImpl.invoke(DelegatingMethodAccessorImpl.java:43)
	at java.lang.reflect.Method.invoke(Method.java:498)
	at org.junit.runners.model.FrameworkMethod$1.runReflectiveCall(FrameworkMethod.java:50)
	at org.junit.internal.runners.model.ReflectiveCallable.run(ReflectiveCallable.java:12)
	at org.junit.runners.model.FrameworkMethod.invokeExplosively(FrameworkMethod.java:47)
	at org.junit.internal.runners.statements.RunBefores.evaluate(RunBefores.java:24)
	at org.junit.internal.runners.statements.RunAfters.evaluate(RunAfters.java:27)
	at org.junit.rules.TestWatcher$1.evaluate(TestWatcher.java:55)
	at org.junit.rules.RunRules.evaluate(RunRules.java:20)
	at org.junit.runners.ParentRunner.runLeaf(ParentRunner.java:325)
	at org.junit.runners.BlockJUnit4ClassRunner.runChild(BlockJUnit4ClassRunner.java:78)
	at org.junit.runners.BlockJUnit4ClassRunner.runChild(BlockJUnit4ClassRunner.java:57)
	at org.junit.runners.ParentRunner$3.run(ParentRunner.java:290)
	at org.junit.runners.ParentRunner$1.schedule(ParentRunner.java:71)
	at org.junit.runners.ParentRunner.runChildren(ParentRunner.java:288)
	at org.junit.runners.ParentRunner.access$000(ParentRunner.java:58)
	at org.junit.runners.ParentRunner$2.evaluate(ParentRunner.java:268)
	at org.junit.internal.runners.statements.RunBefores.evaluate(RunBefores.java:26)
	at org.junit.internal.runners.statements.RunAfters.evaluate(RunAfters.java:27)
	at org.junit.internal.runners.statements.FailOnTimeout$CallableStatement.call(FailOnTimeout.java:298)
	at org.junit.internal.runners.statements.FailOnTimeout$CallableStatement.call(FailOnTimeout.java:292)
	at java.util.concurrent.FutureTask.run(FutureTask.java:266)
	at java.lang.Thread.run(Thread.java:748)



Test vvMode=v1v1
tr.result is -1

Test vvMode=v2v2
tr.result is 1
v1v1 or v2v2 test failed !!!
reconf_parameter: hbase.rpc.timeout
component: HRegionServer
v1: 1
v2: 60000
testProject: hbase
unitTest: org.apache.hadoop.hbase.rsgroup.TestRSGroupsAdmin1#testNotMoveTableToNullRSGroupWhenCreatingExistingTable
reconfPoint: 2
result: -1
failureMessage: expected:<[Name:default,  Servers:[f312c168ded2:33795, f312c168ded2:36603, f312c168ded2:39131, f312c168ded2:45409],  Tables:[hbase:meta, hbase:namespace, hbase:rsgroup], Name:master,  Servers:[],  Tables:[]]> but was:<[Name:default,  Servers:[f312c168ded2:33795, f312c168ded2:36603, f312c168ded2:39131],  Tables:[hbase:meta, hbase:namespace, hbase:rsgroup], Name:master,  Servers:[],  Tables:[]]>
stackTrace: java.lang.AssertionError: expected:<[Name:default,  Servers:[f312c168ded2:33795, f312c168ded2:36603, f312c168ded2:39131, f312c168ded2:45409],  Tables:[hbase:meta, hbase:namespace, hbase:rsgroup], Name:master,  Servers:[],  Tables:[]]> but was:<[Name:default,  Servers:[f312c168ded2:33795, f312c168ded2:36603, f312c168ded2:39131],  Tables:[hbase:meta, hbase:namespace, hbase:rsgroup], Name:master,  Servers:[],  Tables:[]]>
	at org.junit.Assert.fail(Assert.java:88)
	at org.junit.Assert.failNotEquals(Assert.java:834)
	at org.junit.Assert.assertEquals(Assert.java:118)
	at org.junit.Assert.assertEquals(Assert.java:144)
	at org.apache.hadoop.hbase.rsgroup.VerifyingRSGroupAdminClient.verify(VerifyingRSGroupAdminClient.java:134)
	at org.apache.hadoop.hbase.rsgroup.VerifyingRSGroupAdminClient.addRSGroup(VerifyingRSGroupAdminClient.java:63)
	at org.apache.hadoop.hbase.rsgroup.TestRSGroupsBase.tearDownAfterMethod(TestRSGroupsBase.java:161)
	at org.apache.hadoop.hbase.rsgroup.TestRSGroupsBase.setUpBeforeMethod(TestRSGroupsBase.java:140)
	at org.apache.hadoop.hbase.rsgroup.TestRSGroupsAdmin1.beforeMethod(TestRSGroupsAdmin1.java:86)
	at sun.reflect.NativeMethodAccessorImpl.invoke0(Native Method)
	at sun.reflect.NativeMethodAccessorImpl.invoke(NativeMethodAccessorImpl.java:62)
	at sun.reflect.DelegatingMethodAccessorImpl.invoke(DelegatingMethodAccessorImpl.java:43)
	at java.lang.reflect.Method.invoke(Method.java:498)
	at org.junit.runners.model.FrameworkMethod$1.runReflectiveCall(FrameworkMethod.java:50)
	at org.junit.internal.runners.model.ReflectiveCallable.run(ReflectiveCallable.java:12)
	at org.junit.runners.model.FrameworkMethod.invokeExplosively(FrameworkMethod.java:47)
	at org.junit.internal.runners.statements.RunBefores.evaluate(RunBefores.java:24)
	at org.junit.internal.runners.statements.RunAfters.evaluate(RunAfters.java:27)
	at org.junit.rules.TestWatcher$1.evaluate(TestWatcher.java:55)
	at org.junit.rules.RunRules.evaluate(RunRules.java:20)
	at org.junit.runners.ParentRunner.runLeaf(ParentRunner.java:325)
	at org.junit.runners.BlockJUnit4ClassRunner.runChild(BlockJUnit4ClassRunner.java:78)
	at org.junit.runners.BlockJUnit4ClassRunner.runChild(BlockJUnit4ClassRunner.java:57)
	at org.junit.runners.ParentRunner$3.run(ParentRunner.java:290)
	at org.junit.runners.ParentRunner$1.schedule(ParentRunner.java:71)
	at org.junit.runners.ParentRunner.runChildren(ParentRunner.java:288)
	at org.junit.runners.ParentRunner.access$000(ParentRunner.java:58)
	at org.junit.runners.ParentRunner$2.evaluate(ParentRunner.java:268)
	at org.junit.internal.runners.statements.RunBefores.evaluate(RunBefores.java:26)
	at org.junit.internal.runners.statements.RunAfters.evaluate(RunAfters.java:27)
	at org.junit.internal.runners.statements.FailOnTimeout$CallableStatement.call(FailOnTimeout.java:298)
	at org.junit.internal.runners.statements.FailOnTimeout$CallableStatement.call(FailOnTimeout.java:292)
	at java.util.concurrent.FutureTask.run(FutureTask.java:266)
	at java.lang.Thread.run(Thread.java:748)



Test vvMode=v1v1
tr.result is 1

Test vvMode=v2v2
tr.result is 1

Test vvMode=v1v1
tr.result is 1

Test vvMode=v2v2
tr.result is 1

Test vvMode=v1v1
tr.result is 1

Test vvMode=v2v2
tr.result is 1

Test vvMode=v1v1
tr.result is 1

Test vvMode=v2v2
tr.result is 1

Test vvMode=v1v1
tr.result is 1

Test vvMode=v2v2
tr.result is 1

Test vvMode=v1v1
tr.result is 1

Test vvMode=v2v2
tr.result is 1

Test vvMode=v1v1
tr.result is 1

Test vvMode=v2v2
tr.result is 1

Test vvMode=v1v1
tr.result is 1

Test vvMode=v2v2
tr.result is 1

Test vvMode=v1v1
tr.result is 1

Test vvMode=v2v2
tr.result is 1

Test vvMode=v1v1
tr.result is 1

Test vvMode=v2v2
tr.result is 1

Test vvMode=v1v1
tr.result is 1

Test vvMode=v2v2
tr.result is 1

Test vvMode=v1v1
tr.result is 1

Test vvMode=v2v2
tr.result is 1

Test vvMode=v1v1
tr.result is 1

Test vvMode=v2v2
tr.result is 1

Test vvMode=v1v1
tr.result is 1

Test vvMode=v2v2
tr.result is 1

Test vvMode=v1v1
tr.result is 1

Test vvMode=v2v2
tr.result is 1

Test vvMode=v1v1
tr.result is 1

Test vvMode=v2v2
tr.result is 1

Test vvMode=v1v1
tr.result is 1

Test vvMode=v2v2
tr.result is 1

Test vvMode=v1v1
tr.result is 1

Test vvMode=v2v2
tr.result is 1

Test vvMode=v1v1
tr.result is 1

Test vvMode=v2v2
tr.result is 1

Test vvMode=v1v1
tr.result is 1

Test vvMode=v2v2
tr.result is 1

Test vvMode=v1v1
tr.result is 1

Test vvMode=v2v2
tr.result is 1

Test vvMode=v1v1
tr.result is 1

Test vvMode=v2v2
tr.result is 1

Test vvMode=v1v1
tr.result is 1

Test vvMode=v2v2
tr.result is 1

Test vvMode=v1v1
tr.result is 1

Test vvMode=v2v2
tr.result is 1

Test vvMode=v1v1
tr.result is 1

Test vvMode=v2v2
tr.result is 1

Test vvMode=v1v1
tr.result is 1

Test vvMode=v2v2
tr.result is 1

Test vvMode=v1v1
tr.result is 1

Test vvMode=v2v2
tr.result is 1
v1v2 failed with probability 6 out of 50
v1v1v2v2 failed with probability 2 out of 50
result: might be true error
Total execution time in seconds : 11625
