reconf_parameter: dfs.blockreport.incremental.intervalMsec
component: DataNode
v1: 0
v2: 1000
testProject: hdfs
unitTest: org.apache.hadoop.hdfs.TestReconstructStripedFile#testRecoverAllParityBlocks
reconfPoint: -1
result: -1

Test vvMode=v1v2
tr.result is -1
v1v2 test failed !!!
reconf_parameter: dfs.blockreport.incremental.intervalMsec
component: DataNode
v1: 0
v2: 1000
testProject: hdfs
unitTest: org.apache.hadoop.hdfs.TestReconstructStripedFile#testRecoverAllParityBlocks
reconfPoint: -1
result: -1
failureMessage: expected:<2> but was:<1>
stackTrace: java.lang.AssertionError: expected:<2> but was:<1>
	at org.junit.Assert.fail(Assert.java:88)
	at org.junit.Assert.failNotEquals(Assert.java:743)
	at org.junit.Assert.assertEquals(Assert.java:118)
	at org.junit.Assert.assertEquals(Assert.java:555)
	at org.junit.Assert.assertEquals(Assert.java:542)
	at org.apache.hadoop.hdfs.TestReconstructStripedFile.assertFileBlocksReconstruction(TestReconstructStripedFile.java:372)
	at org.apache.hadoop.hdfs.TestReconstructStripedFile.testRecoverAllParityBlocks(TestReconstructStripedFile.java:180)
	at sun.reflect.NativeMethodAccessorImpl.invoke0(Native Method)
	at sun.reflect.NativeMethodAccessorImpl.invoke(NativeMethodAccessorImpl.java:62)
	at sun.reflect.DelegatingMethodAccessorImpl.invoke(DelegatingMethodAccessorImpl.java:43)
	at java.lang.reflect.Method.invoke(Method.java:498)
	at org.junit.runners.model.FrameworkMethod$1.runReflectiveCall(FrameworkMethod.java:47)
	at org.junit.internal.runners.model.ReflectiveCallable.run(ReflectiveCallable.java:12)
	at org.junit.runners.model.FrameworkMethod.invokeExplosively(FrameworkMethod.java:44)
	at org.junit.internal.runners.statements.InvokeMethod.evaluate(InvokeMethod.java:17)
	at org.junit.internal.runners.statements.FailOnTimeout$StatementThread.run(FailOnTimeout.java:74)



Test vvMode=v1v2
tr.result is 1

Test vvMode=v1v2
tr.result is 1

Test vvMode=v1v2
tr.result is 1

Test vvMode=v1v2
tr.result is 1

Test vvMode=v1v2
tr.result is 1

Test vvMode=v1v2
tr.result is 1

Test vvMode=v1v2
tr.result is 1

Test vvMode=v1v2
tr.result is -1
v1v2 test failed !!!
reconf_parameter: dfs.blockreport.incremental.intervalMsec
component: DataNode
v1: 0
v2: 1000
testProject: hdfs
unitTest: org.apache.hadoop.hdfs.TestReconstructStripedFile#testRecoverAllParityBlocks
reconfPoint: -1
result: -1
failureMessage: expected:<3> but was:<2>
stackTrace: java.lang.AssertionError: expected:<3> but was:<2>
	at org.junit.Assert.fail(Assert.java:88)
	at org.junit.Assert.failNotEquals(Assert.java:743)
	at org.junit.Assert.assertEquals(Assert.java:118)
	at org.junit.Assert.assertEquals(Assert.java:555)
	at org.junit.Assert.assertEquals(Assert.java:542)
	at org.apache.hadoop.hdfs.TestReconstructStripedFile.assertFileBlocksReconstruction(TestReconstructStripedFile.java:372)
	at org.apache.hadoop.hdfs.TestReconstructStripedFile.testRecoverAllParityBlocks(TestReconstructStripedFile.java:180)
	at sun.reflect.NativeMethodAccessorImpl.invoke0(Native Method)
	at sun.reflect.NativeMethodAccessorImpl.invoke(NativeMethodAccessorImpl.java:62)
	at sun.reflect.DelegatingMethodAccessorImpl.invoke(DelegatingMethodAccessorImpl.java:43)
	at java.lang.reflect.Method.invoke(Method.java:498)
	at org.junit.runners.model.FrameworkMethod$1.runReflectiveCall(FrameworkMethod.java:47)
	at org.junit.internal.runners.model.ReflectiveCallable.run(ReflectiveCallable.java:12)
	at org.junit.runners.model.FrameworkMethod.invokeExplosively(FrameworkMethod.java:44)
	at org.junit.internal.runners.statements.InvokeMethod.evaluate(InvokeMethod.java:17)
	at org.junit.internal.runners.statements.FailOnTimeout$StatementThread.run(FailOnTimeout.java:74)



Test vvMode=v1v2
tr.result is 1

Test vvMode=v1v2
tr.result is -1
v1v2 test failed !!!
reconf_parameter: dfs.blockreport.incremental.intervalMsec
component: DataNode
v1: 0
v2: 1000
testProject: hdfs
unitTest: org.apache.hadoop.hdfs.TestReconstructStripedFile#testRecoverAllParityBlocks
reconfPoint: -1
result: -1
failureMessage: expected:<2> but was:<1>
stackTrace: java.lang.AssertionError: expected:<2> but was:<1>
	at org.junit.Assert.fail(Assert.java:88)
	at org.junit.Assert.failNotEquals(Assert.java:743)
	at org.junit.Assert.assertEquals(Assert.java:118)
	at org.junit.Assert.assertEquals(Assert.java:555)
	at org.junit.Assert.assertEquals(Assert.java:542)
	at org.apache.hadoop.hdfs.TestReconstructStripedFile.assertFileBlocksReconstruction(TestReconstructStripedFile.java:372)
	at org.apache.hadoop.hdfs.TestReconstructStripedFile.testRecoverAllParityBlocks(TestReconstructStripedFile.java:180)
	at sun.reflect.NativeMethodAccessorImpl.invoke0(Native Method)
	at sun.reflect.NativeMethodAccessorImpl.invoke(NativeMethodAccessorImpl.java:62)
	at sun.reflect.DelegatingMethodAccessorImpl.invoke(DelegatingMethodAccessorImpl.java:43)
	at java.lang.reflect.Method.invoke(Method.java:498)
	at org.junit.runners.model.FrameworkMethod$1.runReflectiveCall(FrameworkMethod.java:47)
	at org.junit.internal.runners.model.ReflectiveCallable.run(ReflectiveCallable.java:12)
	at org.junit.runners.model.FrameworkMethod.invokeExplosively(FrameworkMethod.java:44)
	at org.junit.internal.runners.statements.InvokeMethod.evaluate(InvokeMethod.java:17)
	at org.junit.internal.runners.statements.FailOnTimeout$StatementThread.run(FailOnTimeout.java:74)



Test vvMode=v1v2
tr.result is -1
v1v2 test failed !!!
reconf_parameter: dfs.blockreport.incremental.intervalMsec
component: DataNode
v1: 0
v2: 1000
testProject: hdfs
unitTest: org.apache.hadoop.hdfs.TestReconstructStripedFile#testRecoverAllParityBlocks
reconfPoint: -1
result: -1
failureMessage: Time out waiting for EC block reconstruction.
stackTrace: java.io.IOException: Time out waiting for EC block reconstruction.
	at org.apache.hadoop.hdfs.StripedFileTestUtil.waitForReconstructionFinished(StripedFileTestUtil.java:540)
	at org.apache.hadoop.hdfs.TestReconstructStripedFile.assertFileBlocksReconstruction(TestReconstructStripedFile.java:382)
	at org.apache.hadoop.hdfs.TestReconstructStripedFile.testRecoverAllParityBlocks(TestReconstructStripedFile.java:180)
	at sun.reflect.NativeMethodAccessorImpl.invoke0(Native Method)
	at sun.reflect.NativeMethodAccessorImpl.invoke(NativeMethodAccessorImpl.java:62)
	at sun.reflect.DelegatingMethodAccessorImpl.invoke(DelegatingMethodAccessorImpl.java:43)
	at java.lang.reflect.Method.invoke(Method.java:498)
	at org.junit.runners.model.FrameworkMethod$1.runReflectiveCall(FrameworkMethod.java:47)
	at org.junit.internal.runners.model.ReflectiveCallable.run(ReflectiveCallable.java:12)
	at org.junit.runners.model.FrameworkMethod.invokeExplosively(FrameworkMethod.java:44)
	at org.junit.internal.runners.statements.InvokeMethod.evaluate(InvokeMethod.java:17)
	at org.junit.internal.runners.statements.FailOnTimeout$StatementThread.run(FailOnTimeout.java:74)



Test vvMode=v1v2
tr.result is 1

Test vvMode=v1v2
tr.result is 1

Test vvMode=v1v2
tr.result is 1

Test vvMode=v1v2
tr.result is 1

Test vvMode=v1v2
tr.result is 1

Test vvMode=v1v2
tr.result is -1
v1v2 test failed !!!
reconf_parameter: dfs.blockreport.incremental.intervalMsec
component: DataNode
v1: 0
v2: 1000
testProject: hdfs
unitTest: org.apache.hadoop.hdfs.TestReconstructStripedFile#testRecoverAllParityBlocks
reconfPoint: -1
result: -1
failureMessage: Time out waiting for EC block reconstruction.
stackTrace: java.io.IOException: Time out waiting for EC block reconstruction.
	at org.apache.hadoop.hdfs.StripedFileTestUtil.waitForReconstructionFinished(StripedFileTestUtil.java:540)
	at org.apache.hadoop.hdfs.TestReconstructStripedFile.assertFileBlocksReconstruction(TestReconstructStripedFile.java:382)
	at org.apache.hadoop.hdfs.TestReconstructStripedFile.testRecoverAllParityBlocks(TestReconstructStripedFile.java:180)
	at sun.reflect.NativeMethodAccessorImpl.invoke0(Native Method)
	at sun.reflect.NativeMethodAccessorImpl.invoke(NativeMethodAccessorImpl.java:62)
	at sun.reflect.DelegatingMethodAccessorImpl.invoke(DelegatingMethodAccessorImpl.java:43)
	at java.lang.reflect.Method.invoke(Method.java:498)
	at org.junit.runners.model.FrameworkMethod$1.runReflectiveCall(FrameworkMethod.java:47)
	at org.junit.internal.runners.model.ReflectiveCallable.run(ReflectiveCallable.java:12)
	at org.junit.runners.model.FrameworkMethod.invokeExplosively(FrameworkMethod.java:44)
	at org.junit.internal.runners.statements.InvokeMethod.evaluate(InvokeMethod.java:17)
	at org.junit.internal.runners.statements.FailOnTimeout$StatementThread.run(FailOnTimeout.java:74)



Test vvMode=v1v2
tr.result is 1

Test vvMode=v1v2
tr.result is -1
v1v2 test failed !!!
reconf_parameter: dfs.blockreport.incremental.intervalMsec
component: DataNode
v1: 0
v2: 1000
testProject: hdfs
unitTest: org.apache.hadoop.hdfs.TestReconstructStripedFile#testRecoverAllParityBlocks
reconfPoint: -1
result: -1
failureMessage: Time out waiting for EC block reconstruction.
stackTrace: java.io.IOException: Time out waiting for EC block reconstruction.
	at org.apache.hadoop.hdfs.StripedFileTestUtil.waitForReconstructionFinished(StripedFileTestUtil.java:540)
	at org.apache.hadoop.hdfs.TestReconstructStripedFile.assertFileBlocksReconstruction(TestReconstructStripedFile.java:382)
	at org.apache.hadoop.hdfs.TestReconstructStripedFile.testRecoverAllParityBlocks(TestReconstructStripedFile.java:180)
	at sun.reflect.NativeMethodAccessorImpl.invoke0(Native Method)
	at sun.reflect.NativeMethodAccessorImpl.invoke(NativeMethodAccessorImpl.java:62)
	at sun.reflect.DelegatingMethodAccessorImpl.invoke(DelegatingMethodAccessorImpl.java:43)
	at java.lang.reflect.Method.invoke(Method.java:498)
	at org.junit.runners.model.FrameworkMethod$1.runReflectiveCall(FrameworkMethod.java:47)
	at org.junit.internal.runners.model.ReflectiveCallable.run(ReflectiveCallable.java:12)
	at org.junit.runners.model.FrameworkMethod.invokeExplosively(FrameworkMethod.java:44)
	at org.junit.internal.runners.statements.InvokeMethod.evaluate(InvokeMethod.java:17)
	at org.junit.internal.runners.statements.FailOnTimeout$StatementThread.run(FailOnTimeout.java:74)



Test vvMode=v1v2
tr.result is -1
v1v2 test failed !!!
reconf_parameter: dfs.blockreport.incremental.intervalMsec
component: DataNode
v1: 0
v2: 1000
testProject: hdfs
unitTest: org.apache.hadoop.hdfs.TestReconstructStripedFile#testRecoverAllParityBlocks
reconfPoint: -1
result: -1
failureMessage: expected:<3> but was:<1>
stackTrace: java.lang.AssertionError: expected:<3> but was:<1>
	at org.junit.Assert.fail(Assert.java:88)
	at org.junit.Assert.failNotEquals(Assert.java:743)
	at org.junit.Assert.assertEquals(Assert.java:118)
	at org.junit.Assert.assertEquals(Assert.java:555)
	at org.junit.Assert.assertEquals(Assert.java:542)
	at org.apache.hadoop.hdfs.TestReconstructStripedFile.assertFileBlocksReconstruction(TestReconstructStripedFile.java:372)
	at org.apache.hadoop.hdfs.TestReconstructStripedFile.testRecoverAllParityBlocks(TestReconstructStripedFile.java:180)
	at sun.reflect.NativeMethodAccessorImpl.invoke0(Native Method)
	at sun.reflect.NativeMethodAccessorImpl.invoke(NativeMethodAccessorImpl.java:62)
	at sun.reflect.DelegatingMethodAccessorImpl.invoke(DelegatingMethodAccessorImpl.java:43)
	at java.lang.reflect.Method.invoke(Method.java:498)
	at org.junit.runners.model.FrameworkMethod$1.runReflectiveCall(FrameworkMethod.java:47)
	at org.junit.internal.runners.model.ReflectiveCallable.run(ReflectiveCallable.java:12)
	at org.junit.runners.model.FrameworkMethod.invokeExplosively(FrameworkMethod.java:44)
	at org.junit.internal.runners.statements.InvokeMethod.evaluate(InvokeMethod.java:17)
	at org.junit.internal.runners.statements.FailOnTimeout$StatementThread.run(FailOnTimeout.java:74)



Test vvMode=v1v2
tr.result is 1

Test vvMode=v1v2
tr.result is -1
v1v2 test failed !!!
reconf_parameter: dfs.blockreport.incremental.intervalMsec
component: DataNode
v1: 0
v2: 1000
testProject: hdfs
unitTest: org.apache.hadoop.hdfs.TestReconstructStripedFile#testRecoverAllParityBlocks
reconfPoint: -1
result: -1
failureMessage: Time out waiting for EC block reconstruction.
stackTrace: java.io.IOException: Time out waiting for EC block reconstruction.
	at org.apache.hadoop.hdfs.StripedFileTestUtil.waitForReconstructionFinished(StripedFileTestUtil.java:540)
	at org.apache.hadoop.hdfs.TestReconstructStripedFile.assertFileBlocksReconstruction(TestReconstructStripedFile.java:382)
	at org.apache.hadoop.hdfs.TestReconstructStripedFile.testRecoverAllParityBlocks(TestReconstructStripedFile.java:180)
	at sun.reflect.NativeMethodAccessorImpl.invoke0(Native Method)
	at sun.reflect.NativeMethodAccessorImpl.invoke(NativeMethodAccessorImpl.java:62)
	at sun.reflect.DelegatingMethodAccessorImpl.invoke(DelegatingMethodAccessorImpl.java:43)
	at java.lang.reflect.Method.invoke(Method.java:498)
	at org.junit.runners.model.FrameworkMethod$1.runReflectiveCall(FrameworkMethod.java:47)
	at org.junit.internal.runners.model.ReflectiveCallable.run(ReflectiveCallable.java:12)
	at org.junit.runners.model.FrameworkMethod.invokeExplosively(FrameworkMethod.java:44)
	at org.junit.internal.runners.statements.InvokeMethod.evaluate(InvokeMethod.java:17)
	at org.junit.internal.runners.statements.FailOnTimeout$StatementThread.run(FailOnTimeout.java:74)



Test vvMode=v1v2
tr.result is 1

Test vvMode=v1v2
tr.result is 1

Test vvMode=v1v2
tr.result is 1

Test vvMode=v1v2
tr.result is 1

Test vvMode=v1v2
tr.result is 1

Test vvMode=v1v2
tr.result is 1

Test vvMode=v1v2
tr.result is 1

Test vvMode=v1v2
tr.result is 1

Test vvMode=v1v2
tr.result is 1

Test vvMode=v1v2
tr.result is 1

Test vvMode=v1v2
tr.result is -1
v1v2 test failed !!!
reconf_parameter: dfs.blockreport.incremental.intervalMsec
component: DataNode
v1: 0
v2: 1000
testProject: hdfs
unitTest: org.apache.hadoop.hdfs.TestReconstructStripedFile#testRecoverAllParityBlocks
reconfPoint: -1
result: -1
failureMessage: expected:<3> but was:<1>
stackTrace: java.lang.AssertionError: expected:<3> but was:<1>
	at org.junit.Assert.fail(Assert.java:88)
	at org.junit.Assert.failNotEquals(Assert.java:743)
	at org.junit.Assert.assertEquals(Assert.java:118)
	at org.junit.Assert.assertEquals(Assert.java:555)
	at org.junit.Assert.assertEquals(Assert.java:542)
	at org.apache.hadoop.hdfs.TestReconstructStripedFile.assertFileBlocksReconstruction(TestReconstructStripedFile.java:372)
	at org.apache.hadoop.hdfs.TestReconstructStripedFile.testRecoverAllParityBlocks(TestReconstructStripedFile.java:180)
	at sun.reflect.NativeMethodAccessorImpl.invoke0(Native Method)
	at sun.reflect.NativeMethodAccessorImpl.invoke(NativeMethodAccessorImpl.java:62)
	at sun.reflect.DelegatingMethodAccessorImpl.invoke(DelegatingMethodAccessorImpl.java:43)
	at java.lang.reflect.Method.invoke(Method.java:498)
	at org.junit.runners.model.FrameworkMethod$1.runReflectiveCall(FrameworkMethod.java:47)
	at org.junit.internal.runners.model.ReflectiveCallable.run(ReflectiveCallable.java:12)
	at org.junit.runners.model.FrameworkMethod.invokeExplosively(FrameworkMethod.java:44)
	at org.junit.internal.runners.statements.InvokeMethod.evaluate(InvokeMethod.java:17)
	at org.junit.internal.runners.statements.FailOnTimeout$StatementThread.run(FailOnTimeout.java:74)



Test vvMode=v1v2
tr.result is 1

Test vvMode=v1v2
tr.result is 1

Test vvMode=v1v2
tr.result is -1
v1v2 test failed !!!
reconf_parameter: dfs.blockreport.incremental.intervalMsec
component: DataNode
v1: 0
v2: 1000
testProject: hdfs
unitTest: org.apache.hadoop.hdfs.TestReconstructStripedFile#testRecoverAllParityBlocks
reconfPoint: -1
result: -1
failureMessage: Time out waiting for EC block reconstruction.
stackTrace: java.io.IOException: Time out waiting for EC block reconstruction.
	at org.apache.hadoop.hdfs.StripedFileTestUtil.waitForReconstructionFinished(StripedFileTestUtil.java:540)
	at org.apache.hadoop.hdfs.TestReconstructStripedFile.assertFileBlocksReconstruction(TestReconstructStripedFile.java:382)
	at org.apache.hadoop.hdfs.TestReconstructStripedFile.testRecoverAllParityBlocks(TestReconstructStripedFile.java:180)
	at sun.reflect.NativeMethodAccessorImpl.invoke0(Native Method)
	at sun.reflect.NativeMethodAccessorImpl.invoke(NativeMethodAccessorImpl.java:62)
	at sun.reflect.DelegatingMethodAccessorImpl.invoke(DelegatingMethodAccessorImpl.java:43)
	at java.lang.reflect.Method.invoke(Method.java:498)
	at org.junit.runners.model.FrameworkMethod$1.runReflectiveCall(FrameworkMethod.java:47)
	at org.junit.internal.runners.model.ReflectiveCallable.run(ReflectiveCallable.java:12)
	at org.junit.runners.model.FrameworkMethod.invokeExplosively(FrameworkMethod.java:44)
	at org.junit.internal.runners.statements.InvokeMethod.evaluate(InvokeMethod.java:17)
	at org.junit.internal.runners.statements.FailOnTimeout$StatementThread.run(FailOnTimeout.java:74)



Test vvMode=v1v2
tr.result is 1

Test vvMode=v1v2
tr.result is -1
v1v2 test failed !!!
reconf_parameter: dfs.blockreport.incremental.intervalMsec
component: DataNode
v1: 0
v2: 1000
testProject: hdfs
unitTest: org.apache.hadoop.hdfs.TestReconstructStripedFile#testRecoverAllParityBlocks
reconfPoint: -1
result: -1
failureMessage: expected:<3> but was:<2>
stackTrace: java.lang.AssertionError: expected:<3> but was:<2>
	at org.junit.Assert.fail(Assert.java:88)
	at org.junit.Assert.failNotEquals(Assert.java:743)
	at org.junit.Assert.assertEquals(Assert.java:118)
	at org.junit.Assert.assertEquals(Assert.java:555)
	at org.junit.Assert.assertEquals(Assert.java:542)
	at org.apache.hadoop.hdfs.TestReconstructStripedFile.assertFileBlocksReconstruction(TestReconstructStripedFile.java:372)
	at org.apache.hadoop.hdfs.TestReconstructStripedFile.testRecoverAllParityBlocks(TestReconstructStripedFile.java:180)
	at sun.reflect.NativeMethodAccessorImpl.invoke0(Native Method)
	at sun.reflect.NativeMethodAccessorImpl.invoke(NativeMethodAccessorImpl.java:62)
	at sun.reflect.DelegatingMethodAccessorImpl.invoke(DelegatingMethodAccessorImpl.java:43)
	at java.lang.reflect.Method.invoke(Method.java:498)
	at org.junit.runners.model.FrameworkMethod$1.runReflectiveCall(FrameworkMethod.java:47)
	at org.junit.internal.runners.model.ReflectiveCallable.run(ReflectiveCallable.java:12)
	at org.junit.runners.model.FrameworkMethod.invokeExplosively(FrameworkMethod.java:44)
	at org.junit.internal.runners.statements.InvokeMethod.evaluate(InvokeMethod.java:17)
	at org.junit.internal.runners.statements.FailOnTimeout$StatementThread.run(FailOnTimeout.java:74)



Test vvMode=v1v2
tr.result is 1

Test vvMode=v1v2
tr.result is 1

Test vvMode=v1v2
tr.result is -1
v1v2 test failed !!!
reconf_parameter: dfs.blockreport.incremental.intervalMsec
component: DataNode
v1: 0
v2: 1000
testProject: hdfs
unitTest: org.apache.hadoop.hdfs.TestReconstructStripedFile#testRecoverAllParityBlocks
reconfPoint: -1
result: -1
failureMessage: expected:<2> but was:<1>
stackTrace: java.lang.AssertionError: expected:<2> but was:<1>
	at org.junit.Assert.fail(Assert.java:88)
	at org.junit.Assert.failNotEquals(Assert.java:743)
	at org.junit.Assert.assertEquals(Assert.java:118)
	at org.junit.Assert.assertEquals(Assert.java:555)
	at org.junit.Assert.assertEquals(Assert.java:542)
	at org.apache.hadoop.hdfs.TestReconstructStripedFile.assertFileBlocksReconstruction(TestReconstructStripedFile.java:372)
	at org.apache.hadoop.hdfs.TestReconstructStripedFile.testRecoverAllParityBlocks(TestReconstructStripedFile.java:180)
	at sun.reflect.NativeMethodAccessorImpl.invoke0(Native Method)
	at sun.reflect.NativeMethodAccessorImpl.invoke(NativeMethodAccessorImpl.java:62)
	at sun.reflect.DelegatingMethodAccessorImpl.invoke(DelegatingMethodAccessorImpl.java:43)
	at java.lang.reflect.Method.invoke(Method.java:498)
	at org.junit.runners.model.FrameworkMethod$1.runReflectiveCall(FrameworkMethod.java:47)
	at org.junit.internal.runners.model.ReflectiveCallable.run(ReflectiveCallable.java:12)
	at org.junit.runners.model.FrameworkMethod.invokeExplosively(FrameworkMethod.java:44)
	at org.junit.internal.runners.statements.InvokeMethod.evaluate(InvokeMethod.java:17)
	at org.junit.internal.runners.statements.FailOnTimeout$StatementThread.run(FailOnTimeout.java:74)



Test vvMode=v1v2
tr.result is 1

Test vvMode=v1v2
tr.result is -1
v1v2 test failed !!!
reconf_parameter: dfs.blockreport.incremental.intervalMsec
component: DataNode
v1: 0
v2: 1000
testProject: hdfs
unitTest: org.apache.hadoop.hdfs.TestReconstructStripedFile#testRecoverAllParityBlocks
reconfPoint: -1
result: -1
failureMessage: expected:<2> but was:<1>
stackTrace: java.lang.AssertionError: expected:<2> but was:<1>
	at org.junit.Assert.fail(Assert.java:88)
	at org.junit.Assert.failNotEquals(Assert.java:743)
	at org.junit.Assert.assertEquals(Assert.java:118)
	at org.junit.Assert.assertEquals(Assert.java:555)
	at org.junit.Assert.assertEquals(Assert.java:542)
	at org.apache.hadoop.hdfs.TestReconstructStripedFile.assertFileBlocksReconstruction(TestReconstructStripedFile.java:372)
	at org.apache.hadoop.hdfs.TestReconstructStripedFile.testRecoverAllParityBlocks(TestReconstructStripedFile.java:180)
	at sun.reflect.NativeMethodAccessorImpl.invoke0(Native Method)
	at sun.reflect.NativeMethodAccessorImpl.invoke(NativeMethodAccessorImpl.java:62)
	at sun.reflect.DelegatingMethodAccessorImpl.invoke(DelegatingMethodAccessorImpl.java:43)
	at java.lang.reflect.Method.invoke(Method.java:498)
	at org.junit.runners.model.FrameworkMethod$1.runReflectiveCall(FrameworkMethod.java:47)
	at org.junit.internal.runners.model.ReflectiveCallable.run(ReflectiveCallable.java:12)
	at org.junit.runners.model.FrameworkMethod.invokeExplosively(FrameworkMethod.java:44)
	at org.junit.internal.runners.statements.InvokeMethod.evaluate(InvokeMethod.java:17)
	at org.junit.internal.runners.statements.FailOnTimeout$StatementThread.run(FailOnTimeout.java:74)



Test vvMode=v1v2
tr.result is -1
v1v2 test failed !!!
reconf_parameter: dfs.blockreport.incremental.intervalMsec
component: DataNode
v1: 0
v2: 1000
testProject: hdfs
unitTest: org.apache.hadoop.hdfs.TestReconstructStripedFile#testRecoverAllParityBlocks
reconfPoint: -1
result: -1
failureMessage: Time out waiting for EC block reconstruction.
stackTrace: java.io.IOException: Time out waiting for EC block reconstruction.
	at org.apache.hadoop.hdfs.StripedFileTestUtil.waitForReconstructionFinished(StripedFileTestUtil.java:540)
	at org.apache.hadoop.hdfs.TestReconstructStripedFile.assertFileBlocksReconstruction(TestReconstructStripedFile.java:382)
	at org.apache.hadoop.hdfs.TestReconstructStripedFile.testRecoverAllParityBlocks(TestReconstructStripedFile.java:180)
	at sun.reflect.NativeMethodAccessorImpl.invoke0(Native Method)
	at sun.reflect.NativeMethodAccessorImpl.invoke(NativeMethodAccessorImpl.java:62)
	at sun.reflect.DelegatingMethodAccessorImpl.invoke(DelegatingMethodAccessorImpl.java:43)
	at java.lang.reflect.Method.invoke(Method.java:498)
	at org.junit.runners.model.FrameworkMethod$1.runReflectiveCall(FrameworkMethod.java:47)
	at org.junit.internal.runners.model.ReflectiveCallable.run(ReflectiveCallable.java:12)
	at org.junit.runners.model.FrameworkMethod.invokeExplosively(FrameworkMethod.java:44)
	at org.junit.internal.runners.statements.InvokeMethod.evaluate(InvokeMethod.java:17)
	at org.junit.internal.runners.statements.FailOnTimeout$StatementThread.run(FailOnTimeout.java:74)



Test vvMode=v1v2
tr.result is 1

Test vvMode=v1v2
tr.result is -1
v1v2 test failed !!!
reconf_parameter: dfs.blockreport.incremental.intervalMsec
component: DataNode
v1: 0
v2: 1000
testProject: hdfs
unitTest: org.apache.hadoop.hdfs.TestReconstructStripedFile#testRecoverAllParityBlocks
reconfPoint: -1
result: -1
failureMessage: Time out waiting for EC block reconstruction.
stackTrace: java.io.IOException: Time out waiting for EC block reconstruction.
	at org.apache.hadoop.hdfs.StripedFileTestUtil.waitForReconstructionFinished(StripedFileTestUtil.java:540)
	at org.apache.hadoop.hdfs.TestReconstructStripedFile.assertFileBlocksReconstruction(TestReconstructStripedFile.java:382)
	at org.apache.hadoop.hdfs.TestReconstructStripedFile.testRecoverAllParityBlocks(TestReconstructStripedFile.java:180)
	at sun.reflect.NativeMethodAccessorImpl.invoke0(Native Method)
	at sun.reflect.NativeMethodAccessorImpl.invoke(NativeMethodAccessorImpl.java:62)
	at sun.reflect.DelegatingMethodAccessorImpl.invoke(DelegatingMethodAccessorImpl.java:43)
	at java.lang.reflect.Method.invoke(Method.java:498)
	at org.junit.runners.model.FrameworkMethod$1.runReflectiveCall(FrameworkMethod.java:47)
	at org.junit.internal.runners.model.ReflectiveCallable.run(ReflectiveCallable.java:12)
	at org.junit.runners.model.FrameworkMethod.invokeExplosively(FrameworkMethod.java:44)
	at org.junit.internal.runners.statements.InvokeMethod.evaluate(InvokeMethod.java:17)
	at org.junit.internal.runners.statements.FailOnTimeout$StatementThread.run(FailOnTimeout.java:74)



Test vvMode=v1v2
tr.result is 1

Test vvMode=v1v2
tr.result is 1

Test vvMode=v1v2
tr.result is 1

Test vvMode=v1v1
tr.result is 1

Test vvMode=v2v2
tr.result is 1

Test vvMode=v1v1
tr.result is 1

Test vvMode=v2v2
tr.result is -1
v1v1 or v2v2 test failed !!!
reconf_parameter: dfs.blockreport.incremental.intervalMsec
component: DataNode
v1: 0
v2: 1000
testProject: hdfs
unitTest: org.apache.hadoop.hdfs.TestReconstructStripedFile#testRecoverAllParityBlocks
reconfPoint: -1
result: -1
failureMessage: Time out waiting for EC block reconstruction.
stackTrace: java.io.IOException: Time out waiting for EC block reconstruction.
	at org.apache.hadoop.hdfs.StripedFileTestUtil.waitForReconstructionFinished(StripedFileTestUtil.java:540)
	at org.apache.hadoop.hdfs.TestReconstructStripedFile.assertFileBlocksReconstruction(TestReconstructStripedFile.java:382)
	at org.apache.hadoop.hdfs.TestReconstructStripedFile.testRecoverAllParityBlocks(TestReconstructStripedFile.java:180)
	at sun.reflect.NativeMethodAccessorImpl.invoke0(Native Method)
	at sun.reflect.NativeMethodAccessorImpl.invoke(NativeMethodAccessorImpl.java:62)
	at sun.reflect.DelegatingMethodAccessorImpl.invoke(DelegatingMethodAccessorImpl.java:43)
	at java.lang.reflect.Method.invoke(Method.java:498)
	at org.junit.runners.model.FrameworkMethod$1.runReflectiveCall(FrameworkMethod.java:47)
	at org.junit.internal.runners.model.ReflectiveCallable.run(ReflectiveCallable.java:12)
	at org.junit.runners.model.FrameworkMethod.invokeExplosively(FrameworkMethod.java:44)
	at org.junit.internal.runners.statements.InvokeMethod.evaluate(InvokeMethod.java:17)
	at org.junit.internal.runners.statements.FailOnTimeout$StatementThread.run(FailOnTimeout.java:74)



Test vvMode=v1v1
tr.result is 1

Test vvMode=v2v2
tr.result is 1

Test vvMode=v1v1
tr.result is 1

Test vvMode=v2v2
tr.result is 1

Test vvMode=v1v1
tr.result is 1

Test vvMode=v2v2
tr.result is 1

Test vvMode=v1v1
tr.result is 1

Test vvMode=v2v2
tr.result is -1
v1v1 or v2v2 test failed !!!
reconf_parameter: dfs.blockreport.incremental.intervalMsec
component: DataNode
v1: 0
v2: 1000
testProject: hdfs
unitTest: org.apache.hadoop.hdfs.TestReconstructStripedFile#testRecoverAllParityBlocks
reconfPoint: -1
result: -1
failureMessage: Time out waiting for EC block reconstruction.
stackTrace: java.io.IOException: Time out waiting for EC block reconstruction.
	at org.apache.hadoop.hdfs.StripedFileTestUtil.waitForReconstructionFinished(StripedFileTestUtil.java:540)
	at org.apache.hadoop.hdfs.TestReconstructStripedFile.assertFileBlocksReconstruction(TestReconstructStripedFile.java:382)
	at org.apache.hadoop.hdfs.TestReconstructStripedFile.testRecoverAllParityBlocks(TestReconstructStripedFile.java:180)
	at sun.reflect.NativeMethodAccessorImpl.invoke0(Native Method)
	at sun.reflect.NativeMethodAccessorImpl.invoke(NativeMethodAccessorImpl.java:62)
	at sun.reflect.DelegatingMethodAccessorImpl.invoke(DelegatingMethodAccessorImpl.java:43)
	at java.lang.reflect.Method.invoke(Method.java:498)
	at org.junit.runners.model.FrameworkMethod$1.runReflectiveCall(FrameworkMethod.java:47)
	at org.junit.internal.runners.model.ReflectiveCallable.run(ReflectiveCallable.java:12)
	at org.junit.runners.model.FrameworkMethod.invokeExplosively(FrameworkMethod.java:44)
	at org.junit.internal.runners.statements.InvokeMethod.evaluate(InvokeMethod.java:17)
	at org.junit.internal.runners.statements.FailOnTimeout$StatementThread.run(FailOnTimeout.java:74)



Test vvMode=v1v1
tr.result is 1

Test vvMode=v2v2
tr.result is 1

Test vvMode=v1v1
tr.result is 1

Test vvMode=v2v2
tr.result is 1

Test vvMode=v1v1
tr.result is 1

Test vvMode=v2v2
tr.result is 1

Test vvMode=v1v1
tr.result is 1

Test vvMode=v2v2
tr.result is 1

Test vvMode=v1v1
tr.result is 1

Test vvMode=v2v2
tr.result is 1

Test vvMode=v1v1
tr.result is 1

Test vvMode=v2v2
tr.result is -1
v1v1 or v2v2 test failed !!!
reconf_parameter: dfs.blockreport.incremental.intervalMsec
component: DataNode
v1: 0
v2: 1000
testProject: hdfs
unitTest: org.apache.hadoop.hdfs.TestReconstructStripedFile#testRecoverAllParityBlocks
reconfPoint: -1
result: -1
failureMessage: Time out waiting for EC block reconstruction.
stackTrace: java.io.IOException: Time out waiting for EC block reconstruction.
	at org.apache.hadoop.hdfs.StripedFileTestUtil.waitForReconstructionFinished(StripedFileTestUtil.java:540)
	at org.apache.hadoop.hdfs.TestReconstructStripedFile.assertFileBlocksReconstruction(TestReconstructStripedFile.java:382)
	at org.apache.hadoop.hdfs.TestReconstructStripedFile.testRecoverAllParityBlocks(TestReconstructStripedFile.java:180)
	at sun.reflect.NativeMethodAccessorImpl.invoke0(Native Method)
	at sun.reflect.NativeMethodAccessorImpl.invoke(NativeMethodAccessorImpl.java:62)
	at sun.reflect.DelegatingMethodAccessorImpl.invoke(DelegatingMethodAccessorImpl.java:43)
	at java.lang.reflect.Method.invoke(Method.java:498)
	at org.junit.runners.model.FrameworkMethod$1.runReflectiveCall(FrameworkMethod.java:47)
	at org.junit.internal.runners.model.ReflectiveCallable.run(ReflectiveCallable.java:12)
	at org.junit.runners.model.FrameworkMethod.invokeExplosively(FrameworkMethod.java:44)
	at org.junit.internal.runners.statements.InvokeMethod.evaluate(InvokeMethod.java:17)
	at org.junit.internal.runners.statements.FailOnTimeout$StatementThread.run(FailOnTimeout.java:74)



Test vvMode=v1v1
tr.result is 1

Test vvMode=v2v2
tr.result is 1

Test vvMode=v1v1
tr.result is 1

Test vvMode=v2v2
tr.result is -1
v1v1 or v2v2 test failed !!!
reconf_parameter: dfs.blockreport.incremental.intervalMsec
component: DataNode
v1: 0
v2: 1000
testProject: hdfs
unitTest: org.apache.hadoop.hdfs.TestReconstructStripedFile#testRecoverAllParityBlocks
reconfPoint: -1
result: -1
failureMessage: Time out waiting for EC block reconstruction.
stackTrace: java.io.IOException: Time out waiting for EC block reconstruction.
	at org.apache.hadoop.hdfs.StripedFileTestUtil.waitForReconstructionFinished(StripedFileTestUtil.java:540)
	at org.apache.hadoop.hdfs.TestReconstructStripedFile.assertFileBlocksReconstruction(TestReconstructStripedFile.java:382)
	at org.apache.hadoop.hdfs.TestReconstructStripedFile.testRecoverAllParityBlocks(TestReconstructStripedFile.java:180)
	at sun.reflect.NativeMethodAccessorImpl.invoke0(Native Method)
	at sun.reflect.NativeMethodAccessorImpl.invoke(NativeMethodAccessorImpl.java:62)
	at sun.reflect.DelegatingMethodAccessorImpl.invoke(DelegatingMethodAccessorImpl.java:43)
	at java.lang.reflect.Method.invoke(Method.java:498)
	at org.junit.runners.model.FrameworkMethod$1.runReflectiveCall(FrameworkMethod.java:47)
	at org.junit.internal.runners.model.ReflectiveCallable.run(ReflectiveCallable.java:12)
	at org.junit.runners.model.FrameworkMethod.invokeExplosively(FrameworkMethod.java:44)
	at org.junit.internal.runners.statements.InvokeMethod.evaluate(InvokeMethod.java:17)
	at org.junit.internal.runners.statements.FailOnTimeout$StatementThread.run(FailOnTimeout.java:74)



Test vvMode=v1v1
tr.result is 1

Test vvMode=v2v2
tr.result is -1
v1v1 or v2v2 test failed !!!
reconf_parameter: dfs.blockreport.incremental.intervalMsec
component: DataNode
v1: 0
v2: 1000
testProject: hdfs
unitTest: org.apache.hadoop.hdfs.TestReconstructStripedFile#testRecoverAllParityBlocks
reconfPoint: -1
result: -1
failureMessage: Time out waiting for EC block reconstruction.
stackTrace: java.io.IOException: Time out waiting for EC block reconstruction.
	at org.apache.hadoop.hdfs.StripedFileTestUtil.waitForReconstructionFinished(StripedFileTestUtil.java:540)
	at org.apache.hadoop.hdfs.TestReconstructStripedFile.assertFileBlocksReconstruction(TestReconstructStripedFile.java:382)
	at org.apache.hadoop.hdfs.TestReconstructStripedFile.testRecoverAllParityBlocks(TestReconstructStripedFile.java:180)
	at sun.reflect.NativeMethodAccessorImpl.invoke0(Native Method)
	at sun.reflect.NativeMethodAccessorImpl.invoke(NativeMethodAccessorImpl.java:62)
	at sun.reflect.DelegatingMethodAccessorImpl.invoke(DelegatingMethodAccessorImpl.java:43)
	at java.lang.reflect.Method.invoke(Method.java:498)
	at org.junit.runners.model.FrameworkMethod$1.runReflectiveCall(FrameworkMethod.java:47)
	at org.junit.internal.runners.model.ReflectiveCallable.run(ReflectiveCallable.java:12)
	at org.junit.runners.model.FrameworkMethod.invokeExplosively(FrameworkMethod.java:44)
	at org.junit.internal.runners.statements.InvokeMethod.evaluate(InvokeMethod.java:17)
	at org.junit.internal.runners.statements.FailOnTimeout$StatementThread.run(FailOnTimeout.java:74)



Test vvMode=v1v1
tr.result is 1

Test vvMode=v2v2
tr.result is 1

Test vvMode=v1v1
tr.result is 1

Test vvMode=v2v2
tr.result is 1

Test vvMode=v1v1
tr.result is 1

Test vvMode=v2v2
tr.result is 1

Test vvMode=v1v1
tr.result is 1

Test vvMode=v2v2
tr.result is 1

Test vvMode=v1v1
tr.result is 1

Test vvMode=v2v2
tr.result is 1

Test vvMode=v1v1
tr.result is 1

Test vvMode=v2v2
tr.result is -1
v1v1 or v2v2 test failed !!!
reconf_parameter: dfs.blockreport.incremental.intervalMsec
component: DataNode
v1: 0
v2: 1000
testProject: hdfs
unitTest: org.apache.hadoop.hdfs.TestReconstructStripedFile#testRecoverAllParityBlocks
reconfPoint: -1
result: -1
failureMessage: Time out waiting for EC block reconstruction.
stackTrace: java.io.IOException: Time out waiting for EC block reconstruction.
	at org.apache.hadoop.hdfs.StripedFileTestUtil.waitForReconstructionFinished(StripedFileTestUtil.java:540)
	at org.apache.hadoop.hdfs.TestReconstructStripedFile.assertFileBlocksReconstruction(TestReconstructStripedFile.java:382)
	at org.apache.hadoop.hdfs.TestReconstructStripedFile.testRecoverAllParityBlocks(TestReconstructStripedFile.java:180)
	at sun.reflect.NativeMethodAccessorImpl.invoke0(Native Method)
	at sun.reflect.NativeMethodAccessorImpl.invoke(NativeMethodAccessorImpl.java:62)
	at sun.reflect.DelegatingMethodAccessorImpl.invoke(DelegatingMethodAccessorImpl.java:43)
	at java.lang.reflect.Method.invoke(Method.java:498)
	at org.junit.runners.model.FrameworkMethod$1.runReflectiveCall(FrameworkMethod.java:47)
	at org.junit.internal.runners.model.ReflectiveCallable.run(ReflectiveCallable.java:12)
	at org.junit.runners.model.FrameworkMethod.invokeExplosively(FrameworkMethod.java:44)
	at org.junit.internal.runners.statements.InvokeMethod.evaluate(InvokeMethod.java:17)
	at org.junit.internal.runners.statements.FailOnTimeout$StatementThread.run(FailOnTimeout.java:74)



Test vvMode=v1v1
tr.result is 1

Test vvMode=v2v2
tr.result is -1
v1v1 or v2v2 test failed !!!
reconf_parameter: dfs.blockreport.incremental.intervalMsec
component: DataNode
v1: 0
v2: 1000
testProject: hdfs
unitTest: org.apache.hadoop.hdfs.TestReconstructStripedFile#testRecoverAllParityBlocks
reconfPoint: -1
result: -1
failureMessage: expected:<2> but was:<1>
stackTrace: java.lang.AssertionError: expected:<2> but was:<1>
	at org.junit.Assert.fail(Assert.java:88)
	at org.junit.Assert.failNotEquals(Assert.java:743)
	at org.junit.Assert.assertEquals(Assert.java:118)
	at org.junit.Assert.assertEquals(Assert.java:555)
	at org.junit.Assert.assertEquals(Assert.java:542)
	at org.apache.hadoop.hdfs.TestReconstructStripedFile.assertFileBlocksReconstruction(TestReconstructStripedFile.java:372)
	at org.apache.hadoop.hdfs.TestReconstructStripedFile.testRecoverAllParityBlocks(TestReconstructStripedFile.java:180)
	at sun.reflect.NativeMethodAccessorImpl.invoke0(Native Method)
	at sun.reflect.NativeMethodAccessorImpl.invoke(NativeMethodAccessorImpl.java:62)
	at sun.reflect.DelegatingMethodAccessorImpl.invoke(DelegatingMethodAccessorImpl.java:43)
	at java.lang.reflect.Method.invoke(Method.java:498)
	at org.junit.runners.model.FrameworkMethod$1.runReflectiveCall(FrameworkMethod.java:47)
	at org.junit.internal.runners.model.ReflectiveCallable.run(ReflectiveCallable.java:12)
	at org.junit.runners.model.FrameworkMethod.invokeExplosively(FrameworkMethod.java:44)
	at org.junit.internal.runners.statements.InvokeMethod.evaluate(InvokeMethod.java:17)
	at org.junit.internal.runners.statements.FailOnTimeout$StatementThread.run(FailOnTimeout.java:74)



Test vvMode=v1v1
tr.result is 1

Test vvMode=v2v2
tr.result is -1
v1v1 or v2v2 test failed !!!
reconf_parameter: dfs.blockreport.incremental.intervalMsec
component: DataNode
v1: 0
v2: 1000
testProject: hdfs
unitTest: org.apache.hadoop.hdfs.TestReconstructStripedFile#testRecoverAllParityBlocks
reconfPoint: -1
result: -1
failureMessage: expected:<2> but was:<1>
stackTrace: java.lang.AssertionError: expected:<2> but was:<1>
	at org.junit.Assert.fail(Assert.java:88)
	at org.junit.Assert.failNotEquals(Assert.java:743)
	at org.junit.Assert.assertEquals(Assert.java:118)
	at org.junit.Assert.assertEquals(Assert.java:555)
	at org.junit.Assert.assertEquals(Assert.java:542)
	at org.apache.hadoop.hdfs.TestReconstructStripedFile.assertFileBlocksReconstruction(TestReconstructStripedFile.java:372)
	at org.apache.hadoop.hdfs.TestReconstructStripedFile.testRecoverAllParityBlocks(TestReconstructStripedFile.java:180)
	at sun.reflect.NativeMethodAccessorImpl.invoke0(Native Method)
	at sun.reflect.NativeMethodAccessorImpl.invoke(NativeMethodAccessorImpl.java:62)
	at sun.reflect.DelegatingMethodAccessorImpl.invoke(DelegatingMethodAccessorImpl.java:43)
	at java.lang.reflect.Method.invoke(Method.java:498)
	at org.junit.runners.model.FrameworkMethod$1.runReflectiveCall(FrameworkMethod.java:47)
	at org.junit.internal.runners.model.ReflectiveCallable.run(ReflectiveCallable.java:12)
	at org.junit.runners.model.FrameworkMethod.invokeExplosively(FrameworkMethod.java:44)
	at org.junit.internal.runners.statements.InvokeMethod.evaluate(InvokeMethod.java:17)
	at org.junit.internal.runners.statements.FailOnTimeout$StatementThread.run(FailOnTimeout.java:74)



Test vvMode=v1v1
tr.result is 1

Test vvMode=v2v2
tr.result is -1
v1v1 or v2v2 test failed !!!
reconf_parameter: dfs.blockreport.incremental.intervalMsec
component: DataNode
v1: 0
v2: 1000
testProject: hdfs
unitTest: org.apache.hadoop.hdfs.TestReconstructStripedFile#testRecoverAllParityBlocks
reconfPoint: -1
result: -1
failureMessage: Time out waiting for EC block reconstruction.
stackTrace: java.io.IOException: Time out waiting for EC block reconstruction.
	at org.apache.hadoop.hdfs.StripedFileTestUtil.waitForReconstructionFinished(StripedFileTestUtil.java:540)
	at org.apache.hadoop.hdfs.TestReconstructStripedFile.assertFileBlocksReconstruction(TestReconstructStripedFile.java:382)
	at org.apache.hadoop.hdfs.TestReconstructStripedFile.testRecoverAllParityBlocks(TestReconstructStripedFile.java:180)
	at sun.reflect.NativeMethodAccessorImpl.invoke0(Native Method)
	at sun.reflect.NativeMethodAccessorImpl.invoke(NativeMethodAccessorImpl.java:62)
	at sun.reflect.DelegatingMethodAccessorImpl.invoke(DelegatingMethodAccessorImpl.java:43)
	at java.lang.reflect.Method.invoke(Method.java:498)
	at org.junit.runners.model.FrameworkMethod$1.runReflectiveCall(FrameworkMethod.java:47)
	at org.junit.internal.runners.model.ReflectiveCallable.run(ReflectiveCallable.java:12)
	at org.junit.runners.model.FrameworkMethod.invokeExplosively(FrameworkMethod.java:44)
	at org.junit.internal.runners.statements.InvokeMethod.evaluate(InvokeMethod.java:17)
	at org.junit.internal.runners.statements.FailOnTimeout$StatementThread.run(FailOnTimeout.java:74)



Test vvMode=v1v1
tr.result is 1

Test vvMode=v2v2
tr.result is 1

Test vvMode=v1v1
tr.result is 1

Test vvMode=v2v2
tr.result is 1

Test vvMode=v1v1
tr.result is 1

Test vvMode=v2v2
tr.result is 1

Test vvMode=v1v1
tr.result is 1

Test vvMode=v2v2
tr.result is 1

Test vvMode=v1v1
tr.result is 1

Test vvMode=v2v2
tr.result is 1

Test vvMode=v1v1
tr.result is 1

Test vvMode=v2v2
tr.result is 1

Test vvMode=v1v1
tr.result is 1

Test vvMode=v2v2
tr.result is 1

Test vvMode=v1v1
tr.result is 1

Test vvMode=v2v2
tr.result is 1

Test vvMode=v1v1
tr.result is 1

Test vvMode=v2v2
tr.result is 1

Test vvMode=v1v1
tr.result is 1

Test vvMode=v2v2
tr.result is 1

Test vvMode=v1v1
tr.result is 1

Test vvMode=v2v2
tr.result is 1

Test vvMode=v1v1
tr.result is 1

Test vvMode=v2v2
tr.result is 1

Test vvMode=v1v1
tr.result is 1

Test vvMode=v2v2
tr.result is -1
v1v1 or v2v2 test failed !!!
reconf_parameter: dfs.blockreport.incremental.intervalMsec
component: DataNode
v1: 0
v2: 1000
testProject: hdfs
unitTest: org.apache.hadoop.hdfs.TestReconstructStripedFile#testRecoverAllParityBlocks
reconfPoint: -1
result: -1
failureMessage: expected:<2> but was:<1>
stackTrace: java.lang.AssertionError: expected:<2> but was:<1>
	at org.junit.Assert.fail(Assert.java:88)
	at org.junit.Assert.failNotEquals(Assert.java:743)
	at org.junit.Assert.assertEquals(Assert.java:118)
	at org.junit.Assert.assertEquals(Assert.java:555)
	at org.junit.Assert.assertEquals(Assert.java:542)
	at org.apache.hadoop.hdfs.TestReconstructStripedFile.assertFileBlocksReconstruction(TestReconstructStripedFile.java:372)
	at org.apache.hadoop.hdfs.TestReconstructStripedFile.testRecoverAllParityBlocks(TestReconstructStripedFile.java:180)
	at sun.reflect.NativeMethodAccessorImpl.invoke0(Native Method)
	at sun.reflect.NativeMethodAccessorImpl.invoke(NativeMethodAccessorImpl.java:62)
	at sun.reflect.DelegatingMethodAccessorImpl.invoke(DelegatingMethodAccessorImpl.java:43)
	at java.lang.reflect.Method.invoke(Method.java:498)
	at org.junit.runners.model.FrameworkMethod$1.runReflectiveCall(FrameworkMethod.java:47)
	at org.junit.internal.runners.model.ReflectiveCallable.run(ReflectiveCallable.java:12)
	at org.junit.runners.model.FrameworkMethod.invokeExplosively(FrameworkMethod.java:44)
	at org.junit.internal.runners.statements.InvokeMethod.evaluate(InvokeMethod.java:17)
	at org.junit.internal.runners.statements.FailOnTimeout$StatementThread.run(FailOnTimeout.java:74)



Test vvMode=v1v1
tr.result is 1

Test vvMode=v2v2
tr.result is 1

Test vvMode=v1v1
tr.result is 1

Test vvMode=v2v2
tr.result is 1

Test vvMode=v1v1
tr.result is 1

Test vvMode=v2v2
tr.result is -1
v1v1 or v2v2 test failed !!!
reconf_parameter: dfs.blockreport.incremental.intervalMsec
component: DataNode
v1: 0
v2: 1000
testProject: hdfs
unitTest: org.apache.hadoop.hdfs.TestReconstructStripedFile#testRecoverAllParityBlocks
reconfPoint: -1
result: -1
failureMessage: Time out waiting for EC block reconstruction.
stackTrace: java.io.IOException: Time out waiting for EC block reconstruction.
	at org.apache.hadoop.hdfs.StripedFileTestUtil.waitForReconstructionFinished(StripedFileTestUtil.java:540)
	at org.apache.hadoop.hdfs.TestReconstructStripedFile.assertFileBlocksReconstruction(TestReconstructStripedFile.java:382)
	at org.apache.hadoop.hdfs.TestReconstructStripedFile.testRecoverAllParityBlocks(TestReconstructStripedFile.java:180)
	at sun.reflect.NativeMethodAccessorImpl.invoke0(Native Method)
	at sun.reflect.NativeMethodAccessorImpl.invoke(NativeMethodAccessorImpl.java:62)
	at sun.reflect.DelegatingMethodAccessorImpl.invoke(DelegatingMethodAccessorImpl.java:43)
	at java.lang.reflect.Method.invoke(Method.java:498)
	at org.junit.runners.model.FrameworkMethod$1.runReflectiveCall(FrameworkMethod.java:47)
	at org.junit.internal.runners.model.ReflectiveCallable.run(ReflectiveCallable.java:12)
	at org.junit.runners.model.FrameworkMethod.invokeExplosively(FrameworkMethod.java:44)
	at org.junit.internal.runners.statements.InvokeMethod.evaluate(InvokeMethod.java:17)
	at org.junit.internal.runners.statements.FailOnTimeout$StatementThread.run(FailOnTimeout.java:74)



Test vvMode=v1v1
tr.result is 1

Test vvMode=v2v2
tr.result is 1

Test vvMode=v1v1
tr.result is 1

Test vvMode=v2v2
tr.result is -1
v1v1 or v2v2 test failed !!!
reconf_parameter: dfs.blockreport.incremental.intervalMsec
component: DataNode
v1: 0
v2: 1000
testProject: hdfs
unitTest: org.apache.hadoop.hdfs.TestReconstructStripedFile#testRecoverAllParityBlocks
reconfPoint: -1
result: -1
failureMessage: expected:<2> but was:<1>
stackTrace: java.lang.AssertionError: expected:<2> but was:<1>
	at org.junit.Assert.fail(Assert.java:88)
	at org.junit.Assert.failNotEquals(Assert.java:743)
	at org.junit.Assert.assertEquals(Assert.java:118)
	at org.junit.Assert.assertEquals(Assert.java:555)
	at org.junit.Assert.assertEquals(Assert.java:542)
	at org.apache.hadoop.hdfs.TestReconstructStripedFile.assertFileBlocksReconstruction(TestReconstructStripedFile.java:372)
	at org.apache.hadoop.hdfs.TestReconstructStripedFile.testRecoverAllParityBlocks(TestReconstructStripedFile.java:180)
	at sun.reflect.NativeMethodAccessorImpl.invoke0(Native Method)
	at sun.reflect.NativeMethodAccessorImpl.invoke(NativeMethodAccessorImpl.java:62)
	at sun.reflect.DelegatingMethodAccessorImpl.invoke(DelegatingMethodAccessorImpl.java:43)
	at java.lang.reflect.Method.invoke(Method.java:498)
	at org.junit.runners.model.FrameworkMethod$1.runReflectiveCall(FrameworkMethod.java:47)
	at org.junit.internal.runners.model.ReflectiveCallable.run(ReflectiveCallable.java:12)
	at org.junit.runners.model.FrameworkMethod.invokeExplosively(FrameworkMethod.java:44)
	at org.junit.internal.runners.statements.InvokeMethod.evaluate(InvokeMethod.java:17)
	at org.junit.internal.runners.statements.FailOnTimeout$StatementThread.run(FailOnTimeout.java:74)



Test vvMode=v1v1
tr.result is 1

Test vvMode=v2v2
tr.result is 1

Test vvMode=v1v1
tr.result is 1

Test vvMode=v2v2
tr.result is 1

Test vvMode=v1v1
tr.result is 1

Test vvMode=v2v2
tr.result is 1

Test vvMode=v1v1
tr.result is 1

Test vvMode=v2v2
tr.result is 1

Test vvMode=v1v1
tr.result is 1

Test vvMode=v2v2
tr.result is 1

Test vvMode=v1v1
tr.result is 1

Test vvMode=v2v2
tr.result is 1

Test vvMode=v1v1
tr.result is 1

Test vvMode=v2v2
tr.result is 1

Test vvMode=v1v1
tr.result is 1

Test vvMode=v2v2
tr.result is 1
v1v2 failed with probability 15 out of 50
v1v1v2v2 failed with probability 12 out of 50
result: might be true error
Total execution time in seconds : 6065
