reconf_parameter: hbase.hregion.memstore.mslab.enabled
component: hbase:DefaultMemStore
v1: false
v2: true
testProject: hbase
unitTest: org.apache.hadoop.hbase.master.TestMergeTableRegionsWhileRSCrash#test
reconfPoint: -2
result: -1

Test vvMode=v1v2
tr.result is -1
v1v2 test failed !!!
reconf_parameter: hbase.hregion.memstore.mslab.enabled
component: hbase:DefaultMemStore
v1: false
v2: true
testProject: hbase
unitTest: org.apache.hadoop.hbase.master.TestMergeTableRegionsWhileRSCrash#test
reconfPoint: -2
result: -1
failureMessage: test timed out after 780 seconds
stackTrace: org.junit.runners.model.TestTimedOutException: test timed out after 780 seconds
	at java.lang.Thread.sleep(Native Method)
	at org.apache.hadoop.hbase.Waiter.waitFor(Waiter.java:190)
	at org.apache.hadoop.hbase.Waiter.waitFor(Waiter.java:137)
	at org.apache.hadoop.hbase.HBaseCommonTestingUtility.waitFor(HBaseCommonTestingUtility.java:251)
	at org.apache.hadoop.hbase.HBaseTestingUtility.waitUntilNoRegionsInTransition(HBaseTestingUtility.java:4295)
	at org.apache.hadoop.hbase.HBaseTestingUtility.waitUntilNoRegionsInTransition(HBaseTestingUtility.java:4303)
	at org.apache.hadoop.hbase.master.TestMergeTableRegionsWhileRSCrash.test(TestMergeTableRegionsWhileRSCrash.java:112)
	at sun.reflect.NativeMethodAccessorImpl.invoke0(Native Method)
	at sun.reflect.NativeMethodAccessorImpl.invoke(NativeMethodAccessorImpl.java:62)
	at sun.reflect.DelegatingMethodAccessorImpl.invoke(DelegatingMethodAccessorImpl.java:43)
	at java.lang.reflect.Method.invoke(Method.java:498)
	at org.junit.runners.model.FrameworkMethod$1.runReflectiveCall(FrameworkMethod.java:50)
	at org.junit.internal.runners.model.ReflectiveCallable.run(ReflectiveCallable.java:12)
	at org.junit.runners.model.FrameworkMethod.invokeExplosively(FrameworkMethod.java:47)
	at org.junit.internal.runners.statements.InvokeMethod.evaluate(InvokeMethod.java:17)
	at org.junit.runners.ParentRunner.runLeaf(ParentRunner.java:325)
	at org.junit.runners.BlockJUnit4ClassRunner.runChild(BlockJUnit4ClassRunner.java:78)
	at org.junit.runners.BlockJUnit4ClassRunner.runChild(BlockJUnit4ClassRunner.java:57)
	at org.junit.runners.ParentRunner$3.run(ParentRunner.java:290)
	at org.junit.runners.ParentRunner$1.schedule(ParentRunner.java:71)
	at org.junit.runners.ParentRunner.runChildren(ParentRunner.java:288)
	at org.junit.runners.ParentRunner.access$000(ParentRunner.java:58)
	at org.junit.runners.ParentRunner$2.evaluate(ParentRunner.java:268)
	at org.junit.internal.runners.statements.RunBefores.evaluate(RunBefores.java:26)
	at org.junit.internal.runners.statements.RunAfters.evaluate(RunAfters.java:27)
	at org.junit.internal.runners.statements.FailOnTimeout$CallableStatement.call(FailOnTimeout.java:298)
	at org.junit.internal.runners.statements.FailOnTimeout$CallableStatement.call(FailOnTimeout.java:292)
	at java.util.concurrent.FutureTask.run(FutureTask.java:266)
	at java.lang.Thread.run(Thread.java:748)



Test vvMode=v1v1
tr.result is 1

Test vvMode=v2v2
tr.result is 1

Test vvMode=v1v2
tr.result is -1
v1v2 test failed !!!
reconf_parameter: hbase.hregion.memstore.mslab.enabled
component: hbase:DefaultMemStore
v1: false
v2: true
testProject: hbase
unitTest: org.apache.hadoop.hbase.master.TestMergeTableRegionsWhileRSCrash#test
reconfPoint: -2
result: -1
failureMessage: test timed out after 780 seconds
stackTrace: org.junit.runners.model.TestTimedOutException: test timed out after 780 seconds
	at java.lang.Thread.sleep(Native Method)
	at org.apache.hadoop.hbase.Waiter.waitFor(Waiter.java:190)
	at org.apache.hadoop.hbase.Waiter.waitFor(Waiter.java:137)
	at org.apache.hadoop.hbase.HBaseCommonTestingUtility.waitFor(HBaseCommonTestingUtility.java:251)
	at org.apache.hadoop.hbase.HBaseTestingUtility.waitUntilNoRegionsInTransition(HBaseTestingUtility.java:4295)
	at org.apache.hadoop.hbase.HBaseTestingUtility.waitUntilNoRegionsInTransition(HBaseTestingUtility.java:4303)
	at org.apache.hadoop.hbase.master.TestMergeTableRegionsWhileRSCrash.test(TestMergeTableRegionsWhileRSCrash.java:112)
	at sun.reflect.NativeMethodAccessorImpl.invoke0(Native Method)
	at sun.reflect.NativeMethodAccessorImpl.invoke(NativeMethodAccessorImpl.java:62)
	at sun.reflect.DelegatingMethodAccessorImpl.invoke(DelegatingMethodAccessorImpl.java:43)
	at java.lang.reflect.Method.invoke(Method.java:498)
	at org.junit.runners.model.FrameworkMethod$1.runReflectiveCall(FrameworkMethod.java:50)
	at org.junit.internal.runners.model.ReflectiveCallable.run(ReflectiveCallable.java:12)
	at org.junit.runners.model.FrameworkMethod.invokeExplosively(FrameworkMethod.java:47)
	at org.junit.internal.runners.statements.InvokeMethod.evaluate(InvokeMethod.java:17)
	at org.junit.runners.ParentRunner.runLeaf(ParentRunner.java:325)
	at org.junit.runners.BlockJUnit4ClassRunner.runChild(BlockJUnit4ClassRunner.java:78)
	at org.junit.runners.BlockJUnit4ClassRunner.runChild(BlockJUnit4ClassRunner.java:57)
	at org.junit.runners.ParentRunner$3.run(ParentRunner.java:290)
	at org.junit.runners.ParentRunner$1.schedule(ParentRunner.java:71)
	at org.junit.runners.ParentRunner.runChildren(ParentRunner.java:288)
	at org.junit.runners.ParentRunner.access$000(ParentRunner.java:58)
	at org.junit.runners.ParentRunner$2.evaluate(ParentRunner.java:268)
	at org.junit.internal.runners.statements.RunBefores.evaluate(RunBefores.java:26)
	at org.junit.internal.runners.statements.RunAfters.evaluate(RunAfters.java:27)
	at org.junit.internal.runners.statements.FailOnTimeout$CallableStatement.call(FailOnTimeout.java:298)
	at org.junit.internal.runners.statements.FailOnTimeout$CallableStatement.call(FailOnTimeout.java:292)
	at java.util.concurrent.FutureTask.run(FutureTask.java:266)
	at java.lang.Thread.run(Thread.java:748)



Test vvMode=v1v1
tr.result is 1

Test vvMode=v2v2
tr.result is 1

Test vvMode=v1v2
tr.result is -1
v1v2 test failed !!!
reconf_parameter: hbase.hregion.memstore.mslab.enabled
component: hbase:DefaultMemStore
v1: false
v2: true
testProject: hbase
unitTest: org.apache.hadoop.hbase.master.TestMergeTableRegionsWhileRSCrash#test
reconfPoint: -2
result: -1
failureMessage: test timed out after 780 seconds
stackTrace: org.junit.runners.model.TestTimedOutException: test timed out after 780 seconds
	at java.lang.Thread.sleep(Native Method)
	at org.apache.hadoop.hbase.Waiter.waitFor(Waiter.java:190)
	at org.apache.hadoop.hbase.Waiter.waitFor(Waiter.java:137)
	at org.apache.hadoop.hbase.HBaseCommonTestingUtility.waitFor(HBaseCommonTestingUtility.java:251)
	at org.apache.hadoop.hbase.HBaseTestingUtility.waitUntilNoRegionsInTransition(HBaseTestingUtility.java:4295)
	at org.apache.hadoop.hbase.HBaseTestingUtility.waitUntilNoRegionsInTransition(HBaseTestingUtility.java:4303)
	at org.apache.hadoop.hbase.master.TestMergeTableRegionsWhileRSCrash.test(TestMergeTableRegionsWhileRSCrash.java:112)
	at sun.reflect.NativeMethodAccessorImpl.invoke0(Native Method)
	at sun.reflect.NativeMethodAccessorImpl.invoke(NativeMethodAccessorImpl.java:62)
	at sun.reflect.DelegatingMethodAccessorImpl.invoke(DelegatingMethodAccessorImpl.java:43)
	at java.lang.reflect.Method.invoke(Method.java:498)
	at org.junit.runners.model.FrameworkMethod$1.runReflectiveCall(FrameworkMethod.java:50)
	at org.junit.internal.runners.model.ReflectiveCallable.run(ReflectiveCallable.java:12)
	at org.junit.runners.model.FrameworkMethod.invokeExplosively(FrameworkMethod.java:47)
	at org.junit.internal.runners.statements.InvokeMethod.evaluate(InvokeMethod.java:17)
	at org.junit.runners.ParentRunner.runLeaf(ParentRunner.java:325)
	at org.junit.runners.BlockJUnit4ClassRunner.runChild(BlockJUnit4ClassRunner.java:78)
	at org.junit.runners.BlockJUnit4ClassRunner.runChild(BlockJUnit4ClassRunner.java:57)
	at org.junit.runners.ParentRunner$3.run(ParentRunner.java:290)
	at org.junit.runners.ParentRunner$1.schedule(ParentRunner.java:71)
	at org.junit.runners.ParentRunner.runChildren(ParentRunner.java:288)
	at org.junit.runners.ParentRunner.access$000(ParentRunner.java:58)
	at org.junit.runners.ParentRunner$2.evaluate(ParentRunner.java:268)
	at org.junit.internal.runners.statements.RunBefores.evaluate(RunBefores.java:26)
	at org.junit.internal.runners.statements.RunAfters.evaluate(RunAfters.java:27)
	at org.junit.internal.runners.statements.FailOnTimeout$CallableStatement.call(FailOnTimeout.java:298)
	at org.junit.internal.runners.statements.FailOnTimeout$CallableStatement.call(FailOnTimeout.java:292)
	at java.util.concurrent.FutureTask.run(FutureTask.java:266)
	at java.lang.Thread.run(Thread.java:748)



Test vvMode=v1v1
tr.result is 1

Test vvMode=v2v2
tr.result is 1

Test vvMode=v1v2
tr.result is -1
v1v2 test failed !!!
reconf_parameter: hbase.hregion.memstore.mslab.enabled
component: hbase:DefaultMemStore
v1: false
v2: true
testProject: hbase
unitTest: org.apache.hadoop.hbase.master.TestMergeTableRegionsWhileRSCrash#test
reconfPoint: -2
result: -1
failureMessage: test timed out after 780 seconds
stackTrace: org.junit.runners.model.TestTimedOutException: test timed out after 780 seconds
	at java.lang.Thread.sleep(Native Method)
	at org.apache.hadoop.hbase.Waiter.waitFor(Waiter.java:190)
	at org.apache.hadoop.hbase.Waiter.waitFor(Waiter.java:137)
	at org.apache.hadoop.hbase.HBaseCommonTestingUtility.waitFor(HBaseCommonTestingUtility.java:251)
	at org.apache.hadoop.hbase.HBaseTestingUtility.waitUntilNoRegionsInTransition(HBaseTestingUtility.java:4295)
	at org.apache.hadoop.hbase.HBaseTestingUtility.waitUntilNoRegionsInTransition(HBaseTestingUtility.java:4303)
	at org.apache.hadoop.hbase.master.TestMergeTableRegionsWhileRSCrash.test(TestMergeTableRegionsWhileRSCrash.java:112)
	at sun.reflect.NativeMethodAccessorImpl.invoke0(Native Method)
	at sun.reflect.NativeMethodAccessorImpl.invoke(NativeMethodAccessorImpl.java:62)
	at sun.reflect.DelegatingMethodAccessorImpl.invoke(DelegatingMethodAccessorImpl.java:43)
	at java.lang.reflect.Method.invoke(Method.java:498)
	at org.junit.runners.model.FrameworkMethod$1.runReflectiveCall(FrameworkMethod.java:50)
	at org.junit.internal.runners.model.ReflectiveCallable.run(ReflectiveCallable.java:12)
	at org.junit.runners.model.FrameworkMethod.invokeExplosively(FrameworkMethod.java:47)
	at org.junit.internal.runners.statements.InvokeMethod.evaluate(InvokeMethod.java:17)
	at org.junit.runners.ParentRunner.runLeaf(ParentRunner.java:325)
	at org.junit.runners.BlockJUnit4ClassRunner.runChild(BlockJUnit4ClassRunner.java:78)
	at org.junit.runners.BlockJUnit4ClassRunner.runChild(BlockJUnit4ClassRunner.java:57)
	at org.junit.runners.ParentRunner$3.run(ParentRunner.java:290)
	at org.junit.runners.ParentRunner$1.schedule(ParentRunner.java:71)
	at org.junit.runners.ParentRunner.runChildren(ParentRunner.java:288)
	at org.junit.runners.ParentRunner.access$000(ParentRunner.java:58)
	at org.junit.runners.ParentRunner$2.evaluate(ParentRunner.java:268)
	at org.junit.internal.runners.statements.RunBefores.evaluate(RunBefores.java:26)
	at org.junit.internal.runners.statements.RunAfters.evaluate(RunAfters.java:27)
	at org.junit.internal.runners.statements.FailOnTimeout$CallableStatement.call(FailOnTimeout.java:298)
	at org.junit.internal.runners.statements.FailOnTimeout$CallableStatement.call(FailOnTimeout.java:292)
	at java.util.concurrent.FutureTask.run(FutureTask.java:266)
	at java.lang.Thread.run(Thread.java:748)



Test vvMode=v1v1
tr.result is 1

Test vvMode=v2v2
tr.result is 1

Test vvMode=v1v2
tr.result is -1
v1v2 test failed !!!
reconf_parameter: hbase.hregion.memstore.mslab.enabled
component: hbase:DefaultMemStore
v1: false
v2: true
testProject: hbase
unitTest: org.apache.hadoop.hbase.master.TestMergeTableRegionsWhileRSCrash#test
reconfPoint: -2
result: -1
failureMessage: test timed out after 780 seconds
stackTrace: org.junit.runners.model.TestTimedOutException: test timed out after 780 seconds
	at java.lang.Thread.sleep(Native Method)
	at org.apache.hadoop.hbase.Waiter.waitFor(Waiter.java:190)
	at org.apache.hadoop.hbase.Waiter.waitFor(Waiter.java:137)
	at org.apache.hadoop.hbase.HBaseCommonTestingUtility.waitFor(HBaseCommonTestingUtility.java:251)
	at org.apache.hadoop.hbase.HBaseTestingUtility.waitUntilNoRegionsInTransition(HBaseTestingUtility.java:4295)
	at org.apache.hadoop.hbase.HBaseTestingUtility.waitUntilNoRegionsInTransition(HBaseTestingUtility.java:4303)
	at org.apache.hadoop.hbase.master.TestMergeTableRegionsWhileRSCrash.test(TestMergeTableRegionsWhileRSCrash.java:112)
	at sun.reflect.NativeMethodAccessorImpl.invoke0(Native Method)
	at sun.reflect.NativeMethodAccessorImpl.invoke(NativeMethodAccessorImpl.java:62)
	at sun.reflect.DelegatingMethodAccessorImpl.invoke(DelegatingMethodAccessorImpl.java:43)
	at java.lang.reflect.Method.invoke(Method.java:498)
	at org.junit.runners.model.FrameworkMethod$1.runReflectiveCall(FrameworkMethod.java:50)
	at org.junit.internal.runners.model.ReflectiveCallable.run(ReflectiveCallable.java:12)
	at org.junit.runners.model.FrameworkMethod.invokeExplosively(FrameworkMethod.java:47)
	at org.junit.internal.runners.statements.InvokeMethod.evaluate(InvokeMethod.java:17)
	at org.junit.runners.ParentRunner.runLeaf(ParentRunner.java:325)
	at org.junit.runners.BlockJUnit4ClassRunner.runChild(BlockJUnit4ClassRunner.java:78)
	at org.junit.runners.BlockJUnit4ClassRunner.runChild(BlockJUnit4ClassRunner.java:57)
	at org.junit.runners.ParentRunner$3.run(ParentRunner.java:290)
	at org.junit.runners.ParentRunner$1.schedule(ParentRunner.java:71)
	at org.junit.runners.ParentRunner.runChildren(ParentRunner.java:288)
	at org.junit.runners.ParentRunner.access$000(ParentRunner.java:58)
	at org.junit.runners.ParentRunner$2.evaluate(ParentRunner.java:268)
	at org.junit.internal.runners.statements.RunBefores.evaluate(RunBefores.java:26)
	at org.junit.internal.runners.statements.RunAfters.evaluate(RunAfters.java:27)
	at org.junit.internal.runners.statements.FailOnTimeout$CallableStatement.call(FailOnTimeout.java:298)
	at org.junit.internal.runners.statements.FailOnTimeout$CallableStatement.call(FailOnTimeout.java:292)
	at java.util.concurrent.FutureTask.run(FutureTask.java:266)
	at java.lang.Thread.run(Thread.java:748)



Test vvMode=v1v1
tr.result is 1

Test vvMode=v2v2
tr.result is 1

Test vvMode=v1v2
tr.result is -1
v1v2 test failed !!!
reconf_parameter: hbase.hregion.memstore.mslab.enabled
component: hbase:DefaultMemStore
v1: false
v2: true
testProject: hbase
unitTest: org.apache.hadoop.hbase.master.TestMergeTableRegionsWhileRSCrash#test
reconfPoint: -2
result: -1
failureMessage: test timed out after 780 seconds
stackTrace: org.junit.runners.model.TestTimedOutException: test timed out after 780 seconds
	at java.lang.Thread.sleep(Native Method)
	at org.apache.hadoop.hbase.Waiter.waitFor(Waiter.java:190)
	at org.apache.hadoop.hbase.Waiter.waitFor(Waiter.java:137)
	at org.apache.hadoop.hbase.HBaseCommonTestingUtility.waitFor(HBaseCommonTestingUtility.java:251)
	at org.apache.hadoop.hbase.HBaseTestingUtility.waitUntilNoRegionsInTransition(HBaseTestingUtility.java:4295)
	at org.apache.hadoop.hbase.HBaseTestingUtility.waitUntilNoRegionsInTransition(HBaseTestingUtility.java:4303)
	at org.apache.hadoop.hbase.master.TestMergeTableRegionsWhileRSCrash.test(TestMergeTableRegionsWhileRSCrash.java:112)
	at sun.reflect.NativeMethodAccessorImpl.invoke0(Native Method)
	at sun.reflect.NativeMethodAccessorImpl.invoke(NativeMethodAccessorImpl.java:62)
	at sun.reflect.DelegatingMethodAccessorImpl.invoke(DelegatingMethodAccessorImpl.java:43)
	at java.lang.reflect.Method.invoke(Method.java:498)
	at org.junit.runners.model.FrameworkMethod$1.runReflectiveCall(FrameworkMethod.java:50)
	at org.junit.internal.runners.model.ReflectiveCallable.run(ReflectiveCallable.java:12)
	at org.junit.runners.model.FrameworkMethod.invokeExplosively(FrameworkMethod.java:47)
	at org.junit.internal.runners.statements.InvokeMethod.evaluate(InvokeMethod.java:17)
	at org.junit.runners.ParentRunner.runLeaf(ParentRunner.java:325)
	at org.junit.runners.BlockJUnit4ClassRunner.runChild(BlockJUnit4ClassRunner.java:78)
	at org.junit.runners.BlockJUnit4ClassRunner.runChild(BlockJUnit4ClassRunner.java:57)
	at org.junit.runners.ParentRunner$3.run(ParentRunner.java:290)
	at org.junit.runners.ParentRunner$1.schedule(ParentRunner.java:71)
	at org.junit.runners.ParentRunner.runChildren(ParentRunner.java:288)
	at org.junit.runners.ParentRunner.access$000(ParentRunner.java:58)
	at org.junit.runners.ParentRunner$2.evaluate(ParentRunner.java:268)
	at org.junit.internal.runners.statements.RunBefores.evaluate(RunBefores.java:26)
	at org.junit.internal.runners.statements.RunAfters.evaluate(RunAfters.java:27)
	at org.junit.internal.runners.statements.FailOnTimeout$CallableStatement.call(FailOnTimeout.java:298)
	at org.junit.internal.runners.statements.FailOnTimeout$CallableStatement.call(FailOnTimeout.java:292)
	at java.util.concurrent.FutureTask.run(FutureTask.java:266)
	at java.lang.Thread.run(Thread.java:748)



Test vvMode=v1v1
tr.result is 1

Test vvMode=v2v2
tr.result is 1

Test vvMode=v1v2
tr.result is -1
v1v2 test failed !!!
reconf_parameter: hbase.hregion.memstore.mslab.enabled
component: hbase:DefaultMemStore
v1: false
v2: true
testProject: hbase
unitTest: org.apache.hadoop.hbase.master.TestMergeTableRegionsWhileRSCrash#test
reconfPoint: -2
result: -1
failureMessage: test timed out after 780 seconds
stackTrace: org.junit.runners.model.TestTimedOutException: test timed out after 780 seconds
	at java.lang.Thread.sleep(Native Method)
	at org.apache.hadoop.hbase.Waiter.waitFor(Waiter.java:190)
	at org.apache.hadoop.hbase.Waiter.waitFor(Waiter.java:137)
	at org.apache.hadoop.hbase.HBaseCommonTestingUtility.waitFor(HBaseCommonTestingUtility.java:251)
	at org.apache.hadoop.hbase.HBaseTestingUtility.waitUntilNoRegionsInTransition(HBaseTestingUtility.java:4295)
	at org.apache.hadoop.hbase.HBaseTestingUtility.waitUntilNoRegionsInTransition(HBaseTestingUtility.java:4303)
	at org.apache.hadoop.hbase.master.TestMergeTableRegionsWhileRSCrash.test(TestMergeTableRegionsWhileRSCrash.java:112)
	at sun.reflect.NativeMethodAccessorImpl.invoke0(Native Method)
	at sun.reflect.NativeMethodAccessorImpl.invoke(NativeMethodAccessorImpl.java:62)
	at sun.reflect.DelegatingMethodAccessorImpl.invoke(DelegatingMethodAccessorImpl.java:43)
	at java.lang.reflect.Method.invoke(Method.java:498)
	at org.junit.runners.model.FrameworkMethod$1.runReflectiveCall(FrameworkMethod.java:50)
	at org.junit.internal.runners.model.ReflectiveCallable.run(ReflectiveCallable.java:12)
	at org.junit.runners.model.FrameworkMethod.invokeExplosively(FrameworkMethod.java:47)
	at org.junit.internal.runners.statements.InvokeMethod.evaluate(InvokeMethod.java:17)
	at org.junit.runners.ParentRunner.runLeaf(ParentRunner.java:325)
	at org.junit.runners.BlockJUnit4ClassRunner.runChild(BlockJUnit4ClassRunner.java:78)
	at org.junit.runners.BlockJUnit4ClassRunner.runChild(BlockJUnit4ClassRunner.java:57)
	at org.junit.runners.ParentRunner$3.run(ParentRunner.java:290)
	at org.junit.runners.ParentRunner$1.schedule(ParentRunner.java:71)
	at org.junit.runners.ParentRunner.runChildren(ParentRunner.java:288)
	at org.junit.runners.ParentRunner.access$000(ParentRunner.java:58)
	at org.junit.runners.ParentRunner$2.evaluate(ParentRunner.java:268)
	at org.junit.internal.runners.statements.RunBefores.evaluate(RunBefores.java:26)
	at org.junit.internal.runners.statements.RunAfters.evaluate(RunAfters.java:27)
	at org.junit.internal.runners.statements.FailOnTimeout$CallableStatement.call(FailOnTimeout.java:298)
	at org.junit.internal.runners.statements.FailOnTimeout$CallableStatement.call(FailOnTimeout.java:292)
	at java.util.concurrent.FutureTask.run(FutureTask.java:266)
	at java.lang.Thread.run(Thread.java:748)



Test vvMode=v1v1
tr.result is 1

Test vvMode=v2v2
tr.result is 1

Test vvMode=v1v2
tr.result is -1
v1v2 test failed !!!
reconf_parameter: hbase.hregion.memstore.mslab.enabled
component: hbase:DefaultMemStore
v1: false
v2: true
testProject: hbase
unitTest: org.apache.hadoop.hbase.master.TestMergeTableRegionsWhileRSCrash#test
reconfPoint: -2
result: -1
failureMessage: test timed out after 780 seconds
stackTrace: org.junit.runners.model.TestTimedOutException: test timed out after 780 seconds
	at java.lang.Thread.sleep(Native Method)
	at org.apache.hadoop.hbase.Waiter.waitFor(Waiter.java:190)
	at org.apache.hadoop.hbase.Waiter.waitFor(Waiter.java:137)
	at org.apache.hadoop.hbase.HBaseCommonTestingUtility.waitFor(HBaseCommonTestingUtility.java:251)
	at org.apache.hadoop.hbase.HBaseTestingUtility.waitUntilNoRegionsInTransition(HBaseTestingUtility.java:4295)
	at org.apache.hadoop.hbase.HBaseTestingUtility.waitUntilNoRegionsInTransition(HBaseTestingUtility.java:4303)
	at org.apache.hadoop.hbase.master.TestMergeTableRegionsWhileRSCrash.test(TestMergeTableRegionsWhileRSCrash.java:112)
	at sun.reflect.NativeMethodAccessorImpl.invoke0(Native Method)
	at sun.reflect.NativeMethodAccessorImpl.invoke(NativeMethodAccessorImpl.java:62)
	at sun.reflect.DelegatingMethodAccessorImpl.invoke(DelegatingMethodAccessorImpl.java:43)
	at java.lang.reflect.Method.invoke(Method.java:498)
	at org.junit.runners.model.FrameworkMethod$1.runReflectiveCall(FrameworkMethod.java:50)
	at org.junit.internal.runners.model.ReflectiveCallable.run(ReflectiveCallable.java:12)
	at org.junit.runners.model.FrameworkMethod.invokeExplosively(FrameworkMethod.java:47)
	at org.junit.internal.runners.statements.InvokeMethod.evaluate(InvokeMethod.java:17)
	at org.junit.runners.ParentRunner.runLeaf(ParentRunner.java:325)
	at org.junit.runners.BlockJUnit4ClassRunner.runChild(BlockJUnit4ClassRunner.java:78)
	at org.junit.runners.BlockJUnit4ClassRunner.runChild(BlockJUnit4ClassRunner.java:57)
	at org.junit.runners.ParentRunner$3.run(ParentRunner.java:290)
	at org.junit.runners.ParentRunner$1.schedule(ParentRunner.java:71)
	at org.junit.runners.ParentRunner.runChildren(ParentRunner.java:288)
	at org.junit.runners.ParentRunner.access$000(ParentRunner.java:58)
	at org.junit.runners.ParentRunner$2.evaluate(ParentRunner.java:268)
	at org.junit.internal.runners.statements.RunBefores.evaluate(RunBefores.java:26)
	at org.junit.internal.runners.statements.RunAfters.evaluate(RunAfters.java:27)
	at org.junit.internal.runners.statements.FailOnTimeout$CallableStatement.call(FailOnTimeout.java:298)
	at org.junit.internal.runners.statements.FailOnTimeout$CallableStatement.call(FailOnTimeout.java:292)
	at java.util.concurrent.FutureTask.run(FutureTask.java:266)
	at java.lang.Thread.run(Thread.java:748)



Test vvMode=v1v1
tr.result is 1

Test vvMode=v2v2
tr.result is 1

Test vvMode=v1v2
tr.result is -1
v1v2 test failed !!!
reconf_parameter: hbase.hregion.memstore.mslab.enabled
component: hbase:DefaultMemStore
v1: false
v2: true
testProject: hbase
unitTest: org.apache.hadoop.hbase.master.TestMergeTableRegionsWhileRSCrash#test
reconfPoint: -2
result: -1
failureMessage: test timed out after 780 seconds
stackTrace: org.junit.runners.model.TestTimedOutException: test timed out after 780 seconds
	at java.lang.Thread.sleep(Native Method)
	at org.apache.hadoop.hbase.Waiter.waitFor(Waiter.java:190)
	at org.apache.hadoop.hbase.Waiter.waitFor(Waiter.java:137)
	at org.apache.hadoop.hbase.HBaseCommonTestingUtility.waitFor(HBaseCommonTestingUtility.java:251)
	at org.apache.hadoop.hbase.HBaseTestingUtility.waitUntilNoRegionsInTransition(HBaseTestingUtility.java:4295)
	at org.apache.hadoop.hbase.HBaseTestingUtility.waitUntilNoRegionsInTransition(HBaseTestingUtility.java:4303)
	at org.apache.hadoop.hbase.master.TestMergeTableRegionsWhileRSCrash.test(TestMergeTableRegionsWhileRSCrash.java:112)
	at sun.reflect.NativeMethodAccessorImpl.invoke0(Native Method)
	at sun.reflect.NativeMethodAccessorImpl.invoke(NativeMethodAccessorImpl.java:62)
	at sun.reflect.DelegatingMethodAccessorImpl.invoke(DelegatingMethodAccessorImpl.java:43)
	at java.lang.reflect.Method.invoke(Method.java:498)
	at org.junit.runners.model.FrameworkMethod$1.runReflectiveCall(FrameworkMethod.java:50)
	at org.junit.internal.runners.model.ReflectiveCallable.run(ReflectiveCallable.java:12)
	at org.junit.runners.model.FrameworkMethod.invokeExplosively(FrameworkMethod.java:47)
	at org.junit.internal.runners.statements.InvokeMethod.evaluate(InvokeMethod.java:17)
	at org.junit.runners.ParentRunner.runLeaf(ParentRunner.java:325)
	at org.junit.runners.BlockJUnit4ClassRunner.runChild(BlockJUnit4ClassRunner.java:78)
	at org.junit.runners.BlockJUnit4ClassRunner.runChild(BlockJUnit4ClassRunner.java:57)
	at org.junit.runners.ParentRunner$3.run(ParentRunner.java:290)
	at org.junit.runners.ParentRunner$1.schedule(ParentRunner.java:71)
	at org.junit.runners.ParentRunner.runChildren(ParentRunner.java:288)
	at org.junit.runners.ParentRunner.access$000(ParentRunner.java:58)
	at org.junit.runners.ParentRunner$2.evaluate(ParentRunner.java:268)
	at org.junit.internal.runners.statements.RunBefores.evaluate(RunBefores.java:26)
	at org.junit.internal.runners.statements.RunAfters.evaluate(RunAfters.java:27)
	at org.junit.internal.runners.statements.FailOnTimeout$CallableStatement.call(FailOnTimeout.java:298)
	at org.junit.internal.runners.statements.FailOnTimeout$CallableStatement.call(FailOnTimeout.java:292)
	at java.util.concurrent.FutureTask.run(FutureTask.java:266)
	at java.lang.Thread.run(Thread.java:748)



Test vvMode=v1v1
tr.result is 1

Test vvMode=v2v2
tr.result is 1

Test vvMode=v1v2
tr.result is -1
v1v2 test failed !!!
reconf_parameter: hbase.hregion.memstore.mslab.enabled
component: hbase:DefaultMemStore
v1: false
v2: true
testProject: hbase
unitTest: org.apache.hadoop.hbase.master.TestMergeTableRegionsWhileRSCrash#test
reconfPoint: -2
result: -1
failureMessage: test timed out after 780 seconds
stackTrace: org.junit.runners.model.TestTimedOutException: test timed out after 780 seconds
	at java.lang.Thread.sleep(Native Method)
	at org.apache.hadoop.hbase.Waiter.waitFor(Waiter.java:190)
	at org.apache.hadoop.hbase.Waiter.waitFor(Waiter.java:137)
	at org.apache.hadoop.hbase.HBaseCommonTestingUtility.waitFor(HBaseCommonTestingUtility.java:251)
	at org.apache.hadoop.hbase.HBaseTestingUtility.waitUntilNoRegionsInTransition(HBaseTestingUtility.java:4295)
	at org.apache.hadoop.hbase.HBaseTestingUtility.waitUntilNoRegionsInTransition(HBaseTestingUtility.java:4303)
	at org.apache.hadoop.hbase.master.TestMergeTableRegionsWhileRSCrash.test(TestMergeTableRegionsWhileRSCrash.java:112)
	at sun.reflect.NativeMethodAccessorImpl.invoke0(Native Method)
	at sun.reflect.NativeMethodAccessorImpl.invoke(NativeMethodAccessorImpl.java:62)
	at sun.reflect.DelegatingMethodAccessorImpl.invoke(DelegatingMethodAccessorImpl.java:43)
	at java.lang.reflect.Method.invoke(Method.java:498)
	at org.junit.runners.model.FrameworkMethod$1.runReflectiveCall(FrameworkMethod.java:50)
	at org.junit.internal.runners.model.ReflectiveCallable.run(ReflectiveCallable.java:12)
	at org.junit.runners.model.FrameworkMethod.invokeExplosively(FrameworkMethod.java:47)
	at org.junit.internal.runners.statements.InvokeMethod.evaluate(InvokeMethod.java:17)
	at org.junit.runners.ParentRunner.runLeaf(ParentRunner.java:325)
	at org.junit.runners.BlockJUnit4ClassRunner.runChild(BlockJUnit4ClassRunner.java:78)
	at org.junit.runners.BlockJUnit4ClassRunner.runChild(BlockJUnit4ClassRunner.java:57)
	at org.junit.runners.ParentRunner$3.run(ParentRunner.java:290)
	at org.junit.runners.ParentRunner$1.schedule(ParentRunner.java:71)
	at org.junit.runners.ParentRunner.runChildren(ParentRunner.java:288)
	at org.junit.runners.ParentRunner.access$000(ParentRunner.java:58)
	at org.junit.runners.ParentRunner$2.evaluate(ParentRunner.java:268)
	at org.junit.internal.runners.statements.RunBefores.evaluate(RunBefores.java:26)
	at org.junit.internal.runners.statements.RunAfters.evaluate(RunAfters.java:27)
	at org.junit.internal.runners.statements.FailOnTimeout$CallableStatement.call(FailOnTimeout.java:298)
	at org.junit.internal.runners.statements.FailOnTimeout$CallableStatement.call(FailOnTimeout.java:292)
	at java.util.concurrent.FutureTask.run(FutureTask.java:266)
	at java.lang.Thread.run(Thread.java:748)



Test vvMode=v1v1
tr.result is 1

Test vvMode=v2v2
tr.result is 1
early stop after 10 is satisfied
v1v2 failed with probability 10 out of 10
v1v1v2v2 failed with probability 0 out of 10
result: might be true error
Total execution time in seconds : 9094
