reconf_parameter: hbase.rpc.timeout
component: HRegionServer
v1: 1
v2: 60000
testProject: hbase
unitTest: org.apache.hadoop.hbase.rsgroup.TestRSGroupsBasics#testDefaultNamespaceCreateAndAssign
reconfPoint: 4
result: -1

Test vvMode=v1v2
tr.result is 1

Test vvMode=v1v2
tr.result is 1

Test vvMode=v1v2
tr.result is 1

Test vvMode=v1v2
tr.result is 1

Test vvMode=v1v2
tr.result is 1

Test vvMode=v1v2
tr.result is 1

Test vvMode=v1v2
tr.result is 1

Test vvMode=v1v2
tr.result is 1

Test vvMode=v1v2
tr.result is -1
v1v2 test failed !!!
reconf_parameter: hbase.rpc.timeout
component: HRegionServer
v1: 1
v2: 60000
testProject: hbase
unitTest: org.apache.hadoop.hbase.rsgroup.TestRSGroupsBasics#testDefaultNamespaceCreateAndAssign
reconfPoint: 4
result: -1
failureMessage: org.apache.hadoop.hbase.TableNotFoundException: hbase:rsgroup
	at org.apache.hadoop.hbase.client.ConnectionImplementation.locateRegionInMeta(ConnectionImplementation.java:889)
	at org.apache.hadoop.hbase.client.ConnectionImplementation.locateRegion(ConnectionImplementation.java:784)
	at org.apache.hadoop.hbase.client.ConnectionUtils$ShortCircuitingClusterConnection.locateRegion(ConnectionUtils.java:140)
	at org.apache.hadoop.hbase.client.HRegionLocator.getRegionLocation(HRegionLocator.java:64)
	at org.apache.hadoop.hbase.client.RegionLocator.getRegionLocation(RegionLocator.java:58)
	at org.apache.hadoop.hbase.client.RegionLocator.getRegionLocation(RegionLocator.java:47)
	at org.apache.hadoop.hbase.client.RegionServerCallable.prepare(RegionServerCallable.java:223)
	at org.apache.hadoop.hbase.client.RpcRetryingCallerImpl.callWithRetries(RpcRetryingCallerImpl.java:105)
	at org.apache.hadoop.hbase.client.RegionCoprocessorRpcChannel.callExecService(RegionCoprocessorRpcChannel.java:91)
	at org.apache.hadoop.hbase.client.SyncCoprocessorRpcChannel.callBlockingMethod(SyncCoprocessorRpcChannel.java:69)
	at org.apache.hadoop.hbase.protobuf.generated.MultiRowMutationProtos$MultiRowMutationService$BlockingStub.mutateRows(MultiRowMutationProtos.java:2362)
	at org.apache.hadoop.hbase.rsgroup.RSGroupInfoManagerImpl.multiMutate(RSGroupInfoManagerImpl.java:779)
	at org.apache.hadoop.hbase.rsgroup.RSGroupInfoManagerImpl.flushConfigTable(RSGroupInfoManagerImpl.java:462)
	at org.apache.hadoop.hbase.rsgroup.RSGroupInfoManagerImpl.flushConfig(RSGroupInfoManagerImpl.java:506)
	at org.apache.hadoop.hbase.rsgroup.RSGroupInfoManagerImpl.moveTables(RSGroupInfoManagerImpl.java:267)
	at org.apache.hadoop.hbase.rsgroup.RSGroupAdminServer.moveTables(RSGroupAdminServer.java:361)
	at org.apache.hadoop.hbase.rsgroup.RSGroupAdminEndpoint.assignTableToGroup(RSGroupAdminEndpoint.java:447)
	at org.apache.hadoop.hbase.rsgroup.RSGroupAdminEndpoint.postCreateTable(RSGroupAdminEndpoint.java:470)
	at org.apache.hadoop.hbase.master.MasterCoprocessorHost$13.call(MasterCoprocessorHost.java:350)
	at org.apache.hadoop.hbase.master.MasterCoprocessorHost$13.call(MasterCoprocessorHost.java:347)
	at org.apache.hadoop.hbase.coprocessor.CoprocessorHost$ObserverOperationWithoutResult.callObserver(CoprocessorHost.java:562)
	at org.apache.hadoop.hbase.coprocessor.CoprocessorHost.execOperation(CoprocessorHost.java:636)
	at org.apache.hadoop.hbase.master.MasterCoprocessorHost.postCreateTable(MasterCoprocessorHost.java:347)
	at org.apache.hadoop.hbase.master.HMaster$4.run(HMaster.java:2067)
	at org.apache.hadoop.hbase.master.procedure.MasterProcedureUtil.submitProcedure(MasterProcedureUtil.java:134)
	at org.apache.hadoop.hbase.master.HMaster.createTable(HMaster.java:2050)
	at org.apache.hadoop.hbase.master.MasterRpcServices.createTable(MasterRpcServices.java:659)
	at org.apache.hadoop.hbase.shaded.protobuf.generated.MasterProtos$MasterService$2.callBlockingMethod(MasterProtos.java)
	at org.apache.hadoop.hbase.ipc.RpcServer.call(RpcServer.java:413)
	at org.apache.hadoop.hbase.ipc.CallRunner.run(CallRunner.java:133)
	at org.apache.hadoop.hbase.ipc.RpcExecutor$Handler.run(RpcExecutor.java:338)
	at org.apache.hadoop.hbase.ipc.RpcExecutor$Handler.run(RpcExecutor.java:318)

stackTrace: org.apache.hadoop.hbase.TableNotFoundException: org.apache.hadoop.hbase.TableNotFoundException: hbase:rsgroup
	at org.apache.hadoop.hbase.client.ConnectionImplementation.locateRegionInMeta(ConnectionImplementation.java:889)
	at org.apache.hadoop.hbase.client.ConnectionImplementation.locateRegion(ConnectionImplementation.java:784)
	at org.apache.hadoop.hbase.client.ConnectionUtils$ShortCircuitingClusterConnection.locateRegion(ConnectionUtils.java:140)
	at org.apache.hadoop.hbase.client.HRegionLocator.getRegionLocation(HRegionLocator.java:64)
	at org.apache.hadoop.hbase.client.RegionLocator.getRegionLocation(RegionLocator.java:58)
	at org.apache.hadoop.hbase.client.RegionLocator.getRegionLocation(RegionLocator.java:47)
	at org.apache.hadoop.hbase.client.RegionServerCallable.prepare(RegionServerCallable.java:223)
	at org.apache.hadoop.hbase.client.RpcRetryingCallerImpl.callWithRetries(RpcRetryingCallerImpl.java:105)
	at org.apache.hadoop.hbase.client.RegionCoprocessorRpcChannel.callExecService(RegionCoprocessorRpcChannel.java:91)
	at org.apache.hadoop.hbase.client.SyncCoprocessorRpcChannel.callBlockingMethod(SyncCoprocessorRpcChannel.java:69)
	at org.apache.hadoop.hbase.protobuf.generated.MultiRowMutationProtos$MultiRowMutationService$BlockingStub.mutateRows(MultiRowMutationProtos.java:2362)
	at org.apache.hadoop.hbase.rsgroup.RSGroupInfoManagerImpl.multiMutate(RSGroupInfoManagerImpl.java:779)
	at org.apache.hadoop.hbase.rsgroup.RSGroupInfoManagerImpl.flushConfigTable(RSGroupInfoManagerImpl.java:462)
	at org.apache.hadoop.hbase.rsgroup.RSGroupInfoManagerImpl.flushConfig(RSGroupInfoManagerImpl.java:506)
	at org.apache.hadoop.hbase.rsgroup.RSGroupInfoManagerImpl.moveTables(RSGroupInfoManagerImpl.java:267)
	at org.apache.hadoop.hbase.rsgroup.RSGroupAdminServer.moveTables(RSGroupAdminServer.java:361)
	at org.apache.hadoop.hbase.rsgroup.RSGroupAdminEndpoint.assignTableToGroup(RSGroupAdminEndpoint.java:447)
	at org.apache.hadoop.hbase.rsgroup.RSGroupAdminEndpoint.postCreateTable(RSGroupAdminEndpoint.java:470)
	at org.apache.hadoop.hbase.master.MasterCoprocessorHost$13.call(MasterCoprocessorHost.java:350)
	at org.apache.hadoop.hbase.master.MasterCoprocessorHost$13.call(MasterCoprocessorHost.java:347)
	at org.apache.hadoop.hbase.coprocessor.CoprocessorHost$ObserverOperationWithoutResult.callObserver(CoprocessorHost.java:562)
	at org.apache.hadoop.hbase.coprocessor.CoprocessorHost.execOperation(CoprocessorHost.java:636)
	at org.apache.hadoop.hbase.master.MasterCoprocessorHost.postCreateTable(MasterCoprocessorHost.java:347)
	at org.apache.hadoop.hbase.master.HMaster$4.run(HMaster.java:2067)
	at org.apache.hadoop.hbase.master.procedure.MasterProcedureUtil.submitProcedure(MasterProcedureUtil.java:134)
	at org.apache.hadoop.hbase.master.HMaster.createTable(HMaster.java:2050)
	at org.apache.hadoop.hbase.master.MasterRpcServices.createTable(MasterRpcServices.java:659)
	at org.apache.hadoop.hbase.shaded.protobuf.generated.MasterProtos$MasterService$2.callBlockingMethod(MasterProtos.java)
	at org.apache.hadoop.hbase.ipc.RpcServer.call(RpcServer.java:413)
	at org.apache.hadoop.hbase.ipc.CallRunner.run(CallRunner.java:133)
	at org.apache.hadoop.hbase.ipc.RpcExecutor$Handler.run(RpcExecutor.java:338)
	at org.apache.hadoop.hbase.ipc.RpcExecutor$Handler.run(RpcExecutor.java:318)

	at sun.reflect.NativeConstructorAccessorImpl.newInstance0(Native Method)
	at sun.reflect.NativeConstructorAccessorImpl.newInstance(NativeConstructorAccessorImpl.java:62)
	at sun.reflect.DelegatingConstructorAccessorImpl.newInstance(DelegatingConstructorAccessorImpl.java:45)
	at java.lang.reflect.Constructor.newInstance(Constructor.java:423)
	at org.apache.hadoop.hbase.ipc.RemoteWithExtrasException.instantiateException(RemoteWithExtrasException.java:99)
	at org.apache.hadoop.hbase.ipc.RemoteWithExtrasException.unwrapRemoteException(RemoteWithExtrasException.java:89)
	at org.apache.hadoop.hbase.shaded.protobuf.ProtobufUtil.makeIOExceptionOfException(ProtobufUtil.java:364)
	at org.apache.hadoop.hbase.shaded.protobuf.ProtobufUtil.handleRemoteException(ProtobufUtil.java:352)
	at org.apache.hadoop.hbase.client.MasterCallable.call(MasterCallable.java:101)
	at org.apache.hadoop.hbase.client.RpcRetryingCallerImpl.callWithRetries(RpcRetryingCallerImpl.java:107)
	at org.apache.hadoop.hbase.client.HBaseAdmin.executeCallable(HBaseAdmin.java:3133)
	at org.apache.hadoop.hbase.client.HBaseAdmin.executeCallable(HBaseAdmin.java:3125)
	at org.apache.hadoop.hbase.client.HBaseAdmin.createTableAsync(HBaseAdmin.java:669)
	at org.apache.hadoop.hbase.client.HBaseAdmin.createTable(HBaseAdmin.java:642)
	at org.apache.hadoop.hbase.client.HBaseAdmin.createTable(HBaseAdmin.java:617)
	at org.apache.hadoop.hbase.rsgroup.TestRSGroupsBasics.testDefaultNamespaceCreateAndAssign(TestRSGroupsBasics.java:186)
	at sun.reflect.NativeMethodAccessorImpl.invoke0(Native Method)
	at sun.reflect.NativeMethodAccessorImpl.invoke(NativeMethodAccessorImpl.java:62)
	at sun.reflect.DelegatingMethodAccessorImpl.invoke(DelegatingMethodAccessorImpl.java:43)
	at java.lang.reflect.Method.invoke(Method.java:498)
	at org.junit.runners.model.FrameworkMethod$1.runReflectiveCall(FrameworkMethod.java:50)
	at org.junit.internal.runners.model.ReflectiveCallable.run(ReflectiveCallable.java:12)
	at org.junit.runners.model.FrameworkMethod.invokeExplosively(FrameworkMethod.java:47)
	at org.junit.internal.runners.statements.InvokeMethod.evaluate(InvokeMethod.java:17)
	at org.junit.internal.runners.statements.RunBefores.evaluate(RunBefores.java:26)
	at org.junit.internal.runners.statements.RunAfters.evaluate(RunAfters.java:27)
	at org.junit.rules.TestWatcher$1.evaluate(TestWatcher.java:55)
	at org.junit.rules.RunRules.evaluate(RunRules.java:20)
	at org.junit.runners.ParentRunner.runLeaf(ParentRunner.java:325)
	at org.junit.runners.BlockJUnit4ClassRunner.runChild(BlockJUnit4ClassRunner.java:78)
	at org.junit.runners.BlockJUnit4ClassRunner.runChild(BlockJUnit4ClassRunner.java:57)
	at org.junit.runners.ParentRunner$3.run(ParentRunner.java:290)
	at org.junit.runners.ParentRunner$1.schedule(ParentRunner.java:71)
	at org.junit.runners.ParentRunner.runChildren(ParentRunner.java:288)
	at org.junit.runners.ParentRunner.access$000(ParentRunner.java:58)
	at org.junit.runners.ParentRunner$2.evaluate(ParentRunner.java:268)
	at org.junit.internal.runners.statements.RunBefores.evaluate(RunBefores.java:26)
	at org.junit.internal.runners.statements.RunAfters.evaluate(RunAfters.java:27)
	at org.junit.internal.runners.statements.FailOnTimeout$CallableStatement.call(FailOnTimeout.java:298)
	at org.junit.internal.runners.statements.FailOnTimeout$CallableStatement.call(FailOnTimeout.java:292)
	at java.util.concurrent.FutureTask.run(FutureTask.java:266)
	at java.lang.Thread.run(Thread.java:748)
Caused by: org.apache.hadoop.hbase.ipc.RemoteWithExtrasException(org.apache.hadoop.hbase.TableNotFoundException): org.apache.hadoop.hbase.TableNotFoundException: hbase:rsgroup
	at org.apache.hadoop.hbase.client.ConnectionImplementation.locateRegionInMeta(ConnectionImplementation.java:889)
	at org.apache.hadoop.hbase.client.ConnectionImplementation.locateRegion(ConnectionImplementation.java:784)
	at org.apache.hadoop.hbase.client.ConnectionUtils$ShortCircuitingClusterConnection.locateRegion(ConnectionUtils.java:140)
	at org.apache.hadoop.hbase.client.HRegionLocator.getRegionLocation(HRegionLocator.java:64)
	at org.apache.hadoop.hbase.client.RegionLocator.getRegionLocation(RegionLocator.java:58)
	at org.apache.hadoop.hbase.client.RegionLocator.getRegionLocation(RegionLocator.java:47)
	at org.apache.hadoop.hbase.client.RegionServerCallable.prepare(RegionServerCallable.java:223)
	at org.apache.hadoop.hbase.client.RpcRetryingCallerImpl.callWithRetries(RpcRetryingCallerImpl.java:105)
	at org.apache.hadoop.hbase.client.RegionCoprocessorRpcChannel.callExecService(RegionCoprocessorRpcChannel.java:91)
	at org.apache.hadoop.hbase.client.SyncCoprocessorRpcChannel.callBlockingMethod(SyncCoprocessorRpcChannel.java:69)
	at org.apache.hadoop.hbase.protobuf.generated.MultiRowMutationProtos$MultiRowMutationService$BlockingStub.mutateRows(MultiRowMutationProtos.java:2362)
	at org.apache.hadoop.hbase.rsgroup.RSGroupInfoManagerImpl.multiMutate(RSGroupInfoManagerImpl.java:779)
	at org.apache.hadoop.hbase.rsgroup.RSGroupInfoManagerImpl.flushConfigTable(RSGroupInfoManagerImpl.java:462)
	at org.apache.hadoop.hbase.rsgroup.RSGroupInfoManagerImpl.flushConfig(RSGroupInfoManagerImpl.java:506)
	at org.apache.hadoop.hbase.rsgroup.RSGroupInfoManagerImpl.moveTables(RSGroupInfoManagerImpl.java:267)
	at org.apache.hadoop.hbase.rsgroup.RSGroupAdminServer.moveTables(RSGroupAdminServer.java:361)
	at org.apache.hadoop.hbase.rsgroup.RSGroupAdminEndpoint.assignTableToGroup(RSGroupAdminEndpoint.java:447)
	at org.apache.hadoop.hbase.rsgroup.RSGroupAdminEndpoint.postCreateTable(RSGroupAdminEndpoint.java:470)
	at org.apache.hadoop.hbase.master.MasterCoprocessorHost$13.call(MasterCoprocessorHost.java:350)
	at org.apache.hadoop.hbase.master.MasterCoprocessorHost$13.call(MasterCoprocessorHost.java:347)
	at org.apache.hadoop.hbase.coprocessor.CoprocessorHost$ObserverOperationWithoutResult.callObserver(CoprocessorHost.java:562)
	at org.apache.hadoop.hbase.coprocessor.CoprocessorHost.execOperation(CoprocessorHost.java:636)
	at org.apache.hadoop.hbase.master.MasterCoprocessorHost.postCreateTable(MasterCoprocessorHost.java:347)
	at org.apache.hadoop.hbase.master.HMaster$4.run(HMaster.java:2067)
	at org.apache.hadoop.hbase.master.procedure.MasterProcedureUtil.submitProcedure(MasterProcedureUtil.java:134)
	at org.apache.hadoop.hbase.master.HMaster.createTable(HMaster.java:2050)
	at org.apache.hadoop.hbase.master.MasterRpcServices.createTable(MasterRpcServices.java:659)
	at org.apache.hadoop.hbase.shaded.protobuf.generated.MasterProtos$MasterService$2.callBlockingMethod(MasterProtos.java)
	at org.apache.hadoop.hbase.ipc.RpcServer.call(RpcServer.java:413)
	at org.apache.hadoop.hbase.ipc.CallRunner.run(CallRunner.java:133)
	at org.apache.hadoop.hbase.ipc.RpcExecutor$Handler.run(RpcExecutor.java:338)
	at org.apache.hadoop.hbase.ipc.RpcExecutor$Handler.run(RpcExecutor.java:318)

	at org.apache.hadoop.hbase.ipc.AbstractRpcClient.onCallFinished(AbstractRpcClient.java:389)
	at org.apache.hadoop.hbase.ipc.AbstractRpcClient.access$100(AbstractRpcClient.java:97)
	at org.apache.hadoop.hbase.ipc.AbstractRpcClient$3.run(AbstractRpcClient.java:423)
	at org.apache.hadoop.hbase.ipc.AbstractRpcClient$3.run(AbstractRpcClient.java:419)
	at org.apache.hadoop.hbase.ipc.Call.callComplete(Call.java:117)
	at org.apache.hadoop.hbase.ipc.Call.setException(Call.java:132)
	at org.apache.hadoop.hbase.ipc.NettyRpcDuplexHandler.readResponse(NettyRpcDuplexHandler.java:162)
	at org.apache.hadoop.hbase.ipc.NettyRpcDuplexHandler.channelRead(NettyRpcDuplexHandler.java:192)
	at org.apache.hbase.thirdparty.io.netty.channel.AbstractChannelHandlerContext.invokeChannelRead(AbstractChannelHandlerContext.java:359)
	at org.apache.hbase.thirdparty.io.netty.channel.AbstractChannelHandlerContext.invokeChannelRead(AbstractChannelHandlerContext.java:345)
	at org.apache.hbase.thirdparty.io.netty.channel.AbstractChannelHandlerContext.fireChannelRead(AbstractChannelHandlerContext.java:337)
	at org.apache.hbase.thirdparty.io.netty.handler.codec.ByteToMessageDecoder.fireChannelRead(ByteToMessageDecoder.java:323)
	at org.apache.hbase.thirdparty.io.netty.handler.codec.ByteToMessageDecoder.channelRead(ByteToMessageDecoder.java:297)
	at org.apache.hbase.thirdparty.io.netty.channel.AbstractChannelHandlerContext.invokeChannelRead(AbstractChannelHandlerContext.java:359)
	at org.apache.hbase.thirdparty.io.netty.channel.AbstractChannelHandlerContext.invokeChannelRead(AbstractChannelHandlerContext.java:345)
	at org.apache.hbase.thirdparty.io.netty.channel.AbstractChannelHandlerContext.fireChannelRead(AbstractChannelHandlerContext.java:337)
	at org.apache.hbase.thirdparty.io.netty.handler.timeout.IdleStateHandler.channelRead(IdleStateHandler.java:286)
	at org.apache.hbase.thirdparty.io.netty.channel.AbstractChannelHandlerContext.invokeChannelRead(AbstractChannelHandlerContext.java:359)
	at org.apache.hbase.thirdparty.io.netty.channel.AbstractChannelHandlerContext.invokeChannelRead(AbstractChannelHandlerContext.java:345)
	at org.apache.hbase.thirdparty.io.netty.channel.AbstractChannelHandlerContext.fireChannelRead(AbstractChannelHandlerContext.java:337)
	at org.apache.hbase.thirdparty.io.netty.channel.DefaultChannelPipeline$HeadContext.channelRead(DefaultChannelPipeline.java:1408)
	at org.apache.hbase.thirdparty.io.netty.channel.AbstractChannelHandlerContext.invokeChannelRead(AbstractChannelHandlerContext.java:359)
	at org.apache.hbase.thirdparty.io.netty.channel.AbstractChannelHandlerContext.invokeChannelRead(AbstractChannelHandlerContext.java:345)
	at org.apache.hbase.thirdparty.io.netty.channel.DefaultChannelPipeline.fireChannelRead(DefaultChannelPipeline.java:930)
	at org.apache.hbase.thirdparty.io.netty.channel.nio.AbstractNioByteChannel$NioByteUnsafe.read(AbstractNioByteChannel.java:163)
	at org.apache.hbase.thirdparty.io.netty.channel.nio.NioEventLoop.processSelectedKey(NioEventLoop.java:677)
	at org.apache.hbase.thirdparty.io.netty.channel.nio.NioEventLoop.processSelectedKeysOptimized(NioEventLoop.java:612)
	at org.apache.hbase.thirdparty.io.netty.channel.nio.NioEventLoop.processSelectedKeys(NioEventLoop.java:529)
	at org.apache.hbase.thirdparty.io.netty.channel.nio.NioEventLoop.run(NioEventLoop.java:491)
	at org.apache.hbase.thirdparty.io.netty.util.concurrent.SingleThreadEventExecutor$5.run(SingleThreadEventExecutor.java:905)
	at org.apache.hbase.thirdparty.io.netty.util.concurrent.FastThreadLocalRunnable.run(FastThreadLocalRunnable.java:30)
	... 1 more



Test vvMode=v1v2
tr.result is 1

Test vvMode=v1v2
tr.result is 1

Test vvMode=v1v2
tr.result is 1

Test vvMode=v1v2
tr.result is 1

Test vvMode=v1v2
tr.result is 1

Test vvMode=v1v2
tr.result is 1

Test vvMode=v1v2
tr.result is 1

Test vvMode=v1v2
tr.result is -1
v1v2 test failed !!!
reconf_parameter: hbase.rpc.timeout
component: HRegionServer
v1: 1
v2: 60000
testProject: hbase
unitTest: org.apache.hadoop.hbase.rsgroup.TestRSGroupsBasics#testDefaultNamespaceCreateAndAssign
reconfPoint: 4
result: -1
failureMessage: expected:<[Name:default,  Servers:[476ce04e2a65:35357, 476ce04e2a65:36707, 476ce04e2a65:45327, 476ce04e2a65:45362],  Tables:[hbase:meta, hbase:namespace, hbase:rsgroup], Name:master,  Servers:[],  Tables:[]]> but was:<[Name:default,  Servers:[476ce04e2a65:35357, 476ce04e2a65:36707, 476ce04e2a65:45362],  Tables:[hbase:meta, hbase:namespace, hbase:rsgroup], Name:master,  Servers:[],  Tables:[]]>
stackTrace: java.lang.AssertionError: expected:<[Name:default,  Servers:[476ce04e2a65:35357, 476ce04e2a65:36707, 476ce04e2a65:45327, 476ce04e2a65:45362],  Tables:[hbase:meta, hbase:namespace, hbase:rsgroup], Name:master,  Servers:[],  Tables:[]]> but was:<[Name:default,  Servers:[476ce04e2a65:35357, 476ce04e2a65:36707, 476ce04e2a65:45362],  Tables:[hbase:meta, hbase:namespace, hbase:rsgroup], Name:master,  Servers:[],  Tables:[]]>
	at org.junit.Assert.fail(Assert.java:88)
	at org.junit.Assert.failNotEquals(Assert.java:834)
	at org.junit.Assert.assertEquals(Assert.java:118)
	at org.junit.Assert.assertEquals(Assert.java:144)
	at org.apache.hadoop.hbase.rsgroup.VerifyingRSGroupAdminClient.verify(VerifyingRSGroupAdminClient.java:134)
	at org.apache.hadoop.hbase.rsgroup.VerifyingRSGroupAdminClient.addRSGroup(VerifyingRSGroupAdminClient.java:63)
	at org.apache.hadoop.hbase.rsgroup.TestRSGroupsBase.tearDownAfterMethod(TestRSGroupsBase.java:161)
	at org.apache.hadoop.hbase.rsgroup.TestRSGroupsBase.setUpBeforeMethod(TestRSGroupsBase.java:140)
	at org.apache.hadoop.hbase.rsgroup.TestRSGroupsBasics.beforeMethod(TestRSGroupsBasics.java:77)
	at sun.reflect.NativeMethodAccessorImpl.invoke0(Native Method)
	at sun.reflect.NativeMethodAccessorImpl.invoke(NativeMethodAccessorImpl.java:62)
	at sun.reflect.DelegatingMethodAccessorImpl.invoke(DelegatingMethodAccessorImpl.java:43)
	at java.lang.reflect.Method.invoke(Method.java:498)
	at org.junit.runners.model.FrameworkMethod$1.runReflectiveCall(FrameworkMethod.java:50)
	at org.junit.internal.runners.model.ReflectiveCallable.run(ReflectiveCallable.java:12)
	at org.junit.runners.model.FrameworkMethod.invokeExplosively(FrameworkMethod.java:47)
	at org.junit.internal.runners.statements.RunBefores.evaluate(RunBefores.java:24)
	at org.junit.internal.runners.statements.RunAfters.evaluate(RunAfters.java:27)
	at org.junit.rules.TestWatcher$1.evaluate(TestWatcher.java:55)
	at org.junit.rules.RunRules.evaluate(RunRules.java:20)
	at org.junit.runners.ParentRunner.runLeaf(ParentRunner.java:325)
	at org.junit.runners.BlockJUnit4ClassRunner.runChild(BlockJUnit4ClassRunner.java:78)
	at org.junit.runners.BlockJUnit4ClassRunner.runChild(BlockJUnit4ClassRunner.java:57)
	at org.junit.runners.ParentRunner$3.run(ParentRunner.java:290)
	at org.junit.runners.ParentRunner$1.schedule(ParentRunner.java:71)
	at org.junit.runners.ParentRunner.runChildren(ParentRunner.java:288)
	at org.junit.runners.ParentRunner.access$000(ParentRunner.java:58)
	at org.junit.runners.ParentRunner$2.evaluate(ParentRunner.java:268)
	at org.junit.internal.runners.statements.RunBefores.evaluate(RunBefores.java:26)
	at org.junit.internal.runners.statements.RunAfters.evaluate(RunAfters.java:27)
	at org.junit.internal.runners.statements.FailOnTimeout$CallableStatement.call(FailOnTimeout.java:298)
	at org.junit.internal.runners.statements.FailOnTimeout$CallableStatement.call(FailOnTimeout.java:292)
	at java.util.concurrent.FutureTask.run(FutureTask.java:266)
	at java.lang.Thread.run(Thread.java:748)



Test vvMode=v1v2
tr.result is 1

Test vvMode=v1v2
tr.result is -1
v1v2 test failed !!!
reconf_parameter: hbase.rpc.timeout
component: HRegionServer
v1: 1
v2: 60000
testProject: hbase
unitTest: org.apache.hadoop.hbase.rsgroup.TestRSGroupsBasics#testDefaultNamespaceCreateAndAssign
reconfPoint: 4
result: -1
failureMessage: expected:<[Name:default,  Servers:[476ce04e2a65:34727, 476ce04e2a65:40574, 476ce04e2a65:40982, 476ce04e2a65:46451],  Tables:[hbase:meta, hbase:namespace, hbase:rsgroup], Name:master,  Servers:[],  Tables:[]]> but was:<[Name:default,  Servers:[476ce04e2a65:34727, 476ce04e2a65:40574, 476ce04e2a65:40982],  Tables:[hbase:meta, hbase:namespace, hbase:rsgroup], Name:master,  Servers:[],  Tables:[]]>
stackTrace: java.lang.AssertionError: expected:<[Name:default,  Servers:[476ce04e2a65:34727, 476ce04e2a65:40574, 476ce04e2a65:40982, 476ce04e2a65:46451],  Tables:[hbase:meta, hbase:namespace, hbase:rsgroup], Name:master,  Servers:[],  Tables:[]]> but was:<[Name:default,  Servers:[476ce04e2a65:34727, 476ce04e2a65:40574, 476ce04e2a65:40982],  Tables:[hbase:meta, hbase:namespace, hbase:rsgroup], Name:master,  Servers:[],  Tables:[]]>
	at org.junit.Assert.fail(Assert.java:88)
	at org.junit.Assert.failNotEquals(Assert.java:834)
	at org.junit.Assert.assertEquals(Assert.java:118)
	at org.junit.Assert.assertEquals(Assert.java:144)
	at org.apache.hadoop.hbase.rsgroup.VerifyingRSGroupAdminClient.verify(VerifyingRSGroupAdminClient.java:134)
	at org.apache.hadoop.hbase.rsgroup.VerifyingRSGroupAdminClient.addRSGroup(VerifyingRSGroupAdminClient.java:63)
	at org.apache.hadoop.hbase.rsgroup.TestRSGroupsBase.tearDownAfterMethod(TestRSGroupsBase.java:161)
	at org.apache.hadoop.hbase.rsgroup.TestRSGroupsBase.setUpBeforeMethod(TestRSGroupsBase.java:140)
	at org.apache.hadoop.hbase.rsgroup.TestRSGroupsBasics.beforeMethod(TestRSGroupsBasics.java:77)
	at sun.reflect.NativeMethodAccessorImpl.invoke0(Native Method)
	at sun.reflect.NativeMethodAccessorImpl.invoke(NativeMethodAccessorImpl.java:62)
	at sun.reflect.DelegatingMethodAccessorImpl.invoke(DelegatingMethodAccessorImpl.java:43)
	at java.lang.reflect.Method.invoke(Method.java:498)
	at org.junit.runners.model.FrameworkMethod$1.runReflectiveCall(FrameworkMethod.java:50)
	at org.junit.internal.runners.model.ReflectiveCallable.run(ReflectiveCallable.java:12)
	at org.junit.runners.model.FrameworkMethod.invokeExplosively(FrameworkMethod.java:47)
	at org.junit.internal.runners.statements.RunBefores.evaluate(RunBefores.java:24)
	at org.junit.internal.runners.statements.RunAfters.evaluate(RunAfters.java:27)
	at org.junit.rules.TestWatcher$1.evaluate(TestWatcher.java:55)
	at org.junit.rules.RunRules.evaluate(RunRules.java:20)
	at org.junit.runners.ParentRunner.runLeaf(ParentRunner.java:325)
	at org.junit.runners.BlockJUnit4ClassRunner.runChild(BlockJUnit4ClassRunner.java:78)
	at org.junit.runners.BlockJUnit4ClassRunner.runChild(BlockJUnit4ClassRunner.java:57)
	at org.junit.runners.ParentRunner$3.run(ParentRunner.java:290)
	at org.junit.runners.ParentRunner$1.schedule(ParentRunner.java:71)
	at org.junit.runners.ParentRunner.runChildren(ParentRunner.java:288)
	at org.junit.runners.ParentRunner.access$000(ParentRunner.java:58)
	at org.junit.runners.ParentRunner$2.evaluate(ParentRunner.java:268)
	at org.junit.internal.runners.statements.RunBefores.evaluate(RunBefores.java:26)
	at org.junit.internal.runners.statements.RunAfters.evaluate(RunAfters.java:27)
	at org.junit.internal.runners.statements.FailOnTimeout$CallableStatement.call(FailOnTimeout.java:298)
	at org.junit.internal.runners.statements.FailOnTimeout$CallableStatement.call(FailOnTimeout.java:292)
	at java.util.concurrent.FutureTask.run(FutureTask.java:266)
	at java.lang.Thread.run(Thread.java:748)



Test vvMode=v1v2
tr.result is 1

Test vvMode=v1v2
tr.result is 1

Test vvMode=v1v2
tr.result is 1

Test vvMode=v1v2
tr.result is -1
v1v2 test failed !!!
reconf_parameter: hbase.rpc.timeout
component: HRegionServer
v1: 1
v2: 60000
testProject: hbase
unitTest: org.apache.hadoop.hbase.rsgroup.TestRSGroupsBasics#testDefaultNamespaceCreateAndAssign
reconfPoint: 4
result: -1
failureMessage: expected:<[Name:default,  Servers:[476ce04e2a65:35556, 476ce04e2a65:40811, 476ce04e2a65:41575, 476ce04e2a65:46882],  Tables:[hbase:meta, hbase:namespace, hbase:rsgroup], Name:master,  Servers:[],  Tables:[]]> but was:<[Name:default,  Servers:[476ce04e2a65:35556, 476ce04e2a65:40811, 476ce04e2a65:46882],  Tables:[hbase:meta, hbase:namespace, hbase:rsgroup], Name:master,  Servers:[],  Tables:[]]>
stackTrace: java.lang.AssertionError: expected:<[Name:default,  Servers:[476ce04e2a65:35556, 476ce04e2a65:40811, 476ce04e2a65:41575, 476ce04e2a65:46882],  Tables:[hbase:meta, hbase:namespace, hbase:rsgroup], Name:master,  Servers:[],  Tables:[]]> but was:<[Name:default,  Servers:[476ce04e2a65:35556, 476ce04e2a65:40811, 476ce04e2a65:46882],  Tables:[hbase:meta, hbase:namespace, hbase:rsgroup], Name:master,  Servers:[],  Tables:[]]>
	at org.junit.Assert.fail(Assert.java:88)
	at org.junit.Assert.failNotEquals(Assert.java:834)
	at org.junit.Assert.assertEquals(Assert.java:118)
	at org.junit.Assert.assertEquals(Assert.java:144)
	at org.apache.hadoop.hbase.rsgroup.VerifyingRSGroupAdminClient.verify(VerifyingRSGroupAdminClient.java:134)
	at org.apache.hadoop.hbase.rsgroup.VerifyingRSGroupAdminClient.addRSGroup(VerifyingRSGroupAdminClient.java:63)
	at org.apache.hadoop.hbase.rsgroup.TestRSGroupsBase.tearDownAfterMethod(TestRSGroupsBase.java:161)
	at org.apache.hadoop.hbase.rsgroup.TestRSGroupsBase.setUpBeforeMethod(TestRSGroupsBase.java:140)
	at org.apache.hadoop.hbase.rsgroup.TestRSGroupsBasics.beforeMethod(TestRSGroupsBasics.java:77)
	at sun.reflect.NativeMethodAccessorImpl.invoke0(Native Method)
	at sun.reflect.NativeMethodAccessorImpl.invoke(NativeMethodAccessorImpl.java:62)
	at sun.reflect.DelegatingMethodAccessorImpl.invoke(DelegatingMethodAccessorImpl.java:43)
	at java.lang.reflect.Method.invoke(Method.java:498)
	at org.junit.runners.model.FrameworkMethod$1.runReflectiveCall(FrameworkMethod.java:50)
	at org.junit.internal.runners.model.ReflectiveCallable.run(ReflectiveCallable.java:12)
	at org.junit.runners.model.FrameworkMethod.invokeExplosively(FrameworkMethod.java:47)
	at org.junit.internal.runners.statements.RunBefores.evaluate(RunBefores.java:24)
	at org.junit.internal.runners.statements.RunAfters.evaluate(RunAfters.java:27)
	at org.junit.rules.TestWatcher$1.evaluate(TestWatcher.java:55)
	at org.junit.rules.RunRules.evaluate(RunRules.java:20)
	at org.junit.runners.ParentRunner.runLeaf(ParentRunner.java:325)
	at org.junit.runners.BlockJUnit4ClassRunner.runChild(BlockJUnit4ClassRunner.java:78)
	at org.junit.runners.BlockJUnit4ClassRunner.runChild(BlockJUnit4ClassRunner.java:57)
	at org.junit.runners.ParentRunner$3.run(ParentRunner.java:290)
	at org.junit.runners.ParentRunner$1.schedule(ParentRunner.java:71)
	at org.junit.runners.ParentRunner.runChildren(ParentRunner.java:288)
	at org.junit.runners.ParentRunner.access$000(ParentRunner.java:58)
	at org.junit.runners.ParentRunner$2.evaluate(ParentRunner.java:268)
	at org.junit.internal.runners.statements.RunBefores.evaluate(RunBefores.java:26)
	at org.junit.internal.runners.statements.RunAfters.evaluate(RunAfters.java:27)
	at org.junit.internal.runners.statements.FailOnTimeout$CallableStatement.call(FailOnTimeout.java:298)
	at org.junit.internal.runners.statements.FailOnTimeout$CallableStatement.call(FailOnTimeout.java:292)
	at java.util.concurrent.FutureTask.run(FutureTask.java:266)
	at java.lang.Thread.run(Thread.java:748)



Test vvMode=v1v2
tr.result is -1
v1v2 test failed !!!
reconf_parameter: hbase.rpc.timeout
component: HRegionServer
v1: 1
v2: 60000
testProject: hbase
unitTest: org.apache.hadoop.hbase.rsgroup.TestRSGroupsBasics#testDefaultNamespaceCreateAndAssign
reconfPoint: 4
result: -1
failureMessage: expected:<[Name:default,  Servers:[476ce04e2a65:35702, 476ce04e2a65:35837, 476ce04e2a65:36856, 476ce04e2a65:37045],  Tables:[hbase:meta, hbase:namespace, hbase:rsgroup], Name:master,  Servers:[],  Tables:[]]> but was:<[Name:default,  Servers:[476ce04e2a65:35702, 476ce04e2a65:36856, 476ce04e2a65:37045],  Tables:[hbase:meta, hbase:namespace, hbase:rsgroup], Name:master,  Servers:[],  Tables:[]]>
stackTrace: java.lang.AssertionError: expected:<[Name:default,  Servers:[476ce04e2a65:35702, 476ce04e2a65:35837, 476ce04e2a65:36856, 476ce04e2a65:37045],  Tables:[hbase:meta, hbase:namespace, hbase:rsgroup], Name:master,  Servers:[],  Tables:[]]> but was:<[Name:default,  Servers:[476ce04e2a65:35702, 476ce04e2a65:36856, 476ce04e2a65:37045],  Tables:[hbase:meta, hbase:namespace, hbase:rsgroup], Name:master,  Servers:[],  Tables:[]]>
	at org.junit.Assert.fail(Assert.java:88)
	at org.junit.Assert.failNotEquals(Assert.java:834)
	at org.junit.Assert.assertEquals(Assert.java:118)
	at org.junit.Assert.assertEquals(Assert.java:144)
	at org.apache.hadoop.hbase.rsgroup.VerifyingRSGroupAdminClient.verify(VerifyingRSGroupAdminClient.java:134)
	at org.apache.hadoop.hbase.rsgroup.VerifyingRSGroupAdminClient.addRSGroup(VerifyingRSGroupAdminClient.java:63)
	at org.apache.hadoop.hbase.rsgroup.TestRSGroupsBase.tearDownAfterMethod(TestRSGroupsBase.java:161)
	at org.apache.hadoop.hbase.rsgroup.TestRSGroupsBase.setUpBeforeMethod(TestRSGroupsBase.java:140)
	at org.apache.hadoop.hbase.rsgroup.TestRSGroupsBasics.beforeMethod(TestRSGroupsBasics.java:77)
	at sun.reflect.NativeMethodAccessorImpl.invoke0(Native Method)
	at sun.reflect.NativeMethodAccessorImpl.invoke(NativeMethodAccessorImpl.java:62)
	at sun.reflect.DelegatingMethodAccessorImpl.invoke(DelegatingMethodAccessorImpl.java:43)
	at java.lang.reflect.Method.invoke(Method.java:498)
	at org.junit.runners.model.FrameworkMethod$1.runReflectiveCall(FrameworkMethod.java:50)
	at org.junit.internal.runners.model.ReflectiveCallable.run(ReflectiveCallable.java:12)
	at org.junit.runners.model.FrameworkMethod.invokeExplosively(FrameworkMethod.java:47)
	at org.junit.internal.runners.statements.RunBefores.evaluate(RunBefores.java:24)
	at org.junit.internal.runners.statements.RunAfters.evaluate(RunAfters.java:27)
	at org.junit.rules.TestWatcher$1.evaluate(TestWatcher.java:55)
	at org.junit.rules.RunRules.evaluate(RunRules.java:20)
	at org.junit.runners.ParentRunner.runLeaf(ParentRunner.java:325)
	at org.junit.runners.BlockJUnit4ClassRunner.runChild(BlockJUnit4ClassRunner.java:78)
	at org.junit.runners.BlockJUnit4ClassRunner.runChild(BlockJUnit4ClassRunner.java:57)
	at org.junit.runners.ParentRunner$3.run(ParentRunner.java:290)
	at org.junit.runners.ParentRunner$1.schedule(ParentRunner.java:71)
	at org.junit.runners.ParentRunner.runChildren(ParentRunner.java:288)
	at org.junit.runners.ParentRunner.access$000(ParentRunner.java:58)
	at org.junit.runners.ParentRunner$2.evaluate(ParentRunner.java:268)
	at org.junit.internal.runners.statements.RunBefores.evaluate(RunBefores.java:26)
	at org.junit.internal.runners.statements.RunAfters.evaluate(RunAfters.java:27)
	at org.junit.internal.runners.statements.FailOnTimeout$CallableStatement.call(FailOnTimeout.java:298)
	at org.junit.internal.runners.statements.FailOnTimeout$CallableStatement.call(FailOnTimeout.java:292)
	at java.util.concurrent.FutureTask.run(FutureTask.java:266)
	at java.lang.Thread.run(Thread.java:748)



Test vvMode=v1v2
tr.result is 1

Test vvMode=v1v2
tr.result is 1

Test vvMode=v1v2
tr.result is 1

Test vvMode=v1v2
tr.result is 1

Test vvMode=v1v2
tr.result is 1

Test vvMode=v1v2
tr.result is 1

Test vvMode=v1v2
tr.result is -1
v1v2 test failed !!!
reconf_parameter: hbase.rpc.timeout
component: HRegionServer
v1: 1
v2: 60000
testProject: hbase
unitTest: org.apache.hadoop.hbase.rsgroup.TestRSGroupsBasics#testDefaultNamespaceCreateAndAssign
reconfPoint: 4
result: -1
failureMessage: expected:<[Name:default,  Servers:[476ce04e2a65:32819, 476ce04e2a65:38952, 476ce04e2a65:40395, 476ce04e2a65:45118],  Tables:[hbase:meta, hbase:namespace, hbase:rsgroup], Name:master,  Servers:[],  Tables:[]]> but was:<[Name:default,  Servers:[476ce04e2a65:32819, 476ce04e2a65:40395, 476ce04e2a65:45118],  Tables:[hbase:meta, hbase:namespace, hbase:rsgroup], Name:master,  Servers:[],  Tables:[]]>
stackTrace: java.lang.AssertionError: expected:<[Name:default,  Servers:[476ce04e2a65:32819, 476ce04e2a65:38952, 476ce04e2a65:40395, 476ce04e2a65:45118],  Tables:[hbase:meta, hbase:namespace, hbase:rsgroup], Name:master,  Servers:[],  Tables:[]]> but was:<[Name:default,  Servers:[476ce04e2a65:32819, 476ce04e2a65:40395, 476ce04e2a65:45118],  Tables:[hbase:meta, hbase:namespace, hbase:rsgroup], Name:master,  Servers:[],  Tables:[]]>
	at org.junit.Assert.fail(Assert.java:88)
	at org.junit.Assert.failNotEquals(Assert.java:834)
	at org.junit.Assert.assertEquals(Assert.java:118)
	at org.junit.Assert.assertEquals(Assert.java:144)
	at org.apache.hadoop.hbase.rsgroup.VerifyingRSGroupAdminClient.verify(VerifyingRSGroupAdminClient.java:134)
	at org.apache.hadoop.hbase.rsgroup.VerifyingRSGroupAdminClient.addRSGroup(VerifyingRSGroupAdminClient.java:63)
	at org.apache.hadoop.hbase.rsgroup.TestRSGroupsBase.tearDownAfterMethod(TestRSGroupsBase.java:161)
	at org.apache.hadoop.hbase.rsgroup.TestRSGroupsBase.setUpBeforeMethod(TestRSGroupsBase.java:140)
	at org.apache.hadoop.hbase.rsgroup.TestRSGroupsBasics.beforeMethod(TestRSGroupsBasics.java:77)
	at sun.reflect.NativeMethodAccessorImpl.invoke0(Native Method)
	at sun.reflect.NativeMethodAccessorImpl.invoke(NativeMethodAccessorImpl.java:62)
	at sun.reflect.DelegatingMethodAccessorImpl.invoke(DelegatingMethodAccessorImpl.java:43)
	at java.lang.reflect.Method.invoke(Method.java:498)
	at org.junit.runners.model.FrameworkMethod$1.runReflectiveCall(FrameworkMethod.java:50)
	at org.junit.internal.runners.model.ReflectiveCallable.run(ReflectiveCallable.java:12)
	at org.junit.runners.model.FrameworkMethod.invokeExplosively(FrameworkMethod.java:47)
	at org.junit.internal.runners.statements.RunBefores.evaluate(RunBefores.java:24)
	at org.junit.internal.runners.statements.RunAfters.evaluate(RunAfters.java:27)
	at org.junit.rules.TestWatcher$1.evaluate(TestWatcher.java:55)
	at org.junit.rules.RunRules.evaluate(RunRules.java:20)
	at org.junit.runners.ParentRunner.runLeaf(ParentRunner.java:325)
	at org.junit.runners.BlockJUnit4ClassRunner.runChild(BlockJUnit4ClassRunner.java:78)
	at org.junit.runners.BlockJUnit4ClassRunner.runChild(BlockJUnit4ClassRunner.java:57)
	at org.junit.runners.ParentRunner$3.run(ParentRunner.java:290)
	at org.junit.runners.ParentRunner$1.schedule(ParentRunner.java:71)
	at org.junit.runners.ParentRunner.runChildren(ParentRunner.java:288)
	at org.junit.runners.ParentRunner.access$000(ParentRunner.java:58)
	at org.junit.runners.ParentRunner$2.evaluate(ParentRunner.java:268)
	at org.junit.internal.runners.statements.RunBefores.evaluate(RunBefores.java:26)
	at org.junit.internal.runners.statements.RunAfters.evaluate(RunAfters.java:27)
	at org.junit.internal.runners.statements.FailOnTimeout$CallableStatement.call(FailOnTimeout.java:298)
	at org.junit.internal.runners.statements.FailOnTimeout$CallableStatement.call(FailOnTimeout.java:292)
	at java.util.concurrent.FutureTask.run(FutureTask.java:266)
	at java.lang.Thread.run(Thread.java:748)



Test vvMode=v1v2
tr.result is -1
v1v2 test failed !!!
reconf_parameter: hbase.rpc.timeout
component: HRegionServer
v1: 1
v2: 60000
testProject: hbase
unitTest: org.apache.hadoop.hbase.rsgroup.TestRSGroupsBasics#testDefaultNamespaceCreateAndAssign
reconfPoint: 4
result: -1
failureMessage: expected:<[Name:default,  Servers:[476ce04e2a65:33513, 476ce04e2a65:36781, 476ce04e2a65:38837, 476ce04e2a65:42172],  Tables:[hbase:meta, hbase:namespace, hbase:rsgroup], Name:master,  Servers:[],  Tables:[]]> but was:<[Name:default,  Servers:[476ce04e2a65:33513, 476ce04e2a65:36781, 476ce04e2a65:38837],  Tables:[hbase:meta, hbase:namespace, hbase:rsgroup], Name:master,  Servers:[],  Tables:[]]>
stackTrace: java.lang.AssertionError: expected:<[Name:default,  Servers:[476ce04e2a65:33513, 476ce04e2a65:36781, 476ce04e2a65:38837, 476ce04e2a65:42172],  Tables:[hbase:meta, hbase:namespace, hbase:rsgroup], Name:master,  Servers:[],  Tables:[]]> but was:<[Name:default,  Servers:[476ce04e2a65:33513, 476ce04e2a65:36781, 476ce04e2a65:38837],  Tables:[hbase:meta, hbase:namespace, hbase:rsgroup], Name:master,  Servers:[],  Tables:[]]>
	at org.junit.Assert.fail(Assert.java:88)
	at org.junit.Assert.failNotEquals(Assert.java:834)
	at org.junit.Assert.assertEquals(Assert.java:118)
	at org.junit.Assert.assertEquals(Assert.java:144)
	at org.apache.hadoop.hbase.rsgroup.VerifyingRSGroupAdminClient.verify(VerifyingRSGroupAdminClient.java:134)
	at org.apache.hadoop.hbase.rsgroup.VerifyingRSGroupAdminClient.addRSGroup(VerifyingRSGroupAdminClient.java:63)
	at org.apache.hadoop.hbase.rsgroup.TestRSGroupsBase.tearDownAfterMethod(TestRSGroupsBase.java:161)
	at org.apache.hadoop.hbase.rsgroup.TestRSGroupsBase.setUpBeforeMethod(TestRSGroupsBase.java:140)
	at org.apache.hadoop.hbase.rsgroup.TestRSGroupsBasics.beforeMethod(TestRSGroupsBasics.java:77)
	at sun.reflect.NativeMethodAccessorImpl.invoke0(Native Method)
	at sun.reflect.NativeMethodAccessorImpl.invoke(NativeMethodAccessorImpl.java:62)
	at sun.reflect.DelegatingMethodAccessorImpl.invoke(DelegatingMethodAccessorImpl.java:43)
	at java.lang.reflect.Method.invoke(Method.java:498)
	at org.junit.runners.model.FrameworkMethod$1.runReflectiveCall(FrameworkMethod.java:50)
	at org.junit.internal.runners.model.ReflectiveCallable.run(ReflectiveCallable.java:12)
	at org.junit.runners.model.FrameworkMethod.invokeExplosively(FrameworkMethod.java:47)
	at org.junit.internal.runners.statements.RunBefores.evaluate(RunBefores.java:24)
	at org.junit.internal.runners.statements.RunAfters.evaluate(RunAfters.java:27)
	at org.junit.rules.TestWatcher$1.evaluate(TestWatcher.java:55)
	at org.junit.rules.RunRules.evaluate(RunRules.java:20)
	at org.junit.runners.ParentRunner.runLeaf(ParentRunner.java:325)
	at org.junit.runners.BlockJUnit4ClassRunner.runChild(BlockJUnit4ClassRunner.java:78)
	at org.junit.runners.BlockJUnit4ClassRunner.runChild(BlockJUnit4ClassRunner.java:57)
	at org.junit.runners.ParentRunner$3.run(ParentRunner.java:290)
	at org.junit.runners.ParentRunner$1.schedule(ParentRunner.java:71)
	at org.junit.runners.ParentRunner.runChildren(ParentRunner.java:288)
	at org.junit.runners.ParentRunner.access$000(ParentRunner.java:58)
	at org.junit.runners.ParentRunner$2.evaluate(ParentRunner.java:268)
	at org.junit.internal.runners.statements.RunBefores.evaluate(RunBefores.java:26)
	at org.junit.internal.runners.statements.RunAfters.evaluate(RunAfters.java:27)
	at org.junit.internal.runners.statements.FailOnTimeout$CallableStatement.call(FailOnTimeout.java:298)
	at org.junit.internal.runners.statements.FailOnTimeout$CallableStatement.call(FailOnTimeout.java:292)
	at java.util.concurrent.FutureTask.run(FutureTask.java:266)
	at java.lang.Thread.run(Thread.java:748)



Test vvMode=v1v2
tr.result is 1

Test vvMode=v1v2
tr.result is 1

Test vvMode=v1v2
tr.result is 1

Test vvMode=v1v2
tr.result is 1

Test vvMode=v1v2
tr.result is 1

Test vvMode=v1v2
tr.result is 1

Test vvMode=v1v2
tr.result is 1

Test vvMode=v1v2
tr.result is 1

Test vvMode=v1v2
tr.result is 1

Test vvMode=v1v2
tr.result is 1

Test vvMode=v1v2
tr.result is 1

Test vvMode=v1v2
tr.result is 1

Test vvMode=v1v2
tr.result is 1

Test vvMode=v1v2
tr.result is 1

Test vvMode=v1v2
tr.result is 1

Test vvMode=v1v2
tr.result is 1

Test vvMode=v1v2
tr.result is 1

Test vvMode=v1v2
tr.result is 1

Test vvMode=v1v1
tr.result is 1

Test vvMode=v2v2
tr.result is 1

Test vvMode=v1v1
tr.result is 1

Test vvMode=v2v2
tr.result is 1

Test vvMode=v1v1
tr.result is 1

Test vvMode=v2v2
tr.result is 1

Test vvMode=v1v1
tr.result is -1

Test vvMode=v2v2
tr.result is 1
v1v1 or v2v2 test failed !!!
reconf_parameter: hbase.rpc.timeout
component: HRegionServer
v1: 1
v2: 60000
testProject: hbase
unitTest: org.apache.hadoop.hbase.rsgroup.TestRSGroupsBasics#testDefaultNamespaceCreateAndAssign
reconfPoint: 4
result: -1
failureMessage: expected:<[Name:default,  Servers:[476ce04e2a65:37877, 476ce04e2a65:38050, 476ce04e2a65:45708, 476ce04e2a65:46413],  Tables:[hbase:meta, hbase:namespace, hbase:rsgroup], Name:master,  Servers:[],  Tables:[]]> but was:<[Name:default,  Servers:[476ce04e2a65:38050, 476ce04e2a65:45708, 476ce04e2a65:46413],  Tables:[hbase:meta, hbase:namespace, hbase:rsgroup], Name:master,  Servers:[],  Tables:[]]>
stackTrace: java.lang.AssertionError: expected:<[Name:default,  Servers:[476ce04e2a65:37877, 476ce04e2a65:38050, 476ce04e2a65:45708, 476ce04e2a65:46413],  Tables:[hbase:meta, hbase:namespace, hbase:rsgroup], Name:master,  Servers:[],  Tables:[]]> but was:<[Name:default,  Servers:[476ce04e2a65:38050, 476ce04e2a65:45708, 476ce04e2a65:46413],  Tables:[hbase:meta, hbase:namespace, hbase:rsgroup], Name:master,  Servers:[],  Tables:[]]>
	at org.junit.Assert.fail(Assert.java:88)
	at org.junit.Assert.failNotEquals(Assert.java:834)
	at org.junit.Assert.assertEquals(Assert.java:118)
	at org.junit.Assert.assertEquals(Assert.java:144)
	at org.apache.hadoop.hbase.rsgroup.VerifyingRSGroupAdminClient.verify(VerifyingRSGroupAdminClient.java:134)
	at org.apache.hadoop.hbase.rsgroup.VerifyingRSGroupAdminClient.addRSGroup(VerifyingRSGroupAdminClient.java:63)
	at org.apache.hadoop.hbase.rsgroup.TestRSGroupsBase.tearDownAfterMethod(TestRSGroupsBase.java:161)
	at org.apache.hadoop.hbase.rsgroup.TestRSGroupsBase.setUpBeforeMethod(TestRSGroupsBase.java:140)
	at org.apache.hadoop.hbase.rsgroup.TestRSGroupsBasics.beforeMethod(TestRSGroupsBasics.java:77)
	at sun.reflect.NativeMethodAccessorImpl.invoke0(Native Method)
	at sun.reflect.NativeMethodAccessorImpl.invoke(NativeMethodAccessorImpl.java:62)
	at sun.reflect.DelegatingMethodAccessorImpl.invoke(DelegatingMethodAccessorImpl.java:43)
	at java.lang.reflect.Method.invoke(Method.java:498)
	at org.junit.runners.model.FrameworkMethod$1.runReflectiveCall(FrameworkMethod.java:50)
	at org.junit.internal.runners.model.ReflectiveCallable.run(ReflectiveCallable.java:12)
	at org.junit.runners.model.FrameworkMethod.invokeExplosively(FrameworkMethod.java:47)
	at org.junit.internal.runners.statements.RunBefores.evaluate(RunBefores.java:24)
	at org.junit.internal.runners.statements.RunAfters.evaluate(RunAfters.java:27)
	at org.junit.rules.TestWatcher$1.evaluate(TestWatcher.java:55)
	at org.junit.rules.RunRules.evaluate(RunRules.java:20)
	at org.junit.runners.ParentRunner.runLeaf(ParentRunner.java:325)
	at org.junit.runners.BlockJUnit4ClassRunner.runChild(BlockJUnit4ClassRunner.java:78)
	at org.junit.runners.BlockJUnit4ClassRunner.runChild(BlockJUnit4ClassRunner.java:57)
	at org.junit.runners.ParentRunner$3.run(ParentRunner.java:290)
	at org.junit.runners.ParentRunner$1.schedule(ParentRunner.java:71)
	at org.junit.runners.ParentRunner.runChildren(ParentRunner.java:288)
	at org.junit.runners.ParentRunner.access$000(ParentRunner.java:58)
	at org.junit.runners.ParentRunner$2.evaluate(ParentRunner.java:268)
	at org.junit.internal.runners.statements.RunBefores.evaluate(RunBefores.java:26)
	at org.junit.internal.runners.statements.RunAfters.evaluate(RunAfters.java:27)
	at org.junit.internal.runners.statements.FailOnTimeout$CallableStatement.call(FailOnTimeout.java:298)
	at org.junit.internal.runners.statements.FailOnTimeout$CallableStatement.call(FailOnTimeout.java:292)
	at java.util.concurrent.FutureTask.run(FutureTask.java:266)
	at java.lang.Thread.run(Thread.java:748)



Test vvMode=v1v1
tr.result is 1

Test vvMode=v2v2
tr.result is 1

Test vvMode=v1v1
tr.result is 1

Test vvMode=v2v2
tr.result is 1

Test vvMode=v1v1
tr.result is 1

Test vvMode=v2v2
tr.result is 1

Test vvMode=v1v1
tr.result is 1

Test vvMode=v2v2
tr.result is 1

Test vvMode=v1v1
tr.result is 1

Test vvMode=v2v2
tr.result is 1

Test vvMode=v1v1
tr.result is 1

Test vvMode=v2v2
tr.result is 1

Test vvMode=v1v1
tr.result is 1

Test vvMode=v2v2
tr.result is 1

Test vvMode=v1v1
tr.result is 1

Test vvMode=v2v2
tr.result is 1

Test vvMode=v1v1
tr.result is -1

Test vvMode=v2v2
tr.result is 1
v1v1 or v2v2 test failed !!!
reconf_parameter: hbase.rpc.timeout
component: HRegionServer
v1: 1
v2: 60000
testProject: hbase
unitTest: org.apache.hadoop.hbase.rsgroup.TestRSGroupsBasics#testDefaultNamespaceCreateAndAssign
reconfPoint: 4
result: -1
failureMessage: expected:<[Name:default,  Servers:[476ce04e2a65:37073, 476ce04e2a65:37565, 476ce04e2a65:42927, 476ce04e2a65:44866],  Tables:[hbase:meta, hbase:namespace, hbase:rsgroup], Name:master,  Servers:[],  Tables:[]]> but was:<[Name:default,  Servers:[476ce04e2a65:37073, 476ce04e2a65:42927, 476ce04e2a65:44866],  Tables:[hbase:meta, hbase:namespace, hbase:rsgroup], Name:master,  Servers:[],  Tables:[]]>
stackTrace: java.lang.AssertionError: expected:<[Name:default,  Servers:[476ce04e2a65:37073, 476ce04e2a65:37565, 476ce04e2a65:42927, 476ce04e2a65:44866],  Tables:[hbase:meta, hbase:namespace, hbase:rsgroup], Name:master,  Servers:[],  Tables:[]]> but was:<[Name:default,  Servers:[476ce04e2a65:37073, 476ce04e2a65:42927, 476ce04e2a65:44866],  Tables:[hbase:meta, hbase:namespace, hbase:rsgroup], Name:master,  Servers:[],  Tables:[]]>
	at org.junit.Assert.fail(Assert.java:88)
	at org.junit.Assert.failNotEquals(Assert.java:834)
	at org.junit.Assert.assertEquals(Assert.java:118)
	at org.junit.Assert.assertEquals(Assert.java:144)
	at org.apache.hadoop.hbase.rsgroup.VerifyingRSGroupAdminClient.verify(VerifyingRSGroupAdminClient.java:134)
	at org.apache.hadoop.hbase.rsgroup.VerifyingRSGroupAdminClient.addRSGroup(VerifyingRSGroupAdminClient.java:63)
	at org.apache.hadoop.hbase.rsgroup.TestRSGroupsBase.tearDownAfterMethod(TestRSGroupsBase.java:161)
	at org.apache.hadoop.hbase.rsgroup.TestRSGroupsBase.setUpBeforeMethod(TestRSGroupsBase.java:140)
	at org.apache.hadoop.hbase.rsgroup.TestRSGroupsBasics.beforeMethod(TestRSGroupsBasics.java:77)
	at sun.reflect.NativeMethodAccessorImpl.invoke0(Native Method)
	at sun.reflect.NativeMethodAccessorImpl.invoke(NativeMethodAccessorImpl.java:62)
	at sun.reflect.DelegatingMethodAccessorImpl.invoke(DelegatingMethodAccessorImpl.java:43)
	at java.lang.reflect.Method.invoke(Method.java:498)
	at org.junit.runners.model.FrameworkMethod$1.runReflectiveCall(FrameworkMethod.java:50)
	at org.junit.internal.runners.model.ReflectiveCallable.run(ReflectiveCallable.java:12)
	at org.junit.runners.model.FrameworkMethod.invokeExplosively(FrameworkMethod.java:47)
	at org.junit.internal.runners.statements.RunBefores.evaluate(RunBefores.java:24)
	at org.junit.internal.runners.statements.RunAfters.evaluate(RunAfters.java:27)
	at org.junit.rules.TestWatcher$1.evaluate(TestWatcher.java:55)
	at org.junit.rules.RunRules.evaluate(RunRules.java:20)
	at org.junit.runners.ParentRunner.runLeaf(ParentRunner.java:325)
	at org.junit.runners.BlockJUnit4ClassRunner.runChild(BlockJUnit4ClassRunner.java:78)
	at org.junit.runners.BlockJUnit4ClassRunner.runChild(BlockJUnit4ClassRunner.java:57)
	at org.junit.runners.ParentRunner$3.run(ParentRunner.java:290)
	at org.junit.runners.ParentRunner$1.schedule(ParentRunner.java:71)
	at org.junit.runners.ParentRunner.runChildren(ParentRunner.java:288)
	at org.junit.runners.ParentRunner.access$000(ParentRunner.java:58)
	at org.junit.runners.ParentRunner$2.evaluate(ParentRunner.java:268)
	at org.junit.internal.runners.statements.RunBefores.evaluate(RunBefores.java:26)
	at org.junit.internal.runners.statements.RunAfters.evaluate(RunAfters.java:27)
	at org.junit.internal.runners.statements.FailOnTimeout$CallableStatement.call(FailOnTimeout.java:298)
	at org.junit.internal.runners.statements.FailOnTimeout$CallableStatement.call(FailOnTimeout.java:292)
	at java.util.concurrent.FutureTask.run(FutureTask.java:266)
	at java.lang.Thread.run(Thread.java:748)



Test vvMode=v1v1
tr.result is 1

Test vvMode=v2v2
tr.result is 1

Test vvMode=v1v1
tr.result is 1

Test vvMode=v2v2
tr.result is 1

Test vvMode=v1v1
tr.result is 1

Test vvMode=v2v2
tr.result is 1

Test vvMode=v1v1
tr.result is 1

Test vvMode=v2v2
tr.result is 1

Test vvMode=v1v1
tr.result is 1

Test vvMode=v2v2
tr.result is 1

Test vvMode=v1v1
tr.result is 1

Test vvMode=v2v2
tr.result is 1

Test vvMode=v1v1
tr.result is 1

Test vvMode=v2v2
tr.result is 1

Test vvMode=v1v1
tr.result is 1

Test vvMode=v2v2
tr.result is 1

Test vvMode=v1v1
tr.result is 1

Test vvMode=v2v2
tr.result is 1

Test vvMode=v1v1
tr.result is 1

Test vvMode=v2v2
tr.result is 1

Test vvMode=v1v1
tr.result is 1

Test vvMode=v2v2
tr.result is 1

Test vvMode=v1v1
tr.result is 1

Test vvMode=v2v2
tr.result is 1

Test vvMode=v1v1
tr.result is 1

Test vvMode=v2v2
tr.result is 1

Test vvMode=v1v1
tr.result is 1

Test vvMode=v2v2
tr.result is 1

Test vvMode=v1v1
tr.result is 1

Test vvMode=v2v2
tr.result is 1

Test vvMode=v1v1
tr.result is 1

Test vvMode=v2v2
tr.result is 1

Test vvMode=v1v1
tr.result is 1

Test vvMode=v2v2
tr.result is 1

Test vvMode=v1v1
tr.result is 1

Test vvMode=v2v2
tr.result is 1

Test vvMode=v1v1
tr.result is 1

Test vvMode=v2v2
tr.result is 1

Test vvMode=v1v1
tr.result is 1

Test vvMode=v2v2
tr.result is 1

Test vvMode=v1v1
tr.result is 1

Test vvMode=v2v2
tr.result is 1

Test vvMode=v1v1
tr.result is 1

Test vvMode=v2v2
tr.result is 1

Test vvMode=v1v1
tr.result is -1

Test vvMode=v2v2
tr.result is 1
v1v1 or v2v2 test failed !!!
reconf_parameter: hbase.rpc.timeout
component: HRegionServer
v1: 1
v2: 60000
testProject: hbase
unitTest: org.apache.hadoop.hbase.rsgroup.TestRSGroupsBasics#testDefaultNamespaceCreateAndAssign
reconfPoint: 4
result: -1
failureMessage: expected:<[Name:default,  Servers:[476ce04e2a65:33225, 476ce04e2a65:34283, 476ce04e2a65:34328, 476ce04e2a65:37609],  Tables:[hbase:meta, hbase:namespace, hbase:rsgroup], Name:master,  Servers:[],  Tables:[]]> but was:<[Name:default,  Servers:[476ce04e2a65:33225, 476ce04e2a65:34328, 476ce04e2a65:37609],  Tables:[hbase:meta, hbase:namespace, hbase:rsgroup], Name:master,  Servers:[],  Tables:[]]>
stackTrace: java.lang.AssertionError: expected:<[Name:default,  Servers:[476ce04e2a65:33225, 476ce04e2a65:34283, 476ce04e2a65:34328, 476ce04e2a65:37609],  Tables:[hbase:meta, hbase:namespace, hbase:rsgroup], Name:master,  Servers:[],  Tables:[]]> but was:<[Name:default,  Servers:[476ce04e2a65:33225, 476ce04e2a65:34328, 476ce04e2a65:37609],  Tables:[hbase:meta, hbase:namespace, hbase:rsgroup], Name:master,  Servers:[],  Tables:[]]>
	at org.junit.Assert.fail(Assert.java:88)
	at org.junit.Assert.failNotEquals(Assert.java:834)
	at org.junit.Assert.assertEquals(Assert.java:118)
	at org.junit.Assert.assertEquals(Assert.java:144)
	at org.apache.hadoop.hbase.rsgroup.VerifyingRSGroupAdminClient.verify(VerifyingRSGroupAdminClient.java:134)
	at org.apache.hadoop.hbase.rsgroup.VerifyingRSGroupAdminClient.addRSGroup(VerifyingRSGroupAdminClient.java:63)
	at org.apache.hadoop.hbase.rsgroup.TestRSGroupsBase.tearDownAfterMethod(TestRSGroupsBase.java:161)
	at org.apache.hadoop.hbase.rsgroup.TestRSGroupsBase.setUpBeforeMethod(TestRSGroupsBase.java:140)
	at org.apache.hadoop.hbase.rsgroup.TestRSGroupsBasics.beforeMethod(TestRSGroupsBasics.java:77)
	at sun.reflect.NativeMethodAccessorImpl.invoke0(Native Method)
	at sun.reflect.NativeMethodAccessorImpl.invoke(NativeMethodAccessorImpl.java:62)
	at sun.reflect.DelegatingMethodAccessorImpl.invoke(DelegatingMethodAccessorImpl.java:43)
	at java.lang.reflect.Method.invoke(Method.java:498)
	at org.junit.runners.model.FrameworkMethod$1.runReflectiveCall(FrameworkMethod.java:50)
	at org.junit.internal.runners.model.ReflectiveCallable.run(ReflectiveCallable.java:12)
	at org.junit.runners.model.FrameworkMethod.invokeExplosively(FrameworkMethod.java:47)
	at org.junit.internal.runners.statements.RunBefores.evaluate(RunBefores.java:24)
	at org.junit.internal.runners.statements.RunAfters.evaluate(RunAfters.java:27)
	at org.junit.rules.TestWatcher$1.evaluate(TestWatcher.java:55)
	at org.junit.rules.RunRules.evaluate(RunRules.java:20)
	at org.junit.runners.ParentRunner.runLeaf(ParentRunner.java:325)
	at org.junit.runners.BlockJUnit4ClassRunner.runChild(BlockJUnit4ClassRunner.java:78)
	at org.junit.runners.BlockJUnit4ClassRunner.runChild(BlockJUnit4ClassRunner.java:57)
	at org.junit.runners.ParentRunner$3.run(ParentRunner.java:290)
	at org.junit.runners.ParentRunner$1.schedule(ParentRunner.java:71)
	at org.junit.runners.ParentRunner.runChildren(ParentRunner.java:288)
	at org.junit.runners.ParentRunner.access$000(ParentRunner.java:58)
	at org.junit.runners.ParentRunner$2.evaluate(ParentRunner.java:268)
	at org.junit.internal.runners.statements.RunBefores.evaluate(RunBefores.java:26)
	at org.junit.internal.runners.statements.RunAfters.evaluate(RunAfters.java:27)
	at org.junit.internal.runners.statements.FailOnTimeout$CallableStatement.call(FailOnTimeout.java:298)
	at org.junit.internal.runners.statements.FailOnTimeout$CallableStatement.call(FailOnTimeout.java:292)
	at java.util.concurrent.FutureTask.run(FutureTask.java:266)
	at java.lang.Thread.run(Thread.java:748)



Test vvMode=v1v1
tr.result is 1

Test vvMode=v2v2
tr.result is 1

Test vvMode=v1v1
tr.result is 1

Test vvMode=v2v2
tr.result is 1

Test vvMode=v1v1
tr.result is 1

Test vvMode=v2v2
tr.result is 1

Test vvMode=v1v1
tr.result is 1

Test vvMode=v2v2
tr.result is 1

Test vvMode=v1v1
tr.result is 1

Test vvMode=v2v2
tr.result is 1

Test vvMode=v1v1
tr.result is 1

Test vvMode=v2v2
tr.result is 1

Test vvMode=v1v1
tr.result is -1

Test vvMode=v2v2
tr.result is 1
v1v1 or v2v2 test failed !!!
reconf_parameter: hbase.rpc.timeout
component: HRegionServer
v1: 1
v2: 60000
testProject: hbase
unitTest: org.apache.hadoop.hbase.rsgroup.TestRSGroupsBasics#testDefaultNamespaceCreateAndAssign
reconfPoint: 4
result: -1
failureMessage: expected:<[Name:default,  Servers:[476ce04e2a65:32952, 476ce04e2a65:34542, 476ce04e2a65:38550, 476ce04e2a65:45370],  Tables:[hbase:meta, hbase:namespace, hbase:rsgroup], Name:master,  Servers:[],  Tables:[]]> but was:<[Name:default,  Servers:[476ce04e2a65:32952, 476ce04e2a65:34542, 476ce04e2a65:45370],  Tables:[hbase:meta, hbase:namespace, hbase:rsgroup], Name:master,  Servers:[],  Tables:[]]>
stackTrace: java.lang.AssertionError: expected:<[Name:default,  Servers:[476ce04e2a65:32952, 476ce04e2a65:34542, 476ce04e2a65:38550, 476ce04e2a65:45370],  Tables:[hbase:meta, hbase:namespace, hbase:rsgroup], Name:master,  Servers:[],  Tables:[]]> but was:<[Name:default,  Servers:[476ce04e2a65:32952, 476ce04e2a65:34542, 476ce04e2a65:45370],  Tables:[hbase:meta, hbase:namespace, hbase:rsgroup], Name:master,  Servers:[],  Tables:[]]>
	at org.junit.Assert.fail(Assert.java:88)
	at org.junit.Assert.failNotEquals(Assert.java:834)
	at org.junit.Assert.assertEquals(Assert.java:118)
	at org.junit.Assert.assertEquals(Assert.java:144)
	at org.apache.hadoop.hbase.rsgroup.VerifyingRSGroupAdminClient.verify(VerifyingRSGroupAdminClient.java:134)
	at org.apache.hadoop.hbase.rsgroup.VerifyingRSGroupAdminClient.addRSGroup(VerifyingRSGroupAdminClient.java:63)
	at org.apache.hadoop.hbase.rsgroup.TestRSGroupsBase.tearDownAfterMethod(TestRSGroupsBase.java:161)
	at org.apache.hadoop.hbase.rsgroup.TestRSGroupsBase.setUpBeforeMethod(TestRSGroupsBase.java:140)
	at org.apache.hadoop.hbase.rsgroup.TestRSGroupsBasics.beforeMethod(TestRSGroupsBasics.java:77)
	at sun.reflect.NativeMethodAccessorImpl.invoke0(Native Method)
	at sun.reflect.NativeMethodAccessorImpl.invoke(NativeMethodAccessorImpl.java:62)
	at sun.reflect.DelegatingMethodAccessorImpl.invoke(DelegatingMethodAccessorImpl.java:43)
	at java.lang.reflect.Method.invoke(Method.java:498)
	at org.junit.runners.model.FrameworkMethod$1.runReflectiveCall(FrameworkMethod.java:50)
	at org.junit.internal.runners.model.ReflectiveCallable.run(ReflectiveCallable.java:12)
	at org.junit.runners.model.FrameworkMethod.invokeExplosively(FrameworkMethod.java:47)
	at org.junit.internal.runners.statements.RunBefores.evaluate(RunBefores.java:24)
	at org.junit.internal.runners.statements.RunAfters.evaluate(RunAfters.java:27)
	at org.junit.rules.TestWatcher$1.evaluate(TestWatcher.java:55)
	at org.junit.rules.RunRules.evaluate(RunRules.java:20)
	at org.junit.runners.ParentRunner.runLeaf(ParentRunner.java:325)
	at org.junit.runners.BlockJUnit4ClassRunner.runChild(BlockJUnit4ClassRunner.java:78)
	at org.junit.runners.BlockJUnit4ClassRunner.runChild(BlockJUnit4ClassRunner.java:57)
	at org.junit.runners.ParentRunner$3.run(ParentRunner.java:290)
	at org.junit.runners.ParentRunner$1.schedule(ParentRunner.java:71)
	at org.junit.runners.ParentRunner.runChildren(ParentRunner.java:288)
	at org.junit.runners.ParentRunner.access$000(ParentRunner.java:58)
	at org.junit.runners.ParentRunner$2.evaluate(ParentRunner.java:268)
	at org.junit.internal.runners.statements.RunBefores.evaluate(RunBefores.java:26)
	at org.junit.internal.runners.statements.RunAfters.evaluate(RunAfters.java:27)
	at org.junit.internal.runners.statements.FailOnTimeout$CallableStatement.call(FailOnTimeout.java:298)
	at org.junit.internal.runners.statements.FailOnTimeout$CallableStatement.call(FailOnTimeout.java:292)
	at java.util.concurrent.FutureTask.run(FutureTask.java:266)
	at java.lang.Thread.run(Thread.java:748)



Test vvMode=v1v1
tr.result is 1

Test vvMode=v2v2
tr.result is 1

Test vvMode=v1v1
tr.result is 1

Test vvMode=v2v2
tr.result is 1

Test vvMode=v1v1
tr.result is -1

Test vvMode=v2v2
tr.result is 1
v1v1 or v2v2 test failed !!!
reconf_parameter: hbase.rpc.timeout
component: HRegionServer
v1: 1
v2: 60000
testProject: hbase
unitTest: org.apache.hadoop.hbase.rsgroup.TestRSGroupsBasics#testDefaultNamespaceCreateAndAssign
reconfPoint: 4
result: -1
failureMessage: expected:<[Name:default,  Servers:[476ce04e2a65:33753, 476ce04e2a65:34950, 476ce04e2a65:38050, 476ce04e2a65:42550],  Tables:[hbase:meta, hbase:namespace, hbase:rsgroup], Name:master,  Servers:[],  Tables:[]]> but was:<[Name:default,  Servers:[476ce04e2a65:33753, 476ce04e2a65:34950, 476ce04e2a65:38050],  Tables:[hbase:meta, hbase:namespace, hbase:rsgroup], Name:master,  Servers:[],  Tables:[]]>
stackTrace: java.lang.AssertionError: expected:<[Name:default,  Servers:[476ce04e2a65:33753, 476ce04e2a65:34950, 476ce04e2a65:38050, 476ce04e2a65:42550],  Tables:[hbase:meta, hbase:namespace, hbase:rsgroup], Name:master,  Servers:[],  Tables:[]]> but was:<[Name:default,  Servers:[476ce04e2a65:33753, 476ce04e2a65:34950, 476ce04e2a65:38050],  Tables:[hbase:meta, hbase:namespace, hbase:rsgroup], Name:master,  Servers:[],  Tables:[]]>
	at org.junit.Assert.fail(Assert.java:88)
	at org.junit.Assert.failNotEquals(Assert.java:834)
	at org.junit.Assert.assertEquals(Assert.java:118)
	at org.junit.Assert.assertEquals(Assert.java:144)
	at org.apache.hadoop.hbase.rsgroup.VerifyingRSGroupAdminClient.verify(VerifyingRSGroupAdminClient.java:134)
	at org.apache.hadoop.hbase.rsgroup.VerifyingRSGroupAdminClient.addRSGroup(VerifyingRSGroupAdminClient.java:63)
	at org.apache.hadoop.hbase.rsgroup.TestRSGroupsBase.tearDownAfterMethod(TestRSGroupsBase.java:161)
	at org.apache.hadoop.hbase.rsgroup.TestRSGroupsBase.setUpBeforeMethod(TestRSGroupsBase.java:140)
	at org.apache.hadoop.hbase.rsgroup.TestRSGroupsBasics.beforeMethod(TestRSGroupsBasics.java:77)
	at sun.reflect.NativeMethodAccessorImpl.invoke0(Native Method)
	at sun.reflect.NativeMethodAccessorImpl.invoke(NativeMethodAccessorImpl.java:62)
	at sun.reflect.DelegatingMethodAccessorImpl.invoke(DelegatingMethodAccessorImpl.java:43)
	at java.lang.reflect.Method.invoke(Method.java:498)
	at org.junit.runners.model.FrameworkMethod$1.runReflectiveCall(FrameworkMethod.java:50)
	at org.junit.internal.runners.model.ReflectiveCallable.run(ReflectiveCallable.java:12)
	at org.junit.runners.model.FrameworkMethod.invokeExplosively(FrameworkMethod.java:47)
	at org.junit.internal.runners.statements.RunBefores.evaluate(RunBefores.java:24)
	at org.junit.internal.runners.statements.RunAfters.evaluate(RunAfters.java:27)
	at org.junit.rules.TestWatcher$1.evaluate(TestWatcher.java:55)
	at org.junit.rules.RunRules.evaluate(RunRules.java:20)
	at org.junit.runners.ParentRunner.runLeaf(ParentRunner.java:325)
	at org.junit.runners.BlockJUnit4ClassRunner.runChild(BlockJUnit4ClassRunner.java:78)
	at org.junit.runners.BlockJUnit4ClassRunner.runChild(BlockJUnit4ClassRunner.java:57)
	at org.junit.runners.ParentRunner$3.run(ParentRunner.java:290)
	at org.junit.runners.ParentRunner$1.schedule(ParentRunner.java:71)
	at org.junit.runners.ParentRunner.runChildren(ParentRunner.java:288)
	at org.junit.runners.ParentRunner.access$000(ParentRunner.java:58)
	at org.junit.runners.ParentRunner$2.evaluate(ParentRunner.java:268)
	at org.junit.internal.runners.statements.RunBefores.evaluate(RunBefores.java:26)
	at org.junit.internal.runners.statements.RunAfters.evaluate(RunAfters.java:27)
	at org.junit.internal.runners.statements.FailOnTimeout$CallableStatement.call(FailOnTimeout.java:298)
	at org.junit.internal.runners.statements.FailOnTimeout$CallableStatement.call(FailOnTimeout.java:292)
	at java.util.concurrent.FutureTask.run(FutureTask.java:266)
	at java.lang.Thread.run(Thread.java:748)



Test vvMode=v1v1
tr.result is 1

Test vvMode=v2v2
tr.result is 1

Test vvMode=v1v1
tr.result is 1

Test vvMode=v2v2
tr.result is 1

Test vvMode=v1v1
tr.result is 1

Test vvMode=v2v2
tr.result is 1

Test vvMode=v1v1
tr.result is 1

Test vvMode=v2v2
tr.result is 1
v1v2 failed with probability 7 out of 50
v1v1v2v2 failed with probability 5 out of 50
result: might be true error
Total execution time in seconds : 11779
