reconf_parameter: hbase.rpc.timeout
component: HRegionServer
v1: 1
v2: 60000
testProject: hbase
unitTest: org.apache.hadoop.hbase.rsgroup.TestRSGroupsAdmin1#testNamespaceConstraint
reconfPoint: 3
result: -1

Test vvMode=v1v2
tr.result is 1

Test vvMode=v1v2
tr.result is -1
v1v2 test failed !!!
reconf_parameter: hbase.rpc.timeout
component: HRegionServer
v1: 1
v2: 60000
testProject: hbase
unitTest: org.apache.hadoop.hbase.rsgroup.TestRSGroupsAdmin1#testNamespaceConstraint
reconfPoint: 3
result: -1
failureMessage: expected:<[Name:default,  Servers:[4769277c59a7:37981, 4769277c59a7:39798, 4769277c59a7:41657, 4769277c59a7:45578],  Tables:[hbase:meta, hbase:namespace, hbase:rsgroup], Name:master,  Servers:[],  Tables:[]]> but was:<[Name:default,  Servers:[4769277c59a7:37981, 4769277c59a7:39798, 4769277c59a7:41657],  Tables:[hbase:meta, hbase:namespace, hbase:rsgroup], Name:master,  Servers:[],  Tables:[]]>
stackTrace: java.lang.AssertionError: expected:<[Name:default,  Servers:[4769277c59a7:37981, 4769277c59a7:39798, 4769277c59a7:41657, 4769277c59a7:45578],  Tables:[hbase:meta, hbase:namespace, hbase:rsgroup], Name:master,  Servers:[],  Tables:[]]> but was:<[Name:default,  Servers:[4769277c59a7:37981, 4769277c59a7:39798, 4769277c59a7:41657],  Tables:[hbase:meta, hbase:namespace, hbase:rsgroup], Name:master,  Servers:[],  Tables:[]]>
	at org.junit.Assert.fail(Assert.java:88)
	at org.junit.Assert.failNotEquals(Assert.java:834)
	at org.junit.Assert.assertEquals(Assert.java:118)
	at org.junit.Assert.assertEquals(Assert.java:144)
	at org.apache.hadoop.hbase.rsgroup.VerifyingRSGroupAdminClient.verify(VerifyingRSGroupAdminClient.java:134)
	at org.apache.hadoop.hbase.rsgroup.VerifyingRSGroupAdminClient.addRSGroup(VerifyingRSGroupAdminClient.java:63)
	at org.apache.hadoop.hbase.rsgroup.TestRSGroupsBase.tearDownAfterMethod(TestRSGroupsBase.java:161)
	at org.apache.hadoop.hbase.rsgroup.TestRSGroupsBase.setUpBeforeMethod(TestRSGroupsBase.java:140)
	at org.apache.hadoop.hbase.rsgroup.TestRSGroupsAdmin1.beforeMethod(TestRSGroupsAdmin1.java:86)
	at sun.reflect.NativeMethodAccessorImpl.invoke0(Native Method)
	at sun.reflect.NativeMethodAccessorImpl.invoke(NativeMethodAccessorImpl.java:62)
	at sun.reflect.DelegatingMethodAccessorImpl.invoke(DelegatingMethodAccessorImpl.java:43)
	at java.lang.reflect.Method.invoke(Method.java:498)
	at org.junit.runners.model.FrameworkMethod$1.runReflectiveCall(FrameworkMethod.java:50)
	at org.junit.internal.runners.model.ReflectiveCallable.run(ReflectiveCallable.java:12)
	at org.junit.runners.model.FrameworkMethod.invokeExplosively(FrameworkMethod.java:47)
	at org.junit.internal.runners.statements.RunBefores.evaluate(RunBefores.java:24)
	at org.junit.internal.runners.statements.RunAfters.evaluate(RunAfters.java:27)
	at org.junit.rules.TestWatcher$1.evaluate(TestWatcher.java:55)
	at org.junit.rules.RunRules.evaluate(RunRules.java:20)
	at org.junit.runners.ParentRunner.runLeaf(ParentRunner.java:325)
	at org.junit.runners.BlockJUnit4ClassRunner.runChild(BlockJUnit4ClassRunner.java:78)
	at org.junit.runners.BlockJUnit4ClassRunner.runChild(BlockJUnit4ClassRunner.java:57)
	at org.junit.runners.ParentRunner$3.run(ParentRunner.java:290)
	at org.junit.runners.ParentRunner$1.schedule(ParentRunner.java:71)
	at org.junit.runners.ParentRunner.runChildren(ParentRunner.java:288)
	at org.junit.runners.ParentRunner.access$000(ParentRunner.java:58)
	at org.junit.runners.ParentRunner$2.evaluate(ParentRunner.java:268)
	at org.junit.internal.runners.statements.RunBefores.evaluate(RunBefores.java:26)
	at org.junit.internal.runners.statements.RunAfters.evaluate(RunAfters.java:27)
	at org.junit.internal.runners.statements.FailOnTimeout$CallableStatement.call(FailOnTimeout.java:298)
	at org.junit.internal.runners.statements.FailOnTimeout$CallableStatement.call(FailOnTimeout.java:292)
	at java.util.concurrent.FutureTask.run(FutureTask.java:266)
	at java.lang.Thread.run(Thread.java:748)



Test vvMode=v1v2
tr.result is 1

Test vvMode=v1v2
tr.result is -1
v1v2 test failed !!!
reconf_parameter: hbase.rpc.timeout
component: HRegionServer
v1: 1
v2: 60000
testProject: hbase
unitTest: org.apache.hadoop.hbase.rsgroup.TestRSGroupsAdmin1#testNamespaceConstraint
reconfPoint: 3
result: -1
failureMessage: expected:<[Name:default,  Servers:[4769277c59a7:38751, 4769277c59a7:40184, 4769277c59a7:40900, 4769277c59a7:43704],  Tables:[hbase:meta, hbase:namespace, hbase:rsgroup], Name:master,  Servers:[],  Tables:[]]> but was:<[Name:default,  Servers:[4769277c59a7:38751, 4769277c59a7:40184, 4769277c59a7:43704],  Tables:[hbase:meta, hbase:namespace, hbase:rsgroup], Name:master,  Servers:[],  Tables:[]]>
stackTrace: java.lang.AssertionError: expected:<[Name:default,  Servers:[4769277c59a7:38751, 4769277c59a7:40184, 4769277c59a7:40900, 4769277c59a7:43704],  Tables:[hbase:meta, hbase:namespace, hbase:rsgroup], Name:master,  Servers:[],  Tables:[]]> but was:<[Name:default,  Servers:[4769277c59a7:38751, 4769277c59a7:40184, 4769277c59a7:43704],  Tables:[hbase:meta, hbase:namespace, hbase:rsgroup], Name:master,  Servers:[],  Tables:[]]>
	at org.junit.Assert.fail(Assert.java:88)
	at org.junit.Assert.failNotEquals(Assert.java:834)
	at org.junit.Assert.assertEquals(Assert.java:118)
	at org.junit.Assert.assertEquals(Assert.java:144)
	at org.apache.hadoop.hbase.rsgroup.VerifyingRSGroupAdminClient.verify(VerifyingRSGroupAdminClient.java:134)
	at org.apache.hadoop.hbase.rsgroup.VerifyingRSGroupAdminClient.addRSGroup(VerifyingRSGroupAdminClient.java:63)
	at org.apache.hadoop.hbase.rsgroup.TestRSGroupsBase.tearDownAfterMethod(TestRSGroupsBase.java:161)
	at org.apache.hadoop.hbase.rsgroup.TestRSGroupsBase.setUpBeforeMethod(TestRSGroupsBase.java:140)
	at org.apache.hadoop.hbase.rsgroup.TestRSGroupsAdmin1.beforeMethod(TestRSGroupsAdmin1.java:86)
	at sun.reflect.NativeMethodAccessorImpl.invoke0(Native Method)
	at sun.reflect.NativeMethodAccessorImpl.invoke(NativeMethodAccessorImpl.java:62)
	at sun.reflect.DelegatingMethodAccessorImpl.invoke(DelegatingMethodAccessorImpl.java:43)
	at java.lang.reflect.Method.invoke(Method.java:498)
	at org.junit.runners.model.FrameworkMethod$1.runReflectiveCall(FrameworkMethod.java:50)
	at org.junit.internal.runners.model.ReflectiveCallable.run(ReflectiveCallable.java:12)
	at org.junit.runners.model.FrameworkMethod.invokeExplosively(FrameworkMethod.java:47)
	at org.junit.internal.runners.statements.RunBefores.evaluate(RunBefores.java:24)
	at org.junit.internal.runners.statements.RunAfters.evaluate(RunAfters.java:27)
	at org.junit.rules.TestWatcher$1.evaluate(TestWatcher.java:55)
	at org.junit.rules.RunRules.evaluate(RunRules.java:20)
	at org.junit.runners.ParentRunner.runLeaf(ParentRunner.java:325)
	at org.junit.runners.BlockJUnit4ClassRunner.runChild(BlockJUnit4ClassRunner.java:78)
	at org.junit.runners.BlockJUnit4ClassRunner.runChild(BlockJUnit4ClassRunner.java:57)
	at org.junit.runners.ParentRunner$3.run(ParentRunner.java:290)
	at org.junit.runners.ParentRunner$1.schedule(ParentRunner.java:71)
	at org.junit.runners.ParentRunner.runChildren(ParentRunner.java:288)
	at org.junit.runners.ParentRunner.access$000(ParentRunner.java:58)
	at org.junit.runners.ParentRunner$2.evaluate(ParentRunner.java:268)
	at org.junit.internal.runners.statements.RunBefores.evaluate(RunBefores.java:26)
	at org.junit.internal.runners.statements.RunAfters.evaluate(RunAfters.java:27)
	at org.junit.internal.runners.statements.FailOnTimeout$CallableStatement.call(FailOnTimeout.java:298)
	at org.junit.internal.runners.statements.FailOnTimeout$CallableStatement.call(FailOnTimeout.java:292)
	at java.util.concurrent.FutureTask.run(FutureTask.java:266)
	at java.lang.Thread.run(Thread.java:748)



Test vvMode=v1v2
tr.result is 1

Test vvMode=v1v2
tr.result is 1

Test vvMode=v1v2
tr.result is 1

Test vvMode=v1v2
tr.result is 1

Test vvMode=v1v2
tr.result is 1

Test vvMode=v1v2
tr.result is 1

Test vvMode=v1v2
tr.result is 1

Test vvMode=v1v2
tr.result is -1
v1v2 test failed !!!
reconf_parameter: hbase.rpc.timeout
component: HRegionServer
v1: 1
v2: 60000
testProject: hbase
unitTest: org.apache.hadoop.hbase.rsgroup.TestRSGroupsAdmin1#testNamespaceConstraint
reconfPoint: 3
result: -1
failureMessage: expected:<[Name:default,  Servers:[4769277c59a7:34744, 4769277c59a7:36903, 4769277c59a7:42444, 4769277c59a7:43112],  Tables:[hbase:meta, hbase:namespace, hbase:rsgroup], Name:master,  Servers:[],  Tables:[]]> but was:<[Name:default,  Servers:[4769277c59a7:34744, 4769277c59a7:42444, 4769277c59a7:43112],  Tables:[hbase:meta, hbase:namespace, hbase:rsgroup], Name:master,  Servers:[],  Tables:[]]>
stackTrace: java.lang.AssertionError: expected:<[Name:default,  Servers:[4769277c59a7:34744, 4769277c59a7:36903, 4769277c59a7:42444, 4769277c59a7:43112],  Tables:[hbase:meta, hbase:namespace, hbase:rsgroup], Name:master,  Servers:[],  Tables:[]]> but was:<[Name:default,  Servers:[4769277c59a7:34744, 4769277c59a7:42444, 4769277c59a7:43112],  Tables:[hbase:meta, hbase:namespace, hbase:rsgroup], Name:master,  Servers:[],  Tables:[]]>
	at org.junit.Assert.fail(Assert.java:88)
	at org.junit.Assert.failNotEquals(Assert.java:834)
	at org.junit.Assert.assertEquals(Assert.java:118)
	at org.junit.Assert.assertEquals(Assert.java:144)
	at org.apache.hadoop.hbase.rsgroup.VerifyingRSGroupAdminClient.verify(VerifyingRSGroupAdminClient.java:134)
	at org.apache.hadoop.hbase.rsgroup.VerifyingRSGroupAdminClient.addRSGroup(VerifyingRSGroupAdminClient.java:63)
	at org.apache.hadoop.hbase.rsgroup.TestRSGroupsBase.tearDownAfterMethod(TestRSGroupsBase.java:161)
	at org.apache.hadoop.hbase.rsgroup.TestRSGroupsBase.setUpBeforeMethod(TestRSGroupsBase.java:140)
	at org.apache.hadoop.hbase.rsgroup.TestRSGroupsAdmin1.beforeMethod(TestRSGroupsAdmin1.java:86)
	at sun.reflect.NativeMethodAccessorImpl.invoke0(Native Method)
	at sun.reflect.NativeMethodAccessorImpl.invoke(NativeMethodAccessorImpl.java:62)
	at sun.reflect.DelegatingMethodAccessorImpl.invoke(DelegatingMethodAccessorImpl.java:43)
	at java.lang.reflect.Method.invoke(Method.java:498)
	at org.junit.runners.model.FrameworkMethod$1.runReflectiveCall(FrameworkMethod.java:50)
	at org.junit.internal.runners.model.ReflectiveCallable.run(ReflectiveCallable.java:12)
	at org.junit.runners.model.FrameworkMethod.invokeExplosively(FrameworkMethod.java:47)
	at org.junit.internal.runners.statements.RunBefores.evaluate(RunBefores.java:24)
	at org.junit.internal.runners.statements.RunAfters.evaluate(RunAfters.java:27)
	at org.junit.rules.TestWatcher$1.evaluate(TestWatcher.java:55)
	at org.junit.rules.RunRules.evaluate(RunRules.java:20)
	at org.junit.runners.ParentRunner.runLeaf(ParentRunner.java:325)
	at org.junit.runners.BlockJUnit4ClassRunner.runChild(BlockJUnit4ClassRunner.java:78)
	at org.junit.runners.BlockJUnit4ClassRunner.runChild(BlockJUnit4ClassRunner.java:57)
	at org.junit.runners.ParentRunner$3.run(ParentRunner.java:290)
	at org.junit.runners.ParentRunner$1.schedule(ParentRunner.java:71)
	at org.junit.runners.ParentRunner.runChildren(ParentRunner.java:288)
	at org.junit.runners.ParentRunner.access$000(ParentRunner.java:58)
	at org.junit.runners.ParentRunner$2.evaluate(ParentRunner.java:268)
	at org.junit.internal.runners.statements.RunBefores.evaluate(RunBefores.java:26)
	at org.junit.internal.runners.statements.RunAfters.evaluate(RunAfters.java:27)
	at org.junit.internal.runners.statements.FailOnTimeout$CallableStatement.call(FailOnTimeout.java:298)
	at org.junit.internal.runners.statements.FailOnTimeout$CallableStatement.call(FailOnTimeout.java:292)
	at java.util.concurrent.FutureTask.run(FutureTask.java:266)
	at java.lang.Thread.run(Thread.java:748)



Test vvMode=v1v2
tr.result is 1

Test vvMode=v1v2
tr.result is -1
v1v2 test failed !!!
reconf_parameter: hbase.rpc.timeout
component: HRegionServer
v1: 1
v2: 60000
testProject: hbase
unitTest: org.apache.hadoop.hbase.rsgroup.TestRSGroupsAdmin1#testNamespaceConstraint
reconfPoint: 3
result: -1
failureMessage: expected:<[Name:default,  Servers:[4769277c59a7:34140, 4769277c59a7:39741, 4769277c59a7:40470, 4769277c59a7:41738],  Tables:[hbase:meta, hbase:namespace, hbase:rsgroup], Name:master,  Servers:[],  Tables:[]]> but was:<[Name:default,  Servers:[4769277c59a7:39741, 4769277c59a7:40470, 4769277c59a7:41738],  Tables:[hbase:meta, hbase:namespace, hbase:rsgroup], Name:master,  Servers:[],  Tables:[]]>
stackTrace: java.lang.AssertionError: expected:<[Name:default,  Servers:[4769277c59a7:34140, 4769277c59a7:39741, 4769277c59a7:40470, 4769277c59a7:41738],  Tables:[hbase:meta, hbase:namespace, hbase:rsgroup], Name:master,  Servers:[],  Tables:[]]> but was:<[Name:default,  Servers:[4769277c59a7:39741, 4769277c59a7:40470, 4769277c59a7:41738],  Tables:[hbase:meta, hbase:namespace, hbase:rsgroup], Name:master,  Servers:[],  Tables:[]]>
	at org.junit.Assert.fail(Assert.java:88)
	at org.junit.Assert.failNotEquals(Assert.java:834)
	at org.junit.Assert.assertEquals(Assert.java:118)
	at org.junit.Assert.assertEquals(Assert.java:144)
	at org.apache.hadoop.hbase.rsgroup.VerifyingRSGroupAdminClient.verify(VerifyingRSGroupAdminClient.java:134)
	at org.apache.hadoop.hbase.rsgroup.VerifyingRSGroupAdminClient.addRSGroup(VerifyingRSGroupAdminClient.java:63)
	at org.apache.hadoop.hbase.rsgroup.TestRSGroupsBase.tearDownAfterMethod(TestRSGroupsBase.java:161)
	at org.apache.hadoop.hbase.rsgroup.TestRSGroupsBase.setUpBeforeMethod(TestRSGroupsBase.java:140)
	at org.apache.hadoop.hbase.rsgroup.TestRSGroupsAdmin1.beforeMethod(TestRSGroupsAdmin1.java:86)
	at sun.reflect.NativeMethodAccessorImpl.invoke0(Native Method)
	at sun.reflect.NativeMethodAccessorImpl.invoke(NativeMethodAccessorImpl.java:62)
	at sun.reflect.DelegatingMethodAccessorImpl.invoke(DelegatingMethodAccessorImpl.java:43)
	at java.lang.reflect.Method.invoke(Method.java:498)
	at org.junit.runners.model.FrameworkMethod$1.runReflectiveCall(FrameworkMethod.java:50)
	at org.junit.internal.runners.model.ReflectiveCallable.run(ReflectiveCallable.java:12)
	at org.junit.runners.model.FrameworkMethod.invokeExplosively(FrameworkMethod.java:47)
	at org.junit.internal.runners.statements.RunBefores.evaluate(RunBefores.java:24)
	at org.junit.internal.runners.statements.RunAfters.evaluate(RunAfters.java:27)
	at org.junit.rules.TestWatcher$1.evaluate(TestWatcher.java:55)
	at org.junit.rules.RunRules.evaluate(RunRules.java:20)
	at org.junit.runners.ParentRunner.runLeaf(ParentRunner.java:325)
	at org.junit.runners.BlockJUnit4ClassRunner.runChild(BlockJUnit4ClassRunner.java:78)
	at org.junit.runners.BlockJUnit4ClassRunner.runChild(BlockJUnit4ClassRunner.java:57)
	at org.junit.runners.ParentRunner$3.run(ParentRunner.java:290)
	at org.junit.runners.ParentRunner$1.schedule(ParentRunner.java:71)
	at org.junit.runners.ParentRunner.runChildren(ParentRunner.java:288)
	at org.junit.runners.ParentRunner.access$000(ParentRunner.java:58)
	at org.junit.runners.ParentRunner$2.evaluate(ParentRunner.java:268)
	at org.junit.internal.runners.statements.RunBefores.evaluate(RunBefores.java:26)
	at org.junit.internal.runners.statements.RunAfters.evaluate(RunAfters.java:27)
	at org.junit.internal.runners.statements.FailOnTimeout$CallableStatement.call(FailOnTimeout.java:298)
	at org.junit.internal.runners.statements.FailOnTimeout$CallableStatement.call(FailOnTimeout.java:292)
	at java.util.concurrent.FutureTask.run(FutureTask.java:266)
	at java.lang.Thread.run(Thread.java:748)



Test vvMode=v1v2
tr.result is 1

Test vvMode=v1v2
tr.result is 1

Test vvMode=v1v2
tr.result is 1

Test vvMode=v1v2
tr.result is 1

Test vvMode=v1v2
tr.result is 1

Test vvMode=v1v2
tr.result is 1

Test vvMode=v1v2
tr.result is 1

Test vvMode=v1v2
tr.result is -1
v1v2 test failed !!!
reconf_parameter: hbase.rpc.timeout
component: HRegionServer
v1: 1
v2: 60000
testProject: hbase
unitTest: org.apache.hadoop.hbase.rsgroup.TestRSGroupsAdmin1#testNamespaceConstraint
reconfPoint: 3
result: -1
failureMessage: expected:<[Name:default,  Servers:[4769277c59a7:36466, 4769277c59a7:39325, 4769277c59a7:41551, 4769277c59a7:41816],  Tables:[hbase:meta, hbase:namespace, hbase:rsgroup], Name:master,  Servers:[],  Tables:[]]> but was:<[Name:default,  Servers:[4769277c59a7:36466, 4769277c59a7:41551, 4769277c59a7:41816],  Tables:[hbase:meta, hbase:namespace, hbase:rsgroup], Name:master,  Servers:[],  Tables:[]]>
stackTrace: java.lang.AssertionError: expected:<[Name:default,  Servers:[4769277c59a7:36466, 4769277c59a7:39325, 4769277c59a7:41551, 4769277c59a7:41816],  Tables:[hbase:meta, hbase:namespace, hbase:rsgroup], Name:master,  Servers:[],  Tables:[]]> but was:<[Name:default,  Servers:[4769277c59a7:36466, 4769277c59a7:41551, 4769277c59a7:41816],  Tables:[hbase:meta, hbase:namespace, hbase:rsgroup], Name:master,  Servers:[],  Tables:[]]>
	at org.junit.Assert.fail(Assert.java:88)
	at org.junit.Assert.failNotEquals(Assert.java:834)
	at org.junit.Assert.assertEquals(Assert.java:118)
	at org.junit.Assert.assertEquals(Assert.java:144)
	at org.apache.hadoop.hbase.rsgroup.VerifyingRSGroupAdminClient.verify(VerifyingRSGroupAdminClient.java:134)
	at org.apache.hadoop.hbase.rsgroup.VerifyingRSGroupAdminClient.addRSGroup(VerifyingRSGroupAdminClient.java:63)
	at org.apache.hadoop.hbase.rsgroup.TestRSGroupsBase.tearDownAfterMethod(TestRSGroupsBase.java:161)
	at org.apache.hadoop.hbase.rsgroup.TestRSGroupsBase.setUpBeforeMethod(TestRSGroupsBase.java:140)
	at org.apache.hadoop.hbase.rsgroup.TestRSGroupsAdmin1.beforeMethod(TestRSGroupsAdmin1.java:86)
	at sun.reflect.NativeMethodAccessorImpl.invoke0(Native Method)
	at sun.reflect.NativeMethodAccessorImpl.invoke(NativeMethodAccessorImpl.java:62)
	at sun.reflect.DelegatingMethodAccessorImpl.invoke(DelegatingMethodAccessorImpl.java:43)
	at java.lang.reflect.Method.invoke(Method.java:498)
	at org.junit.runners.model.FrameworkMethod$1.runReflectiveCall(FrameworkMethod.java:50)
	at org.junit.internal.runners.model.ReflectiveCallable.run(ReflectiveCallable.java:12)
	at org.junit.runners.model.FrameworkMethod.invokeExplosively(FrameworkMethod.java:47)
	at org.junit.internal.runners.statements.RunBefores.evaluate(RunBefores.java:24)
	at org.junit.internal.runners.statements.RunAfters.evaluate(RunAfters.java:27)
	at org.junit.rules.TestWatcher$1.evaluate(TestWatcher.java:55)
	at org.junit.rules.RunRules.evaluate(RunRules.java:20)
	at org.junit.runners.ParentRunner.runLeaf(ParentRunner.java:325)
	at org.junit.runners.BlockJUnit4ClassRunner.runChild(BlockJUnit4ClassRunner.java:78)
	at org.junit.runners.BlockJUnit4ClassRunner.runChild(BlockJUnit4ClassRunner.java:57)
	at org.junit.runners.ParentRunner$3.run(ParentRunner.java:290)
	at org.junit.runners.ParentRunner$1.schedule(ParentRunner.java:71)
	at org.junit.runners.ParentRunner.runChildren(ParentRunner.java:288)
	at org.junit.runners.ParentRunner.access$000(ParentRunner.java:58)
	at org.junit.runners.ParentRunner$2.evaluate(ParentRunner.java:268)
	at org.junit.internal.runners.statements.RunBefores.evaluate(RunBefores.java:26)
	at org.junit.internal.runners.statements.RunAfters.evaluate(RunAfters.java:27)
	at org.junit.internal.runners.statements.FailOnTimeout$CallableStatement.call(FailOnTimeout.java:298)
	at org.junit.internal.runners.statements.FailOnTimeout$CallableStatement.call(FailOnTimeout.java:292)
	at java.util.concurrent.FutureTask.run(FutureTask.java:266)
	at java.lang.Thread.run(Thread.java:748)



Test vvMode=v1v2
tr.result is 1

Test vvMode=v1v2
tr.result is 1

Test vvMode=v1v2
tr.result is -1
v1v2 test failed !!!
reconf_parameter: hbase.rpc.timeout
component: HRegionServer
v1: 1
v2: 60000
testProject: hbase
unitTest: org.apache.hadoop.hbase.rsgroup.TestRSGroupsAdmin1#testNamespaceConstraint
reconfPoint: 3
result: -1
failureMessage: expected:<[Name:default,  Servers:[4769277c59a7:33531, 4769277c59a7:38443, 4769277c59a7:38961, 4769277c59a7:40513],  Tables:[hbase:meta, hbase:namespace, hbase:rsgroup], Name:master,  Servers:[],  Tables:[]]> but was:<[Name:default,  Servers:[4769277c59a7:33531, 4769277c59a7:38443, 4769277c59a7:38961],  Tables:[hbase:meta, hbase:namespace, hbase:rsgroup], Name:master,  Servers:[],  Tables:[]]>
stackTrace: java.lang.AssertionError: expected:<[Name:default,  Servers:[4769277c59a7:33531, 4769277c59a7:38443, 4769277c59a7:38961, 4769277c59a7:40513],  Tables:[hbase:meta, hbase:namespace, hbase:rsgroup], Name:master,  Servers:[],  Tables:[]]> but was:<[Name:default,  Servers:[4769277c59a7:33531, 4769277c59a7:38443, 4769277c59a7:38961],  Tables:[hbase:meta, hbase:namespace, hbase:rsgroup], Name:master,  Servers:[],  Tables:[]]>
	at org.junit.Assert.fail(Assert.java:88)
	at org.junit.Assert.failNotEquals(Assert.java:834)
	at org.junit.Assert.assertEquals(Assert.java:118)
	at org.junit.Assert.assertEquals(Assert.java:144)
	at org.apache.hadoop.hbase.rsgroup.VerifyingRSGroupAdminClient.verify(VerifyingRSGroupAdminClient.java:134)
	at org.apache.hadoop.hbase.rsgroup.VerifyingRSGroupAdminClient.addRSGroup(VerifyingRSGroupAdminClient.java:63)
	at org.apache.hadoop.hbase.rsgroup.TestRSGroupsBase.tearDownAfterMethod(TestRSGroupsBase.java:161)
	at org.apache.hadoop.hbase.rsgroup.TestRSGroupsBase.setUpBeforeMethod(TestRSGroupsBase.java:140)
	at org.apache.hadoop.hbase.rsgroup.TestRSGroupsAdmin1.beforeMethod(TestRSGroupsAdmin1.java:86)
	at sun.reflect.NativeMethodAccessorImpl.invoke0(Native Method)
	at sun.reflect.NativeMethodAccessorImpl.invoke(NativeMethodAccessorImpl.java:62)
	at sun.reflect.DelegatingMethodAccessorImpl.invoke(DelegatingMethodAccessorImpl.java:43)
	at java.lang.reflect.Method.invoke(Method.java:498)
	at org.junit.runners.model.FrameworkMethod$1.runReflectiveCall(FrameworkMethod.java:50)
	at org.junit.internal.runners.model.ReflectiveCallable.run(ReflectiveCallable.java:12)
	at org.junit.runners.model.FrameworkMethod.invokeExplosively(FrameworkMethod.java:47)
	at org.junit.internal.runners.statements.RunBefores.evaluate(RunBefores.java:24)
	at org.junit.internal.runners.statements.RunAfters.evaluate(RunAfters.java:27)
	at org.junit.rules.TestWatcher$1.evaluate(TestWatcher.java:55)
	at org.junit.rules.RunRules.evaluate(RunRules.java:20)
	at org.junit.runners.ParentRunner.runLeaf(ParentRunner.java:325)
	at org.junit.runners.BlockJUnit4ClassRunner.runChild(BlockJUnit4ClassRunner.java:78)
	at org.junit.runners.BlockJUnit4ClassRunner.runChild(BlockJUnit4ClassRunner.java:57)
	at org.junit.runners.ParentRunner$3.run(ParentRunner.java:290)
	at org.junit.runners.ParentRunner$1.schedule(ParentRunner.java:71)
	at org.junit.runners.ParentRunner.runChildren(ParentRunner.java:288)
	at org.junit.runners.ParentRunner.access$000(ParentRunner.java:58)
	at org.junit.runners.ParentRunner$2.evaluate(ParentRunner.java:268)
	at org.junit.internal.runners.statements.RunBefores.evaluate(RunBefores.java:26)
	at org.junit.internal.runners.statements.RunAfters.evaluate(RunAfters.java:27)
	at org.junit.internal.runners.statements.FailOnTimeout$CallableStatement.call(FailOnTimeout.java:298)
	at org.junit.internal.runners.statements.FailOnTimeout$CallableStatement.call(FailOnTimeout.java:292)
	at java.util.concurrent.FutureTask.run(FutureTask.java:266)
	at java.lang.Thread.run(Thread.java:748)



Test vvMode=v1v2
tr.result is 1

Test vvMode=v1v2
tr.result is 1

Test vvMode=v1v2
tr.result is -1
v1v2 test failed !!!
reconf_parameter: hbase.rpc.timeout
component: HRegionServer
v1: 1
v2: 60000
testProject: hbase
unitTest: org.apache.hadoop.hbase.rsgroup.TestRSGroupsAdmin1#testNamespaceConstraint
reconfPoint: 3
result: -1
failureMessage: expected:<[Name:default,  Servers:[4769277c59a7:32780, 4769277c59a7:32874, 4769277c59a7:40445, 4769277c59a7:42793],  Tables:[hbase:meta, hbase:namespace, hbase:rsgroup], Name:master,  Servers:[],  Tables:[]]> but was:<[Name:default,  Servers:[4769277c59a7:32874, 4769277c59a7:40445, 4769277c59a7:42793],  Tables:[hbase:meta, hbase:namespace, hbase:rsgroup], Name:master,  Servers:[],  Tables:[]]>
stackTrace: java.lang.AssertionError: expected:<[Name:default,  Servers:[4769277c59a7:32780, 4769277c59a7:32874, 4769277c59a7:40445, 4769277c59a7:42793],  Tables:[hbase:meta, hbase:namespace, hbase:rsgroup], Name:master,  Servers:[],  Tables:[]]> but was:<[Name:default,  Servers:[4769277c59a7:32874, 4769277c59a7:40445, 4769277c59a7:42793],  Tables:[hbase:meta, hbase:namespace, hbase:rsgroup], Name:master,  Servers:[],  Tables:[]]>
	at org.junit.Assert.fail(Assert.java:88)
	at org.junit.Assert.failNotEquals(Assert.java:834)
	at org.junit.Assert.assertEquals(Assert.java:118)
	at org.junit.Assert.assertEquals(Assert.java:144)
	at org.apache.hadoop.hbase.rsgroup.VerifyingRSGroupAdminClient.verify(VerifyingRSGroupAdminClient.java:134)
	at org.apache.hadoop.hbase.rsgroup.VerifyingRSGroupAdminClient.addRSGroup(VerifyingRSGroupAdminClient.java:63)
	at org.apache.hadoop.hbase.rsgroup.TestRSGroupsBase.tearDownAfterMethod(TestRSGroupsBase.java:161)
	at org.apache.hadoop.hbase.rsgroup.TestRSGroupsBase.setUpBeforeMethod(TestRSGroupsBase.java:140)
	at org.apache.hadoop.hbase.rsgroup.TestRSGroupsAdmin1.beforeMethod(TestRSGroupsAdmin1.java:86)
	at sun.reflect.NativeMethodAccessorImpl.invoke0(Native Method)
	at sun.reflect.NativeMethodAccessorImpl.invoke(NativeMethodAccessorImpl.java:62)
	at sun.reflect.DelegatingMethodAccessorImpl.invoke(DelegatingMethodAccessorImpl.java:43)
	at java.lang.reflect.Method.invoke(Method.java:498)
	at org.junit.runners.model.FrameworkMethod$1.runReflectiveCall(FrameworkMethod.java:50)
	at org.junit.internal.runners.model.ReflectiveCallable.run(ReflectiveCallable.java:12)
	at org.junit.runners.model.FrameworkMethod.invokeExplosively(FrameworkMethod.java:47)
	at org.junit.internal.runners.statements.RunBefores.evaluate(RunBefores.java:24)
	at org.junit.internal.runners.statements.RunAfters.evaluate(RunAfters.java:27)
	at org.junit.rules.TestWatcher$1.evaluate(TestWatcher.java:55)
	at org.junit.rules.RunRules.evaluate(RunRules.java:20)
	at org.junit.runners.ParentRunner.runLeaf(ParentRunner.java:325)
	at org.junit.runners.BlockJUnit4ClassRunner.runChild(BlockJUnit4ClassRunner.java:78)
	at org.junit.runners.BlockJUnit4ClassRunner.runChild(BlockJUnit4ClassRunner.java:57)
	at org.junit.runners.ParentRunner$3.run(ParentRunner.java:290)
	at org.junit.runners.ParentRunner$1.schedule(ParentRunner.java:71)
	at org.junit.runners.ParentRunner.runChildren(ParentRunner.java:288)
	at org.junit.runners.ParentRunner.access$000(ParentRunner.java:58)
	at org.junit.runners.ParentRunner$2.evaluate(ParentRunner.java:268)
	at org.junit.internal.runners.statements.RunBefores.evaluate(RunBefores.java:26)
	at org.junit.internal.runners.statements.RunAfters.evaluate(RunAfters.java:27)
	at org.junit.internal.runners.statements.FailOnTimeout$CallableStatement.call(FailOnTimeout.java:298)
	at org.junit.internal.runners.statements.FailOnTimeout$CallableStatement.call(FailOnTimeout.java:292)
	at java.util.concurrent.FutureTask.run(FutureTask.java:266)
	at java.lang.Thread.run(Thread.java:748)



Test vvMode=v1v2
tr.result is 1

Test vvMode=v1v2
tr.result is -1
v1v2 test failed !!!
reconf_parameter: hbase.rpc.timeout
component: HRegionServer
v1: 1
v2: 60000
testProject: hbase
unitTest: org.apache.hadoop.hbase.rsgroup.TestRSGroupsAdmin1#testNamespaceConstraint
reconfPoint: 3
result: -1
failureMessage: expected:<[Name:default,  Servers:[4769277c59a7:37776, 4769277c59a7:38645, 4769277c59a7:40211, 4769277c59a7:43278],  Tables:[hbase:meta, hbase:namespace, hbase:rsgroup], Name:master,  Servers:[],  Tables:[]]> but was:<[Name:default,  Servers:[4769277c59a7:38645, 4769277c59a7:40211, 4769277c59a7:43278],  Tables:[hbase:meta, hbase:namespace, hbase:rsgroup], Name:master,  Servers:[],  Tables:[]]>
stackTrace: java.lang.AssertionError: expected:<[Name:default,  Servers:[4769277c59a7:37776, 4769277c59a7:38645, 4769277c59a7:40211, 4769277c59a7:43278],  Tables:[hbase:meta, hbase:namespace, hbase:rsgroup], Name:master,  Servers:[],  Tables:[]]> but was:<[Name:default,  Servers:[4769277c59a7:38645, 4769277c59a7:40211, 4769277c59a7:43278],  Tables:[hbase:meta, hbase:namespace, hbase:rsgroup], Name:master,  Servers:[],  Tables:[]]>
	at org.junit.Assert.fail(Assert.java:88)
	at org.junit.Assert.failNotEquals(Assert.java:834)
	at org.junit.Assert.assertEquals(Assert.java:118)
	at org.junit.Assert.assertEquals(Assert.java:144)
	at org.apache.hadoop.hbase.rsgroup.VerifyingRSGroupAdminClient.verify(VerifyingRSGroupAdminClient.java:134)
	at org.apache.hadoop.hbase.rsgroup.VerifyingRSGroupAdminClient.addRSGroup(VerifyingRSGroupAdminClient.java:63)
	at org.apache.hadoop.hbase.rsgroup.TestRSGroupsBase.tearDownAfterMethod(TestRSGroupsBase.java:161)
	at org.apache.hadoop.hbase.rsgroup.TestRSGroupsBase.setUpBeforeMethod(TestRSGroupsBase.java:140)
	at org.apache.hadoop.hbase.rsgroup.TestRSGroupsAdmin1.beforeMethod(TestRSGroupsAdmin1.java:86)
	at sun.reflect.NativeMethodAccessorImpl.invoke0(Native Method)
	at sun.reflect.NativeMethodAccessorImpl.invoke(NativeMethodAccessorImpl.java:62)
	at sun.reflect.DelegatingMethodAccessorImpl.invoke(DelegatingMethodAccessorImpl.java:43)
	at java.lang.reflect.Method.invoke(Method.java:498)
	at org.junit.runners.model.FrameworkMethod$1.runReflectiveCall(FrameworkMethod.java:50)
	at org.junit.internal.runners.model.ReflectiveCallable.run(ReflectiveCallable.java:12)
	at org.junit.runners.model.FrameworkMethod.invokeExplosively(FrameworkMethod.java:47)
	at org.junit.internal.runners.statements.RunBefores.evaluate(RunBefores.java:24)
	at org.junit.internal.runners.statements.RunAfters.evaluate(RunAfters.java:27)
	at org.junit.rules.TestWatcher$1.evaluate(TestWatcher.java:55)
	at org.junit.rules.RunRules.evaluate(RunRules.java:20)
	at org.junit.runners.ParentRunner.runLeaf(ParentRunner.java:325)
	at org.junit.runners.BlockJUnit4ClassRunner.runChild(BlockJUnit4ClassRunner.java:78)
	at org.junit.runners.BlockJUnit4ClassRunner.runChild(BlockJUnit4ClassRunner.java:57)
	at org.junit.runners.ParentRunner$3.run(ParentRunner.java:290)
	at org.junit.runners.ParentRunner$1.schedule(ParentRunner.java:71)
	at org.junit.runners.ParentRunner.runChildren(ParentRunner.java:288)
	at org.junit.runners.ParentRunner.access$000(ParentRunner.java:58)
	at org.junit.runners.ParentRunner$2.evaluate(ParentRunner.java:268)
	at org.junit.internal.runners.statements.RunBefores.evaluate(RunBefores.java:26)
	at org.junit.internal.runners.statements.RunAfters.evaluate(RunAfters.java:27)
	at org.junit.internal.runners.statements.FailOnTimeout$CallableStatement.call(FailOnTimeout.java:298)
	at org.junit.internal.runners.statements.FailOnTimeout$CallableStatement.call(FailOnTimeout.java:292)
	at java.util.concurrent.FutureTask.run(FutureTask.java:266)
	at java.lang.Thread.run(Thread.java:748)



Test vvMode=v1v2
tr.result is 1

Test vvMode=v1v2
tr.result is 1

Test vvMode=v1v2
tr.result is 1

Test vvMode=v1v2
tr.result is 1

Test vvMode=v1v2
tr.result is 1

Test vvMode=v1v2
tr.result is -1
v1v2 test failed !!!
reconf_parameter: hbase.rpc.timeout
component: HRegionServer
v1: 1
v2: 60000
testProject: hbase
unitTest: org.apache.hadoop.hbase.rsgroup.TestRSGroupsAdmin1#testNamespaceConstraint
reconfPoint: 3
result: -1
failureMessage: expected:<[Name:default,  Servers:[4769277c59a7:36649, 4769277c59a7:39590, 4769277c59a7:40437, 4769277c59a7:45414],  Tables:[hbase:meta, hbase:namespace, hbase:rsgroup], Name:master,  Servers:[],  Tables:[]]> but was:<[Name:default,  Servers:[4769277c59a7:36649, 4769277c59a7:40437, 4769277c59a7:45414],  Tables:[hbase:meta, hbase:namespace, hbase:rsgroup], Name:master,  Servers:[],  Tables:[]]>
stackTrace: java.lang.AssertionError: expected:<[Name:default,  Servers:[4769277c59a7:36649, 4769277c59a7:39590, 4769277c59a7:40437, 4769277c59a7:45414],  Tables:[hbase:meta, hbase:namespace, hbase:rsgroup], Name:master,  Servers:[],  Tables:[]]> but was:<[Name:default,  Servers:[4769277c59a7:36649, 4769277c59a7:40437, 4769277c59a7:45414],  Tables:[hbase:meta, hbase:namespace, hbase:rsgroup], Name:master,  Servers:[],  Tables:[]]>
	at org.junit.Assert.fail(Assert.java:88)
	at org.junit.Assert.failNotEquals(Assert.java:834)
	at org.junit.Assert.assertEquals(Assert.java:118)
	at org.junit.Assert.assertEquals(Assert.java:144)
	at org.apache.hadoop.hbase.rsgroup.VerifyingRSGroupAdminClient.verify(VerifyingRSGroupAdminClient.java:134)
	at org.apache.hadoop.hbase.rsgroup.VerifyingRSGroupAdminClient.addRSGroup(VerifyingRSGroupAdminClient.java:63)
	at org.apache.hadoop.hbase.rsgroup.TestRSGroupsBase.tearDownAfterMethod(TestRSGroupsBase.java:161)
	at org.apache.hadoop.hbase.rsgroup.TestRSGroupsBase.setUpBeforeMethod(TestRSGroupsBase.java:140)
	at org.apache.hadoop.hbase.rsgroup.TestRSGroupsAdmin1.beforeMethod(TestRSGroupsAdmin1.java:86)
	at sun.reflect.NativeMethodAccessorImpl.invoke0(Native Method)
	at sun.reflect.NativeMethodAccessorImpl.invoke(NativeMethodAccessorImpl.java:62)
	at sun.reflect.DelegatingMethodAccessorImpl.invoke(DelegatingMethodAccessorImpl.java:43)
	at java.lang.reflect.Method.invoke(Method.java:498)
	at org.junit.runners.model.FrameworkMethod$1.runReflectiveCall(FrameworkMethod.java:50)
	at org.junit.internal.runners.model.ReflectiveCallable.run(ReflectiveCallable.java:12)
	at org.junit.runners.model.FrameworkMethod.invokeExplosively(FrameworkMethod.java:47)
	at org.junit.internal.runners.statements.RunBefores.evaluate(RunBefores.java:24)
	at org.junit.internal.runners.statements.RunAfters.evaluate(RunAfters.java:27)
	at org.junit.rules.TestWatcher$1.evaluate(TestWatcher.java:55)
	at org.junit.rules.RunRules.evaluate(RunRules.java:20)
	at org.junit.runners.ParentRunner.runLeaf(ParentRunner.java:325)
	at org.junit.runners.BlockJUnit4ClassRunner.runChild(BlockJUnit4ClassRunner.java:78)
	at org.junit.runners.BlockJUnit4ClassRunner.runChild(BlockJUnit4ClassRunner.java:57)
	at org.junit.runners.ParentRunner$3.run(ParentRunner.java:290)
	at org.junit.runners.ParentRunner$1.schedule(ParentRunner.java:71)
	at org.junit.runners.ParentRunner.runChildren(ParentRunner.java:288)
	at org.junit.runners.ParentRunner.access$000(ParentRunner.java:58)
	at org.junit.runners.ParentRunner$2.evaluate(ParentRunner.java:268)
	at org.junit.internal.runners.statements.RunBefores.evaluate(RunBefores.java:26)
	at org.junit.internal.runners.statements.RunAfters.evaluate(RunAfters.java:27)
	at org.junit.internal.runners.statements.FailOnTimeout$CallableStatement.call(FailOnTimeout.java:298)
	at org.junit.internal.runners.statements.FailOnTimeout$CallableStatement.call(FailOnTimeout.java:292)
	at java.util.concurrent.FutureTask.run(FutureTask.java:266)
	at java.lang.Thread.run(Thread.java:748)



Test vvMode=v1v2
tr.result is 1

Test vvMode=v1v2
tr.result is 1

Test vvMode=v1v2
tr.result is 1

Test vvMode=v1v2
tr.result is 1

Test vvMode=v1v2
tr.result is 1

Test vvMode=v1v2
tr.result is 1

Test vvMode=v1v2
tr.result is 1

Test vvMode=v1v2
tr.result is 1

Test vvMode=v1v2
tr.result is -1
v1v2 test failed !!!
reconf_parameter: hbase.rpc.timeout
component: HRegionServer
v1: 1
v2: 60000
testProject: hbase
unitTest: org.apache.hadoop.hbase.rsgroup.TestRSGroupsAdmin1#testNamespaceConstraint
reconfPoint: 3
result: -1
failureMessage: expected:<[Name:default,  Servers:[4769277c59a7:35263, 4769277c59a7:35684, 4769277c59a7:39990, 4769277c59a7:43851],  Tables:[hbase:meta, hbase:namespace, hbase:rsgroup], Name:master,  Servers:[],  Tables:[]]> but was:<[Name:default,  Servers:[4769277c59a7:35263, 4769277c59a7:39990, 4769277c59a7:43851],  Tables:[hbase:meta, hbase:namespace, hbase:rsgroup], Name:master,  Servers:[],  Tables:[]]>
stackTrace: java.lang.AssertionError: expected:<[Name:default,  Servers:[4769277c59a7:35263, 4769277c59a7:35684, 4769277c59a7:39990, 4769277c59a7:43851],  Tables:[hbase:meta, hbase:namespace, hbase:rsgroup], Name:master,  Servers:[],  Tables:[]]> but was:<[Name:default,  Servers:[4769277c59a7:35263, 4769277c59a7:39990, 4769277c59a7:43851],  Tables:[hbase:meta, hbase:namespace, hbase:rsgroup], Name:master,  Servers:[],  Tables:[]]>
	at org.junit.Assert.fail(Assert.java:88)
	at org.junit.Assert.failNotEquals(Assert.java:834)
	at org.junit.Assert.assertEquals(Assert.java:118)
	at org.junit.Assert.assertEquals(Assert.java:144)
	at org.apache.hadoop.hbase.rsgroup.VerifyingRSGroupAdminClient.verify(VerifyingRSGroupAdminClient.java:134)
	at org.apache.hadoop.hbase.rsgroup.VerifyingRSGroupAdminClient.addRSGroup(VerifyingRSGroupAdminClient.java:63)
	at org.apache.hadoop.hbase.rsgroup.TestRSGroupsBase.tearDownAfterMethod(TestRSGroupsBase.java:161)
	at org.apache.hadoop.hbase.rsgroup.TestRSGroupsBase.setUpBeforeMethod(TestRSGroupsBase.java:140)
	at org.apache.hadoop.hbase.rsgroup.TestRSGroupsAdmin1.beforeMethod(TestRSGroupsAdmin1.java:86)
	at sun.reflect.NativeMethodAccessorImpl.invoke0(Native Method)
	at sun.reflect.NativeMethodAccessorImpl.invoke(NativeMethodAccessorImpl.java:62)
	at sun.reflect.DelegatingMethodAccessorImpl.invoke(DelegatingMethodAccessorImpl.java:43)
	at java.lang.reflect.Method.invoke(Method.java:498)
	at org.junit.runners.model.FrameworkMethod$1.runReflectiveCall(FrameworkMethod.java:50)
	at org.junit.internal.runners.model.ReflectiveCallable.run(ReflectiveCallable.java:12)
	at org.junit.runners.model.FrameworkMethod.invokeExplosively(FrameworkMethod.java:47)
	at org.junit.internal.runners.statements.RunBefores.evaluate(RunBefores.java:24)
	at org.junit.internal.runners.statements.RunAfters.evaluate(RunAfters.java:27)
	at org.junit.rules.TestWatcher$1.evaluate(TestWatcher.java:55)
	at org.junit.rules.RunRules.evaluate(RunRules.java:20)
	at org.junit.runners.ParentRunner.runLeaf(ParentRunner.java:325)
	at org.junit.runners.BlockJUnit4ClassRunner.runChild(BlockJUnit4ClassRunner.java:78)
	at org.junit.runners.BlockJUnit4ClassRunner.runChild(BlockJUnit4ClassRunner.java:57)
	at org.junit.runners.ParentRunner$3.run(ParentRunner.java:290)
	at org.junit.runners.ParentRunner$1.schedule(ParentRunner.java:71)
	at org.junit.runners.ParentRunner.runChildren(ParentRunner.java:288)
	at org.junit.runners.ParentRunner.access$000(ParentRunner.java:58)
	at org.junit.runners.ParentRunner$2.evaluate(ParentRunner.java:268)
	at org.junit.internal.runners.statements.RunBefores.evaluate(RunBefores.java:26)
	at org.junit.internal.runners.statements.RunAfters.evaluate(RunAfters.java:27)
	at org.junit.internal.runners.statements.FailOnTimeout$CallableStatement.call(FailOnTimeout.java:298)
	at org.junit.internal.runners.statements.FailOnTimeout$CallableStatement.call(FailOnTimeout.java:292)
	at java.util.concurrent.FutureTask.run(FutureTask.java:266)
	at java.lang.Thread.run(Thread.java:748)



Test vvMode=v1v2
tr.result is 1

Test vvMode=v1v2
tr.result is -1
v1v2 test failed !!!
reconf_parameter: hbase.rpc.timeout
component: HRegionServer
v1: 1
v2: 60000
testProject: hbase
unitTest: org.apache.hadoop.hbase.rsgroup.TestRSGroupsAdmin1#testNamespaceConstraint
reconfPoint: 3
result: -1
failureMessage: expected:<[Name:default,  Servers:[4769277c59a7:38815, 4769277c59a7:38912, 4769277c59a7:41466, 4769277c59a7:43329],  Tables:[hbase:meta, hbase:namespace, hbase:rsgroup], Name:master,  Servers:[],  Tables:[]]> but was:<[Name:default,  Servers:[4769277c59a7:38912, 4769277c59a7:41466, 4769277c59a7:43329],  Tables:[hbase:meta, hbase:namespace, hbase:rsgroup], Name:master,  Servers:[],  Tables:[]]>
stackTrace: java.lang.AssertionError: expected:<[Name:default,  Servers:[4769277c59a7:38815, 4769277c59a7:38912, 4769277c59a7:41466, 4769277c59a7:43329],  Tables:[hbase:meta, hbase:namespace, hbase:rsgroup], Name:master,  Servers:[],  Tables:[]]> but was:<[Name:default,  Servers:[4769277c59a7:38912, 4769277c59a7:41466, 4769277c59a7:43329],  Tables:[hbase:meta, hbase:namespace, hbase:rsgroup], Name:master,  Servers:[],  Tables:[]]>
	at org.junit.Assert.fail(Assert.java:88)
	at org.junit.Assert.failNotEquals(Assert.java:834)
	at org.junit.Assert.assertEquals(Assert.java:118)
	at org.junit.Assert.assertEquals(Assert.java:144)
	at org.apache.hadoop.hbase.rsgroup.VerifyingRSGroupAdminClient.verify(VerifyingRSGroupAdminClient.java:134)
	at org.apache.hadoop.hbase.rsgroup.VerifyingRSGroupAdminClient.addRSGroup(VerifyingRSGroupAdminClient.java:63)
	at org.apache.hadoop.hbase.rsgroup.TestRSGroupsBase.tearDownAfterMethod(TestRSGroupsBase.java:161)
	at org.apache.hadoop.hbase.rsgroup.TestRSGroupsBase.setUpBeforeMethod(TestRSGroupsBase.java:140)
	at org.apache.hadoop.hbase.rsgroup.TestRSGroupsAdmin1.beforeMethod(TestRSGroupsAdmin1.java:86)
	at sun.reflect.NativeMethodAccessorImpl.invoke0(Native Method)
	at sun.reflect.NativeMethodAccessorImpl.invoke(NativeMethodAccessorImpl.java:62)
	at sun.reflect.DelegatingMethodAccessorImpl.invoke(DelegatingMethodAccessorImpl.java:43)
	at java.lang.reflect.Method.invoke(Method.java:498)
	at org.junit.runners.model.FrameworkMethod$1.runReflectiveCall(FrameworkMethod.java:50)
	at org.junit.internal.runners.model.ReflectiveCallable.run(ReflectiveCallable.java:12)
	at org.junit.runners.model.FrameworkMethod.invokeExplosively(FrameworkMethod.java:47)
	at org.junit.internal.runners.statements.RunBefores.evaluate(RunBefores.java:24)
	at org.junit.internal.runners.statements.RunAfters.evaluate(RunAfters.java:27)
	at org.junit.rules.TestWatcher$1.evaluate(TestWatcher.java:55)
	at org.junit.rules.RunRules.evaluate(RunRules.java:20)
	at org.junit.runners.ParentRunner.runLeaf(ParentRunner.java:325)
	at org.junit.runners.BlockJUnit4ClassRunner.runChild(BlockJUnit4ClassRunner.java:78)
	at org.junit.runners.BlockJUnit4ClassRunner.runChild(BlockJUnit4ClassRunner.java:57)
	at org.junit.runners.ParentRunner$3.run(ParentRunner.java:290)
	at org.junit.runners.ParentRunner$1.schedule(ParentRunner.java:71)
	at org.junit.runners.ParentRunner.runChildren(ParentRunner.java:288)
	at org.junit.runners.ParentRunner.access$000(ParentRunner.java:58)
	at org.junit.runners.ParentRunner$2.evaluate(ParentRunner.java:268)
	at org.junit.internal.runners.statements.RunBefores.evaluate(RunBefores.java:26)
	at org.junit.internal.runners.statements.RunAfters.evaluate(RunAfters.java:27)
	at org.junit.internal.runners.statements.FailOnTimeout$CallableStatement.call(FailOnTimeout.java:298)
	at org.junit.internal.runners.statements.FailOnTimeout$CallableStatement.call(FailOnTimeout.java:292)
	at java.util.concurrent.FutureTask.run(FutureTask.java:266)
	at java.lang.Thread.run(Thread.java:748)



Test vvMode=v1v2
tr.result is 1

Test vvMode=v1v2
tr.result is 1

Test vvMode=v1v2
tr.result is 1

Test vvMode=v1v1
tr.result is 1

Test vvMode=v2v2
tr.result is 1

Test vvMode=v1v1
tr.result is 1

Test vvMode=v2v2
tr.result is 1

Test vvMode=v1v1
tr.result is 1

Test vvMode=v2v2
tr.result is 1

Test vvMode=v1v1
tr.result is 1

Test vvMode=v2v2
tr.result is 1

Test vvMode=v1v1
tr.result is 1

Test vvMode=v2v2
tr.result is 1

Test vvMode=v1v1
tr.result is 1

Test vvMode=v2v2
tr.result is 1

Test vvMode=v1v1
tr.result is -1

Test vvMode=v2v2
tr.result is 1
v1v1 or v2v2 test failed !!!
reconf_parameter: hbase.rpc.timeout
component: HRegionServer
v1: 1
v2: 60000
testProject: hbase
unitTest: org.apache.hadoop.hbase.rsgroup.TestRSGroupsAdmin1#testNamespaceConstraint
reconfPoint: 3
result: -1
failureMessage: expected:<[Name:default,  Servers:[4769277c59a7:36625, 4769277c59a7:41721, 4769277c59a7:42458, 4769277c59a7:46588],  Tables:[hbase:meta, hbase:namespace, hbase:rsgroup], Name:master,  Servers:[],  Tables:[]]> but was:<[Name:default,  Servers:[4769277c59a7:41721, 4769277c59a7:42458, 4769277c59a7:46588],  Tables:[hbase:meta, hbase:namespace, hbase:rsgroup], Name:master,  Servers:[],  Tables:[]]>
stackTrace: java.lang.AssertionError: expected:<[Name:default,  Servers:[4769277c59a7:36625, 4769277c59a7:41721, 4769277c59a7:42458, 4769277c59a7:46588],  Tables:[hbase:meta, hbase:namespace, hbase:rsgroup], Name:master,  Servers:[],  Tables:[]]> but was:<[Name:default,  Servers:[4769277c59a7:41721, 4769277c59a7:42458, 4769277c59a7:46588],  Tables:[hbase:meta, hbase:namespace, hbase:rsgroup], Name:master,  Servers:[],  Tables:[]]>
	at org.junit.Assert.fail(Assert.java:88)
	at org.junit.Assert.failNotEquals(Assert.java:834)
	at org.junit.Assert.assertEquals(Assert.java:118)
	at org.junit.Assert.assertEquals(Assert.java:144)
	at org.apache.hadoop.hbase.rsgroup.VerifyingRSGroupAdminClient.verify(VerifyingRSGroupAdminClient.java:134)
	at org.apache.hadoop.hbase.rsgroup.VerifyingRSGroupAdminClient.addRSGroup(VerifyingRSGroupAdminClient.java:63)
	at org.apache.hadoop.hbase.rsgroup.TestRSGroupsBase.tearDownAfterMethod(TestRSGroupsBase.java:161)
	at org.apache.hadoop.hbase.rsgroup.TestRSGroupsBase.setUpBeforeMethod(TestRSGroupsBase.java:140)
	at org.apache.hadoop.hbase.rsgroup.TestRSGroupsAdmin1.beforeMethod(TestRSGroupsAdmin1.java:86)
	at sun.reflect.NativeMethodAccessorImpl.invoke0(Native Method)
	at sun.reflect.NativeMethodAccessorImpl.invoke(NativeMethodAccessorImpl.java:62)
	at sun.reflect.DelegatingMethodAccessorImpl.invoke(DelegatingMethodAccessorImpl.java:43)
	at java.lang.reflect.Method.invoke(Method.java:498)
	at org.junit.runners.model.FrameworkMethod$1.runReflectiveCall(FrameworkMethod.java:50)
	at org.junit.internal.runners.model.ReflectiveCallable.run(ReflectiveCallable.java:12)
	at org.junit.runners.model.FrameworkMethod.invokeExplosively(FrameworkMethod.java:47)
	at org.junit.internal.runners.statements.RunBefores.evaluate(RunBefores.java:24)
	at org.junit.internal.runners.statements.RunAfters.evaluate(RunAfters.java:27)
	at org.junit.rules.TestWatcher$1.evaluate(TestWatcher.java:55)
	at org.junit.rules.RunRules.evaluate(RunRules.java:20)
	at org.junit.runners.ParentRunner.runLeaf(ParentRunner.java:325)
	at org.junit.runners.BlockJUnit4ClassRunner.runChild(BlockJUnit4ClassRunner.java:78)
	at org.junit.runners.BlockJUnit4ClassRunner.runChild(BlockJUnit4ClassRunner.java:57)
	at org.junit.runners.ParentRunner$3.run(ParentRunner.java:290)
	at org.junit.runners.ParentRunner$1.schedule(ParentRunner.java:71)
	at org.junit.runners.ParentRunner.runChildren(ParentRunner.java:288)
	at org.junit.runners.ParentRunner.access$000(ParentRunner.java:58)
	at org.junit.runners.ParentRunner$2.evaluate(ParentRunner.java:268)
	at org.junit.internal.runners.statements.RunBefores.evaluate(RunBefores.java:26)
	at org.junit.internal.runners.statements.RunAfters.evaluate(RunAfters.java:27)
	at org.junit.internal.runners.statements.FailOnTimeout$CallableStatement.call(FailOnTimeout.java:298)
	at org.junit.internal.runners.statements.FailOnTimeout$CallableStatement.call(FailOnTimeout.java:292)
	at java.util.concurrent.FutureTask.run(FutureTask.java:266)
	at java.lang.Thread.run(Thread.java:748)



Test vvMode=v1v1
tr.result is 1

Test vvMode=v2v2
tr.result is 1

Test vvMode=v1v1
tr.result is 1

Test vvMode=v2v2
tr.result is 1

Test vvMode=v1v1
tr.result is 1

Test vvMode=v2v2
tr.result is 1

Test vvMode=v1v1
tr.result is 1

Test vvMode=v2v2
tr.result is 1

Test vvMode=v1v1
tr.result is 1

Test vvMode=v2v2
tr.result is 1

Test vvMode=v1v1
tr.result is 1

Test vvMode=v2v2
tr.result is 1

Test vvMode=v1v1
tr.result is 1

Test vvMode=v2v2
tr.result is 1

Test vvMode=v1v1
tr.result is 1

Test vvMode=v2v2
tr.result is 1

Test vvMode=v1v1
tr.result is -1

Test vvMode=v2v2
tr.result is 1
v1v1 or v2v2 test failed !!!
reconf_parameter: hbase.rpc.timeout
component: HRegionServer
v1: 1
v2: 60000
testProject: hbase
unitTest: org.apache.hadoop.hbase.rsgroup.TestRSGroupsAdmin1#testNamespaceConstraint
reconfPoint: 3
result: -1
failureMessage: expected:<[Name:default,  Servers:[4769277c59a7:36361, 4769277c59a7:42515, 4769277c59a7:43134, 4769277c59a7:45340],  Tables:[hbase:meta, hbase:namespace, hbase:rsgroup], Name:master,  Servers:[],  Tables:[]]> but was:<[Name:default,  Servers:[4769277c59a7:36361, 4769277c59a7:42515, 4769277c59a7:43134],  Tables:[hbase:meta, hbase:namespace, hbase:rsgroup], Name:master,  Servers:[],  Tables:[]]>
stackTrace: java.lang.AssertionError: expected:<[Name:default,  Servers:[4769277c59a7:36361, 4769277c59a7:42515, 4769277c59a7:43134, 4769277c59a7:45340],  Tables:[hbase:meta, hbase:namespace, hbase:rsgroup], Name:master,  Servers:[],  Tables:[]]> but was:<[Name:default,  Servers:[4769277c59a7:36361, 4769277c59a7:42515, 4769277c59a7:43134],  Tables:[hbase:meta, hbase:namespace, hbase:rsgroup], Name:master,  Servers:[],  Tables:[]]>
	at org.junit.Assert.fail(Assert.java:88)
	at org.junit.Assert.failNotEquals(Assert.java:834)
	at org.junit.Assert.assertEquals(Assert.java:118)
	at org.junit.Assert.assertEquals(Assert.java:144)
	at org.apache.hadoop.hbase.rsgroup.VerifyingRSGroupAdminClient.verify(VerifyingRSGroupAdminClient.java:134)
	at org.apache.hadoop.hbase.rsgroup.VerifyingRSGroupAdminClient.addRSGroup(VerifyingRSGroupAdminClient.java:63)
	at org.apache.hadoop.hbase.rsgroup.TestRSGroupsBase.tearDownAfterMethod(TestRSGroupsBase.java:161)
	at org.apache.hadoop.hbase.rsgroup.TestRSGroupsBase.setUpBeforeMethod(TestRSGroupsBase.java:140)
	at org.apache.hadoop.hbase.rsgroup.TestRSGroupsAdmin1.beforeMethod(TestRSGroupsAdmin1.java:86)
	at sun.reflect.NativeMethodAccessorImpl.invoke0(Native Method)
	at sun.reflect.NativeMethodAccessorImpl.invoke(NativeMethodAccessorImpl.java:62)
	at sun.reflect.DelegatingMethodAccessorImpl.invoke(DelegatingMethodAccessorImpl.java:43)
	at java.lang.reflect.Method.invoke(Method.java:498)
	at org.junit.runners.model.FrameworkMethod$1.runReflectiveCall(FrameworkMethod.java:50)
	at org.junit.internal.runners.model.ReflectiveCallable.run(ReflectiveCallable.java:12)
	at org.junit.runners.model.FrameworkMethod.invokeExplosively(FrameworkMethod.java:47)
	at org.junit.internal.runners.statements.RunBefores.evaluate(RunBefores.java:24)
	at org.junit.internal.runners.statements.RunAfters.evaluate(RunAfters.java:27)
	at org.junit.rules.TestWatcher$1.evaluate(TestWatcher.java:55)
	at org.junit.rules.RunRules.evaluate(RunRules.java:20)
	at org.junit.runners.ParentRunner.runLeaf(ParentRunner.java:325)
	at org.junit.runners.BlockJUnit4ClassRunner.runChild(BlockJUnit4ClassRunner.java:78)
	at org.junit.runners.BlockJUnit4ClassRunner.runChild(BlockJUnit4ClassRunner.java:57)
	at org.junit.runners.ParentRunner$3.run(ParentRunner.java:290)
	at org.junit.runners.ParentRunner$1.schedule(ParentRunner.java:71)
	at org.junit.runners.ParentRunner.runChildren(ParentRunner.java:288)
	at org.junit.runners.ParentRunner.access$000(ParentRunner.java:58)
	at org.junit.runners.ParentRunner$2.evaluate(ParentRunner.java:268)
	at org.junit.internal.runners.statements.RunBefores.evaluate(RunBefores.java:26)
	at org.junit.internal.runners.statements.RunAfters.evaluate(RunAfters.java:27)
	at org.junit.internal.runners.statements.FailOnTimeout$CallableStatement.call(FailOnTimeout.java:298)
	at org.junit.internal.runners.statements.FailOnTimeout$CallableStatement.call(FailOnTimeout.java:292)
	at java.util.concurrent.FutureTask.run(FutureTask.java:266)
	at java.lang.Thread.run(Thread.java:748)



Test vvMode=v1v1
tr.result is 1

Test vvMode=v2v2
tr.result is 1

Test vvMode=v1v1
tr.result is 1

Test vvMode=v2v2
tr.result is 1

Test vvMode=v1v1
tr.result is 1

Test vvMode=v2v2
tr.result is 1

Test vvMode=v1v1
tr.result is 1

Test vvMode=v2v2
tr.result is 1

Test vvMode=v1v1
tr.result is 1

Test vvMode=v2v2
tr.result is 1

Test vvMode=v1v1
tr.result is 1

Test vvMode=v2v2
tr.result is 1

Test vvMode=v1v1
tr.result is 1

Test vvMode=v2v2
tr.result is 1

Test vvMode=v1v1
tr.result is 1

Test vvMode=v2v2
tr.result is 1

Test vvMode=v1v1
tr.result is 1

Test vvMode=v2v2
tr.result is 1

Test vvMode=v1v1
tr.result is 1

Test vvMode=v2v2
tr.result is 1

Test vvMode=v1v1
tr.result is -1

Test vvMode=v2v2
tr.result is 1
v1v1 or v2v2 test failed !!!
reconf_parameter: hbase.rpc.timeout
component: HRegionServer
v1: 1
v2: 60000
testProject: hbase
unitTest: org.apache.hadoop.hbase.rsgroup.TestRSGroupsAdmin1#testNamespaceConstraint
reconfPoint: 3
result: -1
failureMessage: expected:<[Name:default,  Servers:[4769277c59a7:42839, 4769277c59a7:43244, 4769277c59a7:43436, 4769277c59a7:45775],  Tables:[hbase:meta, hbase:namespace, hbase:rsgroup], Name:master,  Servers:[],  Tables:[]]> but was:<[Name:default,  Servers:[4769277c59a7:43244, 4769277c59a7:43436, 4769277c59a7:45775],  Tables:[hbase:meta, hbase:namespace, hbase:rsgroup], Name:master,  Servers:[],  Tables:[]]>
stackTrace: java.lang.AssertionError: expected:<[Name:default,  Servers:[4769277c59a7:42839, 4769277c59a7:43244, 4769277c59a7:43436, 4769277c59a7:45775],  Tables:[hbase:meta, hbase:namespace, hbase:rsgroup], Name:master,  Servers:[],  Tables:[]]> but was:<[Name:default,  Servers:[4769277c59a7:43244, 4769277c59a7:43436, 4769277c59a7:45775],  Tables:[hbase:meta, hbase:namespace, hbase:rsgroup], Name:master,  Servers:[],  Tables:[]]>
	at org.junit.Assert.fail(Assert.java:88)
	at org.junit.Assert.failNotEquals(Assert.java:834)
	at org.junit.Assert.assertEquals(Assert.java:118)
	at org.junit.Assert.assertEquals(Assert.java:144)
	at org.apache.hadoop.hbase.rsgroup.VerifyingRSGroupAdminClient.verify(VerifyingRSGroupAdminClient.java:134)
	at org.apache.hadoop.hbase.rsgroup.VerifyingRSGroupAdminClient.addRSGroup(VerifyingRSGroupAdminClient.java:63)
	at org.apache.hadoop.hbase.rsgroup.TestRSGroupsBase.tearDownAfterMethod(TestRSGroupsBase.java:161)
	at org.apache.hadoop.hbase.rsgroup.TestRSGroupsBase.setUpBeforeMethod(TestRSGroupsBase.java:140)
	at org.apache.hadoop.hbase.rsgroup.TestRSGroupsAdmin1.beforeMethod(TestRSGroupsAdmin1.java:86)
	at sun.reflect.NativeMethodAccessorImpl.invoke0(Native Method)
	at sun.reflect.NativeMethodAccessorImpl.invoke(NativeMethodAccessorImpl.java:62)
	at sun.reflect.DelegatingMethodAccessorImpl.invoke(DelegatingMethodAccessorImpl.java:43)
	at java.lang.reflect.Method.invoke(Method.java:498)
	at org.junit.runners.model.FrameworkMethod$1.runReflectiveCall(FrameworkMethod.java:50)
	at org.junit.internal.runners.model.ReflectiveCallable.run(ReflectiveCallable.java:12)
	at org.junit.runners.model.FrameworkMethod.invokeExplosively(FrameworkMethod.java:47)
	at org.junit.internal.runners.statements.RunBefores.evaluate(RunBefores.java:24)
	at org.junit.internal.runners.statements.RunAfters.evaluate(RunAfters.java:27)
	at org.junit.rules.TestWatcher$1.evaluate(TestWatcher.java:55)
	at org.junit.rules.RunRules.evaluate(RunRules.java:20)
	at org.junit.runners.ParentRunner.runLeaf(ParentRunner.java:325)
	at org.junit.runners.BlockJUnit4ClassRunner.runChild(BlockJUnit4ClassRunner.java:78)
	at org.junit.runners.BlockJUnit4ClassRunner.runChild(BlockJUnit4ClassRunner.java:57)
	at org.junit.runners.ParentRunner$3.run(ParentRunner.java:290)
	at org.junit.runners.ParentRunner$1.schedule(ParentRunner.java:71)
	at org.junit.runners.ParentRunner.runChildren(ParentRunner.java:288)
	at org.junit.runners.ParentRunner.access$000(ParentRunner.java:58)
	at org.junit.runners.ParentRunner$2.evaluate(ParentRunner.java:268)
	at org.junit.internal.runners.statements.RunBefores.evaluate(RunBefores.java:26)
	at org.junit.internal.runners.statements.RunAfters.evaluate(RunAfters.java:27)
	at org.junit.internal.runners.statements.FailOnTimeout$CallableStatement.call(FailOnTimeout.java:298)
	at org.junit.internal.runners.statements.FailOnTimeout$CallableStatement.call(FailOnTimeout.java:292)
	at java.util.concurrent.FutureTask.run(FutureTask.java:266)
	at java.lang.Thread.run(Thread.java:748)



Test vvMode=v1v1
tr.result is 1

Test vvMode=v2v2
tr.result is 1

Test vvMode=v1v1
tr.result is 1

Test vvMode=v2v2
tr.result is 1

Test vvMode=v1v1
tr.result is 1

Test vvMode=v2v2
tr.result is 1

Test vvMode=v1v1
tr.result is 1

Test vvMode=v2v2
tr.result is 1

Test vvMode=v1v1
tr.result is -1

Test vvMode=v2v2
tr.result is 1
v1v1 or v2v2 test failed !!!
reconf_parameter: hbase.rpc.timeout
component: HRegionServer
v1: 1
v2: 60000
testProject: hbase
unitTest: org.apache.hadoop.hbase.rsgroup.TestRSGroupsAdmin1#testNamespaceConstraint
reconfPoint: 3
result: -1
failureMessage: expected:<[Name:default,  Servers:[4769277c59a7:33957, 4769277c59a7:36708, 4769277c59a7:41293, 4769277c59a7:42545],  Tables:[hbase:meta, hbase:namespace, hbase:rsgroup], Name:master,  Servers:[],  Tables:[]]> but was:<[Name:default,  Servers:[4769277c59a7:33957, 4769277c59a7:41293, 4769277c59a7:42545],  Tables:[hbase:meta, hbase:namespace, hbase:rsgroup], Name:master,  Servers:[],  Tables:[]]>
stackTrace: java.lang.AssertionError: expected:<[Name:default,  Servers:[4769277c59a7:33957, 4769277c59a7:36708, 4769277c59a7:41293, 4769277c59a7:42545],  Tables:[hbase:meta, hbase:namespace, hbase:rsgroup], Name:master,  Servers:[],  Tables:[]]> but was:<[Name:default,  Servers:[4769277c59a7:33957, 4769277c59a7:41293, 4769277c59a7:42545],  Tables:[hbase:meta, hbase:namespace, hbase:rsgroup], Name:master,  Servers:[],  Tables:[]]>
	at org.junit.Assert.fail(Assert.java:88)
	at org.junit.Assert.failNotEquals(Assert.java:834)
	at org.junit.Assert.assertEquals(Assert.java:118)
	at org.junit.Assert.assertEquals(Assert.java:144)
	at org.apache.hadoop.hbase.rsgroup.VerifyingRSGroupAdminClient.verify(VerifyingRSGroupAdminClient.java:134)
	at org.apache.hadoop.hbase.rsgroup.VerifyingRSGroupAdminClient.addRSGroup(VerifyingRSGroupAdminClient.java:63)
	at org.apache.hadoop.hbase.rsgroup.TestRSGroupsBase.tearDownAfterMethod(TestRSGroupsBase.java:161)
	at org.apache.hadoop.hbase.rsgroup.TestRSGroupsBase.setUpBeforeMethod(TestRSGroupsBase.java:140)
	at org.apache.hadoop.hbase.rsgroup.TestRSGroupsAdmin1.beforeMethod(TestRSGroupsAdmin1.java:86)
	at sun.reflect.NativeMethodAccessorImpl.invoke0(Native Method)
	at sun.reflect.NativeMethodAccessorImpl.invoke(NativeMethodAccessorImpl.java:62)
	at sun.reflect.DelegatingMethodAccessorImpl.invoke(DelegatingMethodAccessorImpl.java:43)
	at java.lang.reflect.Method.invoke(Method.java:498)
	at org.junit.runners.model.FrameworkMethod$1.runReflectiveCall(FrameworkMethod.java:50)
	at org.junit.internal.runners.model.ReflectiveCallable.run(ReflectiveCallable.java:12)
	at org.junit.runners.model.FrameworkMethod.invokeExplosively(FrameworkMethod.java:47)
	at org.junit.internal.runners.statements.RunBefores.evaluate(RunBefores.java:24)
	at org.junit.internal.runners.statements.RunAfters.evaluate(RunAfters.java:27)
	at org.junit.rules.TestWatcher$1.evaluate(TestWatcher.java:55)
	at org.junit.rules.RunRules.evaluate(RunRules.java:20)
	at org.junit.runners.ParentRunner.runLeaf(ParentRunner.java:325)
	at org.junit.runners.BlockJUnit4ClassRunner.runChild(BlockJUnit4ClassRunner.java:78)
	at org.junit.runners.BlockJUnit4ClassRunner.runChild(BlockJUnit4ClassRunner.java:57)
	at org.junit.runners.ParentRunner$3.run(ParentRunner.java:290)
	at org.junit.runners.ParentRunner$1.schedule(ParentRunner.java:71)
	at org.junit.runners.ParentRunner.runChildren(ParentRunner.java:288)
	at org.junit.runners.ParentRunner.access$000(ParentRunner.java:58)
	at org.junit.runners.ParentRunner$2.evaluate(ParentRunner.java:268)
	at org.junit.internal.runners.statements.RunBefores.evaluate(RunBefores.java:26)
	at org.junit.internal.runners.statements.RunAfters.evaluate(RunAfters.java:27)
	at org.junit.internal.runners.statements.FailOnTimeout$CallableStatement.call(FailOnTimeout.java:298)
	at org.junit.internal.runners.statements.FailOnTimeout$CallableStatement.call(FailOnTimeout.java:292)
	at java.util.concurrent.FutureTask.run(FutureTask.java:266)
	at java.lang.Thread.run(Thread.java:748)



Test vvMode=v1v1
tr.result is -1

Test vvMode=v2v2
tr.result is 1
v1v1 or v2v2 test failed !!!
reconf_parameter: hbase.rpc.timeout
component: HRegionServer
v1: 1
v2: 60000
testProject: hbase
unitTest: org.apache.hadoop.hbase.rsgroup.TestRSGroupsAdmin1#testNamespaceConstraint
reconfPoint: 3
result: -1
failureMessage: expected:<[Name:default,  Servers:[4769277c59a7:38133, 4769277c59a7:44572, 4769277c59a7:44857, 4769277c59a7:46141],  Tables:[hbase:meta, hbase:namespace, hbase:rsgroup], Name:master,  Servers:[],  Tables:[]]> but was:<[Name:default,  Servers:[4769277c59a7:38133, 4769277c59a7:44857, 4769277c59a7:46141],  Tables:[hbase:meta, hbase:namespace, hbase:rsgroup], Name:master,  Servers:[],  Tables:[]]>
stackTrace: java.lang.AssertionError: expected:<[Name:default,  Servers:[4769277c59a7:38133, 4769277c59a7:44572, 4769277c59a7:44857, 4769277c59a7:46141],  Tables:[hbase:meta, hbase:namespace, hbase:rsgroup], Name:master,  Servers:[],  Tables:[]]> but was:<[Name:default,  Servers:[4769277c59a7:38133, 4769277c59a7:44857, 4769277c59a7:46141],  Tables:[hbase:meta, hbase:namespace, hbase:rsgroup], Name:master,  Servers:[],  Tables:[]]>
	at org.junit.Assert.fail(Assert.java:88)
	at org.junit.Assert.failNotEquals(Assert.java:834)
	at org.junit.Assert.assertEquals(Assert.java:118)
	at org.junit.Assert.assertEquals(Assert.java:144)
	at org.apache.hadoop.hbase.rsgroup.VerifyingRSGroupAdminClient.verify(VerifyingRSGroupAdminClient.java:134)
	at org.apache.hadoop.hbase.rsgroup.VerifyingRSGroupAdminClient.addRSGroup(VerifyingRSGroupAdminClient.java:63)
	at org.apache.hadoop.hbase.rsgroup.TestRSGroupsBase.tearDownAfterMethod(TestRSGroupsBase.java:161)
	at org.apache.hadoop.hbase.rsgroup.TestRSGroupsBase.setUpBeforeMethod(TestRSGroupsBase.java:140)
	at org.apache.hadoop.hbase.rsgroup.TestRSGroupsAdmin1.beforeMethod(TestRSGroupsAdmin1.java:86)
	at sun.reflect.NativeMethodAccessorImpl.invoke0(Native Method)
	at sun.reflect.NativeMethodAccessorImpl.invoke(NativeMethodAccessorImpl.java:62)
	at sun.reflect.DelegatingMethodAccessorImpl.invoke(DelegatingMethodAccessorImpl.java:43)
	at java.lang.reflect.Method.invoke(Method.java:498)
	at org.junit.runners.model.FrameworkMethod$1.runReflectiveCall(FrameworkMethod.java:50)
	at org.junit.internal.runners.model.ReflectiveCallable.run(ReflectiveCallable.java:12)
	at org.junit.runners.model.FrameworkMethod.invokeExplosively(FrameworkMethod.java:47)
	at org.junit.internal.runners.statements.RunBefores.evaluate(RunBefores.java:24)
	at org.junit.internal.runners.statements.RunAfters.evaluate(RunAfters.java:27)
	at org.junit.rules.TestWatcher$1.evaluate(TestWatcher.java:55)
	at org.junit.rules.RunRules.evaluate(RunRules.java:20)
	at org.junit.runners.ParentRunner.runLeaf(ParentRunner.java:325)
	at org.junit.runners.BlockJUnit4ClassRunner.runChild(BlockJUnit4ClassRunner.java:78)
	at org.junit.runners.BlockJUnit4ClassRunner.runChild(BlockJUnit4ClassRunner.java:57)
	at org.junit.runners.ParentRunner$3.run(ParentRunner.java:290)
	at org.junit.runners.ParentRunner$1.schedule(ParentRunner.java:71)
	at org.junit.runners.ParentRunner.runChildren(ParentRunner.java:288)
	at org.junit.runners.ParentRunner.access$000(ParentRunner.java:58)
	at org.junit.runners.ParentRunner$2.evaluate(ParentRunner.java:268)
	at org.junit.internal.runners.statements.RunBefores.evaluate(RunBefores.java:26)
	at org.junit.internal.runners.statements.RunAfters.evaluate(RunAfters.java:27)
	at org.junit.internal.runners.statements.FailOnTimeout$CallableStatement.call(FailOnTimeout.java:298)
	at org.junit.internal.runners.statements.FailOnTimeout$CallableStatement.call(FailOnTimeout.java:292)
	at java.util.concurrent.FutureTask.run(FutureTask.java:266)
	at java.lang.Thread.run(Thread.java:748)



Test vvMode=v1v1
tr.result is 1

Test vvMode=v2v2
tr.result is 1

Test vvMode=v1v1
tr.result is 1

Test vvMode=v2v2
tr.result is 1

Test vvMode=v1v1
tr.result is 1

Test vvMode=v2v2
tr.result is 1

Test vvMode=v1v1
tr.result is 1

Test vvMode=v2v2
tr.result is 1

Test vvMode=v1v1
tr.result is 1

Test vvMode=v2v2
tr.result is 1

Test vvMode=v1v1
tr.result is 1

Test vvMode=v2v2
tr.result is 1

Test vvMode=v1v1
tr.result is 1

Test vvMode=v2v2
tr.result is 1

Test vvMode=v1v1
tr.result is 1

Test vvMode=v2v2
tr.result is 1

Test vvMode=v1v1
tr.result is 1

Test vvMode=v2v2
tr.result is 1

Test vvMode=v1v1
tr.result is 1

Test vvMode=v2v2
tr.result is 1

Test vvMode=v1v1
tr.result is 1

Test vvMode=v2v2
tr.result is 1

Test vvMode=v1v1
tr.result is 1

Test vvMode=v2v2
tr.result is 1

Test vvMode=v1v1
tr.result is 1

Test vvMode=v2v2
tr.result is 1

Test vvMode=v1v1
tr.result is 1

Test vvMode=v2v2
tr.result is 1

Test vvMode=v1v1
tr.result is 1

Test vvMode=v2v2
tr.result is 1

Test vvMode=v1v1
tr.result is 1

Test vvMode=v2v2
tr.result is 1

Test vvMode=v1v1
tr.result is 1

Test vvMode=v2v2
tr.result is 1
v1v2 failed with probability 11 out of 50
v1v1v2v2 failed with probability 5 out of 50
result: might be true error
Total execution time in seconds : 11170
